Removed Pin From Net: NetName=EN Pin=IC1-9
Removed Pin From Net: NetName=GND Pin=J1-1
Removed Pin From Net: NetName=EN Pin=J1-3
Removed Pin From Net: NetName=INT Pin=J1-4
Removed Pin From Net: NetName=SCL Pin=J1-6
Removed Pin From Net: NetName=SDA Pin=J1-7
Removed Pin From Net: NetName=+3V3 Pin=J1-8
Removed Pin From Net: NetName=NetIC1_3 Pin=R2-2
Removed Member From Class: ClassName=ToF Member=R3
Change Footprint: Footprint Not Found FC_conn
Change Component Comment : Designator=J1 Old Comment=FTSH-104-02-L-DH New Comment=10112684-G03-07ULF_reversedside
Change Component Designator: OldDesignator=R3 NewDesignator=R2
Change component parameters: Designator = "J1" ("J1"); Footprint = "FTSH-104-XX-YYY-DH"; UniqueID = "\BWQMPJIU" ("\BWQMPJIU")
Added Pin To Net: NetName=+3V3 Pin=J1-1
Added Pin To Net: NetName=INT Pin=J1-2
Added Pin To Net: NetName=SCL Pin=J1-3
Added Pin To Net: NetName=SDA Pin=J1-4
Added Pin To Net: NetName=GND Pin=J1-7
Change Net Name : Old Net Name=EN New Net Name=GPIO
Added Pin To Net: NetName=EN Pin=IC1-9
Added Pin To Net: NetName=EN Pin=J1-6
Added Net: Name=EN
