Change Component Designator: Old Designator=C3 New Designator=C15
Change Component Designator: Old Designator=C4 New Designator=C16
Change Component Designator: Old Designator=C5 New Designator=C17
Change Component Designator: Old Designator=C6 New Designator=C18
Change Component Designator: Old Designator=C7 New Designator=C19
Change Component Designator: Old Designator=C8 New Designator=C20
Change Component Designator: Old Designator=C9 New Designator=C21
Change Component Designator: Old Designator=C10 New Designator=C22
Change Component Designator: Old Designator=C11 New Designator=C23
Change Component Designator: Old Designator=C12 New Designator=C24
Change Component Designator: Old Designator=C13 New Designator=C25
Change Component Designator: Old Designator=C14 New Designator=C26
Change Component Designator: Old Designator=C15 New Designator=C27
Change Component Designator: Old Designator=C16 New Designator=C28
Change Component Designator: Old Designator=C17 New Designator=C29
Change Component Designator: Old Designator=C18 New Designator=C30
Change Component Designator: Old Designator=C19 New Designator=C31
Change Component Designator: Old Designator=C20 New Designator=C32
Change Component Designator: Old Designator=C21 New Designator=C33
Change Component Designator: Old Designator=C22 New Designator=C34
Change Component Designator: Old Designator=C23 New Designator=C35
Change Component Designator: Old Designator=C? New Designator=C14
Change Component Designator: Old Designator=IC1 New Designator=IC4
Change Component Designator: Old Designator=IC1 New Designator=IC4
Change Component Designator: Old Designator=J? New Designator=J1
Change Component Designator: Old Designator=R1 New Designator=R3
Change Component Designator: Old Designator=R2 New Designator=R5
Change Component Designator: Old Designator=R3 New Designator=R7
Change Component Designator: Old Designator=R4 New Designator=R8
Change Component Designator: Old Designator=R? New Designator=R2
Change Component Designator: Old Designator=R? New Designator=R4
Change Component Designator: Old Designator=R? New Designator=R6
Change Component Designator: Old Designator=S? New Designator=S1
