Removed Pin From Net: NetName=TOF_INT Pin=IC4-141
Removed Pin From Net: NetName=GND Pin=J3-1
Removed Pin From Net: NetName=TOF_EN Pin=J3-3
Removed Pin From Net: NetName=I2C1_SCL Pin=J3-6
Removed Pin From Net: NetName=+3V3 Pin=J3-8
Removed Pin From Net: NetName=GND Pin=J4-1
Removed Pin From Net: NetName=NetJ3_5 Pin=J4-3
Removed Pin From Net: NetName=I2C1_SCL Pin=J4-6
Removed Pin From Net: NetName=+3V3 Pin=J4-8
Removed Pin From Net: NetName=GND Pin=J5-1
Removed Pin From Net: NetName=NetJ4_5 Pin=J5-3
Removed Pin From Net: NetName=I2C1_SCL Pin=J5-6
Removed Pin From Net: NetName=+3V3 Pin=J5-8
Removed Pin From Net: NetName=GND Pin=J6-1
Removed Pin From Net: NetName=NetJ5_5 Pin=J6-3
Removed Pin From Net: NetName=I2C1_SCL Pin=J6-6
Removed Pin From Net: NetName=+3V3 Pin=J6-8
Removed Pin From Net: NetName=GND Pin=J7-1
Removed Pin From Net: NetName=NetJ6_5 Pin=J7-3
Removed Pin From Net: NetName=I2C1_SCL Pin=J7-6
Removed Pin From Net: NetName=+3V3 Pin=J7-8
Removed Pin From Net: NetName=GND Pin=J8-1
Removed Pin From Net: NetName=NetJ7_5 Pin=J8-3
Removed Pin From Net: NetName=I2C1_SCL Pin=J8-6
Removed Pin From Net: NetName=+3V3 Pin=J8-8
Change Component Footprint: Designator=J3 Old Footprint=FTSH-104-XX-YYY-D New Footprint=PCBComponent_1
Change Component Footprint: Designator=J4 Old Footprint=FTSH-104-XX-YYY-D New Footprint=PCBComponent_1
Change Component Footprint: Designator=J5 Old Footprint=FTSH-104-XX-YYY-D New Footprint=PCBComponent_1
Change Component Footprint: Designator=J6 Old Footprint=FTSH-104-XX-YYY-D New Footprint=PCBComponent_1
Change Component Footprint: Designator=J7 Old Footprint=FTSH-104-XX-YYY-D New Footprint=PCBComponent_1
Change Component Footprint: Designator=J8 Old Footprint=FTSH-104-XX-YYY-D New Footprint=PCBComponent_1
Change Component Comment : Designator=J3 Old Comment=FTSH-104-03-L-D New Comment=10112684-G03-07ULF
Change Component Comment : Designator=J4 Old Comment=FTSH-104-03-L-D New Comment=10112684-G03-07ULF
Change Component Comment : Designator=J5 Old Comment=FTSH-104-03-L-D New Comment=10112684-G03-07ULF
Change Component Comment : Designator=J6 Old Comment=FTSH-104-03-L-D New Comment=10112684-G03-07ULF
Change Component Comment : Designator=J7 Old Comment=FTSH-104-03-L-D New Comment=10112684-G03-07ULF
Change Component Comment : Designator=J8 Old Comment=FTSH-104-03-L-D New Comment=10112684-G03-07ULF
Change Component Designator: OldDesignator=M6 NewDesignator=M3
Change component parameters: Designator = "J3" ("J3"); Footprint = "FTSH-104-XX-YYY-D"; UniqueID = "\LESQOWNY\LCUWATYL" ("\LESQOWNY\LCUWATYL")
Change component parameters: Designator = "J4" ("J4"); Footprint = "FTSH-104-XX-YYY-D"; UniqueID = "\LESQOWNY\ABVCLYQX" ("\LESQOWNY\ABVCLYQX")
Change component parameters: Designator = "J5" ("J5"); Footprint = "FTSH-104-XX-YYY-D"; UniqueID = "\LESQOWNY\BDFQVRAA" ("\LESQOWNY\BDFQVRAA")
Change component parameters: Designator = "J6" ("J6"); Footprint = "FTSH-104-XX-YYY-D"; UniqueID = "\LESQOWNY\SNAKXUHY" ("\LESQOWNY\SNAKXUHY")
Change component parameters: Designator = "J7" ("J7"); Footprint = "FTSH-104-XX-YYY-D"; UniqueID = "\LESQOWNY\WZAFBXYR" ("\LESQOWNY\WZAFBXYR")
Change component parameters: Designator = "J8" ("J8"); Footprint = "FTSH-104-XX-YYY-D"; UniqueID = "\LESQOWNY\DIKFXYBD" ("\LESQOWNY\DIKFXYBD")
Added Pin To Net: NetName=TOF_INT Pin=IC4-137
Added Pin To Net: NetName=+3V3 Pin=J3-1
Added Pin To Net: NetName=I2C1_SCL Pin=J3-3
Added Pin To Net: NetName=TOF_EN Pin=J3-6
Added Pin To Net: NetName=GND Pin=J3-7
Added Pin To Net: NetName=+3V3 Pin=J4-1
Added Pin To Net: NetName=I2C1_SCL Pin=J4-3
Added Pin To Net: NetName=NetJ3_5 Pin=J4-6
Added Pin To Net: NetName=GND Pin=J4-7
Added Pin To Net: NetName=+3V3 Pin=J5-1
Added Pin To Net: NetName=I2C1_SCL Pin=J5-3
Added Pin To Net: NetName=NetJ4_5 Pin=J5-6
Added Pin To Net: NetName=GND Pin=J5-7
Added Pin To Net: NetName=+3V3 Pin=J6-1
Added Pin To Net: NetName=I2C1_SCL Pin=J6-3
Added Pin To Net: NetName=NetJ5_5 Pin=J6-6
Added Pin To Net: NetName=GND Pin=J6-7
Added Pin To Net: NetName=+3V3 Pin=J7-1
Added Pin To Net: NetName=I2C1_SCL Pin=J7-3
Added Pin To Net: NetName=NetJ6_5 Pin=J7-6
Added Pin To Net: NetName=GND Pin=J7-7
Added Pin To Net: NetName=+3V3 Pin=J8-1
Added Pin To Net: NetName=I2C1_SCL Pin=J8-3
Added Pin To Net: NetName=NetJ7_5 Pin=J8-6
Added Pin To Net: NetName=GND Pin=J8-7
Change Net Name : Old Net Name=TOF_INT New Net Name=I2C1_SDA
Added Pin To Net: NetName=TOF_INT Pin=IC4-141
Added Pin To Net: NetName=TOF_INT Pin=J3-2
Added Pin To Net: NetName=TOF_INT Pin=J4-2
Added Pin To Net: NetName=TOF_INT Pin=J5-2
Added Pin To Net: NetName=TOF_INT Pin=J6-2
Added Pin To Net: NetName=TOF_INT Pin=J7-2
Added Pin To Net: NetName=TOF_INT Pin=J8-2
Added Net: Name=TOF_INT
Add Net: Net with name "TOF_INT" already exists
