Added Component: Designator=C1(CAP0402)
Add component (AddParameter): Name = "Value"; Value = "100nF"; VariantName = "[No Variations]"
Add component (AddParameter): Name = "Voltage"; Value = "6V3"; VariantName = "[No Variations]"
Added Component: Designator=C2(CAP0402)
Add component (AddParameter): Name = "Value"; Value = "100nF"; VariantName = "[No Variations]"
Add component (AddParameter): Name = "Voltage"; Value = "6V3"; VariantName = "[No Variations]"
Added Component: Designator=C3(CAP0603)
Add component (AddParameter): Name = "Value"; Value = "1uF"; VariantName = "[No Variations]"
Add component (AddParameter): Name = "Voltage"; Value = "25V"; VariantName = "[No Variations]"
Added Component: Designator=C4(CAP0402)
Add component (AddParameter): Name = "Value"; Value = "100nF"; VariantName = "[No Variations]"
Add component (AddParameter): Name = "Voltage"; Value = "6V3"; VariantName = "[No Variations]"
Added Component: Designator=IC1(TMF88051B)
Add component (AddParameter): Name = "Arrow Part Number"; Value = ""; VariantName = "[No Variations]"
Add component (AddParameter): Name = "Arrow Price/Stock"; Value = ""; VariantName = "[No Variations]"
Add component (AddParameter): Name = "Datasheet Link"; Value = "https://ams.com/documents/20143/4372629/TMF8805_DS000692_4-00.pdf"; VariantName = "[No Variations]"
Add component (AddParameter): Name = "Height"; Value = "1.1mm"; VariantName = "[No Variations]"
Add component (AddParameter): Name = "Manufacturer_Name"; Value = "ams OSRAM"; VariantName = "[No Variations]"
Add component (AddParameter): Name = "Manufacturer_Part_Number"; Value = "TMF8805-1B"; VariantName = "[No Variations]"
Add component (AddParameter): Name = "Mouser Part Number"; Value = "985-TMF8805-1B"; VariantName = "[No Variations]"
Add component (AddParameter): Name = "Mouser Price/Stock"; Value = "https://www.mouser.co.uk/ProductDetail/ams-OSRAM/TMF8805-1B?qs=sPbYRqrBIVlwsjHE%2F%252BrL9g%3D%3D"; VariantName = "[No Variations]"
Added Component: Designator=J1(M503930842)
Add component (AddParameter): Name = "Arrow Part Number"; Value = ""; VariantName = "[No Variations]"
Add component (AddParameter): Name = "Arrow Price/Stock"; Value = ""; VariantName = "[No Variations]"
Add component (AddParameter): Name = "Datasheet Link"; Value = "https://cdn.harwin.com/pdfs/M50-393.pdf"; VariantName = "[No Variations]"
Add component (AddParameter): Name = "Height"; Value = "2.3mm"; VariantName = "[No Variations]"
Add component (AddParameter): Name = "Manufacturer_Name"; Value = "Harwin"; VariantName = "[No Variations]"
Add component (AddParameter): Name = "Manufacturer_Part_Number"; Value = "M50-3930842"; VariantName = "[No Variations]"
Add component (AddParameter): Name = "Mouser Part Number"; Value = "855-M50-3930842"; VariantName = "[No Variations]"
Add component (AddParameter): Name = "Mouser Price/Stock"; Value = "https://www.mouser.co.uk/ProductDetail/Harwin/M50-3930842?qs=%252BdQmOuGyFcF5y3Hg2s%2Fn0Q%3D%3D"; VariantName = "[No Variations]"
Added Component: Designator=R1(RES0402)
Add component (AddParameter): Name = "Value"; Value = "0R"; VariantName = "[No Variations]"
Added Component: Designator=R2(RES0402)
Add component (AddParameter): Name = "Value"; Value = "DNI"; VariantName = "[No Variations]"
Added Pin To Net: NetName=+3V3 Pin=C1-2
Added Pin To Net: NetName=+3V3 Pin=C2-2
Added Pin To Net: NetName=+3V3 Pin=C3-2
Added Pin To Net: NetName=+3V3 Pin=C4-1
Added Pin To Net: NetName=+3V3 Pin=IC1-1
Added Pin To Net: NetName=+3V3 Pin=IC1-7
Added Pin To Net: NetName=+3V3 Pin=IC1-12
Added Pin To Net: NetName=+3V3 Pin=J1-1
Added Pin To Net: NetName=+3V3 Pin=R1-1
Added Net: Name=+3V3
Added Pin To Net: NetName=EN Pin=IC1-9
Added Pin To Net: NetName=EN Pin=J1-7
Added Net: Name=EN
Added Pin To Net: NetName=GND Pin=C1-1
Added Pin To Net: NetName=GND Pin=C2-1
Added Pin To Net: NetName=GND Pin=C3-1
Added Pin To Net: NetName=GND Pin=C4-2
Added Pin To Net: NetName=GND Pin=IC1-2
Added Pin To Net: NetName=GND Pin=IC1-8
Added Pin To Net: NetName=GND Pin=IC1-11
Added Pin To Net: NetName=GND Pin=J1-8
Added Net: Name=GND
Added Pin To Net: NetName=GPIO Pin=IC1-10
Added Pin To Net: NetName=GPIO Pin=J1-6
Added Net: Name=GPIO
Added Pin To Net: NetName=INT Pin=IC1-4
Added Pin To Net: NetName=INT Pin=J1-3
Added Net: Name=INT
Added Pin To Net: NetName=NetIC1_3 Pin=IC1-3
Added Pin To Net: NetName=NetIC1_3 Pin=R1-2
Added Pin To Net: NetName=NetIC1_3 Pin=R2-2
Added Net: Name=NetIC1_3
Added Pin To Net: NetName=NetJ1_2 Pin=J1-2
Added Pin To Net: NetName=NetJ1_2 Pin=R2-1
Added Net: Name=NetJ1_2
Added Pin To Net: NetName=SCL Pin=IC1-5
Added Pin To Net: NetName=SCL Pin=J1-4
Added Net: Name=SCL
Added Pin To Net: NetName=SDA Pin=IC1-6
Added Pin To Net: NetName=SDA Pin=J1-5
Added Net: Name=SDA
Added Class: Name=ToF
Added Rule: Name=Schematic Supply Nets
Added Rule: Name=Schematic Supply Nets_1
