Started on Thu Mar 20 19:49:35 2025

emprvem: v1.0.0
Invoking vmesh...
FEM_VMESH v2.152.55

Generating DC mesh

Building Model







 Checking face descriptors

 Checking face descriptors

Generating Solver Files

Generated: 

  93806 mesh elements

Invoking VemEngine...


Starting the DC solver at Thu Mar 20 19:49:38 2025

Creating the DC design

..parsing the options file 

..using NUMBER_OF_PROCESSORS = 12

..parsing the layout file 

..parsing the stimulus file 

..extracting the connectivity 

..extracting the substrate 

Initializing electric analysis

Electric analysis

..loading the electric component models

..electric matrix size: 110038

..loading the electric matrix equation

..solving the electric matrix equation

.........|.........|.........|.........|

..max voltage: 16.79

..writing the output files

Electric N-port analysis

..number of ports: 2

..loading the electric component models

..electric matrix size: 110038

..loading the electric matrix equation

..solving the electric matrix equation

.........|.........|.........|.........|

..writing the model file

DC solver resources

..elapsed time: 1.8 s

..user time: 7.7 s

..physical memory: 202 MB

..virtual memory: 256 MB



Finished on Thu Mar 20 19:49:40 2025

Total Elapsed Time : 4.34456s


