Change Component Designator: Old Designator=C1 New Designator=C94
Change Component Designator: Old Designator=C2 New Designator=C95
Change Component Designator: Old Designator=C3 New Designator=C96
Change Component Designator: Old Designator=C4 New Designator=C97
Change Component Designator: Old Designator=FB1 New Designator=FB20
Change Component Designator: Old Designator=IC1 New Designator=IC12
Change Component Designator: Old Designator=Q1 New Designator=Q24
Change Component Designator: Old Designator=Q2 New Designator=Q25
Change Component Designator: Old Designator=Q3 New Designator=Q26
Change Component Designator: Old Designator=Q4 New Designator=Q27
Change Component Designator: Old Designator=Q5 New Designator=Q28
Change Component Designator: Old Designator=Q6 New Designator=Q29
Change Component Designator: Old Designator=R1 New Designator=R95
Change Component Designator: Old Designator=R2 New Designator=R96
Change Component Designator: Old Designator=R3 New Designator=R97
Change Component Designator: Old Designator=R4 New Designator=R98
Change Component Designator: Old Designator=R5 New Designator=R99
Change Component Designator: Old Designator=R6 New Designator=R100
Change Component Designator: Old Designator=R7 New Designator=R101
Change Component Designator: Old Designator=R8 New Designator=R102
Change Component Designator: Old Designator=R9 New Designator=R103
Change Component Designator: Old Designator=R10 New Designator=R104
Change Component Designator: Old Designator=R11 New Designator=R105
Change Component Designator: Old Designator=R12 New Designator=R106
