Change Component Designator: Old Designator=C1 New Designator=C82
Change Component Designator: Old Designator=C2 New Designator=C83
Change Component Designator: Old Designator=C3 New Designator=C84
Change Component Designator: Old Designator=C4 New Designator=C85
Change Component Designator: Old Designator=FB1 New Designator=FB17
Change Component Designator: Old Designator=IC1 New Designator=IC9
Change Component Designator: Old Designator=Q1 New Designator=Q6
Change Component Designator: Old Designator=Q2 New Designator=Q7
Change Component Designator: Old Designator=Q3 New Designator=Q8
Change Component Designator: Old Designator=Q4 New Designator=Q9
Change Component Designator: Old Designator=Q5 New Designator=Q10
Change Component Designator: Old Designator=Q6 New Designator=Q11
Change Component Designator: Old Designator=R1 New Designator=R59
Change Component Designator: Old Designator=R2 New Designator=R60
Change Component Designator: Old Designator=R3 New Designator=R61
Change Component Designator: Old Designator=R4 New Designator=R62
Change Component Designator: Old Designator=R5 New Designator=R63
Change Component Designator: Old Designator=R6 New Designator=R64
Change Component Designator: Old Designator=R7 New Designator=R65
Change Component Designator: Old Designator=R8 New Designator=R66
Change Component Designator: Old Designator=R9 New Designator=R67
Change Component Designator: Old Designator=R10 New Designator=R68
Change Component Designator: Old Designator=R11 New Designator=R69
Change Component Designator: Old Designator=R12 New Designator=R70
