Removed Pin From Net: NetName=ESC_NSCS_B Pin=D8-1
Removed Pin From Net: NetName=ESC_INHA_B Pin=D8-2
Removed Pin From Net: NetName=ESC_INLA_B Pin=D8-4
Removed Pin From Net: NetName=ESC_INHB_B Pin=D8-5
Removed Pin From Net: NetName=ESC_INLB_B Pin=D8-7
Removed Pin From Net: NetName=ESC_INHC_B Pin=D8-8
Removed Pin From Net: NetName=ESC_INLC_B Pin=D8-10
Removed Pin From Net: NetName=ESC_INHB_C Pin=D9-1
Removed Pin From Net: NetName=ESC_INLB_C Pin=D9-2
Removed Pin From Net: NetName=ESC_INHC_C Pin=D9-4
Removed Pin From Net: NetName=ESC_INLC_C Pin=D9-5
Removed Pin From Net: NetName=ESC_NSCS_C Pin=D10-8
Removed Pin From Net: NetName=ESC_INHA_C Pin=D10-10
Removed Pin From Net: NetName=ESC_INLA_C Pin=D10-11
Removed Pin From Net: NetName=ESC_INLC_B Pin=J3-18
Removed Pin From Net: NetName=ESC_INHC_B Pin=J3-19
Removed Pin From Net: NetName=ESC_INLB_B Pin=J3-20
Removed Pin From Net: NetName=ESC_INHB_B Pin=J3-21
Removed Pin From Net: NetName=ESC_INLA_B Pin=J3-22
Removed Pin From Net: NetName=ESC_INHA_B Pin=J3-23
Removed Pin From Net: NetName=ESC_NSCS_B Pin=J3-24
Removed Pin From Net: NetName=ESC_INLC_C Pin=J3-29
Removed Pin From Net: NetName=ESC_INHC_C Pin=J3-30
Removed Pin From Net: NetName=ESC_INLB_C Pin=J3-31
Removed Pin From Net: NetName=ESC_INHB_C Pin=J3-32
Removed Pin From Net: NetName=ESC_INLA_C Pin=J3-33
Removed Pin From Net: NetName=ESC_INHA_C Pin=J3-34
Removed Pin From Net: NetName=ESC_NSCS_C Pin=J3-35
Added Pin To Net: NetName=ESC_NSCS_A Pin=D6-1
Added Pin To Net: NetName=ESC_INHA_A Pin=D6-2
Added Pin To Net: NetName=ESC_INLA_A Pin=D6-4
Added Pin To Net: NetName=ESC_INHB_A Pin=D6-5
Added Pin To Net: NetName=ESC_INLB_A Pin=D6-7
Added Pin To Net: NetName=ESC_INHC_A Pin=D6-8
Added Pin To Net: NetName=ESC_INLC_A Pin=D6-10
Added Pin To Net: NetName=ESC_INHA_B Pin=D7-1
Added Pin To Net: NetName=ESC_INLA_B Pin=D7-2
Added Pin To Net: NetName=ESC_INHB_B Pin=D7-4
Added Pin To Net: NetName=ESC_INLB_B Pin=D7-5
Added Pin To Net: NetName=ESC_INHC_B Pin=D7-7
Added Pin To Net: NetName=ESC_INLC_B Pin=D7-8
Added Pin To Net: NetName=ESC_NSCS_C Pin=D8-1
Added Pin To Net: NetName=ESC_INHA_C Pin=D8-2
Added Pin To Net: NetName=ESC_INLA_C Pin=D8-4
Added Pin To Net: NetName=ESC_INHB_C Pin=D8-5
Added Pin To Net: NetName=ESC_INLB_C Pin=D8-7
Added Pin To Net: NetName=ESC_INHC_C Pin=D8-8
Added Pin To Net: NetName=ESC_INLC_C Pin=D8-10
Added Pin To Net: NetName=ESC_NSCS_B Pin=D8-11
Added Pin To Net: NetName=ESC_NSCS_D Pin=D9-1
Added Pin To Net: NetName=ESC_INHA_D Pin=D9-2
Added Pin To Net: NetName=ESC_INLA_D Pin=D9-4
Added Pin To Net: NetName=ESC_INHB_D Pin=D9-5
Added Pin To Net: NetName=ESC_INLB_D Pin=D9-7
Added Pin To Net: NetName=ESC_INHC_D Pin=D9-8
Added Pin To Net: NetName=ESC_INLC_D Pin=D9-10
Added Pin To Net: NetName=ESC_INLC_A Pin=J3-2
Added Pin To Net: NetName=ESC_INHC_A Pin=J3-3
Added Pin To Net: NetName=ESC_INLB_A Pin=J3-4
Added Pin To Net: NetName=ESC_INHB_A Pin=J3-5
Added Pin To Net: NetName=ESC_INLA_A Pin=J3-6
Added Pin To Net: NetName=ESC_INHA_A Pin=J3-7
Added Pin To Net: NetName=ESC_NSCS_A Pin=J3-8
Added Pin To Net: NetName=ESC_INLC_B Pin=J3-11
Added Pin To Net: NetName=ESC_INHC_B Pin=J3-12
Added Pin To Net: NetName=ESC_INLB_B Pin=J3-13
Added Pin To Net: NetName=ESC_INHB_B Pin=J3-14
Added Pin To Net: NetName=ESC_INLA_B Pin=J3-15
Added Pin To Net: NetName=ESC_INHA_B Pin=J3-16
Added Pin To Net: NetName=ESC_NSCS_B Pin=J3-17
Added Pin To Net: NetName=ESC_INLC_C Pin=J3-18
Added Pin To Net: NetName=ESC_INHC_C Pin=J3-19
Added Pin To Net: NetName=ESC_INLB_C Pin=J3-20
Added Pin To Net: NetName=ESC_INHB_C Pin=J3-21
Added Pin To Net: NetName=ESC_INLA_C Pin=J3-22
Added Pin To Net: NetName=ESC_INHA_C Pin=J3-23
Added Pin To Net: NetName=ESC_NSCS_C Pin=J3-24
Added Pin To Net: NetName=ESC_INLC_D Pin=J3-26
Added Pin To Net: NetName=ESC_INHC_D Pin=J3-27
Added Pin To Net: NetName=ESC_INLB_D Pin=J3-28
Added Pin To Net: NetName=ESC_INHB_D Pin=J3-29
Added Pin To Net: NetName=ESC_INLA_D Pin=J3-30
Added Pin To Net: NetName=ESC_INHA_D Pin=J3-31
Added Pin To Net: NetName=ESC_NSCS_D Pin=J3-32
Added Pin To Net: NetName=NetD6_11 Pin=D6-11
Added Pin To Net: NetName=NetD6_11 Pin=J3-1
Added Net: Name=NetD6_11
Added Pin To Net: NetName=NetD7_10 Pin=D7-10
Added Pin To Net: NetName=NetD7_10 Pin=J3-10
Added Net: Name=NetD7_10
Added Pin To Net: NetName=NetD7_11 Pin=D7-11
Added Pin To Net: NetName=NetD7_11 Pin=J3-9
Added Net: Name=NetD7_11
Added Pin To Net: NetName=NetD10_8 Pin=D10-8
Added Pin To Net: NetName=NetD10_8 Pin=J3-35
Added Net: Name=NetD10_8
Added Pin To Net: NetName=NetD10_10 Pin=D10-10
Added Pin To Net: NetName=NetD10_10 Pin=J3-34
Added Net: Name=NetD10_10
Added Pin To Net: NetName=NetD10_11 Pin=D10-11
Added Pin To Net: NetName=NetD10_11 Pin=J3-33
Added Net: Name=NetD10_11
Add Net: Net with name "VSYS" already exists
