Removed Pin From Net: NetName=ESC_INLC1 Pin=D10-1
Removed Pin From Net: NetName=ESC_INHC1 Pin=D10-2
Removed Pin From Net: NetName=ESC_INLB1 Pin=D10-4
Removed Pin From Net: NetName=ESC_INHB1 Pin=D10-5
Removed Pin From Net: NetName=ESC_INLA1 Pin=D10-7
Removed Pin From Net: NetName=ESC_INHA1 Pin=D10-8
Removed Pin From Net: NetName=ESC_INHA1 Pin=J3-35
Removed Pin From Net: NetName=ESC_INLA1 Pin=J3-36
Removed Pin From Net: NetName=ESC_INHB1 Pin=J3-37
Removed Pin From Net: NetName=ESC_INLB1 Pin=J3-38
Removed Pin From Net: NetName=ESC_INHC1 Pin=J3-39
Removed Pin From Net: NetName=ESC_INLC1 Pin=J3-40
Added Pin To Net: NetName=ESC_INHB1 Pin=D9-1
Added Pin To Net: NetName=ESC_INLA1 Pin=D9-2
Added Pin To Net: NetName=ESC_INHA1 Pin=D9-4
Added Pin To Net: NetName=ESC_NFAULT Pin=D10-1
Added Pin To Net: NetName=ESC_SDO Pin=D10-2
Added Pin To Net: NetName=ESC_SDI Pin=D10-4
Added Pin To Net: NetName=ESC_CLK Pin=D10-5
Added Pin To Net: NetName=ESC_NSCS1 Pin=D10-7
Added Pin To Net: NetName=ESC_INLC1 Pin=D10-8
Added Pin To Net: NetName=ESC_INHC1 Pin=D10-10
Added Pin To Net: NetName=ESC_INLB1 Pin=D10-11
Added Pin To Net: NetName=ESC_INHA1 Pin=J3-30
Added Pin To Net: NetName=ESC_INLA1 Pin=J3-31
Added Pin To Net: NetName=ESC_INHB1 Pin=J3-32
Added Pin To Net: NetName=ESC_INLB1 Pin=J3-33
Added Pin To Net: NetName=ESC_INHC1 Pin=J3-34
Added Pin To Net: NetName=ESC_INLC1 Pin=J3-35
Added Pin To Net: NetName=ESC_NSCS1 Pin=J3-36
Added Pin To Net: NetName=ESC_CLK Pin=J3-37
Added Pin To Net: NetName=ESC_SDI Pin=J3-38
Added Pin To Net: NetName=ESC_SDO Pin=J3-39
Added Pin To Net: NetName=ESC_NFAULT Pin=J3-40
Add Net: Net with name "VSYS" already exists
