Change Component Footprint: Designator=R36 Old Footprint=CAP0805 New Footprint=RES0805
Change Component Footprint: Designator=R37 Old Footprint=CAP0805 New Footprint=RES0805
Change Component Footprint: Designator=R41 Old Footprint=CAP0805 New Footprint=RES0805
Change Component Footprint: Designator=R42 Old Footprint=CAP0805 New Footprint=RES0805
Change Component Designator: OldDesignator=3 NewDesignator=D3
Change Component Designator: OldDesignator=DNI1 NewDesignator=R45
Change Component Designator: OldDesignator=R45 NewDesignator=R46
Change Component Designator: OldDesignator=R46 NewDesignator=R47
Change Component Designator: OldDesignator=R47 NewDesignator=R48
Change Component Designator: OldDesignator=R48 NewDesignator=R49
Change Component Designator: OldDesignator=R49 NewDesignator=R50
Change Component Designator: OldDesignator=R50 NewDesignator=R51
Change Component Designator: OldDesignator=R51 NewDesignator=R52
Change Component Designator: OldDesignator=R52 NewDesignator=R53
Change Component Designator: OldDesignator=R53 NewDesignator=R54
Change Component Designator: OldDesignator=R54 NewDesignator=R55
Change Component Designator: OldDesignator=R55 NewDesignator=R56
Change Component Designator: OldDesignator=R56 NewDesignator=R57
Change Component Designator: OldDesignator=R57 NewDesignator=R58
Change Component Designator: OldDesignator=R58 NewDesignator=R59
Change Component Designator: OldDesignator=R59 NewDesignator=R60
Change Component Designator: OldDesignator=R60 NewDesignator=R61
Change Component Designator: OldDesignator=R61 NewDesignator=R62
Change Component Designator: OldDesignator=R62 NewDesignator=R63
Change Component Designator: OldDesignator=R63 NewDesignator=R64
Change Component Designator: OldDesignator=R64 NewDesignator=R65
Change Component Designator: OldDesignator=R65 NewDesignator=R66
Change Component Designator: OldDesignator=R66 NewDesignator=R67
Change Component Designator: OldDesignator=R67 NewDesignator=R68
Change Component Designator: OldDesignator=R68 NewDesignator=R69
Change Component Designator: OldDesignator=R69 NewDesignator=R70
Change component parameters: Designator = "DNI1" ("DNI1"); Footprint = "RES0402"; UniqueID = "\KGKENIAL\WJGBPPWX" ("\KGKENIAL\WJGBPPWX")
Change component parameters (AddParameter): Name = "Value"; Value = "DNI"; VariantName = "[No Variations]"
Add Net: Net with name "VSYS" already exists
