Removed Pin From Net: NetName=GND Pin=C63-1
Removed Pin From Net: NetName=GND Pin=C64-1
Removed Pin From Net: NetName=GND Pin=C65-1
Removed Pin From Net: NetName=GND Pin=C66-1
Removed Pin From Net: NetName=GND Pin=C67-1
Removed Pin From Net: NetName=GND Pin=C68-1
Removed Pin From Net: NetName=GND Pin=C69-1
Removed Pin From Net: NetName=GND Pin=C70-1
Removed Pin From Net: NetName=GND Pin=C71-1
Removed Pin From Net: NetName=GND Pin=C72-1
Removed Pin From Net: NetName=GND Pin=C73-1
Removed Pin From Net: NetName=GND Pin=C74-1
Removed Pin From Net: NetName=GND Pin=C75-1
Removed Pin From Net: NetName=GND Pin=C76-1
Removed Pin From Net: NetName=GND Pin=C77-1
Removed Pin From Net: NetName=ESC_SOC_A Pin=FB1-1
Removed Pin From Net: NetName=BAT_ADC Pin=FB2-2
Removed Pin From Net: NetName=ESC_SOB_A Pin=FB3-1
Removed Pin From Net: NetName=Temp1 Pin=FB4-2
Removed Pin From Net: NetName=ESC_SOA_A Pin=FB5-1
Removed Pin From Net: NetName=Temp2 Pin=FB6-2
Removed Pin From Net: NetName=ESC_SOB_D Pin=FB7-1
Removed Pin From Net: NetName=Temp3 Pin=FB8-2
Removed Pin From Net: NetName=ESC_SOC_D Pin=FB9-1
Removed Pin From Net: NetName=ESC_SOA_D Pin=FB10-1
Removed Pin From Net: NetName=ESC_SOA_C Pin=FB11-1
Removed Pin From Net: NetName=ESC_SOB_C Pin=FB12-1
Removed Pin From Net: NetName=ESC_SOC_C Pin=FB13-1
Removed Pin From Net: NetName=ESC_SOA_B Pin=FB14-1
Removed Pin From Net: NetName=ESC_SOB_B Pin=FB15-1
Removed Pin From Net: NetName=ESC_SOC_B Pin=FB16-1
Removed Pin From Net: NetName=NetC62_2 Pin=IC5-23
Removed Member From Class: ClassName=U_ADC+Temp Member=C63
Removed Member From Class: ClassName=U_ADC+Temp Member=C64
Removed Member From Class: ClassName=U_ADC+Temp Member=C65
Removed Member From Class: ClassName=U_ADC+Temp Member=C66
Removed Member From Class: ClassName=U_ADC+Temp Member=C67
Removed Member From Class: ClassName=U_ADC+Temp Member=C68
Removed Member From Class: ClassName=U_ADC+Temp Member=C69
Removed Member From Class: ClassName=U_ADC+Temp Member=C70
Removed Member From Class: ClassName=U_ADC+Temp Member=C71
Removed Member From Class: ClassName=U_ADC+Temp Member=C72
Removed Member From Class: ClassName=U_ADC+Temp Member=C73
Removed Member From Class: ClassName=U_ADC+Temp Member=C74
Removed Member From Class: ClassName=U_ADC+Temp Member=C75
Removed Member From Class: ClassName=U_ADC+Temp Member=C76
Removed Member From Class: ClassName=U_ADC+Temp Member=C77
Removed Member From Class: ClassName=U_ADC+Temp Member=FB1
Removed Member From Class: ClassName=U_ADC+Temp Member=FB3
Removed Member From Class: ClassName=U_ADC+Temp Member=FB4
Removed Member From Class: ClassName=U_ADC+Temp Member=FB5
Removed Member From Class: ClassName=U_ADC+Temp Member=FB6
Removed Member From Class: ClassName=U_ADC+Temp Member=FB7
Removed Member From Class: ClassName=U_ADC+Temp Member=FB8
Removed Member From Class: ClassName=U_ADC+Temp Member=FB9
Removed Member From Class: ClassName=U_ADC+Temp Member=FB10
Removed Member From Class: ClassName=U_ADC+Temp Member=FB11
Removed Member From Class: ClassName=U_ADC+Temp Member=FB12
Removed Member From Class: ClassName=U_ADC+Temp Member=FB13
Removed Member From Class: ClassName=U_ADC+Temp Member=FB14
Removed Member From Class: ClassName=U_ADC+Temp Member=FB15
Removed Member From Class: ClassName=U_ADC+Temp Member=FB16
Added Pin To Net: NetName=ESC_SOC_A Pin=IC5-8
Added Pin To Net: NetName=ESC_SOB_A Pin=IC5-9
Added Pin To Net: NetName=ESC_SOA_A Pin=IC5-10
Added Pin To Net: NetName=ESC_SOB_D Pin=IC5-11
Added Pin To Net: NetName=ESC_SOC_D Pin=IC5-12
Added Pin To Net: NetName=ESC_SOA_D Pin=IC5-13
Added Pin To Net: NetName=ESC_SOA_C Pin=IC5-14
Added Pin To Net: NetName=ESC_SOB_C Pin=IC5-15
Added Pin To Net: NetName=ESC_SOC_C Pin=IC5-16
Added Pin To Net: NetName=ESC_SOA_B Pin=IC5-17
Added Pin To Net: NetName=ESC_SOB_B Pin=IC5-18
Added Pin To Net: NetName=ESC_SOC_B Pin=IC5-19
Added Pin To Net: NetName=Temp3 Pin=IC5-20
Added Pin To Net: NetName=Temp2 Pin=IC5-21
Added Pin To Net: NetName=Temp1 Pin=IC5-22
Added Pin To Net: NetName=BAT_ADC Pin=IC5-23
Added Pin To Net: NetName=NetC62_2 Pin=IC5-24
Added Pin To Net: NetName=NetFB2_2 Pin=FB2-2
Added Pin To Net: NetName=NetFB2_2 Pin=IC5-25
Added Net: Name=NetFB2_2
Add Net: Net with name "VSYS" already exists
