Removed Pin From Net: NetName=NetIC1A_7 Pin=IC1A-7
Removed Pin From Net: NetName=NetIC1A_9 Pin=IC1A-9
Removed Pin From Net: NetName=NetIC1A_12 Pin=IC1A-12
Removed Pin From Net: NetName=NetIC1A_14 Pin=IC1A-14
Removed Pin From Net: NetName=NetIC1A_17 Pin=IC1A-17
Removed Pin From Net: NetName=NetIC1A_19 Pin=IC1A-19
Removed Pin From Net: NetName=NetIC1B_7 Pin=IC1B-7
Removed Pin From Net: NetName=NetIC1B_9 Pin=IC1B-9
Removed Pin From Net: NetName=NetIC1B_12 Pin=IC1B-12
Removed Pin From Net: NetName=NetIC1B_14 Pin=IC1B-14
Removed Pin From Net: NetName=NetIC1B_17 Pin=IC1B-17
Removed Pin From Net: NetName=NetIC1B_19 Pin=IC1B-19
Removed Pin From Net: NetName=NetIC1C_7 Pin=IC1C-7
Removed Pin From Net: NetName=NetIC1C_9 Pin=IC1C-9
Removed Pin From Net: NetName=NetIC1C_12 Pin=IC1C-12
Removed Pin From Net: NetName=NetIC1C_14 Pin=IC1C-14
Removed Pin From Net: NetName=NetIC1C_17 Pin=IC1C-17
Removed Pin From Net: NetName=NetIC1C_19 Pin=IC1C-19
Removed Pin From Net: NetName=NetIC1D_7 Pin=IC1D-7
Removed Pin From Net: NetName=NetIC1D_9 Pin=IC1D-9
Removed Pin From Net: NetName=NetIC1D_12 Pin=IC1D-12
Removed Pin From Net: NetName=NetIC1D_14 Pin=IC1D-14
Removed Pin From Net: NetName=NetIC1D_17 Pin=IC1D-17
Removed Pin From Net: NetName=NetIC1D_19 Pin=IC1D-19
Removed Pin From Net: NetName=NetIC1A_7 Pin=Q1A-1
Removed Pin From Net: NetName=NetIC1A_7 Pin=Q1A-2
Removed Pin From Net: NetName=NetIC1A_7 Pin=Q1A-3
Removed Pin From Net: NetName=BAT+_F Pin=Q1A-5
Removed Pin From Net: NetName=BAT+_F Pin=Q1A-6
Removed Pin From Net: NetName=BAT+_F Pin=Q1A-7
Removed Pin From Net: NetName=BAT+_F Pin=Q1A-8
Removed Pin From Net: NetName=BAT+_F Pin=Q1A-9
Removed Pin From Net: NetName=NetIC1B_7 Pin=Q1B-1
Removed Pin From Net: NetName=NetIC1B_7 Pin=Q1B-2
Removed Pin From Net: NetName=NetIC1B_7 Pin=Q1B-3
Removed Pin From Net: NetName=BAT+_F Pin=Q1B-5
Removed Pin From Net: NetName=BAT+_F Pin=Q1B-6
Removed Pin From Net: NetName=BAT+_F Pin=Q1B-7
Removed Pin From Net: NetName=BAT+_F Pin=Q1B-8
Removed Pin From Net: NetName=BAT+_F Pin=Q1B-9
Removed Pin From Net: NetName=NetIC1C_7 Pin=Q1C-1
Removed Pin From Net: NetName=NetIC1C_7 Pin=Q1C-2
Removed Pin From Net: NetName=NetIC1C_7 Pin=Q1C-3
Removed Pin From Net: NetName=BAT+_F Pin=Q1C-5
Removed Pin From Net: NetName=BAT+_F Pin=Q1C-6
Removed Pin From Net: NetName=BAT+_F Pin=Q1C-7
Removed Pin From Net: NetName=BAT+_F Pin=Q1C-8
Removed Pin From Net: NetName=BAT+_F Pin=Q1C-9
Removed Pin From Net: NetName=NetIC1D_7 Pin=Q1D-1
Removed Pin From Net: NetName=NetIC1D_7 Pin=Q1D-2
Removed Pin From Net: NetName=NetIC1D_7 Pin=Q1D-3
Removed Pin From Net: NetName=BAT+_F Pin=Q1D-5
Removed Pin From Net: NetName=BAT+_F Pin=Q1D-6
Removed Pin From Net: NetName=BAT+_F Pin=Q1D-7
Removed Pin From Net: NetName=BAT+_F Pin=Q1D-8
Removed Pin From Net: NetName=BAT+_F Pin=Q1D-9
Removed Pin From Net: NetName=NetIC1A_14 Pin=Q3A-1
Removed Pin From Net: NetName=NetIC1A_14 Pin=Q3A-2
Removed Pin From Net: NetName=NetIC1A_14 Pin=Q3A-3
Removed Pin From Net: NetName=BAT+_F Pin=Q3A-5
Removed Pin From Net: NetName=BAT+_F Pin=Q3A-6
Removed Pin From Net: NetName=BAT+_F Pin=Q3A-7
Removed Pin From Net: NetName=BAT+_F Pin=Q3A-8
Removed Pin From Net: NetName=BAT+_F Pin=Q3A-9
Removed Pin From Net: NetName=NetIC1B_14 Pin=Q3B-1
Removed Pin From Net: NetName=NetIC1B_14 Pin=Q3B-2
Removed Pin From Net: NetName=NetIC1B_14 Pin=Q3B-3
Removed Pin From Net: NetName=BAT+_F Pin=Q3B-5
Removed Pin From Net: NetName=BAT+_F Pin=Q3B-6
Removed Pin From Net: NetName=BAT+_F Pin=Q3B-7
Removed Pin From Net: NetName=BAT+_F Pin=Q3B-8
Removed Pin From Net: NetName=BAT+_F Pin=Q3B-9
Removed Pin From Net: NetName=NetIC1C_14 Pin=Q3C-1
Removed Pin From Net: NetName=NetIC1C_14 Pin=Q3C-2
Removed Pin From Net: NetName=NetIC1C_14 Pin=Q3C-3
Removed Pin From Net: NetName=BAT+_F Pin=Q3C-5
Removed Pin From Net: NetName=BAT+_F Pin=Q3C-6
Removed Pin From Net: NetName=BAT+_F Pin=Q3C-7
Removed Pin From Net: NetName=BAT+_F Pin=Q3C-8
Removed Pin From Net: NetName=BAT+_F Pin=Q3C-9
Removed Pin From Net: NetName=NetIC1D_14 Pin=Q3D-1
Removed Pin From Net: NetName=NetIC1D_14 Pin=Q3D-2
Removed Pin From Net: NetName=NetIC1D_14 Pin=Q3D-3
Removed Pin From Net: NetName=BAT+_F Pin=Q3D-5
Removed Pin From Net: NetName=BAT+_F Pin=Q3D-6
Removed Pin From Net: NetName=BAT+_F Pin=Q3D-7
Removed Pin From Net: NetName=BAT+_F Pin=Q3D-8
Removed Pin From Net: NetName=BAT+_F Pin=Q3D-9
Removed Pin From Net: NetName=NetIC1A_17 Pin=Q5A-1
Removed Pin From Net: NetName=NetIC1A_17 Pin=Q5A-2
Removed Pin From Net: NetName=NetIC1A_17 Pin=Q5A-3
Removed Pin From Net: NetName=BAT+_F Pin=Q5A-5
Removed Pin From Net: NetName=BAT+_F Pin=Q5A-6
Removed Pin From Net: NetName=BAT+_F Pin=Q5A-7
Removed Pin From Net: NetName=BAT+_F Pin=Q5A-8
Removed Pin From Net: NetName=BAT+_F Pin=Q5A-9
Removed Pin From Net: NetName=NetIC1B_17 Pin=Q5B-1
Removed Pin From Net: NetName=NetIC1B_17 Pin=Q5B-2
Removed Pin From Net: NetName=NetIC1B_17 Pin=Q5B-3
Removed Pin From Net: NetName=BAT+_F Pin=Q5B-5
Removed Pin From Net: NetName=BAT+_F Pin=Q5B-6
Removed Pin From Net: NetName=BAT+_F Pin=Q5B-7
Removed Pin From Net: NetName=BAT+_F Pin=Q5B-8
Removed Pin From Net: NetName=BAT+_F Pin=Q5B-9
Removed Pin From Net: NetName=NetIC1C_17 Pin=Q5C-1
Removed Pin From Net: NetName=NetIC1C_17 Pin=Q5C-2
Removed Pin From Net: NetName=NetIC1C_17 Pin=Q5C-3
Removed Pin From Net: NetName=BAT+_F Pin=Q5C-5
Removed Pin From Net: NetName=BAT+_F Pin=Q5C-6
Removed Pin From Net: NetName=BAT+_F Pin=Q5C-7
Removed Pin From Net: NetName=BAT+_F Pin=Q5C-8
Removed Pin From Net: NetName=BAT+_F Pin=Q5C-9
Removed Pin From Net: NetName=NetIC1D_17 Pin=Q5D-1
Removed Pin From Net: NetName=NetIC1D_17 Pin=Q5D-2
Removed Pin From Net: NetName=NetIC1D_17 Pin=Q5D-3
Removed Pin From Net: NetName=BAT+_F Pin=Q5D-5
Removed Pin From Net: NetName=BAT+_F Pin=Q5D-6
Removed Pin From Net: NetName=BAT+_F Pin=Q5D-7
Removed Pin From Net: NetName=BAT+_F Pin=Q5D-8
Removed Pin From Net: NetName=BAT+_F Pin=Q5D-9
Removed Pin From Net: NetName=NetIC1A_9 Pin=R10A-2
Removed Pin From Net: NetName=NetIC1B_9 Pin=R10B-2
Removed Pin From Net: NetName=NetIC1C_9 Pin=R10C-2
Removed Pin From Net: NetName=NetIC1D_9 Pin=R10D-2
Removed Pin From Net: NetName=NetIC1A_12 Pin=R11A-2
Removed Pin From Net: NetName=NetIC1B_12 Pin=R11B-2
Removed Pin From Net: NetName=NetIC1C_12 Pin=R11C-2
Removed Pin From Net: NetName=NetIC1D_12 Pin=R11D-2
Removed Pin From Net: NetName=NetIC1A_19 Pin=R12A-2
Removed Pin From Net: NetName=NetIC1B_19 Pin=R12B-2
Removed Pin From Net: NetName=NetIC1C_19 Pin=R12C-2
Removed Pin From Net: NetName=NetIC1D_19 Pin=R12D-2
Change Component Footprint: Designator=Q1A Old Footprint=TPH2R408QML1Q New Footprint=TPN1R603PLL1Q
Change Component Footprint: Designator=Q1B Old Footprint=TPH2R408QML1Q New Footprint=TPN1R603PLL1Q
Change Component Footprint: Designator=Q1C Old Footprint=TPH2R408QML1Q New Footprint=TPN1R603PLL1Q
Change Component Footprint: Designator=Q1D Old Footprint=TPH2R408QML1Q New Footprint=TPN1R603PLL1Q
Change Component Footprint: Designator=Q2A Old Footprint=TPH2R408QML1Q New Footprint=TPN1R603PLL1Q
Change Component Footprint: Designator=Q2B Old Footprint=TPH2R408QML1Q New Footprint=TPN1R603PLL1Q
Change Component Footprint: Designator=Q2C Old Footprint=TPH2R408QML1Q New Footprint=TPN1R603PLL1Q
Change Component Footprint: Designator=Q2D Old Footprint=TPH2R408QML1Q New Footprint=TPN1R603PLL1Q
Change Component Footprint: Designator=Q3A Old Footprint=TPH2R408QML1Q New Footprint=TPN1R603PLL1Q
Change Component Footprint: Designator=Q3B Old Footprint=TPH2R408QML1Q New Footprint=TPN1R603PLL1Q
Change Component Footprint: Designator=Q3C Old Footprint=TPH2R408QML1Q New Footprint=TPN1R603PLL1Q
Change Component Footprint: Designator=Q3D Old Footprint=TPH2R408QML1Q New Footprint=TPN1R603PLL1Q
Change Component Footprint: Designator=Q4A Old Footprint=TPH2R408QML1Q New Footprint=TPN1R603PLL1Q
Change Component Footprint: Designator=Q4B Old Footprint=TPH2R408QML1Q New Footprint=TPN1R603PLL1Q
Change Component Footprint: Designator=Q4C Old Footprint=TPH2R408QML1Q New Footprint=TPN1R603PLL1Q
Change Component Footprint: Designator=Q4D Old Footprint=TPH2R408QML1Q New Footprint=TPN1R603PLL1Q
Change Component Footprint: Designator=Q5A Old Footprint=TPH2R408QML1Q New Footprint=TPN1R603PLL1Q
Change Component Footprint: Designator=Q5B Old Footprint=TPH2R408QML1Q New Footprint=TPN1R603PLL1Q
Change Component Footprint: Designator=Q5C Old Footprint=TPH2R408QML1Q New Footprint=TPN1R603PLL1Q
Change Component Footprint: Designator=Q5D Old Footprint=TPH2R408QML1Q New Footprint=TPN1R603PLL1Q
Change Component Footprint: Designator=Q6A Old Footprint=TPH2R408QML1Q New Footprint=TPN1R603PLL1Q
Change Component Footprint: Designator=Q6B Old Footprint=TPH2R408QML1Q New Footprint=TPN1R603PLL1Q
Change Component Footprint: Designator=Q6C Old Footprint=TPH2R408QML1Q New Footprint=TPN1R603PLL1Q
Change Component Footprint: Designator=Q6D Old Footprint=TPH2R408QML1Q New Footprint=TPN1R603PLL1Q
Change Component Comment : Designator=Q1A Old Comment=TPH2R408QM,L1Q New Comment=TPN1R603PL,L1Q
Change Component Comment : Designator=Q1B Old Comment=TPH2R408QM,L1Q New Comment=TPN1R603PL,L1Q
Change Component Comment : Designator=Q1C Old Comment=TPH2R408QM,L1Q New Comment=TPN1R603PL,L1Q
Change Component Comment : Designator=Q1D Old Comment=TPH2R408QM,L1Q New Comment=TPN1R603PL,L1Q
Change Component Comment : Designator=Q2A Old Comment=TPH2R408QM,L1Q New Comment=TPN1R603PL,L1Q
Change Component Comment : Designator=Q2B Old Comment=TPH2R408QM,L1Q New Comment=TPN1R603PL,L1Q
Change Component Comment : Designator=Q2C Old Comment=TPH2R408QM,L1Q New Comment=TPN1R603PL,L1Q
Change Component Comment : Designator=Q2D Old Comment=TPH2R408QM,L1Q New Comment=TPN1R603PL,L1Q
Change Component Comment : Designator=Q3A Old Comment=TPH2R408QM,L1Q New Comment=TPN1R603PL,L1Q
Change Component Comment : Designator=Q3B Old Comment=TPH2R408QM,L1Q New Comment=TPN1R603PL,L1Q
Change Component Comment : Designator=Q3C Old Comment=TPH2R408QM,L1Q New Comment=TPN1R603PL,L1Q
Change Component Comment : Designator=Q3D Old Comment=TPH2R408QM,L1Q New Comment=TPN1R603PL,L1Q
Change Component Comment : Designator=Q4A Old Comment=TPH2R408QM,L1Q New Comment=TPN1R603PL,L1Q
Change Component Comment : Designator=Q4B Old Comment=TPH2R408QM,L1Q New Comment=TPN1R603PL,L1Q
Change Component Comment : Designator=Q4C Old Comment=TPH2R408QM,L1Q New Comment=TPN1R603PL,L1Q
Change Component Comment : Designator=Q4D Old Comment=TPH2R408QM,L1Q New Comment=TPN1R603PL,L1Q
Change Component Comment : Designator=Q5A Old Comment=TPH2R408QM,L1Q New Comment=TPN1R603PL,L1Q
Change Component Comment : Designator=Q5B Old Comment=TPH2R408QM,L1Q New Comment=TPN1R603PL,L1Q
Change Component Comment : Designator=Q5C Old Comment=TPH2R408QM,L1Q New Comment=TPN1R603PL,L1Q
Change Component Comment : Designator=Q5D Old Comment=TPH2R408QM,L1Q New Comment=TPN1R603PL,L1Q
Change Component Comment : Designator=Q6A Old Comment=TPH2R408QM,L1Q New Comment=TPN1R603PL,L1Q
Change Component Comment : Designator=Q6B Old Comment=TPH2R408QM,L1Q New Comment=TPN1R603PL,L1Q
Change Component Comment : Designator=Q6C Old Comment=TPH2R408QM,L1Q New Comment=TPN1R603PL,L1Q
Change Component Comment : Designator=Q6D Old Comment=TPH2R408QM,L1Q New Comment=TPN1R603PL,L1Q
Change component parameters: Designator = "Q1A" ("Q1"); Footprint = "TPH2R408QML1Q"; UniqueID = "\1TFOPYVEG\RUYJXGEZ" ("\1TFOPYVEG\RUYJXGEZ")
Change component parameters (AddParameter): Name = "Arrow Part Number"; Value = "TPN1R603PL,L1Q"; VariantName = "[No Variations]"
Change component parameters (AddParameter): Name = "Arrow Price/Stock"; Value = "https://www.arrow.com/en/products/tpn1r603pll1q/toshiba?utm_currency=USD&region=nac"; VariantName = "[No Variations]"
Change component parameters (AddParameter): Name = "Datasheet Link"; Value = "https://toshiba.semicon-storage.com/ap-en/semiconductor/product/mosfets/12v-300v-mosfets/detail.TPN1R603PL.html"; VariantName = "[No Variations]"
Change component parameters (AddParameter): Name = "Height"; Value = "0.9mm"; VariantName = "[No Variations]"
Change component parameters (AddParameter): Name = "Manufacturer_Name"; Value = "Toshiba"; VariantName = "[No Variations]"
Change component parameters (AddParameter): Name = "Manufacturer_Part_Number"; Value = "TPN1R603PL,L1Q"; VariantName = "[No Variations]"
Change component parameters (AddParameter): Name = "Mouser Part Number"; Value = "757-TPN1R603PLL1Q"; VariantName = "[No Variations]"
Change component parameters (AddParameter): Name = "Mouser Price/Stock"; Value = "https://www.mouser.co.uk/ProductDetail/Toshiba/TPN1R603PLL1Q?qs=bUPhaerQQeGYpGlYi%252BLguw%3D%3D"; VariantName = "[No Variations]"
Change component parameters: Designator = "Q1B" ("Q1"); Footprint = "TPH2R408QML1Q"; UniqueID = "\2TFOPYVEG\RUYJXGEZ" ("\2TFOPYVEG\RUYJXGEZ")
Change component parameters (AddParameter): Name = "Arrow Part Number"; Value = "TPN1R603PL,L1Q"; VariantName = "[No Variations]"
Change component parameters (AddParameter): Name = "Arrow Price/Stock"; Value = "https://www.arrow.com/en/products/tpn1r603pll1q/toshiba?utm_currency=USD&region=nac"; VariantName = "[No Variations]"
Change component parameters (AddParameter): Name = "Datasheet Link"; Value = "https://toshiba.semicon-storage.com/ap-en/semiconductor/product/mosfets/12v-300v-mosfets/detail.TPN1R603PL.html"; VariantName = "[No Variations]"
Change component parameters (AddParameter): Name = "Height"; Value = "0.9mm"; VariantName = "[No Variations]"
Change component parameters (AddParameter): Name = "Manufacturer_Name"; Value = "Toshiba"; VariantName = "[No Variations]"
Change component parameters (AddParameter): Name = "Manufacturer_Part_Number"; Value = "TPN1R603PL,L1Q"; VariantName = "[No Variations]"
Change component parameters (AddParameter): Name = "Mouser Part Number"; Value = "757-TPN1R603PLL1Q"; VariantName = "[No Variations]"
Change component parameters (AddParameter): Name = "Mouser Price/Stock"; Value = "https://www.mouser.co.uk/ProductDetail/Toshiba/TPN1R603PLL1Q?qs=bUPhaerQQeGYpGlYi%252BLguw%3D%3D"; VariantName = "[No Variations]"
Change component parameters: Designator = "Q1C" ("Q1"); Footprint = "TPH2R408QML1Q"; UniqueID = "\3TFOPYVEG\RUYJXGEZ" ("\3TFOPYVEG\RUYJXGEZ")
Change component parameters (AddParameter): Name = "Arrow Part Number"; Value = "TPN1R603PL,L1Q"; VariantName = "[No Variations]"
Change component parameters (AddParameter): Name = "Arrow Price/Stock"; Value = "https://www.arrow.com/en/products/tpn1r603pll1q/toshiba?utm_currency=USD&region=nac"; VariantName = "[No Variations]"
Change component parameters (AddParameter): Name = "Datasheet Link"; Value = "https://toshiba.semicon-storage.com/ap-en/semiconductor/product/mosfets/12v-300v-mosfets/detail.TPN1R603PL.html"; VariantName = "[No Variations]"
Change component parameters (AddParameter): Name = "Height"; Value = "0.9mm"; VariantName = "[No Variations]"
Change component parameters (AddParameter): Name = "Manufacturer_Name"; Value = "Toshiba"; VariantName = "[No Variations]"
Change component parameters (AddParameter): Name = "Manufacturer_Part_Number"; Value = "TPN1R603PL,L1Q"; VariantName = "[No Variations]"
Change component parameters (AddParameter): Name = "Mouser Part Number"; Value = "757-TPN1R603PLL1Q"; VariantName = "[No Variations]"
Change component parameters (AddParameter): Name = "Mouser Price/Stock"; Value = "https://www.mouser.co.uk/ProductDetail/Toshiba/TPN1R603PLL1Q?qs=bUPhaerQQeGYpGlYi%252BLguw%3D%3D"; VariantName = "[No Variations]"
Change component parameters: Designator = "Q1D" ("Q1"); Footprint = "TPH2R408QML1Q"; UniqueID = "\4TFOPYVEG\RUYJXGEZ" ("\4TFOPYVEG\RUYJXGEZ")
Change component parameters (AddParameter): Name = "Arrow Part Number"; Value = "TPN1R603PL,L1Q"; VariantName = "[No Variations]"
Change component parameters (AddParameter): Name = "Arrow Price/Stock"; Value = "https://www.arrow.com/en/products/tpn1r603pll1q/toshiba?utm_currency=USD&region=nac"; VariantName = "[No Variations]"
Change component parameters (AddParameter): Name = "Datasheet Link"; Value = "https://toshiba.semicon-storage.com/ap-en/semiconductor/product/mosfets/12v-300v-mosfets/detail.TPN1R603PL.html"; VariantName = "[No Variations]"
Change component parameters (AddParameter): Name = "Height"; Value = "0.9mm"; VariantName = "[No Variations]"
Change component parameters (AddParameter): Name = "Manufacturer_Name"; Value = "Toshiba"; VariantName = "[No Variations]"
Change component parameters (AddParameter): Name = "Manufacturer_Part_Number"; Value = "TPN1R603PL,L1Q"; VariantName = "[No Variations]"
Change component parameters (AddParameter): Name = "Mouser Part Number"; Value = "757-TPN1R603PLL1Q"; VariantName = "[No Variations]"
Change component parameters (AddParameter): Name = "Mouser Price/Stock"; Value = "https://www.mouser.co.uk/ProductDetail/Toshiba/TPN1R603PLL1Q?qs=bUPhaerQQeGYpGlYi%252BLguw%3D%3D"; VariantName = "[No Variations]"
Change component parameters: Designator = "Q2A" ("Q2"); Footprint = "TPH2R408QML1Q"; UniqueID = "\1TFOPYVEG\AKCWZVDS" ("\1TFOPYVEG\AKCWZVDS")
Change component parameters (AddParameter): Name = "Arrow Part Number"; Value = "TPN1R603PL,L1Q"; VariantName = "[No Variations]"
Change component parameters (AddParameter): Name = "Arrow Price/Stock"; Value = "https://www.arrow.com/en/products/tpn1r603pll1q/toshiba?utm_currency=USD&region=nac"; VariantName = "[No Variations]"
Change component parameters (AddParameter): Name = "Datasheet Link"; Value = "https://toshiba.semicon-storage.com/ap-en/semiconductor/product/mosfets/12v-300v-mosfets/detail.TPN1R603PL.html"; VariantName = "[No Variations]"
Change component parameters (AddParameter): Name = "Height"; Value = "0.9mm"; VariantName = "[No Variations]"
Change component parameters (AddParameter): Name = "Manufacturer_Name"; Value = "Toshiba"; VariantName = "[No Variations]"
Change component parameters (AddParameter): Name = "Manufacturer_Part_Number"; Value = "TPN1R603PL,L1Q"; VariantName = "[No Variations]"
Change component parameters (AddParameter): Name = "Mouser Part Number"; Value = "757-TPN1R603PLL1Q"; VariantName = "[No Variations]"
Change component parameters (AddParameter): Name = "Mouser Price/Stock"; Value = "https://www.mouser.co.uk/ProductDetail/Toshiba/TPN1R603PLL1Q?qs=bUPhaerQQeGYpGlYi%252BLguw%3D%3D"; VariantName = "[No Variations]"
Change component parameters: Designator = "Q2B" ("Q2"); Footprint = "TPH2R408QML1Q"; UniqueID = "\2TFOPYVEG\AKCWZVDS" ("\2TFOPYVEG\AKCWZVDS")
Change component parameters (AddParameter): Name = "Arrow Part Number"; Value = "TPN1R603PL,L1Q"; VariantName = "[No Variations]"
Change component parameters (AddParameter): Name = "Arrow Price/Stock"; Value = "https://www.arrow.com/en/products/tpn1r603pll1q/toshiba?utm_currency=USD&region=nac"; VariantName = "[No Variations]"
Change component parameters (AddParameter): Name = "Datasheet Link"; Value = "https://toshiba.semicon-storage.com/ap-en/semiconductor/product/mosfets/12v-300v-mosfets/detail.TPN1R603PL.html"; VariantName = "[No Variations]"
Change component parameters (AddParameter): Name = "Height"; Value = "0.9mm"; VariantName = "[No Variations]"
Change component parameters (AddParameter): Name = "Manufacturer_Name"; Value = "Toshiba"; VariantName = "[No Variations]"
Change component parameters (AddParameter): Name = "Manufacturer_Part_Number"; Value = "TPN1R603PL,L1Q"; VariantName = "[No Variations]"
Change component parameters (AddParameter): Name = "Mouser Part Number"; Value = "757-TPN1R603PLL1Q"; VariantName = "[No Variations]"
Change component parameters (AddParameter): Name = "Mouser Price/Stock"; Value = "https://www.mouser.co.uk/ProductDetail/Toshiba/TPN1R603PLL1Q?qs=bUPhaerQQeGYpGlYi%252BLguw%3D%3D"; VariantName = "[No Variations]"
Change component parameters: Designator = "Q2C" ("Q2"); Footprint = "TPH2R408QML1Q"; UniqueID = "\3TFOPYVEG\AKCWZVDS" ("\3TFOPYVEG\AKCWZVDS")
Change component parameters (AddParameter): Name = "Arrow Part Number"; Value = "TPN1R603PL,L1Q"; VariantName = "[No Variations]"
Change component parameters (AddParameter): Name = "Arrow Price/Stock"; Value = "https://www.arrow.com/en/products/tpn1r603pll1q/toshiba?utm_currency=USD&region=nac"; VariantName = "[No Variations]"
Change component parameters (AddParameter): Name = "Datasheet Link"; Value = "https://toshiba.semicon-storage.com/ap-en/semiconductor/product/mosfets/12v-300v-mosfets/detail.TPN1R603PL.html"; VariantName = "[No Variations]"
Change component parameters (AddParameter): Name = "Height"; Value = "0.9mm"; VariantName = "[No Variations]"
Change component parameters (AddParameter): Name = "Manufacturer_Name"; Value = "Toshiba"; VariantName = "[No Variations]"
Change component parameters (AddParameter): Name = "Manufacturer_Part_Number"; Value = "TPN1R603PL,L1Q"; VariantName = "[No Variations]"
Change component parameters (AddParameter): Name = "Mouser Part Number"; Value = "757-TPN1R603PLL1Q"; VariantName = "[No Variations]"
Change component parameters (AddParameter): Name = "Mouser Price/Stock"; Value = "https://www.mouser.co.uk/ProductDetail/Toshiba/TPN1R603PLL1Q?qs=bUPhaerQQeGYpGlYi%252BLguw%3D%3D"; VariantName = "[No Variations]"
Change component parameters: Designator = "Q2D" ("Q2"); Footprint = "TPH2R408QML1Q"; UniqueID = "\4TFOPYVEG\AKCWZVDS" ("\4TFOPYVEG\AKCWZVDS")
Change component parameters (AddParameter): Name = "Arrow Part Number"; Value = "TPN1R603PL,L1Q"; VariantName = "[No Variations]"
Change component parameters (AddParameter): Name = "Arrow Price/Stock"; Value = "https://www.arrow.com/en/products/tpn1r603pll1q/toshiba?utm_currency=USD&region=nac"; VariantName = "[No Variations]"
Change component parameters (AddParameter): Name = "Datasheet Link"; Value = "https://toshiba.semicon-storage.com/ap-en/semiconductor/product/mosfets/12v-300v-mosfets/detail.TPN1R603PL.html"; VariantName = "[No Variations]"
Change component parameters (AddParameter): Name = "Height"; Value = "0.9mm"; VariantName = "[No Variations]"
Change component parameters (AddParameter): Name = "Manufacturer_Name"; Value = "Toshiba"; VariantName = "[No Variations]"
Change component parameters (AddParameter): Name = "Manufacturer_Part_Number"; Value = "TPN1R603PL,L1Q"; VariantName = "[No Variations]"
Change component parameters (AddParameter): Name = "Mouser Part Number"; Value = "757-TPN1R603PLL1Q"; VariantName = "[No Variations]"
Change component parameters (AddParameter): Name = "Mouser Price/Stock"; Value = "https://www.mouser.co.uk/ProductDetail/Toshiba/TPN1R603PLL1Q?qs=bUPhaerQQeGYpGlYi%252BLguw%3D%3D"; VariantName = "[No Variations]"
Change component parameters: Designator = "Q3A" ("Q3"); Footprint = "TPH2R408QML1Q"; UniqueID = "\1TFOPYVEG\VZLWJKOD" ("\1TFOPYVEG\VZLWJKOD")
Change component parameters (AddParameter): Name = "Arrow Part Number"; Value = "TPN1R603PL,L1Q"; VariantName = "[No Variations]"
Change component parameters (AddParameter): Name = "Arrow Price/Stock"; Value = "https://www.arrow.com/en/products/tpn1r603pll1q/toshiba?utm_currency=USD&region=nac"; VariantName = "[No Variations]"
Change component parameters (AddParameter): Name = "Datasheet Link"; Value = "https://toshiba.semicon-storage.com/ap-en/semiconductor/product/mosfets/12v-300v-mosfets/detail.TPN1R603PL.html"; VariantName = "[No Variations]"
Change component parameters (AddParameter): Name = "Height"; Value = "0.9mm"; VariantName = "[No Variations]"
Change component parameters (AddParameter): Name = "Manufacturer_Name"; Value = "Toshiba"; VariantName = "[No Variations]"
Change component parameters (AddParameter): Name = "Manufacturer_Part_Number"; Value = "TPN1R603PL,L1Q"; VariantName = "[No Variations]"
Change component parameters (AddParameter): Name = "Mouser Part Number"; Value = "757-TPN1R603PLL1Q"; VariantName = "[No Variations]"
Change component parameters (AddParameter): Name = "Mouser Price/Stock"; Value = "https://www.mouser.co.uk/ProductDetail/Toshiba/TPN1R603PLL1Q?qs=bUPhaerQQeGYpGlYi%252BLguw%3D%3D"; VariantName = "[No Variations]"
Change component parameters: Designator = "Q3B" ("Q3"); Footprint = "TPH2R408QML1Q"; UniqueID = "\2TFOPYVEG\VZLWJKOD" ("\2TFOPYVEG\VZLWJKOD")
Change component parameters (AddParameter): Name = "Arrow Part Number"; Value = "TPN1R603PL,L1Q"; VariantName = "[No Variations]"
Change component parameters (AddParameter): Name = "Arrow Price/Stock"; Value = "https://www.arrow.com/en/products/tpn1r603pll1q/toshiba?utm_currency=USD&region=nac"; VariantName = "[No Variations]"
Change component parameters (AddParameter): Name = "Datasheet Link"; Value = "https://toshiba.semicon-storage.com/ap-en/semiconductor/product/mosfets/12v-300v-mosfets/detail.TPN1R603PL.html"; VariantName = "[No Variations]"
Change component parameters (AddParameter): Name = "Height"; Value = "0.9mm"; VariantName = "[No Variations]"
Change component parameters (AddParameter): Name = "Manufacturer_Name"; Value = "Toshiba"; VariantName = "[No Variations]"
Change component parameters (AddParameter): Name = "Manufacturer_Part_Number"; Value = "TPN1R603PL,L1Q"; VariantName = "[No Variations]"
Change component parameters (AddParameter): Name = "Mouser Part Number"; Value = "757-TPN1R603PLL1Q"; VariantName = "[No Variations]"
Change component parameters (AddParameter): Name = "Mouser Price/Stock"; Value = "https://www.mouser.co.uk/ProductDetail/Toshiba/TPN1R603PLL1Q?qs=bUPhaerQQeGYpGlYi%252BLguw%3D%3D"; VariantName = "[No Variations]"
Change component parameters: Designator = "Q3C" ("Q3"); Footprint = "TPH2R408QML1Q"; UniqueID = "\3TFOPYVEG\VZLWJKOD" ("\3TFOPYVEG\VZLWJKOD")
Change component parameters (AddParameter): Name = "Arrow Part Number"; Value = "TPN1R603PL,L1Q"; VariantName = "[No Variations]"
Change component parameters (AddParameter): Name = "Arrow Price/Stock"; Value = "https://www.arrow.com/en/products/tpn1r603pll1q/toshiba?utm_currency=USD&region=nac"; VariantName = "[No Variations]"
Change component parameters (AddParameter): Name = "Datasheet Link"; Value = "https://toshiba.semicon-storage.com/ap-en/semiconductor/product/mosfets/12v-300v-mosfets/detail.TPN1R603PL.html"; VariantName = "[No Variations]"
Change component parameters (AddParameter): Name = "Height"; Value = "0.9mm"; VariantName = "[No Variations]"
Change component parameters (AddParameter): Name = "Manufacturer_Name"; Value = "Toshiba"; VariantName = "[No Variations]"
Change component parameters (AddParameter): Name = "Manufacturer_Part_Number"; Value = "TPN1R603PL,L1Q"; VariantName = "[No Variations]"
Change component parameters (AddParameter): Name = "Mouser Part Number"; Value = "757-TPN1R603PLL1Q"; VariantName = "[No Variations]"
Change component parameters (AddParameter): Name = "Mouser Price/Stock"; Value = "https://www.mouser.co.uk/ProductDetail/Toshiba/TPN1R603PLL1Q?qs=bUPhaerQQeGYpGlYi%252BLguw%3D%3D"; VariantName = "[No Variations]"
Change component parameters: Designator = "Q3D" ("Q3"); Footprint = "TPH2R408QML1Q"; UniqueID = "\4TFOPYVEG\VZLWJKOD" ("\4TFOPYVEG\VZLWJKOD")
Change component parameters (AddParameter): Name = "Arrow Part Number"; Value = "TPN1R603PL,L1Q"; VariantName = "[No Variations]"
Change component parameters (AddParameter): Name = "Arrow Price/Stock"; Value = "https://www.arrow.com/en/products/tpn1r603pll1q/toshiba?utm_currency=USD&region=nac"; VariantName = "[No Variations]"
Change component parameters (AddParameter): Name = "Datasheet Link"; Value = "https://toshiba.semicon-storage.com/ap-en/semiconductor/product/mosfets/12v-300v-mosfets/detail.TPN1R603PL.html"; VariantName = "[No Variations]"
Change component parameters (AddParameter): Name = "Height"; Value = "0.9mm"; VariantName = "[No Variations]"
Change component parameters (AddParameter): Name = "Manufacturer_Name"; Value = "Toshiba"; VariantName = "[No Variations]"
Change component parameters (AddParameter): Name = "Manufacturer_Part_Number"; Value = "TPN1R603PL,L1Q"; VariantName = "[No Variations]"
Change component parameters (AddParameter): Name = "Mouser Part Number"; Value = "757-TPN1R603PLL1Q"; VariantName = "[No Variations]"
Change component parameters (AddParameter): Name = "Mouser Price/Stock"; Value = "https://www.mouser.co.uk/ProductDetail/Toshiba/TPN1R603PLL1Q?qs=bUPhaerQQeGYpGlYi%252BLguw%3D%3D"; VariantName = "[No Variations]"
Change component parameters: Designator = "Q4A" ("Q4"); Footprint = "TPH2R408QML1Q"; UniqueID = "\1TFOPYVEG\HSNGLLGD" ("\1TFOPYVEG\HSNGLLGD")
Change component parameters (AddParameter): Name = "Arrow Part Number"; Value = "TPN1R603PL,L1Q"; VariantName = "[No Variations]"
Change component parameters (AddParameter): Name = "Arrow Price/Stock"; Value = "https://www.arrow.com/en/products/tpn1r603pll1q/toshiba?utm_currency=USD&region=nac"; VariantName = "[No Variations]"
Change component parameters (AddParameter): Name = "Datasheet Link"; Value = "https://toshiba.semicon-storage.com/ap-en/semiconductor/product/mosfets/12v-300v-mosfets/detail.TPN1R603PL.html"; VariantName = "[No Variations]"
Change component parameters (AddParameter): Name = "Height"; Value = "0.9mm"; VariantName = "[No Variations]"
Change component parameters (AddParameter): Name = "Manufacturer_Name"; Value = "Toshiba"; VariantName = "[No Variations]"
Change component parameters (AddParameter): Name = "Manufacturer_Part_Number"; Value = "TPN1R603PL,L1Q"; VariantName = "[No Variations]"
Change component parameters (AddParameter): Name = "Mouser Part Number"; Value = "757-TPN1R603PLL1Q"; VariantName = "[No Variations]"
Change component parameters (AddParameter): Name = "Mouser Price/Stock"; Value = "https://www.mouser.co.uk/ProductDetail/Toshiba/TPN1R603PLL1Q?qs=bUPhaerQQeGYpGlYi%252BLguw%3D%3D"; VariantName = "[No Variations]"
Change component parameters: Designator = "Q4B" ("Q4"); Footprint = "TPH2R408QML1Q"; UniqueID = "\2TFOPYVEG\HSNGLLGD" ("\2TFOPYVEG\HSNGLLGD")
Change component parameters (AddParameter): Name = "Arrow Part Number"; Value = "TPN1R603PL,L1Q"; VariantName = "[No Variations]"
Change component parameters (AddParameter): Name = "Arrow Price/Stock"; Value = "https://www.arrow.com/en/products/tpn1r603pll1q/toshiba?utm_currency=USD&region=nac"; VariantName = "[No Variations]"
Change component parameters (AddParameter): Name = "Datasheet Link"; Value = "https://toshiba.semicon-storage.com/ap-en/semiconductor/product/mosfets/12v-300v-mosfets/detail.TPN1R603PL.html"; VariantName = "[No Variations]"
Change component parameters (AddParameter): Name = "Height"; Value = "0.9mm"; VariantName = "[No Variations]"
Change component parameters (AddParameter): Name = "Manufacturer_Name"; Value = "Toshiba"; VariantName = "[No Variations]"
Change component parameters (AddParameter): Name = "Manufacturer_Part_Number"; Value = "TPN1R603PL,L1Q"; VariantName = "[No Variations]"
Change component parameters (AddParameter): Name = "Mouser Part Number"; Value = "757-TPN1R603PLL1Q"; VariantName = "[No Variations]"
Change component parameters (AddParameter): Name = "Mouser Price/Stock"; Value = "https://www.mouser.co.uk/ProductDetail/Toshiba/TPN1R603PLL1Q?qs=bUPhaerQQeGYpGlYi%252BLguw%3D%3D"; VariantName = "[No Variations]"
Change component parameters: Designator = "Q4C" ("Q4"); Footprint = "TPH2R408QML1Q"; UniqueID = "\3TFOPYVEG\HSNGLLGD" ("\3TFOPYVEG\HSNGLLGD")
Change component parameters (AddParameter): Name = "Arrow Part Number"; Value = "TPN1R603PL,L1Q"; VariantName = "[No Variations]"
Change component parameters (AddParameter): Name = "Arrow Price/Stock"; Value = "https://www.arrow.com/en/products/tpn1r603pll1q/toshiba?utm_currency=USD&region=nac"; VariantName = "[No Variations]"
Change component parameters (AddParameter): Name = "Datasheet Link"; Value = "https://toshiba.semicon-storage.com/ap-en/semiconductor/product/mosfets/12v-300v-mosfets/detail.TPN1R603PL.html"; VariantName = "[No Variations]"
Change component parameters (AddParameter): Name = "Height"; Value = "0.9mm"; VariantName = "[No Variations]"
Change component parameters (AddParameter): Name = "Manufacturer_Name"; Value = "Toshiba"; VariantName = "[No Variations]"
Change component parameters (AddParameter): Name = "Manufacturer_Part_Number"; Value = "TPN1R603PL,L1Q"; VariantName = "[No Variations]"
Change component parameters (AddParameter): Name = "Mouser Part Number"; Value = "757-TPN1R603PLL1Q"; VariantName = "[No Variations]"
Change component parameters (AddParameter): Name = "Mouser Price/Stock"; Value = "https://www.mouser.co.uk/ProductDetail/Toshiba/TPN1R603PLL1Q?qs=bUPhaerQQeGYpGlYi%252BLguw%3D%3D"; VariantName = "[No Variations]"
Change component parameters: Designator = "Q4D" ("Q4"); Footprint = "TPH2R408QML1Q"; UniqueID = "\4TFOPYVEG\HSNGLLGD" ("\4TFOPYVEG\HSNGLLGD")
Change component parameters (AddParameter): Name = "Arrow Part Number"; Value = "TPN1R603PL,L1Q"; VariantName = "[No Variations]"
Change component parameters (AddParameter): Name = "Arrow Price/Stock"; Value = "https://www.arrow.com/en/products/tpn1r603pll1q/toshiba?utm_currency=USD&region=nac"; VariantName = "[No Variations]"
Change component parameters (AddParameter): Name = "Datasheet Link"; Value = "https://toshiba.semicon-storage.com/ap-en/semiconductor/product/mosfets/12v-300v-mosfets/detail.TPN1R603PL.html"; VariantName = "[No Variations]"
Change component parameters (AddParameter): Name = "Height"; Value = "0.9mm"; VariantName = "[No Variations]"
Change component parameters (AddParameter): Name = "Manufacturer_Name"; Value = "Toshiba"; VariantName = "[No Variations]"
Change component parameters (AddParameter): Name = "Manufacturer_Part_Number"; Value = "TPN1R603PL,L1Q"; VariantName = "[No Variations]"
Change component parameters (AddParameter): Name = "Mouser Part Number"; Value = "757-TPN1R603PLL1Q"; VariantName = "[No Variations]"
Change component parameters (AddParameter): Name = "Mouser Price/Stock"; Value = "https://www.mouser.co.uk/ProductDetail/Toshiba/TPN1R603PLL1Q?qs=bUPhaerQQeGYpGlYi%252BLguw%3D%3D"; VariantName = "[No Variations]"
Change component parameters: Designator = "Q5A" ("Q5"); Footprint = "TPH2R408QML1Q"; UniqueID = "\1TFOPYVEG\WGQSNBTF" ("\1TFOPYVEG\WGQSNBTF")
Change component parameters (AddParameter): Name = "Arrow Part Number"; Value = "TPN1R603PL,L1Q"; VariantName = "[No Variations]"
Change component parameters (AddParameter): Name = "Arrow Price/Stock"; Value = "https://www.arrow.com/en/products/tpn1r603pll1q/toshiba?utm_currency=USD&region=nac"; VariantName = "[No Variations]"
Change component parameters (AddParameter): Name = "Datasheet Link"; Value = "https://toshiba.semicon-storage.com/ap-en/semiconductor/product/mosfets/12v-300v-mosfets/detail.TPN1R603PL.html"; VariantName = "[No Variations]"
Change component parameters (AddParameter): Name = "Height"; Value = "0.9mm"; VariantName = "[No Variations]"
Change component parameters (AddParameter): Name = "Manufacturer_Name"; Value = "Toshiba"; VariantName = "[No Variations]"
Change component parameters (AddParameter): Name = "Manufacturer_Part_Number"; Value = "TPN1R603PL,L1Q"; VariantName = "[No Variations]"
Change component parameters (AddParameter): Name = "Mouser Part Number"; Value = "757-TPN1R603PLL1Q"; VariantName = "[No Variations]"
Change component parameters (AddParameter): Name = "Mouser Price/Stock"; Value = "https://www.mouser.co.uk/ProductDetail/Toshiba/TPN1R603PLL1Q?qs=bUPhaerQQeGYpGlYi%252BLguw%3D%3D"; VariantName = "[No Variations]"
Change component parameters: Designator = "Q5B" ("Q5"); Footprint = "TPH2R408QML1Q"; UniqueID = "\2TFOPYVEG\WGQSNBTF" ("\2TFOPYVEG\WGQSNBTF")
Change component parameters (AddParameter): Name = "Arrow Part Number"; Value = "TPN1R603PL,L1Q"; VariantName = "[No Variations]"
Change component parameters (AddParameter): Name = "Arrow Price/Stock"; Value = "https://www.arrow.com/en/products/tpn1r603pll1q/toshiba?utm_currency=USD&region=nac"; VariantName = "[No Variations]"
Change component parameters (AddParameter): Name = "Datasheet Link"; Value = "https://toshiba.semicon-storage.com/ap-en/semiconductor/product/mosfets/12v-300v-mosfets/detail.TPN1R603PL.html"; VariantName = "[No Variations]"
Change component parameters (AddParameter): Name = "Height"; Value = "0.9mm"; VariantName = "[No Variations]"
Change component parameters (AddParameter): Name = "Manufacturer_Name"; Value = "Toshiba"; VariantName = "[No Variations]"
Change component parameters (AddParameter): Name = "Manufacturer_Part_Number"; Value = "TPN1R603PL,L1Q"; VariantName = "[No Variations]"
Change component parameters (AddParameter): Name = "Mouser Part Number"; Value = "757-TPN1R603PLL1Q"; VariantName = "[No Variations]"
Change component parameters (AddParameter): Name = "Mouser Price/Stock"; Value = "https://www.mouser.co.uk/ProductDetail/Toshiba/TPN1R603PLL1Q?qs=bUPhaerQQeGYpGlYi%252BLguw%3D%3D"; VariantName = "[No Variations]"
Change component parameters: Designator = "Q5C" ("Q5"); Footprint = "TPH2R408QML1Q"; UniqueID = "\3TFOPYVEG\WGQSNBTF" ("\3TFOPYVEG\WGQSNBTF")
Change component parameters (AddParameter): Name = "Arrow Part Number"; Value = "TPN1R603PL,L1Q"; VariantName = "[No Variations]"
Change component parameters (AddParameter): Name = "Arrow Price/Stock"; Value = "https://www.arrow.com/en/products/tpn1r603pll1q/toshiba?utm_currency=USD&region=nac"; VariantName = "[No Variations]"
Change component parameters (AddParameter): Name = "Datasheet Link"; Value = "https://toshiba.semicon-storage.com/ap-en/semiconductor/product/mosfets/12v-300v-mosfets/detail.TPN1R603PL.html"; VariantName = "[No Variations]"
Change component parameters (AddParameter): Name = "Height"; Value = "0.9mm"; VariantName = "[No Variations]"
Change component parameters (AddParameter): Name = "Manufacturer_Name"; Value = "Toshiba"; VariantName = "[No Variations]"
Change component parameters (AddParameter): Name = "Manufacturer_Part_Number"; Value = "TPN1R603PL,L1Q"; VariantName = "[No Variations]"
Change component parameters (AddParameter): Name = "Mouser Part Number"; Value = "757-TPN1R603PLL1Q"; VariantName = "[No Variations]"
Change component parameters (AddParameter): Name = "Mouser Price/Stock"; Value = "https://www.mouser.co.uk/ProductDetail/Toshiba/TPN1R603PLL1Q?qs=bUPhaerQQeGYpGlYi%252BLguw%3D%3D"; VariantName = "[No Variations]"
Change component parameters: Designator = "Q5D" ("Q5"); Footprint = "TPH2R408QML1Q"; UniqueID = "\4TFOPYVEG\WGQSNBTF" ("\4TFOPYVEG\WGQSNBTF")
Change component parameters (AddParameter): Name = "Arrow Part Number"; Value = "TPN1R603PL,L1Q"; VariantName = "[No Variations]"
Change component parameters (AddParameter): Name = "Arrow Price/Stock"; Value = "https://www.arrow.com/en/products/tpn1r603pll1q/toshiba?utm_currency=USD&region=nac"; VariantName = "[No Variations]"
Change component parameters (AddParameter): Name = "Datasheet Link"; Value = "https://toshiba.semicon-storage.com/ap-en/semiconductor/product/mosfets/12v-300v-mosfets/detail.TPN1R603PL.html"; VariantName = "[No Variations]"
Change component parameters (AddParameter): Name = "Height"; Value = "0.9mm"; VariantName = "[No Variations]"
Change component parameters (AddParameter): Name = "Manufacturer_Name"; Value = "Toshiba"; VariantName = "[No Variations]"
Change component parameters (AddParameter): Name = "Manufacturer_Part_Number"; Value = "TPN1R603PL,L1Q"; VariantName = "[No Variations]"
Change component parameters (AddParameter): Name = "Mouser Part Number"; Value = "757-TPN1R603PLL1Q"; VariantName = "[No Variations]"
Change component parameters (AddParameter): Name = "Mouser Price/Stock"; Value = "https://www.mouser.co.uk/ProductDetail/Toshiba/TPN1R603PLL1Q?qs=bUPhaerQQeGYpGlYi%252BLguw%3D%3D"; VariantName = "[No Variations]"
Change component parameters: Designator = "Q6A" ("Q6"); Footprint = "TPH2R408QML1Q"; UniqueID = "\1TFOPYVEG\DKLDPFWA" ("\1TFOPYVEG\DKLDPFWA")
Change component parameters (AddParameter): Name = "Arrow Part Number"; Value = "TPN1R603PL,L1Q"; VariantName = "[No Variations]"
Change component parameters (AddParameter): Name = "Arrow Price/Stock"; Value = "https://www.arrow.com/en/products/tpn1r603pll1q/toshiba?utm_currency=USD&region=nac"; VariantName = "[No Variations]"
Change component parameters (AddParameter): Name = "Datasheet Link"; Value = "https://toshiba.semicon-storage.com/ap-en/semiconductor/product/mosfets/12v-300v-mosfets/detail.TPN1R603PL.html"; VariantName = "[No Variations]"
Change component parameters (AddParameter): Name = "Height"; Value = "0.9mm"; VariantName = "[No Variations]"
Change component parameters (AddParameter): Name = "Manufacturer_Name"; Value = "Toshiba"; VariantName = "[No Variations]"
Change component parameters (AddParameter): Name = "Manufacturer_Part_Number"; Value = "TPN1R603PL,L1Q"; VariantName = "[No Variations]"
Change component parameters (AddParameter): Name = "Mouser Part Number"; Value = "757-TPN1R603PLL1Q"; VariantName = "[No Variations]"
Change component parameters (AddParameter): Name = "Mouser Price/Stock"; Value = "https://www.mouser.co.uk/ProductDetail/Toshiba/TPN1R603PLL1Q?qs=bUPhaerQQeGYpGlYi%252BLguw%3D%3D"; VariantName = "[No Variations]"
Change component parameters: Designator = "Q6B" ("Q6"); Footprint = "TPH2R408QML1Q"; UniqueID = "\2TFOPYVEG\DKLDPFWA" ("\2TFOPYVEG\DKLDPFWA")
Change component parameters (AddParameter): Name = "Arrow Part Number"; Value = "TPN1R603PL,L1Q"; VariantName = "[No Variations]"
Change component parameters (AddParameter): Name = "Arrow Price/Stock"; Value = "https://www.arrow.com/en/products/tpn1r603pll1q/toshiba?utm_currency=USD&region=nac"; VariantName = "[No Variations]"
Change component parameters (AddParameter): Name = "Datasheet Link"; Value = "https://toshiba.semicon-storage.com/ap-en/semiconductor/product/mosfets/12v-300v-mosfets/detail.TPN1R603PL.html"; VariantName = "[No Variations]"
Change component parameters (AddParameter): Name = "Height"; Value = "0.9mm"; VariantName = "[No Variations]"
Change component parameters (AddParameter): Name = "Manufacturer_Name"; Value = "Toshiba"; VariantName = "[No Variations]"
Change component parameters (AddParameter): Name = "Manufacturer_Part_Number"; Value = "TPN1R603PL,L1Q"; VariantName = "[No Variations]"
Change component parameters (AddParameter): Name = "Mouser Part Number"; Value = "757-TPN1R603PLL1Q"; VariantName = "[No Variations]"
Change component parameters (AddParameter): Name = "Mouser Price/Stock"; Value = "https://www.mouser.co.uk/ProductDetail/Toshiba/TPN1R603PLL1Q?qs=bUPhaerQQeGYpGlYi%252BLguw%3D%3D"; VariantName = "[No Variations]"
Change component parameters: Designator = "Q6C" ("Q6"); Footprint = "TPH2R408QML1Q"; UniqueID = "\3TFOPYVEG\DKLDPFWA" ("\3TFOPYVEG\DKLDPFWA")
Change component parameters (AddParameter): Name = "Arrow Part Number"; Value = "TPN1R603PL,L1Q"; VariantName = "[No Variations]"
Change component parameters (AddParameter): Name = "Arrow Price/Stock"; Value = "https://www.arrow.com/en/products/tpn1r603pll1q/toshiba?utm_currency=USD&region=nac"; VariantName = "[No Variations]"
Change component parameters (AddParameter): Name = "Datasheet Link"; Value = "https://toshiba.semicon-storage.com/ap-en/semiconductor/product/mosfets/12v-300v-mosfets/detail.TPN1R603PL.html"; VariantName = "[No Variations]"
Change component parameters (AddParameter): Name = "Height"; Value = "0.9mm"; VariantName = "[No Variations]"
Change component parameters (AddParameter): Name = "Manufacturer_Name"; Value = "Toshiba"; VariantName = "[No Variations]"
Change component parameters (AddParameter): Name = "Manufacturer_Part_Number"; Value = "TPN1R603PL,L1Q"; VariantName = "[No Variations]"
Change component parameters (AddParameter): Name = "Mouser Part Number"; Value = "757-TPN1R603PLL1Q"; VariantName = "[No Variations]"
Change component parameters (AddParameter): Name = "Mouser Price/Stock"; Value = "https://www.mouser.co.uk/ProductDetail/Toshiba/TPN1R603PLL1Q?qs=bUPhaerQQeGYpGlYi%252BLguw%3D%3D"; VariantName = "[No Variations]"
Change component parameters: Designator = "Q6D" ("Q6"); Footprint = "TPH2R408QML1Q"; UniqueID = "\4TFOPYVEG\DKLDPFWA" ("\4TFOPYVEG\DKLDPFWA")
Change component parameters (AddParameter): Name = "Arrow Part Number"; Value = "TPN1R603PL,L1Q"; VariantName = "[No Variations]"
Change component parameters (AddParameter): Name = "Arrow Price/Stock"; Value = "https://www.arrow.com/en/products/tpn1r603pll1q/toshiba?utm_currency=USD&region=nac"; VariantName = "[No Variations]"
Change component parameters (AddParameter): Name = "Datasheet Link"; Value = "https://toshiba.semicon-storage.com/ap-en/semiconductor/product/mosfets/12v-300v-mosfets/detail.TPN1R603PL.html"; VariantName = "[No Variations]"
Change component parameters (AddParameter): Name = "Height"; Value = "0.9mm"; VariantName = "[No Variations]"
Change component parameters (AddParameter): Name = "Manufacturer_Name"; Value = "Toshiba"; VariantName = "[No Variations]"
Change component parameters (AddParameter): Name = "Manufacturer_Part_Number"; Value = "TPN1R603PL,L1Q"; VariantName = "[No Variations]"
Change component parameters (AddParameter): Name = "Mouser Part Number"; Value = "757-TPN1R603PLL1Q"; VariantName = "[No Variations]"
Change component parameters (AddParameter): Name = "Mouser Price/Stock"; Value = "https://www.mouser.co.uk/ProductDetail/Toshiba/TPN1R603PLL1Q?qs=bUPhaerQQeGYpGlYi%252BLguw%3D%3D"; VariantName = "[No Variations]"
Add Pin To Net: Unknown Pin: Pin C8-
Added Pin To Net: NetName=NetIC1A_9 Pin=IC1A-7
Added Pin To Net: NetName=NetIC1A_7 Pin=IC1A-9
Added Pin To Net: NetName=NetIC1A_14 Pin=IC1A-12
Added Pin To Net: NetName=NetIC1A_12 Pin=IC1A-14
Added Pin To Net: NetName=NetIC1A_19 Pin=IC1A-17
Added Pin To Net: NetName=NetIC1A_17 Pin=IC1A-19
Added Pin To Net: NetName=NetIC1B_9 Pin=IC1B-7
Added Pin To Net: NetName=NetIC1B_7 Pin=IC1B-9
Added Pin To Net: NetName=NetIC1B_14 Pin=IC1B-12
Added Pin To Net: NetName=NetIC1B_12 Pin=IC1B-14
Added Pin To Net: NetName=NetIC1B_19 Pin=IC1B-17
Added Pin To Net: NetName=NetIC1B_17 Pin=IC1B-19
Added Pin To Net: NetName=NetIC1C_9 Pin=IC1C-7
Added Pin To Net: NetName=NetIC1C_7 Pin=IC1C-9
Added Pin To Net: NetName=NetIC1C_14 Pin=IC1C-12
Added Pin To Net: NetName=NetIC1C_12 Pin=IC1C-14
Added Pin To Net: NetName=NetIC1C_19 Pin=IC1C-17
Added Pin To Net: NetName=NetIC1C_17 Pin=IC1C-19
Added Pin To Net: NetName=NetIC1D_9 Pin=IC1D-7
Added Pin To Net: NetName=NetIC1D_7 Pin=IC1D-9
Added Pin To Net: NetName=NetIC1D_14 Pin=IC1D-12
Added Pin To Net: NetName=NetIC1D_12 Pin=IC1D-14
Added Pin To Net: NetName=NetIC1D_19 Pin=IC1D-17
Added Pin To Net: NetName=NetIC1D_17 Pin=IC1D-19
Added Pin To Net: NetName=BAT+_F Pin=Q1A-1
Added Pin To Net: NetName=BAT+_F Pin=Q1A-2
Added Pin To Net: NetName=BAT+_F Pin=Q1A-3
Added Pin To Net: NetName=NetIC1A_9 Pin=Q1A-5
Added Pin To Net: NetName=NetIC1A_9 Pin=Q1A-6
Added Pin To Net: NetName=NetIC1A_9 Pin=Q1A-7
Added Pin To Net: NetName=NetIC1A_9 Pin=Q1A-8
Added Pin To Net: NetName=NetIC1A_9 Pin=Q1A-9
Added Pin To Net: NetName=BAT+_F Pin=Q1B-1
Added Pin To Net: NetName=BAT+_F Pin=Q1B-2
Added Pin To Net: NetName=BAT+_F Pin=Q1B-3
Added Pin To Net: NetName=NetIC1B_9 Pin=Q1B-5
Added Pin To Net: NetName=NetIC1B_9 Pin=Q1B-6
Added Pin To Net: NetName=NetIC1B_9 Pin=Q1B-7
Added Pin To Net: NetName=NetIC1B_9 Pin=Q1B-8
Added Pin To Net: NetName=NetIC1B_9 Pin=Q1B-9
Added Pin To Net: NetName=BAT+_F Pin=Q1C-1
Added Pin To Net: NetName=BAT+_F Pin=Q1C-2
Added Pin To Net: NetName=BAT+_F Pin=Q1C-3
Added Pin To Net: NetName=NetIC1C_9 Pin=Q1C-5
Added Pin To Net: NetName=NetIC1C_9 Pin=Q1C-6
Added Pin To Net: NetName=NetIC1C_9 Pin=Q1C-7
Added Pin To Net: NetName=NetIC1C_9 Pin=Q1C-8
Added Pin To Net: NetName=NetIC1C_9 Pin=Q1C-9
Added Pin To Net: NetName=BAT+_F Pin=Q1D-1
Added Pin To Net: NetName=BAT+_F Pin=Q1D-2
Added Pin To Net: NetName=BAT+_F Pin=Q1D-3
Added Pin To Net: NetName=NetIC1D_9 Pin=Q1D-5
Added Pin To Net: NetName=NetIC1D_9 Pin=Q1D-6
Added Pin To Net: NetName=NetIC1D_9 Pin=Q1D-7
Added Pin To Net: NetName=NetIC1D_9 Pin=Q1D-8
Added Pin To Net: NetName=NetIC1D_9 Pin=Q1D-9
Added Pin To Net: NetName=BAT+_F Pin=Q3A-1
Added Pin To Net: NetName=BAT+_F Pin=Q3A-2
Added Pin To Net: NetName=BAT+_F Pin=Q3A-3
Added Pin To Net: NetName=NetIC1A_12 Pin=Q3A-5
Added Pin To Net: NetName=NetIC1A_12 Pin=Q3A-6
Added Pin To Net: NetName=NetIC1A_12 Pin=Q3A-7
Added Pin To Net: NetName=NetIC1A_12 Pin=Q3A-8
Added Pin To Net: NetName=NetIC1A_12 Pin=Q3A-9
Added Pin To Net: NetName=BAT+_F Pin=Q3B-1
Added Pin To Net: NetName=BAT+_F Pin=Q3B-2
Added Pin To Net: NetName=BAT+_F Pin=Q3B-3
Added Pin To Net: NetName=NetIC1B_12 Pin=Q3B-5
Added Pin To Net: NetName=NetIC1B_12 Pin=Q3B-6
Added Pin To Net: NetName=NetIC1B_12 Pin=Q3B-7
Added Pin To Net: NetName=NetIC1B_12 Pin=Q3B-8
Added Pin To Net: NetName=NetIC1B_12 Pin=Q3B-9
Added Pin To Net: NetName=BAT+_F Pin=Q3C-1
Added Pin To Net: NetName=BAT+_F Pin=Q3C-2
Added Pin To Net: NetName=BAT+_F Pin=Q3C-3
Added Pin To Net: NetName=NetIC1C_12 Pin=Q3C-5
Added Pin To Net: NetName=NetIC1C_12 Pin=Q3C-6
Added Pin To Net: NetName=NetIC1C_12 Pin=Q3C-7
Added Pin To Net: NetName=NetIC1C_12 Pin=Q3C-8
Added Pin To Net: NetName=NetIC1C_12 Pin=Q3C-9
Added Pin To Net: NetName=BAT+_F Pin=Q3D-1
Added Pin To Net: NetName=BAT+_F Pin=Q3D-2
Added Pin To Net: NetName=BAT+_F Pin=Q3D-3
Added Pin To Net: NetName=NetIC1D_12 Pin=Q3D-5
Added Pin To Net: NetName=NetIC1D_12 Pin=Q3D-6
Added Pin To Net: NetName=NetIC1D_12 Pin=Q3D-7
Added Pin To Net: NetName=NetIC1D_12 Pin=Q3D-8
Added Pin To Net: NetName=NetIC1D_12 Pin=Q3D-9
Added Pin To Net: NetName=BAT+_F Pin=Q5A-1
Added Pin To Net: NetName=BAT+_F Pin=Q5A-2
Added Pin To Net: NetName=BAT+_F Pin=Q5A-3
Added Pin To Net: NetName=NetIC1A_19 Pin=Q5A-5
Added Pin To Net: NetName=NetIC1A_19 Pin=Q5A-6
Added Pin To Net: NetName=NetIC1A_19 Pin=Q5A-7
Added Pin To Net: NetName=NetIC1A_19 Pin=Q5A-8
Added Pin To Net: NetName=NetIC1A_19 Pin=Q5A-9
Added Pin To Net: NetName=BAT+_F Pin=Q5B-1
Added Pin To Net: NetName=BAT+_F Pin=Q5B-2
Added Pin To Net: NetName=BAT+_F Pin=Q5B-3
Added Pin To Net: NetName=NetIC1B_19 Pin=Q5B-5
Added Pin To Net: NetName=NetIC1B_19 Pin=Q5B-6
Added Pin To Net: NetName=NetIC1B_19 Pin=Q5B-7
Added Pin To Net: NetName=NetIC1B_19 Pin=Q5B-8
Added Pin To Net: NetName=NetIC1B_19 Pin=Q5B-9
Added Pin To Net: NetName=BAT+_F Pin=Q5C-1
Added Pin To Net: NetName=BAT+_F Pin=Q5C-2
Added Pin To Net: NetName=BAT+_F Pin=Q5C-3
Added Pin To Net: NetName=NetIC1C_19 Pin=Q5C-5
Added Pin To Net: NetName=NetIC1C_19 Pin=Q5C-6
Added Pin To Net: NetName=NetIC1C_19 Pin=Q5C-7
Added Pin To Net: NetName=NetIC1C_19 Pin=Q5C-8
Added Pin To Net: NetName=NetIC1C_19 Pin=Q5C-9
Added Pin To Net: NetName=BAT+_F Pin=Q5D-1
Added Pin To Net: NetName=BAT+_F Pin=Q5D-2
Added Pin To Net: NetName=BAT+_F Pin=Q5D-3
Added Pin To Net: NetName=NetIC1D_19 Pin=Q5D-5
Added Pin To Net: NetName=NetIC1D_19 Pin=Q5D-6
Added Pin To Net: NetName=NetIC1D_19 Pin=Q5D-7
Added Pin To Net: NetName=NetIC1D_19 Pin=Q5D-8
Added Pin To Net: NetName=NetIC1D_19 Pin=Q5D-9
Added Pin To Net: NetName=NetIC1A_7 Pin=R10A-2
Added Pin To Net: NetName=NetIC1B_7 Pin=R10B-2
Added Pin To Net: NetName=NetIC1C_7 Pin=R10C-2
Added Pin To Net: NetName=NetIC1D_7 Pin=R10D-2
Added Pin To Net: NetName=NetIC1A_14 Pin=R11A-2
Added Pin To Net: NetName=NetIC1B_14 Pin=R11B-2
Added Pin To Net: NetName=NetIC1C_14 Pin=R11C-2
Added Pin To Net: NetName=NetIC1D_14 Pin=R11D-2
Added Pin To Net: NetName=NetIC1A_17 Pin=R12A-2
Added Pin To Net: NetName=NetIC1B_17 Pin=R12B-2
Added Pin To Net: NetName=NetIC1C_17 Pin=R12C-2
Added Pin To Net: NetName=NetIC1D_17 Pin=R12D-2
Change Net Name : Old Net Name=NetIC1A_7 New Net Name=NetIC1A_9
Change Net Name : Old Net Name=NetIC1A_9 New Net Name=NetIC1A_7
Change Net Name : Old Net Name=NetIC1A_12 New Net Name=NetIC1A_14
Change Net Name : Old Net Name=NetIC1A_14 New Net Name=NetIC1A_12
Change Net Name : Old Net Name=NetIC1A_17 New Net Name=NetIC1A_19
Change Net Name : Old Net Name=NetIC1A_19 New Net Name=NetIC1A_17
Change Net Name : Old Net Name=NetIC1B_7 New Net Name=NetIC1B_9
Change Net Name : Old Net Name=NetIC1B_9 New Net Name=NetIC1B_7
Change Net Name : Old Net Name=NetIC1B_12 New Net Name=NetIC1B_14
Change Net Name : Old Net Name=NetIC1B_14 New Net Name=NetIC1B_12
Change Net Name : Old Net Name=NetIC1B_17 New Net Name=NetIC1B_19
Change Net Name : Old Net Name=NetIC1B_19 New Net Name=NetIC1B_17
Change Net Name : Old Net Name=NetIC1C_7 New Net Name=NetIC1C_9
Change Net Name : Old Net Name=NetIC1C_9 New Net Name=NetIC1C_7
Change Net Name : Old Net Name=NetIC1C_12 New Net Name=NetIC1C_14
Change Net Name : Old Net Name=NetIC1C_14 New Net Name=NetIC1C_12
Change Net Name : Old Net Name=NetIC1C_17 New Net Name=NetIC1C_19
Change Net Name : Old Net Name=NetIC1C_19 New Net Name=NetIC1C_17
Change Net Name : Old Net Name=NetIC1D_7 New Net Name=NetIC1D_9
Change Net Name : Old Net Name=NetIC1D_9 New Net Name=NetIC1D_7
Change Net Name : Old Net Name=NetIC1D_12 New Net Name=NetIC1D_14
Change Net Name : Old Net Name=NetIC1D_14 New Net Name=NetIC1D_12
Change Net Name : Old Net Name=NetIC1D_17 New Net Name=NetIC1D_19
Change Net Name : Old Net Name=NetIC1D_19 New Net Name=NetIC1D_17
Added Member To Class: ClassName=U_USB Member=Component J2 USB4056-03-A
