Removed Pin From Net: NetName=+3V3 Pin=IC6-2
Removed Pin From Net: NetName=+3V3 Pin=IC7-2
Removed Pin From Net: NetName=+3V3 Pin=RT1-2
Removed Member From Class: ClassName=U_ADC+Temp Member=RT1
Change Component Footprint: Designator=Y1 Old Footprint=DSC1001CI10010000 New Footprint=ECS2520MVLC010CNTR
Change Component Comment : Designator=Y1 Old Comment=DSC1001CI1-001.0000 New Comment=ECS-2520MVLC-010-CN-TR
Change Component Designator: OldDesignator=IC6 NewDesignator=IC9
Change Component Designator: OldDesignator=IC7 NewDesignator=IC10
Change Component Designator: OldDesignator=IC8 NewDesignator=IC12
Change Component Designator: OldDesignator=IC9 NewDesignator=IC13
Change Component Designator: OldDesignator=IC10 NewDesignator=IC14
Change Component Designator: OldDesignator=IC11 NewDesignator=IC15
Change Component Designator: OldDesignator=IC12 NewDesignator=IC16
Change component parameters: Designator = "Y1" ("Y1"); Footprint = "DSC1001CI10010000"; UniqueID = "\PSCYALZR\ERYGVSKX" ("\PSCYALZR\ERYGVSKX")
Change component parameters (AddParameter): Name = "Arrow Part Number"; Value = ""; VariantName = "[No Variations]"
Change component parameters (AddParameter): Name = "Arrow Price/Stock"; Value = ""; VariantName = "[No Variations]"
Change component parameters (AddParameter): Name = "Datasheet Link"; Value = "https://ecsxtal.com/store/pdf/ECS-2520MVLC.pdf"; VariantName = "[No Variations]"
Change component parameters (AddParameter): Name = "Height"; Value = "0.9mm"; VariantName = "[No Variations]"
Change component parameters (AddParameter): Name = "Manufacturer_Name"; Value = "ECS"; VariantName = "[No Variations]"
Change component parameters (AddParameter): Name = "Manufacturer_Part_Number"; Value = "ECS-2520MVLC-010-CN-TR"; VariantName = "[No Variations]"
Change component parameters (AddParameter): Name = "Mouser Part Number"; Value = "520-2520MVLC-010CNTR"; VariantName = "[No Variations]"
Change component parameters (AddParameter): Name = "Mouser Price/Stock"; Value = "https://www.mouser.co.uk/ProductDetail/ECS/ECS-2520MVLC-010-CN-TR?qs=vvQtp7zwQdMouzumdpJOhQ%3D%3D"; VariantName = "[No Variations]"
Added Component: Designator=IC6(TMP6131DECR)
Add component (AddParameter): Name = "Arrow Part Number"; Value = "TMP6131DECR"; VariantName = "[No Variations]"
Add component (AddParameter): Name = "Arrow Price/Stock"; Value = "https://www.arrow.com/en/products/tmp6131decr/texas-instruments?region=nac"; VariantName = "[No Variations]"
Add component (AddParameter): Name = "Datasheet Link"; Value = "http://www.ti.com/lit/gpn/TMP61"; VariantName = "[No Variations]"
Add component (AddParameter): Name = "Height"; Value = "0.5mm"; VariantName = "[No Variations]"
Add component (AddParameter): Name = "Manufacturer_Name"; Value = "Texas Instruments"; VariantName = "[No Variations]"
Add component (AddParameter): Name = "Manufacturer_Part_Number"; Value = "TMP6131DECR"; VariantName = "[No Variations]"
Add component (AddParameter): Name = "Mouser Part Number"; Value = "595-TMP6131DECR"; VariantName = "[No Variations]"
Add component (AddParameter): Name = "Mouser Price/Stock"; Value = "https://www.mouser.co.uk/ProductDetail/Texas-Instruments/TMP6131DECR?qs=l7cgNqFNU1jnXQehRCOLwA%3D%3D"; VariantName = "[No Variations]"
Added Component: Designator=IC7(TMP6131DECR)
Add component (AddParameter): Name = "Arrow Part Number"; Value = "TMP6131DECR"; VariantName = "[No Variations]"
Add component (AddParameter): Name = "Arrow Price/Stock"; Value = "https://www.arrow.com/en/products/tmp6131decr/texas-instruments?region=nac"; VariantName = "[No Variations]"
Add component (AddParameter): Name = "Datasheet Link"; Value = "http://www.ti.com/lit/gpn/TMP61"; VariantName = "[No Variations]"
Add component (AddParameter): Name = "Height"; Value = "0.5mm"; VariantName = "[No Variations]"
Add component (AddParameter): Name = "Manufacturer_Name"; Value = "Texas Instruments"; VariantName = "[No Variations]"
Add component (AddParameter): Name = "Manufacturer_Part_Number"; Value = "TMP6131DECR"; VariantName = "[No Variations]"
Add component (AddParameter): Name = "Mouser Part Number"; Value = "595-TMP6131DECR"; VariantName = "[No Variations]"
Add component (AddParameter): Name = "Mouser Price/Stock"; Value = "https://www.mouser.co.uk/ProductDetail/Texas-Instruments/TMP6131DECR?qs=l7cgNqFNU1jnXQehRCOLwA%3D%3D"; VariantName = "[No Variations]"
Added Component: Designator=IC8(TMP6131DECR)
Add component (AddParameter): Name = "Arrow Part Number"; Value = "TMP6131DECR"; VariantName = "[No Variations]"
Add component (AddParameter): Name = "Arrow Price/Stock"; Value = "https://www.arrow.com/en/products/tmp6131decr/texas-instruments?region=nac"; VariantName = "[No Variations]"
Add component (AddParameter): Name = "Datasheet Link"; Value = "http://www.ti.com/lit/gpn/TMP61"; VariantName = "[No Variations]"
Add component (AddParameter): Name = "Height"; Value = "0.5mm"; VariantName = "[No Variations]"
Add component (AddParameter): Name = "Manufacturer_Name"; Value = "Texas Instruments"; VariantName = "[No Variations]"
Add component (AddParameter): Name = "Manufacturer_Part_Number"; Value = "TMP6131DECR"; VariantName = "[No Variations]"
Add component (AddParameter): Name = "Mouser Part Number"; Value = "595-TMP6131DECR"; VariantName = "[No Variations]"
Add component (AddParameter): Name = "Mouser Price/Stock"; Value = "https://www.mouser.co.uk/ProductDetail/Texas-Instruments/TMP6131DECR?qs=l7cgNqFNU1jnXQehRCOLwA%3D%3D"; VariantName = "[No Variations]"
Added Component: Designator=IC11(TMP6131DECR)
Add component (AddParameter): Name = "Arrow Part Number"; Value = "TMP6131DECR"; VariantName = "[No Variations]"
Add component (AddParameter): Name = "Arrow Price/Stock"; Value = "https://www.arrow.com/en/products/tmp6131decr/texas-instruments?region=nac"; VariantName = "[No Variations]"
Add component (AddParameter): Name = "Datasheet Link"; Value = "http://www.ti.com/lit/gpn/TMP61"; VariantName = "[No Variations]"
Add component (AddParameter): Name = "Height"; Value = "0.5mm"; VariantName = "[No Variations]"
Add component (AddParameter): Name = "Manufacturer_Name"; Value = "Texas Instruments"; VariantName = "[No Variations]"
Add component (AddParameter): Name = "Manufacturer_Part_Number"; Value = "TMP6131DECR"; VariantName = "[No Variations]"
Add component (AddParameter): Name = "Mouser Part Number"; Value = "595-TMP6131DECR"; VariantName = "[No Variations]"
Add component (AddParameter): Name = "Mouser Price/Stock"; Value = "https://www.mouser.co.uk/ProductDetail/Texas-Instruments/TMP6131DECR?qs=l7cgNqFNU1jnXQehRCOLwA%3D%3D"; VariantName = "[No Variations]"
Added Pin To Net: NetName=ESC_SOA_A Pin=FB1-1
Added Pin To Net: NetName=ESC_SOB_A Pin=FB3-1
Added Pin To Net: NetName=ESC_SOC_A Pin=FB5-1
Added Pin To Net: NetName=ESC_SOA_B Pin=FB7-1
Added Pin To Net: NetName=ESC_SOB_B Pin=FB9-1
Added Pin To Net: NetName=ESC_SOC_B Pin=FB10-1
Added Pin To Net: NetName=ESC_SOA_C Pin=FB11-1
Added Pin To Net: NetName=ESC_SOB_C Pin=FB12-1
Added Pin To Net: NetName=ESC_SOC_C Pin=FB13-1
Added Pin To Net: NetName=ESC_SOA_D Pin=FB14-1
Added Pin To Net: NetName=ESC_SOB_D Pin=FB15-1
Added Pin To Net: NetName=ESC_SOC_D Pin=FB16-1
Added Pin To Net: NetName=+3V3 Pin=IC6-2
Added Pin To Net: NetName=+3V3 Pin=IC7-2
Added Pin To Net: NetName=+3V3 Pin=IC8-2
Change Net Name : Old Net Name=NetIC8_9 New Net Name=NetIC12_9
Change Net Name : Old Net Name=NetIC8_10 New Net Name=NetIC12_10
Change Net Name : Old Net Name=NetIC9_6 New Net Name=NetIC13_6
Change Net Name : Old Net Name=NetIC9_8 New Net Name=NetIC13_8
Change Net Name : Old Net Name=NetIC9_13 New Net Name=NetIC13_13
Change Net Name : Old Net Name=NetIC9_15 New Net Name=NetIC13_15
Change Net Name : Old Net Name=NetIC9_16 New Net Name=NetIC13_16
Change Net Name : Old Net Name=NetIC9_18 New Net Name=NetIC13_18
Change Net Name : Old Net Name=NetIC9_31 New Net Name=NetIC13_31
Change Net Name : Old Net Name=NetIC10_6 New Net Name=NetIC14_6
Change Net Name : Old Net Name=NetIC10_8 New Net Name=NetIC14_8
Change Net Name : Old Net Name=NetIC10_13 New Net Name=NetIC14_13
Change Net Name : Old Net Name=NetIC10_15 New Net Name=NetIC14_15
Change Net Name : Old Net Name=NetIC10_16 New Net Name=NetIC14_16
Change Net Name : Old Net Name=NetIC10_18 New Net Name=NetIC14_18
Change Net Name : Old Net Name=NetIC10_31 New Net Name=NetIC14_31
Change Net Name : Old Net Name=NetIC11_6 New Net Name=NetIC15_6
Change Net Name : Old Net Name=NetIC11_8 New Net Name=NetIC15_8
Change Net Name : Old Net Name=NetIC11_13 New Net Name=NetIC15_13
Change Net Name : Old Net Name=NetIC11_15 New Net Name=NetIC15_15
Change Net Name : Old Net Name=NetIC11_16 New Net Name=NetIC15_16
Change Net Name : Old Net Name=NetIC11_18 New Net Name=NetIC15_18
Change Net Name : Old Net Name=NetIC11_31 New Net Name=NetIC15_31
Change Net Name : Old Net Name=NetIC12_6 New Net Name=NetIC16_6
Change Net Name : Old Net Name=NetIC12_8 New Net Name=NetIC16_8
Change Net Name : Old Net Name=NetIC12_13 New Net Name=NetIC16_13
Change Net Name : Old Net Name=NetIC12_15 New Net Name=NetIC16_15
Change Net Name : Old Net Name=NetIC12_16 New Net Name=NetIC16_16
Change Net Name : Old Net Name=NetIC12_18 New Net Name=NetIC16_18
Change Net Name : Old Net Name=NetIC12_31 New Net Name=NetIC16_31
Change Net Name : Old Net Name=Temp1 New Net Name=Temp2
Change Net Name : Old Net Name=Temp2 New Net Name=Temp3
Added Pin To Net: NetName=NetIC6_1 Pin=IC6-1
Added Pin To Net: NetName=NetIC6_1 Pin=IC9-2
Added Net: Name=NetIC6_1
Added Pin To Net: NetName=NetIC7_1 Pin=IC7-1
Added Pin To Net: NetName=NetIC7_1 Pin=IC10-2
Added Net: Name=NetIC7_1
Added Pin To Net: NetName=NetIC8_1 Pin=IC8-1
Added Pin To Net: NetName=NetIC8_1 Pin=IC11-2
Added Net: Name=NetIC8_1
Added Pin To Net: NetName=Temp1 Pin=FB4-2
Added Pin To Net: NetName=Temp1 Pin=IC11-1
Added Pin To Net: NetName=Temp1 Pin=R54-2
Added Net: Name=Temp1
Add Net: Net with name "VSYS" already exists
Added Member To Class: ClassName=U_ADC+Temp Member=Component IC8 TMP6131DECR
Added Member To Class: ClassName=U_ADC+Temp Member=Component IC9 TMP6131DECR
Added Member To Class: ClassName=U_ADC+Temp Member=Component IC10 TMP6131DECR
Added Member To Class: ClassName=U_ADC+Temp Member=Component IC11 TMP6131DECR
