Removed Pin From Net: NetName=GND Pin=R11A-1
Removed Pin From Net: NetName=NetIC1A_11 Pin=R11A-2
Removed Pin From Net: NetName=NetIC1A_12 Pin=R11A-3
Removed Pin From Net: NetName=NetQ4A_5 Pin=R11A-4
Removed Pin From Net: NetName=GND Pin=R11B-1
Removed Pin From Net: NetName=NetIC1B_11 Pin=R11B-2
Removed Pin From Net: NetName=NetIC1B_12 Pin=R11B-3
Removed Pin From Net: NetName=NetQ4B_5 Pin=R11B-4
Removed Pin From Net: NetName=GND Pin=R11C-1
Removed Pin From Net: NetName=NetIC1C_11 Pin=R11C-2
Removed Pin From Net: NetName=NetIC1C_12 Pin=R11C-3
Removed Pin From Net: NetName=NetQ4C_5 Pin=R11C-4
Removed Pin From Net: NetName=GND Pin=R11D-1
Removed Pin From Net: NetName=NetIC1D_11 Pin=R11D-2
Removed Pin From Net: NetName=NetIC1D_12 Pin=R11D-3
Removed Pin From Net: NetName=NetQ4D_5 Pin=R11D-4
Added Pin To Net: NetName=NetQ4A_5 Pin=R11A-1
Added Pin To Net: NetName=NetIC1A_12 Pin=R11A-2
Added Pin To Net: NetName=NetIC1A_11 Pin=R11A-3
Added Pin To Net: NetName=GND Pin=R11A-4
Added Pin To Net: NetName=NetQ4B_5 Pin=R11B-1
Added Pin To Net: NetName=NetIC1B_12 Pin=R11B-2
Added Pin To Net: NetName=NetIC1B_11 Pin=R11B-3
Added Pin To Net: NetName=GND Pin=R11B-4
Added Pin To Net: NetName=NetQ4C_5 Pin=R11C-1
Added Pin To Net: NetName=NetIC1C_12 Pin=R11C-2
Added Pin To Net: NetName=NetIC1C_11 Pin=R11C-3
Added Pin To Net: NetName=GND Pin=R11C-4
Added Pin To Net: NetName=NetQ4D_5 Pin=R11D-1
Added Pin To Net: NetName=NetIC1D_12 Pin=R11D-2
Added Pin To Net: NetName=NetIC1D_11 Pin=R11D-3
Added Pin To Net: NetName=GND Pin=R11D-4
Add Net: Net with name "VSYS" already exists
