Removed Pin From Net: NetName=NetC32_2 Pin=C32-2
Removed Pin From Net: NetName=NetC32_2 Pin=C33-1
Removed Pin From Net: NetName=BAT+_F Pin=C33-2
Removed Pin From Net: NetName=BAT+_F Pin=C34-1
Removed Pin From Net: NetName=NetC32_2 Pin=R14-1
Removed Pin From Net: NetName=BAT+_F Pin=R14-2
Removed Pin From Net: NetName=NetC32_2 Pin=R21-2
Removed Pin From Net: NetName=BAT+_F Pin=R22-2
Change Component Footprint: Designator=R14 Old Footprint=RESC3216X65N New Footprint=L4CA0612L0M50FNR
Change Component Comment : Designator=R14 Old Comment=PA1206FRE470R01L New Comment=L4CA0612LR010FNR
Change Component Designator: OldDesignator=C8 NewDesignator=C7
Change Component Designator: OldDesignator=C9 NewDesignator=C8
Change Component Designator: OldDesignator=C10 NewDesignator=C9
Change Component Designator: OldDesignator=C11 NewDesignator=C10
Change Component Designator: OldDesignator=C12 NewDesignator=C11
Change Component Designator: OldDesignator=C13 NewDesignator=C12
Change Component Designator: OldDesignator=C14 NewDesignator=C13
Change Component Designator: OldDesignator=C15 NewDesignator=C14
Change Component Designator: OldDesignator=C16 NewDesignator=C15
Change Component Designator: OldDesignator=C17 NewDesignator=C16
Change Component Designator: OldDesignator=C18 NewDesignator=C17
Change Component Designator: OldDesignator=C21 NewDesignator=C18
Change Component Designator: OldDesignator=C22 NewDesignator=C19
Change Component Designator: OldDesignator=C23 NewDesignator=C20
Change Component Designator: OldDesignator=C24 NewDesignator=C21
Change Component Designator: OldDesignator=C25 NewDesignator=C22
Change Component Designator: OldDesignator=C26 NewDesignator=C23
Change Component Designator: OldDesignator=C27 NewDesignator=C24
Change Component Designator: OldDesignator=C28 NewDesignator=C25
Change Component Designator: OldDesignator=C29 NewDesignator=C26
Change Component Designator: OldDesignator=C30 NewDesignator=C27
Change Component Designator: OldDesignator=C31 NewDesignator=C28
Change Component Designator: OldDesignator=C32 NewDesignator=C29
Change Component Designator: OldDesignator=C33 NewDesignator=C30
Change Component Designator: OldDesignator=C34 NewDesignator=C31
Change Component Designator: OldDesignator=C35 NewDesignator=C32
Change Component Designator: OldDesignator=C36 NewDesignator=C33
Change Component Designator: OldDesignator=C37 NewDesignator=C34
Change Component Designator: OldDesignator=C38 NewDesignator=C35
Change Component Designator: OldDesignator=C39 NewDesignator=C36
Change Component Designator: OldDesignator=C40 NewDesignator=C37
Change Component Designator: OldDesignator=C41 NewDesignator=C38
Change Component Designator: OldDesignator=C42 NewDesignator=C39
Change Component Designator: OldDesignator=C43 NewDesignator=C40
Change Component Designator: OldDesignator=C44 NewDesignator=C41
Change Component Designator: OldDesignator=C45 NewDesignator=C42
Change Component Designator: OldDesignator=C46 NewDesignator=C43
Change Component Designator: OldDesignator=C47 NewDesignator=C44
Change Component Designator: OldDesignator=C48 NewDesignator=C45
Change Component Designator: OldDesignator=C49 NewDesignator=C46
Change Component Designator: OldDesignator=C50 NewDesignator=C47
Change Component Designator: OldDesignator=C51 NewDesignator=C48
Change Component Designator: OldDesignator=C52 NewDesignator=C49
Change Component Designator: OldDesignator=C53 NewDesignator=C50
Change Component Designator: OldDesignator=C54 NewDesignator=C51
Change Component Designator: OldDesignator=C55 NewDesignator=C52
Change Component Designator: OldDesignator=C56 NewDesignator=C53
Change Component Designator: OldDesignator=C57 NewDesignator=C54
Change Component Designator: OldDesignator=C58 NewDesignator=C55
Change Component Designator: OldDesignator=C59 NewDesignator=C56
Change Component Designator: OldDesignator=C60 NewDesignator=C57
Change Component Designator: OldDesignator=C61 NewDesignator=C58
Change Component Designator: OldDesignator=C62 NewDesignator=C59
Change Component Designator: OldDesignator=C63 NewDesignator=C60
Change Component Designator: OldDesignator=C64 NewDesignator=C61
Change Component Designator: OldDesignator=C65 NewDesignator=C62
Change Component Designator: OldDesignator=C66 NewDesignator=C63
Change Component Designator: OldDesignator=C67 NewDesignator=C64
Change Component Designator: OldDesignator=C68 NewDesignator=C65
Change Component Designator: OldDesignator=C69 NewDesignator=C66
Change Component Designator: OldDesignator=C70 NewDesignator=C67
Change Component Designator: OldDesignator=C71 NewDesignator=C68
Change Component Designator: OldDesignator=C72 NewDesignator=C69
Change Component Designator: OldDesignator=C73 NewDesignator=C70
Change Component Designator: OldDesignator=C74 NewDesignator=C71
Change Component Designator: OldDesignator=C75 NewDesignator=C72
Change Component Designator: OldDesignator=C76 NewDesignator=C73
Change Component Designator: OldDesignator=C77 NewDesignator=C74
Change Component Designator: OldDesignator=C78 NewDesignator=C75
Change Component Designator: OldDesignator=C79 NewDesignator=C76
Change Component Designator: OldDesignator=C80 NewDesignator=C77
Change Component Designator: OldDesignator=C81 NewDesignator=C78
Change Component Designator: OldDesignator=C82 NewDesignator=C79
Change Component Designator: OldDesignator=C83 NewDesignator=C80
Change Component Designator: OldDesignator=C84 NewDesignator=C81
Change Component Designator: OldDesignator=C85 NewDesignator=C82
Change Component Designator: OldDesignator=C86 NewDesignator=C83
Change Component Designator: OldDesignator=C87 NewDesignator=C84
Change component parameters: Designator = "R14" ("R14"); Footprint = "RESC3216X65N"; UniqueID = "\YUMCNZIJ\JNHJALRC" ("\YUMCNZIJ\JNHJALRC")
Change component parameters (AddParameter): Name = "Arrow Part Number"; Value = ""; VariantName = "[No Variations]"
Change component parameters (AddParameter): Name = "Arrow Price/Stock"; Value = ""; VariantName = "[No Variations]"
Change component parameters (AddParameter): Name = "Datasheet Link"; Value = "https://www.littelfuse.com/media?resourcetype=datasheets&itemid=db674d7b-aa25-4173-816a-92297475a59f&filename=littelfuse-resistor-l4ca-c-datasheet"; VariantName = "[No Variations]"
Change component parameters (AddParameter): Name = "Height"; Value = "0.7mm"; VariantName = "[No Variations]"
Change component parameters (AddParameter): Name = "Manufacturer_Name"; Value = "LITTELFUSE"; VariantName = "[No Variations]"
Change component parameters (AddParameter): Name = "Manufacturer_Part_Number"; Value = "L4CA0612LR010FNR"; VariantName = "[No Variations]"
Change component parameters (AddParameter): Name = "Mouser Part Number"; Value = ""; VariantName = "[No Variations]"
Change component parameters (AddParameter): Name = "Mouser Price/Stock"; Value = ""; VariantName = "[No Variations]"
Added Pin To Net: NetName=NetC32_2 Pin=R14-2
Added Pin To Net: NetName=BAT+_F Pin=R14-3
Change Net Name : Old Net Name=NetC23_2 New Net Name=NetC20_2
Change Net Name : Old Net Name=NetC25_1 New Net Name=NetC22_1
Change Net Name : Old Net Name=NetC25_2 New Net Name=NetC22_2
Change Net Name : Old Net Name=NetC26_1 New Net Name=NetC23_1
Change Net Name : Old Net Name=NetC26_2 New Net Name=NetC23_2
Change Net Name : Old Net Name=NetC28_2 New Net Name=NetC25_2
Change Net Name : Old Net Name=NetC29_2 New Net Name=NetC26_2
Change Net Name : Old Net Name=NetC30_2 New Net Name=NetC27_2
Change Net Name : Old Net Name=NetC32_2 New Net Name=NetQ8_5
Change Net Name : Old Net Name=NetC35_2 New Net Name=NetC32_2
Change Net Name : Old Net Name=NetC36_2 New Net Name=NetC33_2
Change Net Name : Old Net Name=NetC38_2 New Net Name=NetC35_2
Change Net Name : Old Net Name=NetC39_2 New Net Name=NetC36_2
Change Net Name : Old Net Name=NetC40_2 New Net Name=NetC37_2
Change Net Name : Old Net Name=NetC41_2 New Net Name=NetC38_2
Change Net Name : Old Net Name=NetC42_1 New Net Name=NetC39_1
Change Net Name : Old Net Name=NetC42_2 New Net Name=NetC39_2
Change Net Name : Old Net Name=NetC43_1 New Net Name=NetC40_1
Change Net Name : Old Net Name=NetC45_1 New Net Name=NetC42_1
Change Net Name : Old Net Name=NetC46_2 New Net Name=NetC43_2
Change Net Name : Old Net Name=NetC47_2 New Net Name=NetC44_2
Change Net Name : Old Net Name=NetC49_2 New Net Name=NetC46_2
Change Net Name : Old Net Name=NetC57_2 New Net Name=NetC54_2
Change Net Name : Old Net Name=NetC58_2 New Net Name=NetC55_2
Change Net Name : Old Net Name=NetC61_2 New Net Name=NetC58_2
Change Net Name : Old Net Name=NetC68_2 New Net Name=NetC65_2
Change Net Name : Old Net Name=NetC69_2 New Net Name=NetC66_2
Change Net Name : Old Net Name=NetC70_2 New Net Name=NetC67_2
Change Net Name : Old Net Name=NetC71_2 New Net Name=NetC68_2
Change Net Name : Old Net Name=NetC72_2 New Net Name=NetC69_2
Change Net Name : Old Net Name=NetC73_2 New Net Name=NetC70_2
Change Net Name : Old Net Name=NetC74_2 New Net Name=NetC71_2
Change Net Name : Old Net Name=NetC75_2 New Net Name=NetC72_2
Change Net Name : Old Net Name=NetC76_2 New Net Name=NetC73_2
Change Net Name : Old Net Name=NetC77_2 New Net Name=NetC74_2
Change Net Name : Old Net Name=NetC78_2 New Net Name=NetC75_2
Change Net Name : Old Net Name=NetC79_2 New Net Name=NetC76_2
Change Net Name : Old Net Name=NetC80_2 New Net Name=NetC77_2
Change Net Name : Old Net Name=NetC81_2 New Net Name=NetC78_2
Change Net Name : Old Net Name=NetC82_2 New Net Name=NetC79_2
Change Net Name : Old Net Name=NetC83_2 New Net Name=NetC80_2
Added Pin To Net: NetName=NetC29_2 Pin=C29-2
Added Pin To Net: NetName=NetC29_2 Pin=C30-1
Added Pin To Net: NetName=NetC29_2 Pin=R14-1
Added Pin To Net: NetName=NetC29_2 Pin=R21-2
Added Net: Name=NetC29_2
Added Pin To Net: NetName=NetC30_2 Pin=C30-2
Added Pin To Net: NetName=NetC30_2 Pin=C31-1
Added Pin To Net: NetName=NetC30_2 Pin=R14-4
Added Pin To Net: NetName=NetC30_2 Pin=R22-2
Added Net: Name=NetC30_2
Add Net: Net with name "VSYS" already exists
