Added Component: Designator=C1(CAP0402)
Add component (AddParameter): Name = "LatestRevisionDate"; Value = "29-May-2009"; VariantName = "[No Variations]"
Add component (AddParameter): Name = "LatestRevisionNote"; Value = "IPC-7351 Footprint Added."; VariantName = "[No Variations]"
Add component (AddParameter): Name = "PackageDescription"; Value = "Chip Capacitor"; VariantName = "[No Variations]"
Add component (AddParameter): Name = "PackageReference"; Value = "C1206"; VariantName = "[No Variations]"
Add component (AddParameter): Name = "Published"; Value = "8-Jun-2000"; VariantName = "[No Variations]"
Add component (AddParameter): Name = "Publisher"; Value = "Altium Limited"; VariantName = "[No Variations]"
Add component (AddParameter): Name = "Value"; Value = "1uF"; VariantName = "[No Variations]"
Added Component: Designator=C2(CAP0603)
Add component (AddParameter): Name = "LatestRevisionDate"; Value = "29-May-2009"; VariantName = "[No Variations]"
Add component (AddParameter): Name = "LatestRevisionNote"; Value = "IPC-7351 Footprint Added."; VariantName = "[No Variations]"
Add component (AddParameter): Name = "PackageDescription"; Value = "Chip Capacitor"; VariantName = "[No Variations]"
Add component (AddParameter): Name = "PackageReference"; Value = "C1206"; VariantName = "[No Variations]"
Add component (AddParameter): Name = "Published"; Value = "8-Jun-2000"; VariantName = "[No Variations]"
Add component (AddParameter): Name = "Publisher"; Value = "Altium Limited"; VariantName = "[No Variations]"
Add component (AddParameter): Name = "Value"; Value = "47nF"; VariantName = "[No Variations]"
Added Component: Designator=C3(CAP0603)
Add component (AddParameter): Name = "LatestRevisionDate"; Value = "29-May-2009"; VariantName = "[No Variations]"
Add component (AddParameter): Name = "LatestRevisionNote"; Value = "IPC-7351 Footprint Added."; VariantName = "[No Variations]"
Add component (AddParameter): Name = "PackageDescription"; Value = "Chip Capacitor"; VariantName = "[No Variations]"
Add component (AddParameter): Name = "PackageReference"; Value = "C1206"; VariantName = "[No Variations]"
Add component (AddParameter): Name = "Published"; Value = "8-Jun-2000"; VariantName = "[No Variations]"
Add component (AddParameter): Name = "Publisher"; Value = "Altium Limited"; VariantName = "[No Variations]"
Add component (AddParameter): Name = "Value"; Value = "1uF"; VariantName = "[No Variations]"
Added Component: Designator=C4(CAP0402)
Add component (AddParameter): Name = "LatestRevisionDate"; Value = "29-May-2009"; VariantName = "[No Variations]"
Add component (AddParameter): Name = "LatestRevisionNote"; Value = "IPC-7351 Footprint Added."; VariantName = "[No Variations]"
Add component (AddParameter): Name = "PackageDescription"; Value = "Chip Capacitor"; VariantName = "[No Variations]"
Add component (AddParameter): Name = "PackageReference"; Value = "C1206"; VariantName = "[No Variations]"
Add component (AddParameter): Name = "Published"; Value = "8-Jun-2000"; VariantName = "[No Variations]"
Add component (AddParameter): Name = "Publisher"; Value = "Altium Limited"; VariantName = "[No Variations]"
Add component (AddParameter): Name = "Value"; Value = "100nF"; VariantName = "[No Variations]"
Added Component: Designator=IC1(QFN50P600X600X80-41N-D)
Add component (AddParameter): Name = "Arrow Part Number"; Value = "DRV8323SRTAR"; VariantName = "[No Variations]"
Add component (AddParameter): Name = "Arrow Price/Stock"; Value = "https://www.arrow.com/en/products/drv8323srtar/texas-instruments?utm_currency=USD&region=nac"; VariantName = "[No Variations]"
Add component (AddParameter): Name = "Datasheet Link"; Value = "http://www.ti.com/lit/ds/symlink/drv8323.pdf"; VariantName = "[No Variations]"
Add component (AddParameter): Name = "Height"; Value = "0.8mm"; VariantName = "[No Variations]"
Add component (AddParameter): Name = "Manufacturer_Name"; Value = "Texas Instruments"; VariantName = "[No Variations]"
Add component (AddParameter): Name = "Manufacturer_Part_Number"; Value = "DRV8323SRTAR"; VariantName = "[No Variations]"
Add component (AddParameter): Name = "Mouser Part Number"; Value = "595-DRV8323SRTAR"; VariantName = "[No Variations]"
Add component (AddParameter): Name = "Mouser Price/Stock"; Value = "https://www.mouser.co.uk/ProductDetail/Texas-Instruments/DRV8323SRTAR?qs=u4fy%2FsgLU9P2gpPTX6mffg%3D%3D"; VariantName = "[No Variations]"
Added Component: Designator=IC2(QFP50P2600X2600X160-176N)
Add component (AddParameter): Name = "Arrow Part Number"; Value = "STM32H747IGT6"; VariantName = "[No Variations]"
Add component (AddParameter): Name = "Arrow Price/Stock"; Value = "null?region=nac"; VariantName = "[No Variations]"
Add component (AddParameter): Name = "Datasheet Link"; Value = "https://www.mouser.com/datasheet/2/389/dm00602212-1799407.pdf"; VariantName = "[No Variations]"
Add component (AddParameter): Name = "Height"; Value = "1.6mm"; VariantName = "[No Variations]"
Add component (AddParameter): Name = "Manufacturer_Name"; Value = "STMicroelectronics"; VariantName = "[No Variations]"
Add component (AddParameter): Name = "Manufacturer_Part_Number"; Value = "STM32H747IGT6"; VariantName = "[No Variations]"
Add component (AddParameter): Name = "Mouser Part Number"; Value = "511-STM32H747IGT6"; VariantName = "[No Variations]"
Add component (AddParameter): Name = "Mouser Price/Stock"; Value = "https://www.mouser.co.uk/ProductDetail/STMicroelectronics/STM32H747IGT6?qs=%252B6g0mu59x7Kw%252BsPEalqvLg%3D%3D"; VariantName = "[No Variations]"
Added Component: Designator=IC3(BGA9C40P3X3_122X126X53)
Add component (AddParameter): Name = "Arrow Part Number"; Value = "FUSB302BUCX"; VariantName = "[No Variations]"
Add component (AddParameter): Name = "Arrow Price/Stock"; Value = "https://www.arrow.com/en/products/fusb302bucx/on-semiconductor?region=nac"; VariantName = "[No Variations]"
Add component (AddParameter): Name = "Datasheet Link"; Value = "http://www.onsemi.com/pub/Collateral/FUSB302B-D.PDF"; VariantName = "[No Variations]"
Add component (AddParameter): Name = "Height"; Value = "0.526mm"; VariantName = "[No Variations]"
Add component (AddParameter): Name = "Manufacturer_Name"; Value = "onsemi"; VariantName = "[No Variations]"
Add component (AddParameter): Name = "Manufacturer_Part_Number"; Value = "FUSB302BUCX"; VariantName = "[No Variations]"
Add component (AddParameter): Name = "Mouser Part Number"; Value = "512-FUSB302BUCX"; VariantName = "[No Variations]"
Add component (AddParameter): Name = "Mouser Price/Stock"; Value = "https://www.mouser.co.uk/ProductDetail/onsemi-Fairchild/FUSB302BUCX?qs=Qyx3PVvfm65SQOjfRsFQ7Q%3D%3D"; VariantName = "[No Variations]"
Added Component: Designator=IC4(BGA56C40P7X8_286X328X50)
Add component (AddParameter): Name = "Arrow Part Number"; Value = ""; VariantName = "[No Variations]"
Add component (AddParameter): Name = "Arrow Price/Stock"; Value = ""; VariantName = "[No Variations]"
Add component (AddParameter): Name = "Datasheet Link"; Value = "https://www.ti.com/lit/ds/symlink/bq24179.pdf?ts=1620434088502&ref_url=https%253A%252F%252Fwww.ti.com%252Fproduct%252FBQ24179"; VariantName = "[No Variations]"
Add component (AddParameter): Name = "Height"; Value = "0.5mm"; VariantName = "[No Variations]"
Add component (AddParameter): Name = "Manufacturer_Name"; Value = "Texas Instruments"; VariantName = "[No Variations]"
Add component (AddParameter): Name = "Manufacturer_Part_Number"; Value = "BQ24179YBGR"; VariantName = "[No Variations]"
Add component (AddParameter): Name = "Mouser Part Number"; Value = "595-BQ24179YBGR"; VariantName = "[No Variations]"
Add component (AddParameter): Name = "Mouser Price/Stock"; Value = "https://www.mouser.co.uk/ProductDetail/Texas-Instruments/BQ24179YBGR?qs=iLbezkQI%252Bsjk7FiJgAMAJg%3D%3D"; VariantName = "[No Variations]"
Added Component: Designator=IC5(SOP65P640X120-20N)
Add component (AddParameter): Name = "Arrow Part Number"; Value = "BQ7692003PW"; VariantName = "[No Variations]"
Add component (AddParameter): Name = "Arrow Price/Stock"; Value = "https://www.arrow.com/en/products/bq7692003pw/texas-instruments?utm_currency=USD&region=nac"; VariantName = "[No Variations]"
Add component (AddParameter): Name = "Datasheet Link"; Value = "http://www.ti.com/lit/gpn/BQ76920"; VariantName = "[No Variations]"
Add component (AddParameter): Name = "Height"; Value = "1.2mm"; VariantName = "[No Variations]"
Add component (AddParameter): Name = "Manufacturer_Name"; Value = "Texas Instruments"; VariantName = "[No Variations]"
Add component (AddParameter): Name = "Manufacturer_Part_Number"; Value = "BQ7692003PW"; VariantName = "[No Variations]"
Add component (AddParameter): Name = "Mouser Part Number"; Value = "595-BQ7692003PW"; VariantName = "[No Variations]"
Add component (AddParameter): Name = "Mouser Price/Stock"; Value = "https://www.mouser.co.uk/ProductDetail/Texas-Instruments/BQ7692003PW?qs=%2Fd%252BFzHvH4c0Hx6X3GvdboA%3D%3D"; VariantName = "[No Variations]"
Added Component: Designator=J1(USB405603A)
Add component (AddParameter): Name = "Arrow Part Number"; Value = ""; VariantName = "[No Variations]"
Add component (AddParameter): Name = "Arrow Price/Stock"; Value = ""; VariantName = "[No Variations]"
Add component (AddParameter): Name = "Datasheet Link"; Value = "https://www.mouser.jp/datasheet/2/837/usb4056-2448808.pdf"; VariantName = "[No Variations]"
Add component (AddParameter): Name = "Height"; Value = "3.56mm"; VariantName = "[No Variations]"
Add component (AddParameter): Name = "Manufacturer_Name"; Value = "GCT (GLOBAL CONNECTOR TECHNOLOGY)"; VariantName = "[No Variations]"
Add component (AddParameter): Name = "Manufacturer_Part_Number"; Value = "USB4056-03-A"; VariantName = "[No Variations]"
Add component (AddParameter): Name = "Mouser Part Number"; Value = "640-USB4056-03-A"; VariantName = "[No Variations]"
Add component (AddParameter): Name = "Mouser Price/Stock"; Value = "https://www.mouser.co.uk/ProductDetail/GCT/USB4056-03-A?qs=QNEnbhJQKvbZ7hZzgFEugA%3D%3D"; VariantName = "[No Variations]"
Add Component: Footprint Not Found TPH2R408QML1Q
Add Component: Footprint Not Found TPH2R408QML1Q
Add Component: Footprint Not Found TPH2R408QML1Q
Add Component: Footprint Not Found TPH2R408QML1Q
Add Component: Footprint Not Found TPH2R408QML1Q
Add Component: Footprint Not Found TPH2R408QML1Q
Added Component: Designator=R1(RES0402)
Add component (AddParameter): Name = "Value"; Value = "10k"; VariantName = "[No Variations]"
Added Component: Designator=R2(RES0402)
Add component (AddParameter): Name = "Value"; Value = "10k"; VariantName = "[No Variations]"
Added Component: Designator=R3(RES0402)
Add component (AddParameter): Name = "Value"; Value = "10k"; VariantName = "[No Variations]"
Added Component: Designator=R4(RES0402)
Add component (AddParameter): Name = "Value"; Value = "10k"; VariantName = "[No Variations]"
Added Component: Designator=R5(RESC6430X87N)
Add component (AddParameter): Name = "Arrow Part Number"; Value = "CSS2H-2512R-1L00F"; VariantName = "[No Variations]"
Add component (AddParameter): Name = "Arrow Price/Stock"; Value = "https://www.arrow.com/en/products/css2h-2512r-1l00f/bourns?region=nac"; VariantName = "[No Variations]"
Add component (AddParameter): Name = "Datasheet Link"; Value = "http://www.mouser.com/ds/2/54/ss2h-2512-935127.pdf"; VariantName = "[No Variations]"
Add component (AddParameter): Name = "Height"; Value = "0.87mm"; VariantName = "[No Variations]"
Add component (AddParameter): Name = "Manufacturer_Name"; Value = "Bourns"; VariantName = "[No Variations]"
Add component (AddParameter): Name = "Manufacturer_Part_Number"; Value = "CSS2H-2512R-1L00F"; VariantName = "[No Variations]"
Add component (AddParameter): Name = "Mouser Part Number"; Value = "652-CSS2H2512R1L00F"; VariantName = "[No Variations]"
Add component (AddParameter): Name = "Mouser Price/Stock"; Value = "https://www.mouser.co.uk/ProductDetail/Bourns/CSS2H-2512R-1L00F?qs=Uem7cGQRk%252BpmYdIB5J3yJg%3D%3D"; VariantName = "[No Variations]"
Added Component: Designator=R6(RESC6430X87N)
Add component (AddParameter): Name = "Arrow Part Number"; Value = "CSS2H-2512R-1L00F"; VariantName = "[No Variations]"
Add component (AddParameter): Name = "Arrow Price/Stock"; Value = "https://www.arrow.com/en/products/css2h-2512r-1l00f/bourns?region=nac"; VariantName = "[No Variations]"
Add component (AddParameter): Name = "Datasheet Link"; Value = "http://www.mouser.com/ds/2/54/ss2h-2512-935127.pdf"; VariantName = "[No Variations]"
Add component (AddParameter): Name = "Height"; Value = "0.87mm"; VariantName = "[No Variations]"
Add component (AddParameter): Name = "Manufacturer_Name"; Value = "Bourns"; VariantName = "[No Variations]"
Add component (AddParameter): Name = "Manufacturer_Part_Number"; Value = "CSS2H-2512R-1L00F"; VariantName = "[No Variations]"
Add component (AddParameter): Name = "Mouser Part Number"; Value = "652-CSS2H2512R1L00F"; VariantName = "[No Variations]"
Add component (AddParameter): Name = "Mouser Price/Stock"; Value = "https://www.mouser.co.uk/ProductDetail/Bourns/CSS2H-2512R-1L00F?qs=Uem7cGQRk%252BpmYdIB5J3yJg%3D%3D"; VariantName = "[No Variations]"
Added Component: Designator=R7(RESC6430X87N)
Add component (AddParameter): Name = "Arrow Part Number"; Value = "CSS2H-2512R-1L00F"; VariantName = "[No Variations]"
Add component (AddParameter): Name = "Arrow Price/Stock"; Value = "https://www.arrow.com/en/products/css2h-2512r-1l00f/bourns?region=nac"; VariantName = "[No Variations]"
Add component (AddParameter): Name = "Datasheet Link"; Value = "http://www.mouser.com/ds/2/54/ss2h-2512-935127.pdf"; VariantName = "[No Variations]"
Add component (AddParameter): Name = "Height"; Value = "0.87mm"; VariantName = "[No Variations]"
Add component (AddParameter): Name = "Manufacturer_Name"; Value = "Bourns"; VariantName = "[No Variations]"
Add component (AddParameter): Name = "Manufacturer_Part_Number"; Value = "CSS2H-2512R-1L00F"; VariantName = "[No Variations]"
Add component (AddParameter): Name = "Mouser Part Number"; Value = "652-CSS2H2512R1L00F"; VariantName = "[No Variations]"
Add component (AddParameter): Name = "Mouser Price/Stock"; Value = "https://www.mouser.co.uk/ProductDetail/Bourns/CSS2H-2512R-1L00F?qs=Uem7cGQRk%252BpmYdIB5J3yJg%3D%3D"; VariantName = "[No Variations]"
Added Component: Designator=U1(FP-LGA-14L-DM00249496-MFG)
Add component (AddParameter): Name = "Accel Range"; Value = "2/4/8/16g"; VariantName = "[No Variations]"
Add component (AddParameter): Name = "Automotive"; Value = "No"; VariantName = "[No Variations]"
Add component (AddParameter): Name = "Category"; Value = "IC"; VariantName = "[No Variations]"
Add component (AddParameter): Name = "ComponentLink2Description"; Value = "Datasheet"; VariantName = "[No Variations]"
Add component (AddParameter): Name = "ComponentLink2URL"; Value = "https://www.st.com/resource/en/datasheet/lsm6dsl.pdf"; VariantName = "[No Variations]"
Add component (AddParameter): Name = "Device Class L1"; Value = "Sensors"; VariantName = "[No Variations]"
Add component (AddParameter): Name = "Device Class L2"; Value = "Motion Sensors"; VariantName = "[No Variations]"
Add component (AddParameter): Name = "Device Class L3"; Value = "Inertial Measurement Units (IMUs)"; VariantName = "[No Variations]"
Add component (AddParameter): Name = "Digikey Description"; Value = "IMU ACCEL/GYRO I2C/SPI 14LGA"; VariantName = "[No Variations]"
Add component (AddParameter): Name = "Footprint Url"; Value = "https://www.st.com/resource/en/technical_note/cd00134799.pdf"; VariantName = "[No Variations]"
Add component (AddParameter): Name = "Gyro Range"; Value = "125/250/500/1000/2000°/s"; VariantName = "[No Variations]"
Add component (AddParameter): Name = "Height"; Value = "0.86mm"; VariantName = "[No Variations]"
Add component (AddParameter): Name = "Lead Free"; Value = "Yes"; VariantName = "[No Variations]"
Add component (AddParameter): Name = "Manufacturer"; Value = "STMicroelectronics"; VariantName = "[No Variations]"
Add component (AddParameter): Name = "Manufacturer Part Number"; Value = "LSM6DSLTR"; VariantName = "[No Variations]"
Add component (AddParameter): Name = "Max Supply Voltage"; Value = "3.6V"; VariantName = "[No Variations]"
Add component (AddParameter): Name = "Min Supply Voltage"; Value = "1.62V"; VariantName = "[No Variations]"
Add component (AddParameter): Name = "Mouser Description"; Value = "iNEMO inertial module: always-on 3D accelerometer and 3D gyroscope"; VariantName = "[No Variations]"
Add component (AddParameter): Name = "Octopart"; Value = "https://octopart.com/lsm6dsltr-stmicroelectronics-66358193"; VariantName = "[No Variations]"
Add component (AddParameter): Name = "Operating Supply Current"; Value = "0.29-0.65mA"; VariantName = "[No Variations]"
Add component (AddParameter): Name = "Package"; Value = "LGA-14L-DM00249496"; VariantName = "[No Variations]"
Add component (AddParameter): Name = "Resolution"; Value = "16bits"; VariantName = "[No Variations]"
Add component (AddParameter): Name = "RoHS"; Value = "TRUE"; VariantName = "[No Variations]"
Add component (AddParameter): Name = "Sensor Output"; Value = "I2C,SPI"; VariantName = "[No Variations]"
Add component (AddParameter): Name = "Sensor Type"; Value = "Temperature,Accelerometer,Gyroscope"; VariantName = "[No Variations]"
Add component (AddParameter): Name = "Temperature"; Value = "-40°C to +85°C"; VariantName = "[No Variations]"
Add component (AddParameter): Name = "Temperature Range High"; Value = "+85°C"; VariantName = "[No Variations]"
Add component (AddParameter): Name = "Temperature Range Low"; Value = "-40°C"; VariantName = "[No Variations]"
Added Pin To Net: NetName=+3V3 Pin=C4-2
Added Pin To Net: NetName=+3V3 Pin=IC1-24
Added Pin To Net: NetName=+3V3 Pin=R1-2
Added Pin To Net: NetName=+3V3 Pin=R2-2
Added Pin To Net: NetName=+3V3 Pin=R3-2
Added Pin To Net: NetName=+3V3 Pin=R4-2
Added Net: Name=+3V3
Added Pin To Net: NetName=GND Pin=C1-1
Added Pin To Net: NetName=GND Pin=C4-1
Added Pin To Net: NetName=GND Pin=IC1-10
Added Pin To Net: NetName=GND Pin=IC1-11
Added Pin To Net: NetName=GND Pin=IC1-20
Added Pin To Net: NetName=GND Pin=IC1-32
Added Pin To Net: NetName=GND Pin=IC1-40
Added Pin To Net: NetName=GND Pin=IC1-41
Added Pin To Net: NetName=GND Pin=R5-1
Added Pin To Net: NetName=GND Pin=R6-1
Added Pin To Net: NetName=GND Pin=R7-1
Added Net: Name=GND
Added Pin To Net: NetName=NetC1_2 Pin=C1-2
Added Pin To Net: NetName=NetC1_2 Pin=IC1-33
Added Net: Name=NetC1_2
Added Pin To Net: NetName=NetC2_1 Pin=C2-1
Added Pin To Net: NetName=NetC2_1 Pin=IC1-2
Added Net: Name=NetC2_1
Added Pin To Net: NetName=NetC2_2 Pin=C2-2
Added Pin To Net: NetName=NetC2_2 Pin=IC1-1
Added Net: Name=NetC2_2
Added Pin To Net: NetName=NetC3_1 Pin=C3-1
Added Pin To Net: NetName=NetC3_1 Pin=IC1-4
Added Pin To Net: NetName=NetC3_1 Pin=IC1-5
Added Net: Name=NetC3_1
Added Pin To Net: NetName=NetC3_2 Pin=C3-2
Added Pin To Net: NetName=NetC3_2 Pin=IC1-3
Added Net: Name=NetC3_2
Added Pin To Net: NetName=NetIC1_6 Pin=IC1-6
Added Net: Name=NetIC1_6
Added Pin To Net: NetName=NetIC1_7 Pin=IC1-7
Added Net: Name=NetIC1_7
Added Pin To Net: NetName=NetIC1_8 Pin=IC1-8
Added Net: Name=NetIC1_8
Added Pin To Net: NetName=NetIC1_9 Pin=IC1-9
Added Pin To Net: NetName=NetIC1_9 Pin=R5-2
Added Net: Name=NetIC1_9
Added Pin To Net: NetName=NetIC1_12 Pin=IC1-12
Added Pin To Net: NetName=NetIC1_12 Pin=R6-2
Added Net: Name=NetIC1_12
Added Pin To Net: NetName=NetIC1_13 Pin=IC1-13
Added Net: Name=NetIC1_13
Added Pin To Net: NetName=NetIC1_14 Pin=IC1-14
Added Net: Name=NetIC1_14
Added Pin To Net: NetName=NetIC1_15 Pin=IC1-15
Added Net: Name=NetIC1_15
Added Pin To Net: NetName=NetIC1_16 Pin=IC1-16
Added Net: Name=NetIC1_16
Added Pin To Net: NetName=NetIC1_17 Pin=IC1-17
Added Net: Name=NetIC1_17
Added Pin To Net: NetName=NetIC1_18 Pin=IC1-18
Added Net: Name=NetIC1_18
Added Pin To Net: NetName=NetIC1_19 Pin=IC1-19
Added Pin To Net: NetName=NetIC1_19 Pin=R7-2
Added Net: Name=NetIC1_19
Added Pin To Net: NetName=NetIC1_21 Pin=IC1-21
Added Net: Name=NetIC1_21
Added Pin To Net: NetName=NetIC1_22 Pin=IC1-22
Added Net: Name=NetIC1_22
Added Pin To Net: NetName=NetIC1_23 Pin=IC1-23
Added Net: Name=NetIC1_23
Added Pin To Net: NetName=NetIC1_25 Pin=IC1-25
Added Pin To Net: NetName=NetIC1_25 Pin=R4-1
Added Net: Name=NetIC1_25
Added Pin To Net: NetName=NetIC1_26 Pin=IC1-26
Added Pin To Net: NetName=NetIC1_26 Pin=R1-1
Added Net: Name=NetIC1_26
Added Pin To Net: NetName=NetIC1_27 Pin=IC1-27
Added Net: Name=NetIC1_27
Added Pin To Net: NetName=NetIC1_28 Pin=IC1-28
Added Net: Name=NetIC1_28
Added Pin To Net: NetName=NetIC1_29 Pin=IC1-29
Added Pin To Net: NetName=NetIC1_29 Pin=R2-1
Added Net: Name=NetIC1_29
Added Pin To Net: NetName=NetIC1_30 Pin=IC1-30
Added Pin To Net: NetName=NetIC1_30 Pin=R3-1
Added Net: Name=NetIC1_30
Added Pin To Net: NetName=NetIC1_34 Pin=IC1-34
Added Net: Name=NetIC1_34
Added Pin To Net: NetName=NetIC1_35 Pin=IC1-35
Added Net: Name=NetIC1_35
Added Pin To Net: NetName=NetIC1_36 Pin=IC1-36
Added Net: Name=NetIC1_36
Added Pin To Net: NetName=NetIC1_37 Pin=IC1-37
Added Net: Name=NetIC1_37
Added Pin To Net: NetName=NetIC1_38 Pin=IC1-38
Added Net: Name=NetIC1_38
Added Pin To Net: NetName=NetIC1_39 Pin=IC1-39
Added Net: Name=NetIC1_39
Added Net: Name=VIN
Added Class: Name=BMS
Added Class: Name=ESC
Added Class: Name=IMU
Added Class: Name=MCU
Added Class: Name=USB
Added Rule: Name=Schematic Supply Nets
Added Rule: Name=Schematic Supply Nets_1
Added Rule: Name=Schematic Supply Nets_2
