Change Component Designator: Old Designator=C121 New Designator=C?
Change Component Designator: Old Designator=C122 New Designator=C?
Change Component Designator: Old Designator=C123 New Designator=C?
Change Component Designator: Old Designator=C124 New Designator=C?
Change Component Designator: Old Designator=C125 New Designator=C?
Change Component Designator: Old Designator=C126 New Designator=C?
Change Component Designator: Old Designator=C127 New Designator=C?
Change Component Designator: Old Designator=C128 New Designator=C?
Change Component Designator: Old Designator=C129 New Designator=C?
Change Component Designator: Old Designator=C130 New Designator=C?
Change Component Designator: Old Designator=C131 New Designator=C?
Change Component Designator: Old Designator=C132 New Designator=C?
Change Component Designator: Old Designator=C133 New Designator=C?
Change Component Designator: Old Designator=FB20 New Designator=FB?
Change Component Designator: Old Designator=IC13 New Designator=IC?
Change Component Designator: Old Designator=Q24 New Designator=Q?
Change Component Designator: Old Designator=Q25 New Designator=Q?
Change Component Designator: Old Designator=Q26 New Designator=Q?
Change Component Designator: Old Designator=Q27 New Designator=Q?
Change Component Designator: Old Designator=Q28 New Designator=Q?
Change Component Designator: Old Designator=Q29 New Designator=Q?
Change Component Designator: Old Designator=R113 New Designator=R?
Change Component Designator: Old Designator=R114 New Designator=R?
Change Component Designator: Old Designator=R115 New Designator=R?
Change Component Designator: Old Designator=R116 New Designator=R?
Change Component Designator: Old Designator=R117 New Designator=R?
Change Component Designator: Old Designator=R118 New Designator=R?
Change Component Designator: Old Designator=R119 New Designator=R?
Change Component Designator: Old Designator=R120 New Designator=R?
Change Component Designator: Old Designator=R121 New Designator=R?
Change Component Designator: Old Designator=R122 New Designator=R?
Change Component Designator: Old Designator=R123 New Designator=R?
Change Component Designator: Old Designator=R124 New Designator=R?
Change Component Designator: Old Designator=R125 New Designator=R?
Change Component Designator: Old Designator=R126 New Designator=R?
Change Component Designator: Old Designator=R127 New Designator=R?
Change Component Designator: Old Designator=R128 New Designator=R?
Change Component Designator: Old Designator=R129 New Designator=R?
Change Component Designator: Old Designator=R130 New Designator=R?
