Change Component Designator: Old Designator=C1 New Designator=C86
Change Component Designator: Old Designator=C2 New Designator=C87
Change Component Designator: Old Designator=C3 New Designator=C88
Change Component Designator: Old Designator=C4 New Designator=C89
Change Component Designator: Old Designator=FB1 New Designator=FB18
Change Component Designator: Old Designator=IC1 New Designator=IC10
Change Component Designator: Old Designator=Q1 New Designator=Q12
Change Component Designator: Old Designator=Q2 New Designator=Q13
Change Component Designator: Old Designator=Q3 New Designator=Q14
Change Component Designator: Old Designator=Q4 New Designator=Q15
Change Component Designator: Old Designator=Q5 New Designator=Q16
Change Component Designator: Old Designator=Q6 New Designator=Q17
Change Component Designator: Old Designator=R1 New Designator=R71
Change Component Designator: Old Designator=R2 New Designator=R72
Change Component Designator: Old Designator=R3 New Designator=R73
Change Component Designator: Old Designator=R4 New Designator=R74
Change Component Designator: Old Designator=R5 New Designator=R75
Change Component Designator: Old Designator=R6 New Designator=R76
Change Component Designator: Old Designator=R7 New Designator=R77
Change Component Designator: Old Designator=R8 New Designator=R78
Change Component Designator: Old Designator=R9 New Designator=R79
Change Component Designator: Old Designator=R10 New Designator=R80
Change Component Designator: Old Designator=R11 New Designator=R81
Change Component Designator: Old Designator=R12 New Designator=R82
