Change Component Designator: Old Designator=C1 New Designator=C90
Change Component Designator: Old Designator=C2 New Designator=C91
Change Component Designator: Old Designator=C3 New Designator=C92
Change Component Designator: Old Designator=C4 New Designator=C93
Change Component Designator: Old Designator=FB1 New Designator=FB19
Change Component Designator: Old Designator=IC1 New Designator=IC11
Change Component Designator: Old Designator=Q1 New Designator=Q18
Change Component Designator: Old Designator=Q2 New Designator=Q19
Change Component Designator: Old Designator=Q3 New Designator=Q20
Change Component Designator: Old Designator=Q4 New Designator=Q21
Change Component Designator: Old Designator=Q5 New Designator=Q22
Change Component Designator: Old Designator=Q6 New Designator=Q23
Change Component Designator: Old Designator=R1 New Designator=R83
Change Component Designator: Old Designator=R2 New Designator=R84
Change Component Designator: Old Designator=R3 New Designator=R85
Change Component Designator: Old Designator=R4 New Designator=R86
Change Component Designator: Old Designator=R5 New Designator=R87
Change Component Designator: Old Designator=R6 New Designator=R88
Change Component Designator: Old Designator=R7 New Designator=R89
Change Component Designator: Old Designator=R8 New Designator=R90
Change Component Designator: Old Designator=R9 New Designator=R91
Change Component Designator: Old Designator=R10 New Designator=R92
Change Component Designator: Old Designator=R11 New Designator=R93
Change Component Designator: Old Designator=R12 New Designator=R94
