Removed Pin From Net: NetName=ESC_INLC_B Pin=D6-1
Removed Pin From Net: NetName=ESC_INLB_B Pin=D6-2
Removed Pin From Net: NetName=ESC_INHA_B Pin=D6-4
Removed Pin From Net: NetName=BMS_PROCHOT Pin=D6-5
Removed Pin From Net: NetName=ESC_NSCS_B Pin=D6-6
Removed Pin From Net: NetName=ESC_INLA_B Pin=D6-7
Removed Pin From Net: NetName=ESC_INHB_B Pin=D6-8
Removed Pin From Net: NetName=ESC_INHC_B Pin=D6-9
Removed Pin From Net: NetName=ESC_INLC_B Pin=J3-1
Removed Pin From Net: NetName=ESC_INHC_B Pin=J3-2
Removed Pin From Net: NetName=ESC_INLB_B Pin=J3-3
Removed Pin From Net: NetName=ESC_INHB_B Pin=J3-4
Removed Pin From Net: NetName=ESC_INLA_B Pin=J3-5
Removed Pin From Net: NetName=ESC_INHA_B Pin=J3-6
Removed Pin From Net: NetName=ESC_NSCS_B Pin=J3-7
Removed Pin From Net: NetName=BMS_PROCHOT Pin=J3-8
Added Pin To Net: NetName=BMS_PROCHOT Pin=D6-1
Added Pin To Net: NetName=ESC_INHC_B Pin=D6-2
Added Pin To Net: NetName=ESC_INLA_B Pin=D6-4
Added Pin To Net: NetName=ESC_NSCS_B Pin=D6-5
Added Pin To Net: NetName=ESC_INHA_B Pin=D6-6
Added Pin To Net: NetName=ESC_INHB_B Pin=D6-7
Added Pin To Net: NetName=ESC_INLB_B Pin=D6-8
Added Pin To Net: NetName=ESC_INLC_B Pin=D6-9
Added Pin To Net: NetName=BMS_PROCHOT Pin=J3-1
Added Pin To Net: NetName=ESC_INLC_B Pin=J3-2
Added Pin To Net: NetName=ESC_INHC_B Pin=J3-3
Added Pin To Net: NetName=ESC_INLB_B Pin=J3-4
Added Pin To Net: NetName=ESC_INHB_B Pin=J3-5
Added Pin To Net: NetName=ESC_INLA_B Pin=J3-6
Added Pin To Net: NetName=ESC_INHA_B Pin=J3-7
Added Pin To Net: NetName=ESC_NSCS_B Pin=J3-8
