Removed Pin From Net: NetName=ESC_INHA_C Pin=D160-2
Removed Pin From Net: NetName=ESC_NSCS_C Pin=D160-4
Removed Pin From Net: NetName=ESC_CLK Pin=D160-5
Removed Pin From Net: NetName=ESC_SDI Pin=D160-6
Removed Pin From Net: NetName=ESC_SDO Pin=D160-7
Removed Pin From Net: NetName=ESC_NFAULT Pin=D160-8
Removed Pin From Net: NetName=ESC_ENABLE Pin=D160-9
Removed Pin From Net: NetName=ESC_INLC_B Pin=D?-2
Removed Pin From Net: NetName=ESC_INHC_B Pin=D?-4
Removed Pin From Net: NetName=ESC_INLB_B Pin=D?-5
Removed Pin From Net: NetName=ESC_INHB_B Pin=D?-6
Removed Pin From Net: NetName=ESC_INLC_C Pin=D?-6
Removed Pin From Net: NetName=ESC_INHC_C Pin=D?-7
Removed Pin From Net: NetName=ESC_INLA_B Pin=D?-7
Removed Pin From Net: NetName=ESC_INHA_B Pin=D?-8
Removed Pin From Net: NetName=ESC_INLB_C Pin=D?-8
Removed Pin From Net: NetName=ESC_INHB_C Pin=D?-9
Removed Pin From Net: NetName=ESC_NSCS_B Pin=D?-9
Change Component Designator: OldDesignator=D160 NewDesignator=D10
Change Component Designator: OldDesignator=D? NewDesignator=D6
Change Component Designator: OldDesignator=D? NewDesignator=D7
Change Component Designator: OldDesignator=D? NewDesignator=D8
Change Component Designator: OldDesignator=D? NewDesignator=D9
Added Pin To Net: NetName=ESC_INHC_B Pin=D8-2
Added Pin To Net: NetName=ESC_INLA_B Pin=D8-4
Added Pin To Net: NetName=ESC_NSCS_B Pin=D8-5
Added Pin To Net: NetName=ESC_INHA_B Pin=D8-6
Added Pin To Net: NetName=ESC_INHB_B Pin=D8-7
Added Pin To Net: NetName=ESC_INLB_B Pin=D8-8
Added Pin To Net: NetName=ESC_INLC_B Pin=D8-9
Added Pin To Net: NetName=ESC_INHC_C Pin=D9-4
Added Pin To Net: NetName=ESC_INHB_C Pin=D9-5
Added Pin To Net: NetName=ESC_INLB_C Pin=D9-6
Added Pin To Net: NetName=ESC_INLC_C Pin=D9-7
Added Pin To Net: NetName=ESC_NSCS_C Pin=D10-2
Added Pin To Net: NetName=ESC_SDO Pin=D10-4
Added Pin To Net: NetName=ESC_ENABLE Pin=D10-5
Added Pin To Net: NetName=ESC_NFAULT Pin=D10-6
Added Pin To Net: NetName=ESC_SDI Pin=D10-7
Added Pin To Net: NetName=ESC_CLK Pin=D10-8
Added Pin To Net: NetName=ESC_INHA_C Pin=D10-9
Change Net Name : Old Net Name=NetD?_1 New Net Name=NetD8_1
Added Pin To Net: NetName=NetD9_1 Pin=D9-1
Added Pin To Net: NetName=NetD9_1 Pin=J3-25
Added Net: Name=NetD9_1
Added Pin To Net: NetName=NetD9_2 Pin=D9-2
Added Pin To Net: NetName=NetD9_2 Pin=J3-27
Added Net: Name=NetD9_2
Added Pin To Net: NetName=NetD9_8 Pin=D9-8
Added Pin To Net: NetName=NetD9_8 Pin=J3-28
Added Net: Name=NetD9_8
Added Pin To Net: NetName=NetD9_9 Pin=D9-9
Added Pin To Net: NetName=NetD9_9 Pin=J3-26
Added Net: Name=NetD9_9
Add Net: Net with name "VSYS" already exists
Added Member To Class: ClassName=U_FC_Conn Member=Component D6 DT1240A-08LP3810-7
Added Member To Class: ClassName=U_FC_Conn Member=Component D8 DT1240A-08LP3810-7
Added Member To Class: ClassName=U_FC_Conn Member=Component D9 DT1240A-08LP3810-7
