Removed Pin From Net: NetName=VBUS Pin=D1-1
Removed Pin From Net: NetName=GND Pin=D2-1
Removed Pin From Net: NetName=NetC57_2 Pin=D2-2
Removed Pin From Net: NetName=GND Pin=D3-1
Removed Pin From Net: NetName=NetC58_2 Pin=D3-2
Removed Pin From Net: NetName=GND Pin=D4-1
Removed Pin From Net: NetName=D+ Pin=D4-2
Removed Pin From Net: NetName=GND Pin=D5-1
Removed Pin From Net: NetName=D- Pin=D5-2
Removed Pin From Net: NetName=VSYS Pin=D6-1
Removed Pin From Net: NetName=+3V3 Pin=D7-1
Removed Pin From Net: NetName=GND Pin=J1-5
Removed Pin From Net: NetName=ESC_INHB1 Pin=J3-2
Removed Pin From Net: NetName=ESC_INHC1 Pin=J3-3
Removed Pin From Net: NetName=ESC_INHA2 Pin=J3-4
Removed Pin From Net: NetName=ESC_INHB2 Pin=J3-5
Removed Pin From Net: NetName=ESC_INHC2 Pin=J3-6
Removed Pin From Net: NetName=ESC_INHA3 Pin=J3-7
Removed Pin From Net: NetName=ESC_INHB3 Pin=J3-8
Removed Pin From Net: NetName=ESC_INHC3 Pin=J3-9
Removed Pin From Net: NetName=ESC_INHA4 Pin=J3-10
Removed Pin From Net: NetName=ESC_INHB4 Pin=J3-11
Removed Pin From Net: NetName=ESC_INHC4 Pin=J3-12
Removed Pin From Net: NetName=ESC_NSCS1 Pin=J3-13
Removed Pin From Net: NetName=ESC_NSCS2 Pin=J3-14
Removed Pin From Net: NetName=ESC_NSCS3 Pin=J3-15
Removed Pin From Net: NetName=ESC_NSCS4 Pin=J3-16
Removed Pin From Net: NetName=ESC_NFAULT Pin=J3-17
Removed Pin From Net: NetName=ESC_CLK Pin=J3-18
Removed Pin From Net: NetName=ESC_SDO Pin=J3-19
Removed Pin From Net: NetName=ESC_SDI Pin=J3-20
Removed Pin From Net: NetName=ESC_ENABLE Pin=J3-21
Removed Pin From Net: NetName=BMS_CHRG_OK Pin=J3-22
Removed Pin From Net: NetName=BMS_OTG/VAP Pin=J3-23
Removed Pin From Net: NetName=BMS_PROCHOT Pin=J3-24
Removed Pin From Net: NetName=SCL Pin=J3-25
Removed Pin From Net: NetName=SDA Pin=J3-26
Removed Pin From Net: NetName=CB_ALERT Pin=J3-27
Removed Pin From Net: NetName=UDB_D+ Pin=J3-28
Removed Pin From Net: NetName=UDB_D- Pin=J3-29
Removed Pin From Net: NetName=VSYS Pin=J3-30
Removed Pin From Net: NetName=GND Pin=J3-31
Removed Pin From Net: NetName=NetJ1_2 Pin=R37-2
Removed Pin From Net: NetName=NetJ1_4 Pin=R42-2
Removed Pin From Net: NetName=+3V3 Pin=R51-2
Removed Member From Class: ClassName=Main Member=D6
Removed Member From Class: ClassName=Main Member=D7
Removed Member From Class: ClassName=Main Member=J3
Removed Member From Class: ClassName=Main Member=R51
Removed Member From Class: ClassName=Main Member=R52
Removed Member From Class: ClassName=Main Member=R53
Change Component Footprint: Designator=J3 Old Footprint=5034803200 New Footprint=FH34SRJ50S05SH50
Change Component Footprint: Designator=D1 Old Footprint=DIOM5027X244N New Footprint=D1213A01LP47B
Change Component Footprint: Designator=D6 Old Footprint=DIOM5436X244N New Footprint=D1213A01LP47B
Change Component Footprint: Designator=D7 Old Footprint=DIOM5436X244N New Footprint=D1213A01LP47B
Change Component Footprint: Designator=D2 Old Footprint=DPL-(R-PX2SON-N2) New Footprint=D1213A01LP47B
Change Component Footprint: Designator=D3 Old Footprint=DPL-(R-PX2SON-N2) New Footprint=D1213A01LP47B
Change Component Footprint: Designator=D4 Old Footprint=DPL-(R-PX2SON-N2) New Footprint=D1213A01LP47B
Change Component Footprint: Designator=D5 Old Footprint=DPL-(R-PX2SON-N2) New Footprint=DIOM5436X244N
Change Component Comment : Designator=J3 Old Comment=503480-3200 New Comment=FH34SRJ-50S-0.5SH_50_
Change Component Comment : Designator=D1 Old Comment=P4SMAJ30A New Comment=D1213A-01LP4-7B
Change Component Comment : Designator=D7 Old Comment=SMBJ3V3-E3_5B New Comment=D1213A-01LP4-7B
Change Component Comment : Designator=D6 Old Comment=SMBJ20A-E3_52 New Comment=D1213A-01LP4-7B
Change Component Comment : Designator=D2 Old Comment=TPD1E01B04DPLR New Comment=D1213A-01LP4-7B
Change Component Comment : Designator=D3 Old Comment=TPD1E01B04DPLR New Comment=D1213A-01LP4-7B
Change Component Comment : Designator=D4 Old Comment=TPD1E01B04DPLR New Comment=D1213A-01LP4-7B
Change Component Comment : Designator=D5 Old Comment=TPD1E01B04DPLR New Comment=SMBJ20A-E3_52
Change Component Designator: OldDesignator=M5 NewDesignator=M3
Change Component Designator: OldDesignator=M6 NewDesignator=M4
Change Component Designator: OldDesignator=M7 NewDesignator=M5
Change Component Designator: OldDesignator=M8 NewDesignator=M6
Change Component Designator: OldDesignator=R54 NewDesignator=R51
Change Component Designator: OldDesignator=R55 NewDesignator=R52
Change Component Designator: OldDesignator=R56 NewDesignator=R53
Change Component Designator: OldDesignator=R57 NewDesignator=R54
Change Component Designator: OldDesignator=R58 NewDesignator=R55
Change Component Designator: OldDesignator=R59 NewDesignator=R56
Change Component Designator: OldDesignator=R60 NewDesignator=R57
Change Component Designator: OldDesignator=R61 NewDesignator=R58
Change Component Designator: OldDesignator=R62 NewDesignator=R59
Change Component Designator: OldDesignator=R63 NewDesignator=R60
Change Component Designator: OldDesignator=R64 NewDesignator=R61
Change Component Designator: OldDesignator=R65 NewDesignator=R62
Change Component Designator: OldDesignator=R66 NewDesignator=R63
Change Component Designator: OldDesignator=R67 NewDesignator=R64
Change Component Designator: OldDesignator=R68 NewDesignator=R65
Change Component Designator: OldDesignator=R69 NewDesignator=R66
Change Component Designator: OldDesignator=R70 NewDesignator=R67
Change component parameters: Designator = "D1" ("D1"); Footprint = "DIOM5027X244N"; UniqueID = "\KGKENIAL\BJQNZHZK" ("\KGKENIAL\BJQNZHZK")
Change component parameters (AddParameter): Name = "Arrow Part Number"; Value = "D1213A-01LP4-7B"; VariantName = "[No Variations]"
Change component parameters (AddParameter): Name = "Arrow Price/Stock"; Value = "https://www.arrow.com/en/products/d1213a-01lp4-7b/diodes-incorporated?region=europe"; VariantName = "[No Variations]"
Change component parameters (AddParameter): Name = "Datasheet Link"; Value = "https://www.diodes.com/assets/Datasheets/D1213A-01LP4.pdf"; VariantName = "[No Variations]"
Change component parameters (AddParameter): Name = "Height"; Value = "0.4mm"; VariantName = "[No Variations]"
Change component parameters (AddParameter): Name = "Manufacturer_Name"; Value = "Diodes Incorporated"; VariantName = "[No Variations]"
Change component parameters (AddParameter): Name = "Manufacturer_Part_Number"; Value = "D1213A-01LP4-7B"; VariantName = "[No Variations]"
Change component parameters (AddParameter): Name = "Mouser Part Number"; Value = "621-D1213A-01LP4-7B"; VariantName = "[No Variations]"
Change component parameters (AddParameter): Name = "Mouser Price/Stock"; Value = "https://www.mouser.co.uk/ProductDetail/Diodes-Incorporated/D1213A-01LP4-7B?qs=gfe7vQ8txpVKfG5NOSOvfA%3D%3D"; VariantName = "[No Variations]"
Change component parameters: Designator = "D2" ("D2"); Footprint = "DPL-(R-PX2SON-N2)"; UniqueID = "\KGKENIAL\XATOXQJR" ("\KGKENIAL\XATOXQJR")
Change component parameters (AddParameter): Name = "Arrow Part Number"; Value = "D1213A-01LP4-7B"; VariantName = "[No Variations]"
Change component parameters (AddParameter): Name = "Arrow Price/Stock"; Value = "https://www.arrow.com/en/products/d1213a-01lp4-7b/diodes-incorporated?region=europe"; VariantName = "[No Variations]"
Change component parameters (AddParameter): Name = "Datasheet Link"; Value = "https://www.diodes.com/assets/Datasheets/D1213A-01LP4.pdf"; VariantName = "[No Variations]"
Change component parameters (AddParameter): Name = "Height"; Value = "0.4mm"; VariantName = "[No Variations]"
Change component parameters (AddParameter): Name = "Manufacturer_Name"; Value = "Diodes Incorporated"; VariantName = "[No Variations]"
Change component parameters (AddParameter): Name = "Manufacturer_Part_Number"; Value = "D1213A-01LP4-7B"; VariantName = "[No Variations]"
Change component parameters (AddParameter): Name = "Mouser Part Number"; Value = "621-D1213A-01LP4-7B"; VariantName = "[No Variations]"
Change component parameters (AddParameter): Name = "Mouser Price/Stock"; Value = "https://www.mouser.co.uk/ProductDetail/Diodes-Incorporated/D1213A-01LP4-7B?qs=gfe7vQ8txpVKfG5NOSOvfA%3D%3D"; VariantName = "[No Variations]"
Change component parameters: Designator = "D3" ("D3"); Footprint = "DPL-(R-PX2SON-N2)"; UniqueID = "\KGKENIAL\DZELCJLJ" ("\KGKENIAL\DZELCJLJ")
Change component parameters (AddParameter): Name = "Arrow Part Number"; Value = "D1213A-01LP4-7B"; VariantName = "[No Variations]"
Change component parameters (AddParameter): Name = "Arrow Price/Stock"; Value = "https://www.arrow.com/en/products/d1213a-01lp4-7b/diodes-incorporated?region=europe"; VariantName = "[No Variations]"
Change component parameters (AddParameter): Name = "Datasheet Link"; Value = "https://www.diodes.com/assets/Datasheets/D1213A-01LP4.pdf"; VariantName = "[No Variations]"
Change component parameters (AddParameter): Name = "Height"; Value = "0.4mm"; VariantName = "[No Variations]"
Change component parameters (AddParameter): Name = "Manufacturer_Name"; Value = "Diodes Incorporated"; VariantName = "[No Variations]"
Change component parameters (AddParameter): Name = "Manufacturer_Part_Number"; Value = "D1213A-01LP4-7B"; VariantName = "[No Variations]"
Change component parameters (AddParameter): Name = "Mouser Part Number"; Value = "621-D1213A-01LP4-7B"; VariantName = "[No Variations]"
Change component parameters (AddParameter): Name = "Mouser Price/Stock"; Value = "https://www.mouser.co.uk/ProductDetail/Diodes-Incorporated/D1213A-01LP4-7B?qs=gfe7vQ8txpVKfG5NOSOvfA%3D%3D"; VariantName = "[No Variations]"
Change component parameters: Designator = "D4" ("D4"); Footprint = "DPL-(R-PX2SON-N2)"; UniqueID = "\KGKENIAL\YJJKIARA" ("\KGKENIAL\YJJKIARA")
Change component parameters (AddParameter): Name = "Arrow Part Number"; Value = "D1213A-01LP4-7B"; VariantName = "[No Variations]"
Change component parameters (AddParameter): Name = "Arrow Price/Stock"; Value = "https://www.arrow.com/en/products/d1213a-01lp4-7b/diodes-incorporated?region=europe"; VariantName = "[No Variations]"
Change component parameters (AddParameter): Name = "Datasheet Link"; Value = "https://www.diodes.com/assets/Datasheets/D1213A-01LP4.pdf"; VariantName = "[No Variations]"
Change component parameters (AddParameter): Name = "Height"; Value = "0.4mm"; VariantName = "[No Variations]"
Change component parameters (AddParameter): Name = "Manufacturer_Name"; Value = "Diodes Incorporated"; VariantName = "[No Variations]"
Change component parameters (AddParameter): Name = "Manufacturer_Part_Number"; Value = "D1213A-01LP4-7B"; VariantName = "[No Variations]"
Change component parameters (AddParameter): Name = "Mouser Part Number"; Value = "621-D1213A-01LP4-7B"; VariantName = "[No Variations]"
Change component parameters (AddParameter): Name = "Mouser Price/Stock"; Value = "https://www.mouser.co.uk/ProductDetail/Diodes-Incorporated/D1213A-01LP4-7B?qs=gfe7vQ8txpVKfG5NOSOvfA%3D%3D"; VariantName = "[No Variations]"
Change component parameters: Designator = "D5" ("D5"); Footprint = "DPL-(R-PX2SON-N2)"; UniqueID = "\KGKENIAL\CBBDWFPN" ("\KGKENIAL\CBBDWFPN")
Change component parameters (AddParameter): Name = "Arrow Part Number"; Value = "SMBJ20A-E3/52"; VariantName = "[No Variations]"
Change component parameters (AddParameter): Name = "Arrow Price/Stock"; Value = "https://www.arrow.com/en/products/smbj20a-e352/vishay?region=nac"; VariantName = "[No Variations]"
Change component parameters (AddParameter): Name = "Datasheet Link"; Value = "http://www.vishay.com/docs/88392/smbj.pdf"; VariantName = "[No Variations]"
Change component parameters (AddParameter): Name = "Height"; Value = "2.44mm"; VariantName = "[No Variations]"
Change component parameters (AddParameter): Name = "Manufacturer_Name"; Value = "Vishay"; VariantName = "[No Variations]"
Change component parameters (AddParameter): Name = "Manufacturer_Part_Number"; Value = "SMBJ20A-E3/52"; VariantName = "[No Variations]"
Change component parameters (AddParameter): Name = "Mouser Part Number"; Value = "625-SMBJ20A-E3"; VariantName = "[No Variations]"
Change component parameters (AddParameter): Name = "Mouser Price/Stock"; Value = "https://www.mouser.co.uk/ProductDetail/Vishay-General-Semiconductor/SMBJ20A-E3-52?qs=%252BKsK5HlK7GGHijeGSDEfxQ%3D%3D"; VariantName = "[No Variations]"
Change component parameters: Designator = "D6" ("D6"); Footprint = "DIOM5436X244N"; UniqueID = "\UGUDORFF\RAOSPDSH" ("\UGUDORFF\RAOSPDSH")
Change component parameters (AddParameter): Name = "Arrow Part Number"; Value = "D1213A-01LP4-7B"; VariantName = "[No Variations]"
Change component parameters (AddParameter): Name = "Arrow Price/Stock"; Value = "https://www.arrow.com/en/products/d1213a-01lp4-7b/diodes-incorporated?region=europe"; VariantName = "[No Variations]"
Change component parameters (AddParameter): Name = "Datasheet Link"; Value = "https://www.diodes.com/assets/Datasheets/D1213A-01LP4.pdf"; VariantName = "[No Variations]"
Change component parameters (AddParameter): Name = "Height"; Value = "0.4mm"; VariantName = "[No Variations]"
Change component parameters (AddParameter): Name = "Manufacturer_Name"; Value = "Diodes Incorporated"; VariantName = "[No Variations]"
Change component parameters (AddParameter): Name = "Manufacturer_Part_Number"; Value = "D1213A-01LP4-7B"; VariantName = "[No Variations]"
Change component parameters (AddParameter): Name = "Mouser Part Number"; Value = "621-D1213A-01LP4-7B"; VariantName = "[No Variations]"
Change component parameters (AddParameter): Name = "Mouser Price/Stock"; Value = "https://www.mouser.co.uk/ProductDetail/Diodes-Incorporated/D1213A-01LP4-7B?qs=gfe7vQ8txpVKfG5NOSOvfA%3D%3D"; VariantName = "[No Variations]"
Change component parameters: Designator = "D7" ("D7"); Footprint = "DIOM5436X244N"; UniqueID = "\UGUDORFF\ZKAUZXAM" ("\UGUDORFF\ZKAUZXAM")
Change component parameters (AddParameter): Name = "Arrow Part Number"; Value = "D1213A-01LP4-7B"; VariantName = "[No Variations]"
Change component parameters (AddParameter): Name = "Arrow Price/Stock"; Value = "https://www.arrow.com/en/products/d1213a-01lp4-7b/diodes-incorporated?region=europe"; VariantName = "[No Variations]"
Change component parameters (AddParameter): Name = "Datasheet Link"; Value = "https://www.diodes.com/assets/Datasheets/D1213A-01LP4.pdf"; VariantName = "[No Variations]"
Change component parameters (AddParameter): Name = "Height"; Value = "0.4mm"; VariantName = "[No Variations]"
Change component parameters (AddParameter): Name = "Manufacturer_Name"; Value = "Diodes Incorporated"; VariantName = "[No Variations]"
Change component parameters (AddParameter): Name = "Manufacturer_Part_Number"; Value = "D1213A-01LP4-7B"; VariantName = "[No Variations]"
Change component parameters (AddParameter): Name = "Mouser Part Number"; Value = "621-D1213A-01LP4-7B"; VariantName = "[No Variations]"
Change component parameters (AddParameter): Name = "Mouser Price/Stock"; Value = "https://www.mouser.co.uk/ProductDetail/Diodes-Incorporated/D1213A-01LP4-7B?qs=gfe7vQ8txpVKfG5NOSOvfA%3D%3D"; VariantName = "[No Variations]"
Change component parameters: Designator = "J3" ("J3"); Footprint = "5034803200"; UniqueID = "\UGUDORFF\KJHQBOSP" ("\UGUDORFF\KJHQBOSP")
Change component parameters (AddParameter): Name = "Arrow Part Number"; Value = ""; VariantName = "[No Variations]"
Change component parameters (AddParameter): Name = "Arrow Price/Stock"; Value = ""; VariantName = "[No Variations]"
Change component parameters (AddParameter): Name = "Datasheet Link"; Value = "https://www.hirose.com/en/product/document?clcode=CL0580-1266-2-50&productname=FH34SRJ-50S-0.5SH(50)&series=FH34SRJ&documenttype=2DDrawing&lang=en&documentid=0001483059"; VariantName = "[No Variations]"
Change component parameters (AddParameter): Name = "Height"; Value = "1.75mm"; VariantName = "[No Variations]"
Change component parameters (AddParameter): Name = "Manufacturer_Name"; Value = "Hirose"; VariantName = "[No Variations]"
Change component parameters (AddParameter): Name = "Manufacturer_Part_Number"; Value = "FH34SRJ-50S-0.5SH(50)"; VariantName = "[No Variations]"
Change component parameters (AddParameter): Name = "Mouser Part Number"; Value = "798-FH34SRJ50S05SH50"; VariantName = "[No Variations]"
Change component parameters (AddParameter): Name = "Mouser Price/Stock"; Value = "https://www.mouser.co.uk/ProductDetail/Hirose-Connector/FH34SRJ-50S-0.5SH50?qs=vcbW%252B4%252BSTIrLLD%2F8H%2F%252B%2Fhg%3D%3D"; VariantName = "[No Variations]"
Change component parameters: Designator = "R9A" ("R9"); Footprint = "RES0402"; UniqueID = "\1TFOPYVEG\COYJFYKR" ("\1TFOPYVEG\COYJFYKR")
Change component parameters (AddParameter): Name = "Value"; Value = "50k"; VariantName = "[No Variations]"
Change component parameters: Designator = "R9B" ("R9"); Footprint = "RES0402"; UniqueID = "\2TFOPYVEG\COYJFYKR" ("\2TFOPYVEG\COYJFYKR")
Change component parameters (AddParameter): Name = "Value"; Value = "50k"; VariantName = "[No Variations]"
Change component parameters: Designator = "R9C" ("R9"); Footprint = "RES0402"; UniqueID = "\3TFOPYVEG\COYJFYKR" ("\3TFOPYVEG\COYJFYKR")
Change component parameters (AddParameter): Name = "Value"; Value = "50k"; VariantName = "[No Variations]"
Change component parameters: Designator = "R9D" ("R9"); Footprint = "RES0402"; UniqueID = "\4TFOPYVEG\COYJFYKR" ("\4TFOPYVEG\COYJFYKR")
Change component parameters (AddParameter): Name = "Value"; Value = "50k"; VariantName = "[No Variations]"
Added Component: Designator=D8(DT1240A08LP38107)
Add component (AddParameter): Name = "Arrow Part Number"; Value = "DT1240A-08LP3810-7"; VariantName = "[No Variations]"
Add component (AddParameter): Name = "Arrow Price/Stock"; Value = "null?region=nac"; VariantName = "[No Variations]"
Add component (AddParameter): Name = "Datasheet Link"; Value = "https://www.diodes.com//assets/Datasheets/DT1240A-08LP3810.pdf"; VariantName = "[No Variations]"
Add component (AddParameter): Name = "Height"; Value = "0.55mm"; VariantName = "[No Variations]"
Add component (AddParameter): Name = "Manufacturer_Name"; Value = "Diodes Incorporated"; VariantName = "[No Variations]"
Add component (AddParameter): Name = "Manufacturer_Part_Number"; Value = "DT1240A-08LP3810-7"; VariantName = "[No Variations]"
Add component (AddParameter): Name = "Mouser Part Number"; Value = "621-DT1240A08LP38107"; VariantName = "[No Variations]"
Add component (AddParameter): Name = "Mouser Price/Stock"; Value = "https://www.mouser.co.uk/ProductDetail/Diodes-Incorporated/DT1240A-08LP3810-7?qs=W0yvOO0ixfFwCalJyqXN4A%3D%3D"; VariantName = "[No Variations]"
Added Component: Designator=D9(DT1240A08LP38107)
Add component (AddParameter): Name = "Arrow Part Number"; Value = "DT1240A-08LP3810-7"; VariantName = "[No Variations]"
Add component (AddParameter): Name = "Arrow Price/Stock"; Value = "null?region=nac"; VariantName = "[No Variations]"
Add component (AddParameter): Name = "Datasheet Link"; Value = "https://www.diodes.com//assets/Datasheets/DT1240A-08LP3810.pdf"; VariantName = "[No Variations]"
Add component (AddParameter): Name = "Height"; Value = "0.55mm"; VariantName = "[No Variations]"
Add component (AddParameter): Name = "Manufacturer_Name"; Value = "Diodes Incorporated"; VariantName = "[No Variations]"
Add component (AddParameter): Name = "Manufacturer_Part_Number"; Value = "DT1240A-08LP3810-7"; VariantName = "[No Variations]"
Add component (AddParameter): Name = "Mouser Part Number"; Value = "621-DT1240A08LP38107"; VariantName = "[No Variations]"
Add component (AddParameter): Name = "Mouser Price/Stock"; Value = "https://www.mouser.co.uk/ProductDetail/Diodes-Incorporated/DT1240A-08LP3810-7?qs=W0yvOO0ixfFwCalJyqXN4A%3D%3D"; VariantName = "[No Variations]"
Added Component: Designator=D10(DT1240A08LP38107)
Add component (AddParameter): Name = "Arrow Part Number"; Value = "DT1240A-08LP3810-7"; VariantName = "[No Variations]"
Add component (AddParameter): Name = "Arrow Price/Stock"; Value = "null?region=nac"; VariantName = "[No Variations]"
Add component (AddParameter): Name = "Datasheet Link"; Value = "https://www.diodes.com//assets/Datasheets/DT1240A-08LP3810.pdf"; VariantName = "[No Variations]"
Add component (AddParameter): Name = "Height"; Value = "0.55mm"; VariantName = "[No Variations]"
Add component (AddParameter): Name = "Manufacturer_Name"; Value = "Diodes Incorporated"; VariantName = "[No Variations]"
Add component (AddParameter): Name = "Manufacturer_Part_Number"; Value = "DT1240A-08LP3810-7"; VariantName = "[No Variations]"
Add component (AddParameter): Name = "Mouser Part Number"; Value = "621-DT1240A08LP38107"; VariantName = "[No Variations]"
Add component (AddParameter): Name = "Mouser Price/Stock"; Value = "https://www.mouser.co.uk/ProductDetail/Diodes-Incorporated/DT1240A-08LP3810-7?qs=W0yvOO0ixfFwCalJyqXN4A%3D%3D"; VariantName = "[No Variations]"
Added Component: Designator=D11(DT1240A08LP38107)
Add component (AddParameter): Name = "Arrow Part Number"; Value = "DT1240A-08LP3810-7"; VariantName = "[No Variations]"
Add component (AddParameter): Name = "Arrow Price/Stock"; Value = "null?region=nac"; VariantName = "[No Variations]"
Add component (AddParameter): Name = "Datasheet Link"; Value = "https://www.diodes.com//assets/Datasheets/DT1240A-08LP3810.pdf"; VariantName = "[No Variations]"
Add component (AddParameter): Name = "Height"; Value = "0.55mm"; VariantName = "[No Variations]"
Add component (AddParameter): Name = "Manufacturer_Name"; Value = "Diodes Incorporated"; VariantName = "[No Variations]"
Add component (AddParameter): Name = "Manufacturer_Part_Number"; Value = "DT1240A-08LP3810-7"; VariantName = "[No Variations]"
Add component (AddParameter): Name = "Mouser Part Number"; Value = "621-DT1240A08LP38107"; VariantName = "[No Variations]"
Add component (AddParameter): Name = "Mouser Price/Stock"; Value = "https://www.mouser.co.uk/ProductDetail/Diodes-Incorporated/DT1240A-08LP3810-7?qs=W0yvOO0ixfFwCalJyqXN4A%3D%3D"; VariantName = "[No Variations]"
Added Component: Designator=D12(DT1240A08LP38107)
Add component (AddParameter): Name = "Arrow Part Number"; Value = "DT1240A-08LP3810-7"; VariantName = "[No Variations]"
Add component (AddParameter): Name = "Arrow Price/Stock"; Value = "null?region=nac"; VariantName = "[No Variations]"
Add component (AddParameter): Name = "Datasheet Link"; Value = "https://www.diodes.com//assets/Datasheets/DT1240A-08LP3810.pdf"; VariantName = "[No Variations]"
Add component (AddParameter): Name = "Height"; Value = "0.55mm"; VariantName = "[No Variations]"
Add component (AddParameter): Name = "Manufacturer_Name"; Value = "Diodes Incorporated"; VariantName = "[No Variations]"
Add component (AddParameter): Name = "Manufacturer_Part_Number"; Value = "DT1240A-08LP3810-7"; VariantName = "[No Variations]"
Add component (AddParameter): Name = "Mouser Part Number"; Value = "621-DT1240A08LP38107"; VariantName = "[No Variations]"
Add component (AddParameter): Name = "Mouser Price/Stock"; Value = "https://www.mouser.co.uk/ProductDetail/Diodes-Incorporated/DT1240A-08LP3810-7?qs=W0yvOO0ixfFwCalJyqXN4A%3D%3D"; VariantName = "[No Variations]"
Added Component: Designator=D13(DIOM5436X244N)
Add component (AddParameter): Name = "Arrow Part Number"; Value = "SMBJ3V3-E3/5B"; VariantName = "[No Variations]"
Add component (AddParameter): Name = "Arrow Price/Stock"; Value = "https://www.arrow.com/en/products/smbj3v3-e35b/vishay?region=nac"; VariantName = "[No Variations]"
Add component (AddParameter): Name = "Datasheet Link"; Value = "https://www.vishay.com/docs/88940/smbj3v3.pdf"; VariantName = "[No Variations]"
Add component (AddParameter): Name = "Height"; Value = "2.44mm"; VariantName = "[No Variations]"
Add component (AddParameter): Name = "Manufacturer_Name"; Value = "Vishay"; VariantName = "[No Variations]"
Add component (AddParameter): Name = "Manufacturer_Part_Number"; Value = "SMBJ3V3-E3/5B"; VariantName = "[No Variations]"
Add component (AddParameter): Name = "Mouser Part Number"; Value = "625-SMBJ3V3-E3/5B"; VariantName = "[No Variations]"
Add component (AddParameter): Name = "Mouser Price/Stock"; Value = "https://www.mouser.co.uk/ProductDetail/Vishay-General-Semiconductor/SMBJ3V3-E3-5B?qs=%252BKsK5HlK7GFCvIE1%252BXTysQ%3D%3D"; VariantName = "[No Variations]"
Added Component: Designator=D14(DIOM5436X244N)
Add component (AddParameter): Name = "Arrow Part Number"; Value = "SMBJ20A-E3/52"; VariantName = "[No Variations]"
Add component (AddParameter): Name = "Arrow Price/Stock"; Value = "https://www.arrow.com/en/products/smbj20a-e352/vishay?region=nac"; VariantName = "[No Variations]"
Add component (AddParameter): Name = "Datasheet Link"; Value = "http://www.vishay.com/docs/88392/smbj.pdf"; VariantName = "[No Variations]"
Add component (AddParameter): Name = "Height"; Value = "2.44mm"; VariantName = "[No Variations]"
Add component (AddParameter): Name = "Manufacturer_Name"; Value = "Vishay"; VariantName = "[No Variations]"
Add component (AddParameter): Name = "Manufacturer_Part_Number"; Value = "SMBJ20A-E3/52"; VariantName = "[No Variations]"
Add component (AddParameter): Name = "Mouser Part Number"; Value = "625-SMBJ20A-E3"; VariantName = "[No Variations]"
Add component (AddParameter): Name = "Mouser Price/Stock"; Value = "https://www.mouser.co.uk/ProductDetail/Vishay-General-Semiconductor/SMBJ20A-E3-52?qs=%252BKsK5HlK7GGHijeGSDEfxQ%3D%3D"; VariantName = "[No Variations]"
Added Component: Designator=M1(Mount_M2)
Added Component: Designator=M2(Mount_M2)
Added Component: Designator=R68(RES0402)
Add component (AddParameter): Name = "Value"; Value = "DNI"; VariantName = "[No Variations]"
Add Pin To Net: Unknown Pin: Pin C7-
Added Pin To Net: NetName=GND Pin=C84-1
Added Pin To Net: NetName=+3V3 Pin=C84-2
Added Pin To Net: NetName=GND Pin=C85-1
Added Pin To Net: NetName=+3V3 Pin=C85-2
Added Pin To Net: NetName=GND Pin=C86-1
Added Pin To Net: NetName=+3V3 Pin=C86-2
Added Pin To Net: NetName=+3V3 Pin=C87-1
Added Pin To Net: NetName=GND Pin=C87-2
Added Pin To Net: NetName=D+ Pin=D1-1
Added Pin To Net: NetName=D- Pin=D2-1
Added Pin To Net: NetName=GND Pin=D2-2
Added Pin To Net: NetName=NetC57_2 Pin=D3-1
Added Pin To Net: NetName=GND Pin=D3-2
Added Pin To Net: NetName=NetC58_2 Pin=D4-1
Added Pin To Net: NetName=GND Pin=D4-2
Added Pin To Net: NetName=VBUS Pin=D5-1
Added Pin To Net: NetName=GND Pin=D5-2
Added Pin To Net: NetName=ESC_INHA1 Pin=D6-1
Added Pin To Net: NetName=ESC_INLA1 Pin=D7-1
Added Pin To Net: NetName=ESC_INHB1 Pin=D8-1
Added Pin To Net: NetName=ESC_INLB1 Pin=D8-2
Added Pin To Net: NetName=GND Pin=D8-3
Added Pin To Net: NetName=ESC_INHC1 Pin=D8-4
Added Pin To Net: NetName=ESC_INLC1 Pin=D8-5
Added Pin To Net: NetName=ESC_INHA2 Pin=D8-6
Added Pin To Net: NetName=ESC_INLA2 Pin=D8-7
Added Pin To Net: NetName=ESC_INHB2 Pin=D8-8
Added Pin To Net: NetName=ESC_INLB2 Pin=D8-9
Added Pin To Net: NetName=ESC_INHC2 Pin=D9-1
Added Pin To Net: NetName=ESC_INLC2 Pin=D9-2
Added Pin To Net: NetName=GND Pin=D9-3
Added Pin To Net: NetName=ESC_INHA3 Pin=D9-4
Added Pin To Net: NetName=ESC_INLA3 Pin=D9-5
Added Pin To Net: NetName=ESC_INHB3 Pin=D9-6
Added Pin To Net: NetName=ESC_INLB3 Pin=D9-7
Added Pin To Net: NetName=ESC_INHC3 Pin=D9-8
Added Pin To Net: NetName=ESC_INLC3 Pin=D9-9
Added Pin To Net: NetName=ESC_INHA4 Pin=D10-1
Added Pin To Net: NetName=ESC_INLA4 Pin=D10-2
Added Pin To Net: NetName=GND Pin=D10-3
Added Pin To Net: NetName=ESC_INHB4 Pin=D10-4
Added Pin To Net: NetName=ESC_INLB4 Pin=D10-5
Added Pin To Net: NetName=ESC_INHC4 Pin=D10-6
Added Pin To Net: NetName=ESC_INLC4 Pin=D10-7
Added Pin To Net: NetName=ESC_NSCS1 Pin=D10-8
Added Pin To Net: NetName=ESC_NSCS2 Pin=D10-9
Added Pin To Net: NetName=ESC_NSCS3 Pin=D11-1
Added Pin To Net: NetName=ESC_NSCS4 Pin=D11-2
Added Pin To Net: NetName=GND Pin=D11-3
Added Pin To Net: NetName=ESC_NFAULT Pin=D11-4
Added Pin To Net: NetName=ESC_CLK Pin=D11-5
Added Pin To Net: NetName=ESC_SDO Pin=D11-6
Added Pin To Net: NetName=ESC_SDI Pin=D11-7
Added Pin To Net: NetName=ESC_ENABLE Pin=D11-8
Added Pin To Net: NetName=BMS_PROCHOT Pin=D11-9
Added Pin To Net: NetName=BMS_CHRG_OK Pin=D12-1
Added Pin To Net: NetName=BMS_OTG/VAP Pin=D12-2
Added Pin To Net: NetName=GND Pin=D12-3
Added Pin To Net: NetName=CB_ALERT Pin=D12-4
Added Pin To Net: NetName=SCL Pin=D12-5
Added Pin To Net: NetName=SDA Pin=D12-6
Added Pin To Net: NetName=UDB_D+ Pin=D12-8
Added Pin To Net: NetName=UDB_D- Pin=D12-9
Added Pin To Net: NetName=+3V3 Pin=D13-1
Added Pin To Net: NetName=GND Pin=D13-2
Added Pin To Net: NetName=GND Pin=D14-2
Added Pin To Net: NetName=CB_ALERT Pin=IC3-20
Added Pin To Net: NetName=+3V3 Pin=IC9-1
Added Pin To Net: NetName=GND Pin=IC9-2
Added Pin To Net: NetName=+3V3 Pin=IC9-3
Added Pin To Net: NetName=SCL Pin=IC9-5
Added Pin To Net: NetName=SDA Pin=IC9-6
Added Pin To Net: NetName=+3V3 Pin=IC9-7
Added Pin To Net: NetName=GND Pin=IC9-8
Added Pin To Net: NetName=NetIC9_9 Pin=IC9-9
Added Pin To Net: NetName=NetIC9_10 Pin=IC9-10
Added Pin To Net: NetName=GND Pin=IC9-11
Added Pin To Net: NetName=+3V3 Pin=IC9-12
Added Pin To Net: NetName=GND Pin=J1-1
Added Pin To Net: NetName=ESC_INLA1 Pin=J3-2
Added Pin To Net: NetName=ESC_INHB1 Pin=J3-3
Added Pin To Net: NetName=ESC_INLB1 Pin=J3-4
Added Pin To Net: NetName=ESC_INHC1 Pin=J3-5
Added Pin To Net: NetName=ESC_INLC1 Pin=J3-6
Added Pin To Net: NetName=ESC_INHA2 Pin=J3-7
Added Pin To Net: NetName=ESC_INLA2 Pin=J3-8
Added Pin To Net: NetName=ESC_INHB2 Pin=J3-9
Added Pin To Net: NetName=ESC_INLB2 Pin=J3-10
Added Pin To Net: NetName=ESC_INHC2 Pin=J3-11
Added Pin To Net: NetName=ESC_INLC2 Pin=J3-12
Added Pin To Net: NetName=ESC_INHA3 Pin=J3-13
Added Pin To Net: NetName=ESC_INLA3 Pin=J3-14
Added Pin To Net: NetName=ESC_INHB3 Pin=J3-15
Added Pin To Net: NetName=ESC_INLB3 Pin=J3-16
Added Pin To Net: NetName=ESC_INHC3 Pin=J3-17
Added Pin To Net: NetName=ESC_INLC3 Pin=J3-18
Added Pin To Net: NetName=ESC_INHA4 Pin=J3-19
Added Pin To Net: NetName=ESC_INLA4 Pin=J3-20
Added Pin To Net: NetName=ESC_INHB4 Pin=J3-21
Added Pin To Net: NetName=ESC_INLB4 Pin=J3-22
Added Pin To Net: NetName=ESC_INHC4 Pin=J3-23
Added Pin To Net: NetName=ESC_INLC4 Pin=J3-24
Added Pin To Net: NetName=ESC_NSCS1 Pin=J3-25
Added Pin To Net: NetName=ESC_NSCS2 Pin=J3-26
Added Pin To Net: NetName=ESC_NSCS3 Pin=J3-27
Added Pin To Net: NetName=ESC_NSCS4 Pin=J3-28
Added Pin To Net: NetName=ESC_NFAULT Pin=J3-29
Added Pin To Net: NetName=ESC_CLK Pin=J3-30
Added Pin To Net: NetName=ESC_SDO Pin=J3-31
Added Pin To Net: NetName=ESC_SDI Pin=J3-32
Added Pin To Net: NetName=ESC_ENABLE Pin=J3-33
Added Pin To Net: NetName=BMS_PROCHOT Pin=J3-34
Added Pin To Net: NetName=BMS_CHRG_OK Pin=J3-35
Added Pin To Net: NetName=BMS_OTG/VAP Pin=J3-36
Added Pin To Net: NetName=CB_ALERT Pin=J3-37
Added Pin To Net: NetName=SCL Pin=J3-38
Added Pin To Net: NetName=SDA Pin=J3-39
Added Pin To Net: NetName=UDB_D+ Pin=J3-41
Added Pin To Net: NetName=UDB_D- Pin=J3-42
Added Pin To Net: NetName=GND Pin=J3-48
Added Pin To Net: NetName=GND Pin=J3-49
Added Pin To Net: NetName=NetJ1_4 Pin=R37-2
Added Pin To Net: NetName=NetJ1_2 Pin=R42-2
Added Pin To Net: NetName=CB_ALERT Pin=R44-2
Added Pin To Net: NetName=NetIC9_9 Pin=R66-1
Added Pin To Net: NetName=+3V3 Pin=R66-2
Added Pin To Net: NetName=GND Pin=R67-1
Added Pin To Net: NetName=NetIC9_10 Pin=R67-2
Added Pin To Net: NetName=+3V3 Pin=R68-2
Added Pin To Net: NetName=NetJ1_5 Pin=J1-5
Added Pin To Net: NetName=NetJ1_5 Pin=R36-2
Added Net: Name=NetJ1_5
Added Pin To Net: NetName=NetJ3_50 Pin=J3-50
Added Pin To Net: NetName=NetJ3_50 Pin=R68-1
Added Net: Name=NetJ3_50
Added Pin To Net: NetName=TOF_INT Pin=D12-7
Added Pin To Net: NetName=TOF_INT Pin=IC9-4
Added Pin To Net: NetName=TOF_INT Pin=J3-40
Added Net: Name=TOF_INT
Add Net: Net with name "VSYS" already exists
Added Class: Name=U_FC_Conn
Added Member To Class: ClassName=Main Member=Component M1 Mount_M2
Added Member To Class: ClassName=Main Member=Component M2 Mount_M2
