Removed Pin From Net: NetName=BAT+_F Pin=C5A-1
Removed Pin From Net: NetName=GND Pin=C5A-2
Removed Pin From Net: NetName=BAT+_F Pin=C5B-1
Removed Pin From Net: NetName=GND Pin=C5B-2
Removed Pin From Net: NetName=BAT+_F Pin=C5C-1
Removed Pin From Net: NetName=GND Pin=C5C-2
Removed Pin From Net: NetName=BAT+_F Pin=C5D-1
Removed Pin From Net: NetName=GND Pin=C5D-2
Removed Member From Class: ClassName=U_ESC1 Member=C5A
Removed Member From Class: ClassName=U_ESC2 Member=C5B
Removed Member From Class: ClassName=U_ESC3 Member=C5C
Removed Member From Class: ClassName=U_ESC4 Member=C5D
Removed Member From Class: ClassName=Main Member=R67
Removed Member From Class: ClassName=Main Member=R68
Change Component Designator: OldDesignator=C6 NewDesignator=C5
Change Component Designator: OldDesignator=C7 NewDesignator=C6
Change Component Designator: OldDesignator=C8 NewDesignator=C7
Change Component Designator: OldDesignator=C9 NewDesignator=C8
Change Component Designator: OldDesignator=C10 NewDesignator=C9
Change Component Designator: OldDesignator=C11 NewDesignator=C10
Change Component Designator: OldDesignator=C12 NewDesignator=C11
Change Component Designator: OldDesignator=C13 NewDesignator=C12
Change Component Designator: OldDesignator=C14 NewDesignator=C13
Change Component Designator: OldDesignator=C15 NewDesignator=C14
Change Component Designator: OldDesignator=C16 NewDesignator=C15
Change Component Designator: OldDesignator=C17 NewDesignator=C16
Change Component Designator: OldDesignator=C18 NewDesignator=C17
Change Component Designator: OldDesignator=C19 NewDesignator=C18
Change Component Designator: OldDesignator=C20 NewDesignator=C19
Change Component Designator: OldDesignator=C21 NewDesignator=C20
Change Component Designator: OldDesignator=C22 NewDesignator=C21
Change Component Designator: OldDesignator=C23 NewDesignator=C22
Change Component Designator: OldDesignator=C24 NewDesignator=C23
Change Component Designator: OldDesignator=C25 NewDesignator=C24
Change Component Designator: OldDesignator=C26 NewDesignator=C25
Change Component Designator: OldDesignator=C27 NewDesignator=C26
Change Component Designator: OldDesignator=C28 NewDesignator=C27
Change Component Designator: OldDesignator=C29 NewDesignator=C28
Change Component Designator: OldDesignator=C30 NewDesignator=C29
Change Component Designator: OldDesignator=C31 NewDesignator=C30
Change Component Designator: OldDesignator=C32 NewDesignator=C31
Change Component Designator: OldDesignator=C33 NewDesignator=C32
Change Component Designator: OldDesignator=C34 NewDesignator=C33
Change Component Designator: OldDesignator=C35 NewDesignator=C34
Change Component Designator: OldDesignator=C36 NewDesignator=C35
Change Component Designator: OldDesignator=C37 NewDesignator=C36
Change Component Designator: OldDesignator=C38 NewDesignator=C37
Change Component Designator: OldDesignator=C39 NewDesignator=C38
Change Component Designator: OldDesignator=C40 NewDesignator=C39
Change Component Designator: OldDesignator=C41 NewDesignator=C40
Change Component Designator: OldDesignator=C42 NewDesignator=C41
Change Component Designator: OldDesignator=C43 NewDesignator=C42
Change Component Designator: OldDesignator=C44 NewDesignator=C43
Change Component Designator: OldDesignator=C45 NewDesignator=C44
Change Component Designator: OldDesignator=C46 NewDesignator=C45
Change Component Designator: OldDesignator=C47 NewDesignator=C46
Change Component Designator: OldDesignator=C48 NewDesignator=C47
Change Component Designator: OldDesignator=C49 NewDesignator=C48
Change Component Designator: OldDesignator=C50 NewDesignator=C49
Change Component Designator: OldDesignator=C51 NewDesignator=C50
Change Component Designator: OldDesignator=C52 NewDesignator=C51
Change Component Designator: OldDesignator=C53 NewDesignator=C52
Change Component Designator: OldDesignator=C54 NewDesignator=C53
Change Component Designator: OldDesignator=C55 NewDesignator=C54
Change Component Designator: OldDesignator=C56 NewDesignator=C55
Change Component Designator: OldDesignator=C57 NewDesignator=C56
Change Component Designator: OldDesignator=C58 NewDesignator=C57
Change Component Designator: OldDesignator=C59 NewDesignator=C58
Change Component Designator: OldDesignator=C60 NewDesignator=C61
Change Component Designator: OldDesignator=C61 NewDesignator=C62
Change Component Designator: OldDesignator=C62 NewDesignator=C63
Change Component Designator: OldDesignator=C63 NewDesignator=C64
Change Component Designator: OldDesignator=C64 NewDesignator=C65
Change Component Designator: OldDesignator=C65 NewDesignator=C66
Change Component Designator: OldDesignator=C66 NewDesignator=C67
Change Component Designator: OldDesignator=C67 NewDesignator=C68
Change Component Designator: OldDesignator=C68 NewDesignator=C69
Change Component Designator: OldDesignator=C69 NewDesignator=C70
Change Component Designator: OldDesignator=C70 NewDesignator=C71
Change Component Designator: OldDesignator=C71 NewDesignator=C72
Change Component Designator: OldDesignator=C72 NewDesignator=C73
Change Component Designator: OldDesignator=C73 NewDesignator=C74
Change Component Designator: OldDesignator=C74 NewDesignator=C75
Change Component Designator: OldDesignator=C75 NewDesignator=C76
Change Component Designator: OldDesignator=C76 NewDesignator=C77
Change Component Designator: OldDesignator=C77 NewDesignator=C78
Change Component Designator: OldDesignator=C78 NewDesignator=C79
Change Component Designator: OldDesignator=C79 NewDesignator=C80
Change Component Designator: OldDesignator=C80 NewDesignator=C81
Change Component Designator: OldDesignator=C81 NewDesignator=C82
Change Component Designator: OldDesignator=C82 NewDesignator=C83
Change Component Designator: OldDesignator=C83 NewDesignator=C84
Change Component Designator: OldDesignator=C84 NewDesignator=C85
Change Component Designator: OldDesignator=C85 NewDesignator=C86
Change Component Designator: OldDesignator=C86 NewDesignator=C87
Added Component: Designator=C59(CAPAE830X1080N)
Add component (AddParameter): Name = "Arrow Part Number"; Value = "UCD1V221MNL1GS"; VariantName = "[No Variations]"
Add component (AddParameter): Name = "Arrow Price/Stock"; Value = "null?region=nac"; VariantName = "[No Variations]"
Add component (AddParameter): Name = "Datasheet Link"; Value = "http://nichicon-us.com/english/products/pdfs/e-ucd.pdf"; VariantName = "[No Variations]"
Add component (AddParameter): Name = "Height"; Value = "10.8mm"; VariantName = "[No Variations]"
Add component (AddParameter): Name = "Manufacturer_Name"; Value = "Nichicon"; VariantName = "[No Variations]"
Add component (AddParameter): Name = "Manufacturer_Part_Number"; Value = "UCD1V221MNL1GS"; VariantName = "[No Variations]"
Add component (AddParameter): Name = "Mouser Part Number"; Value = "647-UCD1V221MNL1GS"; VariantName = "[No Variations]"
Add component (AddParameter): Name = "Mouser Price/Stock"; Value = "https://www.mouser.co.uk/ProductDetail/Nichicon/UCD1V221MNL1GS?qs=c0uEScvPYN17qZQKPp9AhQ%3D%3D"; VariantName = "[No Variations]"
Added Component: Designator=C60(CAPAE830X1080N)
Add component (AddParameter): Name = "Arrow Part Number"; Value = "UCD1V221MNL1GS"; VariantName = "[No Variations]"
Add component (AddParameter): Name = "Arrow Price/Stock"; Value = "null?region=nac"; VariantName = "[No Variations]"
Add component (AddParameter): Name = "Datasheet Link"; Value = "http://nichicon-us.com/english/products/pdfs/e-ucd.pdf"; VariantName = "[No Variations]"
Add component (AddParameter): Name = "Height"; Value = "10.8mm"; VariantName = "[No Variations]"
Add component (AddParameter): Name = "Manufacturer_Name"; Value = "Nichicon"; VariantName = "[No Variations]"
Add component (AddParameter): Name = "Manufacturer_Part_Number"; Value = "UCD1V221MNL1GS"; VariantName = "[No Variations]"
Add component (AddParameter): Name = "Mouser Part Number"; Value = "647-UCD1V221MNL1GS"; VariantName = "[No Variations]"
Add component (AddParameter): Name = "Mouser Price/Stock"; Value = "https://www.mouser.co.uk/ProductDetail/Nichicon/UCD1V221MNL1GS?qs=c0uEScvPYN17qZQKPp9AhQ%3D%3D"; VariantName = "[No Variations]"
Add Pin To Net: Unknown Pin: Pin C7-
Added Pin To Net: NetName=BAT+_F Pin=C59-1
Added Pin To Net: NetName=GND Pin=C59-2
Added Pin To Net: NetName=BAT+_F Pin=C60-1
Added Pin To Net: NetName=GND Pin=C60-2
Change Net Name : Old Net Name=NetC24_2 New Net Name=NetC23_2
Change Net Name : Old Net Name=NetC26_1 New Net Name=NetC25_1
Change Net Name : Old Net Name=NetC26_2 New Net Name=NetC25_2
Change Net Name : Old Net Name=NetC27_1 New Net Name=NetC26_1
Change Net Name : Old Net Name=NetC27_2 New Net Name=NetC26_2
Change Net Name : Old Net Name=NetC29_2 New Net Name=NetC28_2
Change Net Name : Old Net Name=NetC30_2 New Net Name=NetC29_2
Change Net Name : Old Net Name=NetC31_2 New Net Name=NetC30_2
Change Net Name : Old Net Name=NetC33_2 New Net Name=NetC32_2
Change Net Name : Old Net Name=NetC36_2 New Net Name=NetC35_2
Change Net Name : Old Net Name=NetC37_2 New Net Name=NetC36_2
Change Net Name : Old Net Name=NetC39_2 New Net Name=NetC38_2
Change Net Name : Old Net Name=NetC40_2 New Net Name=NetC39_2
Change Net Name : Old Net Name=NetC41_2 New Net Name=NetC40_2
Change Net Name : Old Net Name=NetC42_2 New Net Name=NetC41_2
Change Net Name : Old Net Name=NetC43_1 New Net Name=NetC42_1
Change Net Name : Old Net Name=NetC43_2 New Net Name=NetC42_2
Change Net Name : Old Net Name=NetC44_1 New Net Name=NetC43_1
Change Net Name : Old Net Name=NetC46_1 New Net Name=NetC45_1
Change Net Name : Old Net Name=NetC47_2 New Net Name=NetC46_2
Change Net Name : Old Net Name=NetC48_2 New Net Name=NetC47_2
Change Net Name : Old Net Name=NetC50_2 New Net Name=NetC49_2
Change Net Name : Old Net Name=NetC58_2 New Net Name=NetC57_2
Change Net Name : Old Net Name=NetC59_2 New Net Name=NetC58_2
Change Net Name : Old Net Name=NetC60_2 New Net Name=NetC61_2
Change Net Name : Old Net Name=NetC67_2 New Net Name=NetC68_2
Change Net Name : Old Net Name=NetC68_2 New Net Name=NetC69_2
Change Net Name : Old Net Name=NetC69_2 New Net Name=NetC70_2
Change Net Name : Old Net Name=NetC70_2 New Net Name=NetC71_2
Change Net Name : Old Net Name=NetC71_2 New Net Name=NetC72_2
Change Net Name : Old Net Name=NetC72_2 New Net Name=NetC73_2
Change Net Name : Old Net Name=NetC73_2 New Net Name=NetC74_2
Change Net Name : Old Net Name=NetC74_2 New Net Name=NetC75_2
Change Net Name : Old Net Name=NetC75_2 New Net Name=NetC76_2
Change Net Name : Old Net Name=NetC76_2 New Net Name=NetC77_2
Change Net Name : Old Net Name=NetC77_2 New Net Name=NetC78_2
Change Net Name : Old Net Name=NetC78_2 New Net Name=NetC79_2
Change Net Name : Old Net Name=NetC79_2 New Net Name=NetC80_2
Change Net Name : Old Net Name=NetC80_2 New Net Name=NetC81_2
Change Net Name : Old Net Name=NetC81_2 New Net Name=NetC82_2
Change Net Name : Old Net Name=NetC82_2 New Net Name=NetC83_2
Added Member To Class: ClassName=Main Member=Component C59 UCD1V221MNL1GS
Added Member To Class: ClassName=Main Member=Component C60 UCD1V221MNL1GS
Added Member To Class: ClassName=U_ToF_Bottom Member=Component C84 Cap0402
Added Member To Class: ClassName=U_ToF_Bottom Member=Component C85 Cap0402
Added Member To Class: ClassName=U_ToF_Bottom Member=Component C86 Cap0603
Added Member To Class: ClassName=U_ToF_Bottom Member=Component C87 Cap0402
Added Member To Class: ClassName=U_ToF_Bottom Member=Component IC9 TMF8806
Added Member To Class: ClassName=Main Member=Component R52 Res0402
Added Member To Class: ClassName=Main Member=Component R53 Res0402
Added Member To Class: ClassName=U_ADC+Temp Member=Component R54 Res0402
Added Member To Class: ClassName=U_ADC+Temp Member=Component R55 Res0402
Added Member To Class: ClassName=U_ADC+Temp Member=Component R56 Res0402
Added Member To Class: ClassName=U_ADC+Temp Member=Component R57 Res0402
Added Member To Class: ClassName=U_ADC+Temp Member=Component R58 Res0402
Added Member To Class: ClassName=U_ADC+Temp Member=Component R59 Res0402
Added Member To Class: ClassName=U_ADC+Temp Member=Component R60 Res0402
Added Member To Class: ClassName=U_ADC+Temp Member=Component R61 Res0402
Added Member To Class: ClassName=U_ADC+Temp Member=Component R62 Res0402
Added Member To Class: ClassName=U_ADC+Temp Member=Component R63 Res0402
Added Member To Class: ClassName=U_ADC+Temp Member=Component R64 Res0402
Added Member To Class: ClassName=U_ADC+Temp Member=Component R65 Res0402
Added Member To Class: ClassName=U_ADC+Temp Member=Component R66 Res0402
Added Member To Class: ClassName=U_ToF_Bottom Member=Component R69 Res0402
Added Member To Class: ClassName=U_ToF_Bottom Member=Component R70 Res0402
