Removed Pin From Net: NetName=UDB_D- Pin=D10-1
Removed Pin From Net: NetName=UDB_D+ Pin=D10-2
Removed Pin From Net: NetName=ESC_INLC1 Pin=D10-4
Removed Pin From Net: NetName=ESC_INHC1 Pin=D10-5
Removed Pin From Net: NetName=ESC_INLB1 Pin=D10-7
Removed Pin From Net: NetName=ESC_INHB1 Pin=D10-8
Removed Pin From Net: NetName=ESC_INLA1 Pin=D10-10
Removed Pin From Net: NetName=ESC_INHA1 Pin=D10-11
Removed Pin From Net: NetName=NetD9_11 Pin=J3-27
Removed Pin From Net: NetName=NetD9_10 Pin=J3-28
Removed Pin From Net: NetName=NetD9_8 Pin=J3-29
Removed Pin From Net: NetName=NetD9_7 Pin=J3-30
Removed Pin From Net: NetName=NetD9_5 Pin=J3-31
Removed Pin From Net: NetName=NetD9_4 Pin=J3-32
Removed Pin From Net: NetName=NetD9_2 Pin=J3-33
Removed Pin From Net: NetName=NetD9_1 Pin=J3-34
Added Pin To Net: NetName=ESC_INLC1 Pin=D10-1
Added Pin To Net: NetName=ESC_INHC1 Pin=D10-2
Added Pin To Net: NetName=ESC_INLB1 Pin=D10-4
Added Pin To Net: NetName=ESC_INHB1 Pin=D10-5
Added Pin To Net: NetName=ESC_INLA1 Pin=D10-7
Added Pin To Net: NetName=ESC_INHA1 Pin=D10-8
Added Pin To Net: NetName=UDB_D+ Pin=D11-1
Added Pin To Net: NetName=UDB_D- Pin=D12-1
Added Pin To Net: NetName=NetD9_11 Pin=J3-25
Added Pin To Net: NetName=NetD9_10 Pin=J3-26
Added Pin To Net: NetName=NetD9_8 Pin=J3-27
Added Pin To Net: NetName=NetD9_7 Pin=J3-28
Added Pin To Net: NetName=NetD9_5 Pin=J3-29
Added Pin To Net: NetName=NetD9_4 Pin=J3-30
Added Pin To Net: NetName=NetD9_2 Pin=J3-31
Added Pin To Net: NetName=NetD9_1 Pin=J3-32
Added Pin To Net: NetName=NetD10_10 Pin=D10-10
Added Pin To Net: NetName=NetD10_10 Pin=J3-34
Added Net: Name=NetD10_10
Added Pin To Net: NetName=NetD10_11 Pin=D10-11
Added Pin To Net: NetName=NetD10_11 Pin=J3-33
Added Net: Name=NetD10_11
Add Net: Net with name "VSYS" already exists
