Added Pin To Net: NetName=ESC_INLC_B Pin=D6-1
Added Pin To Net: NetName=ESC_INLB_B Pin=D6-2
Added Pin To Net: NetName=ESC_INHA_B Pin=D6-4
Added Pin To Net: NetName=BMS_PROCHOT Pin=D6-5
Added Pin To Net: NetName=ESC_NSCS_B Pin=D6-6
Added Pin To Net: NetName=ESC_INLA_B Pin=D6-7
Added Pin To Net: NetName=ESC_INHB_B Pin=D6-8
Added Pin To Net: NetName=ESC_INHC_B Pin=D6-9
Added Pin To Net: NetName=BMS_CHRG_OK Pin=D7-1
Added Pin To Net: NetName=CB_ALERT Pin=D7-2
Added Pin To Net: NetName=TOF_INT Pin=D7-4
Added Pin To Net: NetName=SDA Pin=D7-7
Added Pin To Net: NetName=SCL Pin=D7-8
Added Pin To Net: NetName=BMS_OTG/VAP Pin=D7-9
Added Pin To Net: NetName=ESC_INLC_B Pin=J3-1
Added Pin To Net: NetName=ESC_INHC_B Pin=J3-2
Added Pin To Net: NetName=ESC_INLB_B Pin=J3-3
Added Pin To Net: NetName=ESC_INHB_B Pin=J3-4
Added Pin To Net: NetName=ESC_INLA_B Pin=J3-5
Added Pin To Net: NetName=ESC_INHA_B Pin=J3-6
Added Pin To Net: NetName=ESC_NSCS_B Pin=J3-7
Added Pin To Net: NetName=BMS_PROCHOT Pin=J3-8
Added Pin To Net: NetName=BMS_CHRG_OK Pin=J3-9
Added Pin To Net: NetName=BMS_OTG/VAP Pin=J3-10
Added Pin To Net: NetName=CB_ALERT Pin=J3-11
Added Pin To Net: NetName=SCL Pin=J3-12
Added Pin To Net: NetName=SDA Pin=J3-13
Added Pin To Net: NetName=TOF_INT Pin=J3-14
Add Net: Net with name "VSYS" already exists
