Removed Pin From Net: NetName=GND Pin=C1A-1
Removed Pin From Net: NetName=+3V3 Pin=C1A-2
Removed Pin From Net: NetName=GND Pin=C1B-1
Removed Pin From Net: NetName=+3V3 Pin=C1B-2
Removed Pin From Net: NetName=GND Pin=C1C-1
Removed Pin From Net: NetName=+3V3 Pin=C1C-2
Removed Pin From Net: NetName=GND Pin=C1D-1
Removed Pin From Net: NetName=+3V3 Pin=C1D-2
Removed Pin From Net: NetName=BAT+_F Pin=C3A-1
Removed Pin From Net: NetName=BAT+_F Pin=C3B-1
Removed Pin From Net: NetName=BAT+_F Pin=C3C-1
Removed Pin From Net: NetName=BAT+_F Pin=C3D-1
Removed Pin From Net: NetName=GND Pin=C4A-1
Removed Pin From Net: NetName=GND Pin=C4B-1
Removed Pin From Net: NetName=GND Pin=C4C-1
Removed Pin From Net: NetName=GND Pin=C4D-1
Removed Pin From Net: NetName=+3V3 Pin=FB1A-1
Removed Pin From Net: NetName=+3V3 Pin=FB1B-1
Removed Pin From Net: NetName=+3V3 Pin=FB1C-1
Removed Pin From Net: NetName=+3V3 Pin=FB1D-1
Removed Pin From Net: NetName=ESC_SOC1 Pin=IC1A-21
Removed Pin From Net: NetName=ESC_SOB1 Pin=IC1A-22
Removed Pin From Net: NetName=ESC_SOA1 Pin=IC1A-23
Removed Pin From Net: NetName=ESC_SOC2 Pin=IC1B-21
Removed Pin From Net: NetName=ESC_SOB2 Pin=IC1B-22
Removed Pin From Net: NetName=ESC_SOA2 Pin=IC1B-23
Removed Pin From Net: NetName=ESC_SOC3 Pin=IC1C-21
Removed Pin From Net: NetName=ESC_SOB3 Pin=IC1C-22
Removed Pin From Net: NetName=ESC_SOA3 Pin=IC1C-23
Removed Pin From Net: NetName=ESC_SOC4 Pin=IC1D-21
Removed Pin From Net: NetName=ESC_SOB4 Pin=IC1D-22
Removed Pin From Net: NetName=ESC_SOA4 Pin=IC1D-23
Removed Pin From Net: NetName=ESC_INLC1 Pin=R1A-1
Removed Pin From Net: NetName=+3V3 Pin=R1A-2
Removed Pin From Net: NetName=+3V3 Pin=R1B-2
Removed Pin From Net: NetName=+3V3 Pin=R1C-2
Removed Pin From Net: NetName=+3V3 Pin=R1D-2
Removed Pin From Net: NetName=ESC_INLB1 Pin=R2A-1
Removed Pin From Net: NetName=+3V3 Pin=R2A-2
Removed Pin From Net: NetName=+3V3 Pin=R2B-2
Removed Pin From Net: NetName=+3V3 Pin=R2C-2
Removed Pin From Net: NetName=+3V3 Pin=R2D-2
Removed Pin From Net: NetName=ESC_INLA1 Pin=R3A-1
Removed Pin From Net: NetName=+3V3 Pin=R3A-2
Removed Pin From Net: NetName=+3V3 Pin=R3B-2
Removed Pin From Net: NetName=+3V3 Pin=R3C-2
Removed Pin From Net: NetName=+3V3 Pin=R3D-2
Removed Pin From Net: NetName=+3V3 Pin=R4A-2
Removed Pin From Net: NetName=+3V3 Pin=R4B-2
Removed Pin From Net: NetName=+3V3 Pin=R4C-2
Removed Pin From Net: NetName=+3V3 Pin=R4D-2
Removed Pin From Net: NetName=ESC_NFAULT Pin=R5A-1
Removed Pin From Net: NetName=+3V3 Pin=R5A-2
Removed Pin From Net: NetName=ESC_NFAULT Pin=R5B-1
Removed Pin From Net: NetName=+3V3 Pin=R5B-2
Removed Pin From Net: NetName=ESC_NFAULT Pin=R5C-1
Removed Pin From Net: NetName=+3V3 Pin=R5C-2
Removed Pin From Net: NetName=ESC_NFAULT Pin=R5D-1
Removed Pin From Net: NetName=+3V3 Pin=R5D-2
Removed Pin From Net: NetName=ESC_SDO Pin=R6A-1
Removed Pin From Net: NetName=+3V3 Pin=R6A-2
Removed Pin From Net: NetName=ESC_SDO Pin=R6B-1
Removed Pin From Net: NetName=+3V3 Pin=R6B-2
Removed Pin From Net: NetName=ESC_SDO Pin=R6C-1
Removed Pin From Net: NetName=+3V3 Pin=R6C-2
Removed Pin From Net: NetName=ESC_SDO Pin=R6D-1
Removed Pin From Net: NetName=+3V3 Pin=R6D-2
Removed Pin From Net: NetName=ESC_NSCS1 Pin=R7A-1
Removed Pin From Net: NetName=+3V3 Pin=R7A-2
Removed Pin From Net: NetName=+3V3 Pin=R7B-2
Removed Pin From Net: NetName=+3V3 Pin=R7C-2
Removed Pin From Net: NetName=+3V3 Pin=R7D-2
Removed Pin From Net: NetName=ESC_ENABLE Pin=R8A-1
Removed Pin From Net: NetName=+3V3 Pin=R8A-2
Removed Pin From Net: NetName=ESC_ENABLE Pin=R8B-1
Removed Pin From Net: NetName=+3V3 Pin=R8B-2
Removed Pin From Net: NetName=ESC_ENABLE Pin=R8C-1
Removed Pin From Net: NetName=+3V3 Pin=R8C-2
Removed Pin From Net: NetName=ESC_ENABLE Pin=R8D-1
Removed Pin From Net: NetName=+3V3 Pin=R8D-2
Removed Pin From Net: NetName=GND Pin=R9A-1
Removed Pin From Net: NetName=GND Pin=R9B-1
Removed Pin From Net: NetName=GND Pin=R9C-1
Removed Pin From Net: NetName=GND Pin=R9D-1
Removed Member From Class: ClassName=U_USB Member=C39
Removed Member From Class: ClassName=U_USB Member=C40
Removed Member From Class: ClassName=U_USB Member=C41
Removed Member From Class: ClassName=U_USB Member=C42
Removed Member From Class: ClassName=Main Member=C49
Removed Member From Class: ClassName=U_ADC+Temp Member=C49
Removed Member From Class: ClassName=Main Member=C50
Removed Member From Class: ClassName=U_ADC+Temp Member=C51
Removed Member From Class: ClassName=U_ADC+Temp Member=C52
Removed Member From Class: ClassName=U_ADC+Temp Member=C54
Removed Member From Class: ClassName=U_ESC_A Member=C74
Removed Member From Class: ClassName=U_ToF_Bottom Member=C74
Removed Member From Class: ClassName=U_ESC_A Member=C75
Removed Member From Class: ClassName=U_ToF_Bottom Member=C75
Removed Member From Class: ClassName=U_ESC_A Member=C76
Removed Member From Class: ClassName=U_ToF_Bottom Member=C76
Removed Member From Class: ClassName=U_ESC_A Member=C77
Removed Member From Class: ClassName=U_ToF_Bottom Member=C77
Removed Member From Class: ClassName=U_ESC_A Member=FB15
Removed Member From Class: ClassName=U_ADC+Temp Member=IC3
Removed Member From Class: ClassName=U_ESC_A Member=IC7
Removed Member From Class: ClassName=U_ToF_Bottom Member=IC7
Removed Member From Class: ClassName=U_ADC+Temp Member=R21
Removed Member From Class: ClassName=U_USB Member=R21
Removed Member From Class: ClassName=U_ADC+Temp Member=R22
Removed Member From Class: ClassName=U_USB Member=R22
Removed Member From Class: ClassName=U_USB Member=R23
Removed Member From Class: ClassName=U_USB Member=R24
Removed Member From Class: ClassName=U_USB Member=R25
Removed Member From Class: ClassName=U_USB Member=R26
Removed Member From Class: ClassName=U_USB Member=R27
Removed Member From Class: ClassName=U_USB Member=R28
Removed Member From Class: ClassName=U_ADC+Temp Member=R29
Removed Member From Class: ClassName=U_ADC+Temp Member=R30
Removed Member From Class: ClassName=U_ADC+Temp Member=R31
Removed Member From Class: ClassName=U_ADC+Temp Member=R32
Removed Member From Class: ClassName=U_ADC+Temp Member=R35
Removed Member From Class: ClassName=U_ADC+Temp Member=R36
Removed Member From Class: ClassName=U_ADC+Temp Member=R37
Removed Member From Class: ClassName=U_ADC+Temp Member=R38
Removed Member From Class: ClassName=U_ADC+Temp Member=R39
Removed Member From Class: ClassName=U_ADC+Temp Member=R40
Removed Member From Class: ClassName=U_ESC_A Member=R44
Removed Member From Class: ClassName=U_ToF_Bottom Member=R44
Removed Member From Class: ClassName=U_ToF_Bottom Member=R45
Removed Member From Class: ClassName=U_ESC_A Member=R46
Removed Member From Class: ClassName=U_FC_Conn Member=R46
Removed Member From Class: ClassName=U_ESC_A Member=R47
Removed Member From Class: ClassName=U_ESC_A Member=R48
Removed Member From Class: ClassName=U_ESC_A Member=R49
Removed Member From Class: ClassName=U_ESC_A Member=R50
Removed Member From Class: ClassName=U_ESC_A Member=R51
Removed Member From Class: ClassName=U_ESC_A Member=R52
Removed Member From Class: ClassName=U_ESC_A Member=R53
Removed Member From Class: ClassName=U_ESC_A Member=R54
Removed Member From Class: ClassName=U_ESC_A Member=R55
Removed Member From Class: ClassName=U_ESC_A Member=R57
Change Component Designator: OldDesignator=C5 NewDesignator=C1
Change Component Designator: OldDesignator=C6 NewDesignator=C2
Change Component Designator: OldDesignator=C7 NewDesignator=C3
Change Component Designator: OldDesignator=C8 NewDesignator=C4
Change Component Designator: OldDesignator=C9 NewDesignator=C5
Change Component Designator: OldDesignator=C10 NewDesignator=C6
Change Component Designator: OldDesignator=C11 NewDesignator=C7
Change Component Designator: OldDesignator=C12 NewDesignator=C8
Change Component Designator: OldDesignator=C13 NewDesignator=C9
Change Component Designator: OldDesignator=C14 NewDesignator=C10
Change Component Designator: OldDesignator=C15 NewDesignator=C11
Change Component Designator: OldDesignator=C16 NewDesignator=C12
Change Component Designator: OldDesignator=C17 NewDesignator=C13
Change Component Designator: OldDesignator=C18 NewDesignator=C14
Change Component Designator: OldDesignator=C19 NewDesignator=C15
Change Component Designator: OldDesignator=C20 NewDesignator=C16
Change Component Designator: OldDesignator=C21 NewDesignator=C17
Change Component Designator: OldDesignator=C22 NewDesignator=C18
Change Component Designator: OldDesignator=C23 NewDesignator=C19
Change Component Designator: OldDesignator=C24 NewDesignator=C20
Change Component Designator: OldDesignator=C25 NewDesignator=C21
Change Component Designator: OldDesignator=C26 NewDesignator=C22
Change Component Designator: OldDesignator=C27 NewDesignator=C23
Change Component Designator: OldDesignator=C28 NewDesignator=C24
Change Component Designator: OldDesignator=C29 NewDesignator=C25
Change Component Designator: OldDesignator=C30 NewDesignator=C26
Change Component Designator: OldDesignator=C31 NewDesignator=C27
Change Component Designator: OldDesignator=C32 NewDesignator=C28
Change Component Designator: OldDesignator=C33 NewDesignator=C29
Change Component Designator: OldDesignator=C34 NewDesignator=C30
Change Component Designator: OldDesignator=C35 NewDesignator=C31
Change Component Designator: OldDesignator=C36 NewDesignator=C32
Change Component Designator: OldDesignator=C37 NewDesignator=C33
Change Component Designator: OldDesignator=C38 NewDesignator=C34
Change Component Designator: OldDesignator=C39 NewDesignator=C35
Change Component Designator: OldDesignator=C40 NewDesignator=C36
Change Component Designator: OldDesignator=C41 NewDesignator=C37
Change Component Designator: OldDesignator=C42 NewDesignator=C38
Change Component Designator: OldDesignator=C43 NewDesignator=C39
Change Component Designator: OldDesignator=C44 NewDesignator=C40
Change Component Designator: OldDesignator=C45 NewDesignator=C41
Change Component Designator: OldDesignator=C46 NewDesignator=C42
Change Component Designator: OldDesignator=C47 NewDesignator=C43
Change Component Designator: OldDesignator=C48 NewDesignator=C44
Change Component Designator: OldDesignator=C49 NewDesignator=C45
Change Component Designator: OldDesignator=C50 NewDesignator=C46
Change Component Designator: OldDesignator=C51 NewDesignator=C47
Change Component Designator: OldDesignator=C52 NewDesignator=C48
Change Component Designator: OldDesignator=C53 NewDesignator=C49
Change Component Designator: OldDesignator=C54 NewDesignator=C50
Change Component Designator: OldDesignator=C55 NewDesignator=C51
Change Component Designator: OldDesignator=C56 NewDesignator=C52
Change Component Designator: OldDesignator=C57 NewDesignator=C53
Change Component Designator: OldDesignator=C58 NewDesignator=C54
Change Component Designator: OldDesignator=C59 NewDesignator=C55
Change Component Designator: OldDesignator=C60 NewDesignator=C56
Change Component Designator: OldDesignator=C61 NewDesignator=C57
Change Component Designator: OldDesignator=C62 NewDesignator=C58
Change Component Designator: OldDesignator=C63 NewDesignator=C59
Change Component Designator: OldDesignator=C64 NewDesignator=C60
Change Component Designator: OldDesignator=C65 NewDesignator=C61
Change Component Designator: OldDesignator=C66 NewDesignator=C62
Change Component Designator: OldDesignator=C67 NewDesignator=C63
Change Component Designator: OldDesignator=C68 NewDesignator=C64
Change Component Designator: OldDesignator=C69 NewDesignator=C65
Change Component Designator: OldDesignator=C70 NewDesignator=C66
Change Component Designator: OldDesignator=C71 NewDesignator=C67
Change Component Designator: OldDesignator=C72 NewDesignator=C68
Change Component Designator: OldDesignator=C73 NewDesignator=C69
Change Component Designator: OldDesignator=C74 NewDesignator=C70
Change Component Designator: OldDesignator=C75 NewDesignator=C71
Change Component Designator: OldDesignator=C76 NewDesignator=C72
Change Component Designator: OldDesignator=C77 NewDesignator=C73
Change Component Designator: OldDesignator=C78 NewDesignator=C74
Change Component Designator: OldDesignator=C79 NewDesignator=C75
Change Component Designator: OldDesignator=C80 NewDesignator=C76
Change Component Designator: OldDesignator=C81 NewDesignator=C77
Change Component Designator: OldDesignator=C82 NewDesignator=C78
Change Component Designator: OldDesignator=C83 NewDesignator=C79
Change Component Designator: OldDesignator=C84 NewDesignator=C80
Change Component Designator: OldDesignator=C85 NewDesignator=C81
Change Component Designator: OldDesignator=FB2 NewDesignator=FB1
Change Component Designator: OldDesignator=FB3 NewDesignator=FB2
Change Component Designator: OldDesignator=FB4 NewDesignator=FB3
Change Component Designator: OldDesignator=FB5 NewDesignator=FB4
Change Component Designator: OldDesignator=FB6 NewDesignator=FB5
Change Component Designator: OldDesignator=FB7 NewDesignator=FB6
Change Component Designator: OldDesignator=FB8 NewDesignator=FB7
Change Component Designator: OldDesignator=FB9 NewDesignator=FB8
Change Component Designator: OldDesignator=FB10 NewDesignator=FB9
Change Component Designator: OldDesignator=FB11 NewDesignator=FB10
Change Component Designator: OldDesignator=FB12 NewDesignator=FB11
Change Component Designator: OldDesignator=FB13 NewDesignator=FB12
Change Component Designator: OldDesignator=FB14 NewDesignator=FB13
Change Component Designator: OldDesignator=FB15 NewDesignator=FB14
Change Component Designator: OldDesignator=FB16 NewDesignator=FB15
Change Component Designator: OldDesignator=FB17 NewDesignator=FB16
Change Component Designator: OldDesignator=IC1A NewDesignator=IC9
Change Component Designator: OldDesignator=IC1B NewDesignator=IC10
Change Component Designator: OldDesignator=IC1C NewDesignator=IC11
Change Component Designator: OldDesignator=IC1D NewDesignator=IC12
Change Component Designator: OldDesignator=IC2 NewDesignator=IC1
Change Component Designator: OldDesignator=IC3 NewDesignator=IC2
Change Component Designator: OldDesignator=IC4 NewDesignator=IC3
Change Component Designator: OldDesignator=IC5 NewDesignator=IC4
Change Component Designator: OldDesignator=IC6 NewDesignator=IC5
Change Component Designator: OldDesignator=IC7 NewDesignator=IC6
Change Component Designator: OldDesignator=IC8 NewDesignator=IC7
Change Component Designator: OldDesignator=IC9 NewDesignator=IC8
Change Component Designator: OldDesignator=M1 NewDesignator=M5
Change Component Designator: OldDesignator=M2 NewDesignator=M6
Change Component Designator: OldDesignator=M3 NewDesignator=M1
Change Component Designator: OldDesignator=M4 NewDesignator=M2
Change Component Designator: OldDesignator=M5 NewDesignator=M3
Change Component Designator: OldDesignator=M6 NewDesignator=M4
Change Component Designator: OldDesignator=Q1A NewDesignator=Q6
Change Component Designator: OldDesignator=Q1B NewDesignator=Q12
Change Component Designator: OldDesignator=Q1C NewDesignator=Q18
Change Component Designator: OldDesignator=Q1D NewDesignator=Q24
Change Component Designator: OldDesignator=Q2A NewDesignator=Q7
Change Component Designator: OldDesignator=Q2B NewDesignator=Q13
Change Component Designator: OldDesignator=Q2C NewDesignator=Q19
Change Component Designator: OldDesignator=Q2D NewDesignator=Q25
Change Component Designator: OldDesignator=Q3A NewDesignator=Q8
Change Component Designator: OldDesignator=Q3B NewDesignator=Q14
Change Component Designator: OldDesignator=Q3C NewDesignator=Q20
Change Component Designator: OldDesignator=Q3D NewDesignator=Q26
Change Component Designator: OldDesignator=Q4A NewDesignator=Q9
Change Component Designator: OldDesignator=Q4B NewDesignator=Q15
Change Component Designator: OldDesignator=Q4C NewDesignator=Q21
Change Component Designator: OldDesignator=Q4D NewDesignator=Q27
Change Component Designator: OldDesignator=Q5A NewDesignator=Q10
Change Component Designator: OldDesignator=Q5B NewDesignator=Q16
Change Component Designator: OldDesignator=Q5C NewDesignator=Q22
Change Component Designator: OldDesignator=Q5D NewDesignator=Q28
Change Component Designator: OldDesignator=Q6A NewDesignator=Q11
Change Component Designator: OldDesignator=Q6B NewDesignator=Q17
Change Component Designator: OldDesignator=Q6C NewDesignator=Q23
Change Component Designator: OldDesignator=Q6D NewDesignator=Q29
Change Component Designator: OldDesignator=Q7 NewDesignator=Q1
Change Component Designator: OldDesignator=Q8 NewDesignator=Q2
Change Component Designator: OldDesignator=Q9 NewDesignator=Q3
Change Component Designator: OldDesignator=Q10 NewDesignator=Q4
Change Component Designator: OldDesignator=Q11 NewDesignator=Q5
Change Component Designator: OldDesignator=R10A NewDesignator=R68
Change Component Designator: OldDesignator=R10B NewDesignator=R80
Change Component Designator: OldDesignator=R10C NewDesignator=R92
Change Component Designator: OldDesignator=R10D NewDesignator=R104
Change Component Designator: OldDesignator=R11A NewDesignator=R69
Change Component Designator: OldDesignator=R11B NewDesignator=R81
Change Component Designator: OldDesignator=R11C NewDesignator=R93
Change Component Designator: OldDesignator=R11D NewDesignator=R105
Change Component Designator: OldDesignator=R12A NewDesignator=R70
Change Component Designator: OldDesignator=R12B NewDesignator=R82
Change Component Designator: OldDesignator=R12C NewDesignator=R94
Change Component Designator: OldDesignator=R12D NewDesignator=R106
Change Component Designator: OldDesignator=R13 NewDesignator=R1
Change Component Designator: OldDesignator=R14 NewDesignator=R2
Change Component Designator: OldDesignator=R15 NewDesignator=R3
Change Component Designator: OldDesignator=R16 NewDesignator=R4
Change Component Designator: OldDesignator=R17 NewDesignator=R5
Change Component Designator: OldDesignator=R18 NewDesignator=R6
Change Component Designator: OldDesignator=R19 NewDesignator=R7
Change Component Designator: OldDesignator=R20 NewDesignator=R8
Change Component Designator: OldDesignator=R21 NewDesignator=R9
Change Component Designator: OldDesignator=R22 NewDesignator=R10
Change Component Designator: OldDesignator=R23 NewDesignator=R11
Change Component Designator: OldDesignator=R24 NewDesignator=R12
Change Component Designator: OldDesignator=R25 NewDesignator=R13
Change Component Designator: OldDesignator=R26 NewDesignator=R14
Change Component Designator: OldDesignator=R27 NewDesignator=R15
Change Component Designator: OldDesignator=R28 NewDesignator=R16
Change Component Designator: OldDesignator=R29 NewDesignator=R17
Change Component Designator: OldDesignator=R30 NewDesignator=R18
Change Component Designator: OldDesignator=R31 NewDesignator=R19
Change Component Designator: OldDesignator=R32 NewDesignator=R20
Change Component Designator: OldDesignator=R33 NewDesignator=R21
Change Component Designator: OldDesignator=R34 NewDesignator=R22
Change Component Designator: OldDesignator=R35 NewDesignator=R23
Change Component Designator: OldDesignator=R36 NewDesignator=R24
Change Component Designator: OldDesignator=R37 NewDesignator=R25
Change Component Designator: OldDesignator=R38 NewDesignator=R26
Change Component Designator: OldDesignator=R39 NewDesignator=R27
Change Component Designator: OldDesignator=R40 NewDesignator=R28
Change Component Designator: OldDesignator=R41 NewDesignator=R29
Change Component Designator: OldDesignator=R42 NewDesignator=R30
Change Component Designator: OldDesignator=R43 NewDesignator=R31
Change Component Designator: OldDesignator=R44 NewDesignator=R32
Change Component Designator: OldDesignator=R45 NewDesignator=R33
Change Component Designator: OldDesignator=R46 NewDesignator=R34
Change Component Designator: OldDesignator=R47 NewDesignator=R35
Change Component Designator: OldDesignator=R48 NewDesignator=R36
Change Component Designator: OldDesignator=R49 NewDesignator=R37
Change Component Designator: OldDesignator=R50 NewDesignator=R38
Change Component Designator: OldDesignator=R51 NewDesignator=R39
Change Component Designator: OldDesignator=R52 NewDesignator=R40
Change Component Designator: OldDesignator=R53 NewDesignator=R41
Change Component Designator: OldDesignator=R54 NewDesignator=R42
Change Component Designator: OldDesignator=R55 NewDesignator=R43
Change Component Designator: OldDesignator=R56 NewDesignator=R44
Change Component Designator: OldDesignator=R57 NewDesignator=R45
Change Component Designator: OldDesignator=R58 NewDesignator=R46
Change Component Designator: OldDesignator=R59 NewDesignator=R47
Change Component Designator: OldDesignator=R60 NewDesignator=R48
Change Component Designator: OldDesignator=R61 NewDesignator=R49
Change Component Designator: OldDesignator=R62 NewDesignator=R50
Change Component Designator: OldDesignator=R63 NewDesignator=R51
Change Component Designator: OldDesignator=R64 NewDesignator=R52
Change Component Designator: OldDesignator=R65 NewDesignator=R53
Change Component Designator: OldDesignator=R66 NewDesignator=R54
Change Component Designator: OldDesignator=R67 NewDesignator=R55
Change Component Designator: OldDesignator=R68 NewDesignator=R56
Change Component Designator: OldDesignator=R69 NewDesignator=R57
Change Component Designator: OldDesignator=R70 NewDesignator=R58
Added Component: Designator=C82(CAP0402)
Add component (AddParameter): Name = "Value"; Value = "1uF"; VariantName = "[No Variations]"
Add component (AddParameter): Name = "Voltage"; Value = "val"; VariantName = "[No Variations]"
Added Component: Designator=C83(CAP0603)
Add component (AddParameter): Name = "LatestRevisionDate"; Value = "29-May-2009"; VariantName = "[No Variations]"
Add component (AddParameter): Name = "LatestRevisionNote"; Value = "IPC-7351 Footprint Added."; VariantName = "[No Variations]"
Add component (AddParameter): Name = "PackageDescription"; Value = "Chip Capacitor"; VariantName = "[No Variations]"
Add component (AddParameter): Name = "PackageReference"; Value = "C1206"; VariantName = "[No Variations]"
Add component (AddParameter): Name = "Published"; Value = "8-Jun-2000"; VariantName = "[No Variations]"
Add component (AddParameter): Name = "Publisher"; Value = "Altium Limited"; VariantName = "[No Variations]"
Add component (AddParameter): Name = "Value"; Value = "47nF"; VariantName = "[No Variations]"
Added Component: Designator=C84(CAP0603)
Add component (AddParameter): Name = "LatestRevisionDate"; Value = "29-May-2009"; VariantName = "[No Variations]"
Add component (AddParameter): Name = "LatestRevisionNote"; Value = "IPC-7351 Footprint Added."; VariantName = "[No Variations]"
Add component (AddParameter): Name = "PackageDescription"; Value = "Chip Capacitor"; VariantName = "[No Variations]"
Add component (AddParameter): Name = "PackageReference"; Value = "C1206"; VariantName = "[No Variations]"
Add component (AddParameter): Name = "Published"; Value = "8-Jun-2000"; VariantName = "[No Variations]"
Add component (AddParameter): Name = "Publisher"; Value = "Altium Limited"; VariantName = "[No Variations]"
Add component (AddParameter): Name = "Value"; Value = "1uF"; VariantName = "[No Variations]"
Added Component: Designator=C85(CAP0402)
Add component (AddParameter): Name = "Value"; Value = "100nF"; VariantName = "[No Variations]"
Add component (AddParameter): Name = "Voltage"; Value = "6V3"; VariantName = "[No Variations]"
Added Component: Designator=C86(CAP0402)
Add component (AddParameter): Name = "Value"; Value = "1uF"; VariantName = "[No Variations]"
Add component (AddParameter): Name = "Voltage"; Value = "val"; VariantName = "[No Variations]"
Added Component: Designator=C87(CAP0603)
Add component (AddParameter): Name = "LatestRevisionDate"; Value = "29-May-2009"; VariantName = "[No Variations]"
Add component (AddParameter): Name = "LatestRevisionNote"; Value = "IPC-7351 Footprint Added."; VariantName = "[No Variations]"
Add component (AddParameter): Name = "PackageDescription"; Value = "Chip Capacitor"; VariantName = "[No Variations]"
Add component (AddParameter): Name = "PackageReference"; Value = "C1206"; VariantName = "[No Variations]"
Add component (AddParameter): Name = "Published"; Value = "8-Jun-2000"; VariantName = "[No Variations]"
Add component (AddParameter): Name = "Publisher"; Value = "Altium Limited"; VariantName = "[No Variations]"
Add component (AddParameter): Name = "Value"; Value = "47nF"; VariantName = "[No Variations]"
Added Component: Designator=C88(CAP0603)
Add component (AddParameter): Name = "LatestRevisionDate"; Value = "29-May-2009"; VariantName = "[No Variations]"
Add component (AddParameter): Name = "LatestRevisionNote"; Value = "IPC-7351 Footprint Added."; VariantName = "[No Variations]"
Add component (AddParameter): Name = "PackageDescription"; Value = "Chip Capacitor"; VariantName = "[No Variations]"
Add component (AddParameter): Name = "PackageReference"; Value = "C1206"; VariantName = "[No Variations]"
Add component (AddParameter): Name = "Published"; Value = "8-Jun-2000"; VariantName = "[No Variations]"
Add component (AddParameter): Name = "Publisher"; Value = "Altium Limited"; VariantName = "[No Variations]"
Add component (AddParameter): Name = "Value"; Value = "1uF"; VariantName = "[No Variations]"
Added Component: Designator=C89(CAP0402)
Add component (AddParameter): Name = "Value"; Value = "100nF"; VariantName = "[No Variations]"
Add component (AddParameter): Name = "Voltage"; Value = "6V3"; VariantName = "[No Variations]"
Added Component: Designator=C90(CAP0402)
Add component (AddParameter): Name = "Value"; Value = "1uF"; VariantName = "[No Variations]"
Add component (AddParameter): Name = "Voltage"; Value = "val"; VariantName = "[No Variations]"
Added Component: Designator=C91(CAP0603)
Add component (AddParameter): Name = "LatestRevisionDate"; Value = "29-May-2009"; VariantName = "[No Variations]"
Add component (AddParameter): Name = "LatestRevisionNote"; Value = "IPC-7351 Footprint Added."; VariantName = "[No Variations]"
Add component (AddParameter): Name = "PackageDescription"; Value = "Chip Capacitor"; VariantName = "[No Variations]"
Add component (AddParameter): Name = "PackageReference"; Value = "C1206"; VariantName = "[No Variations]"
Add component (AddParameter): Name = "Published"; Value = "8-Jun-2000"; VariantName = "[No Variations]"
Add component (AddParameter): Name = "Publisher"; Value = "Altium Limited"; VariantName = "[No Variations]"
Add component (AddParameter): Name = "Value"; Value = "47nF"; VariantName = "[No Variations]"
Added Component: Designator=C92(CAP0603)
Add component (AddParameter): Name = "LatestRevisionDate"; Value = "29-May-2009"; VariantName = "[No Variations]"
Add component (AddParameter): Name = "LatestRevisionNote"; Value = "IPC-7351 Footprint Added."; VariantName = "[No Variations]"
Add component (AddParameter): Name = "PackageDescription"; Value = "Chip Capacitor"; VariantName = "[No Variations]"
Add component (AddParameter): Name = "PackageReference"; Value = "C1206"; VariantName = "[No Variations]"
Add component (AddParameter): Name = "Published"; Value = "8-Jun-2000"; VariantName = "[No Variations]"
Add component (AddParameter): Name = "Publisher"; Value = "Altium Limited"; VariantName = "[No Variations]"
Add component (AddParameter): Name = "Value"; Value = "1uF"; VariantName = "[No Variations]"
Added Component: Designator=C93(CAP0402)
Add component (AddParameter): Name = "Value"; Value = "100nF"; VariantName = "[No Variations]"
Add component (AddParameter): Name = "Voltage"; Value = "6V3"; VariantName = "[No Variations]"
Added Component: Designator=C94(CAP0402)
Add component (AddParameter): Name = "Value"; Value = "1uF"; VariantName = "[No Variations]"
Add component (AddParameter): Name = "Voltage"; Value = "val"; VariantName = "[No Variations]"
Added Component: Designator=C95(CAP0603)
Add component (AddParameter): Name = "LatestRevisionDate"; Value = "29-May-2009"; VariantName = "[No Variations]"
Add component (AddParameter): Name = "LatestRevisionNote"; Value = "IPC-7351 Footprint Added."; VariantName = "[No Variations]"
Add component (AddParameter): Name = "PackageDescription"; Value = "Chip Capacitor"; VariantName = "[No Variations]"
Add component (AddParameter): Name = "PackageReference"; Value = "C1206"; VariantName = "[No Variations]"
Add component (AddParameter): Name = "Published"; Value = "8-Jun-2000"; VariantName = "[No Variations]"
Add component (AddParameter): Name = "Publisher"; Value = "Altium Limited"; VariantName = "[No Variations]"
Add component (AddParameter): Name = "Value"; Value = "47nF"; VariantName = "[No Variations]"
Added Component: Designator=C96(CAP0603)
Add component (AddParameter): Name = "LatestRevisionDate"; Value = "29-May-2009"; VariantName = "[No Variations]"
Add component (AddParameter): Name = "LatestRevisionNote"; Value = "IPC-7351 Footprint Added."; VariantName = "[No Variations]"
Add component (AddParameter): Name = "PackageDescription"; Value = "Chip Capacitor"; VariantName = "[No Variations]"
Add component (AddParameter): Name = "PackageReference"; Value = "C1206"; VariantName = "[No Variations]"
Add component (AddParameter): Name = "Published"; Value = "8-Jun-2000"; VariantName = "[No Variations]"
Add component (AddParameter): Name = "Publisher"; Value = "Altium Limited"; VariantName = "[No Variations]"
Add component (AddParameter): Name = "Value"; Value = "1uF"; VariantName = "[No Variations]"
Added Component: Designator=C97(CAP0402)
Add component (AddParameter): Name = "Value"; Value = "100nF"; VariantName = "[No Variations]"
Add component (AddParameter): Name = "Voltage"; Value = "6V3"; VariantName = "[No Variations]"
Added Component: Designator=FB17(NFZ15SG152SN10B)
Add component (AddParameter): Name = "Arrow Part Number"; Value = ""; VariantName = "[No Variations]"
Add component (AddParameter): Name = "Arrow Price/Stock"; Value = ""; VariantName = "[No Variations]"
Add component (AddParameter): Name = "Datasheet Link"; Value = "https://www.murata.com/en-global/products/productdetail.aspx?cate=luNoiseSupprFilteChipFerriBead&partno=BLM15PE471SH1%23"; VariantName = "[No Variations]"
Add component (AddParameter): Name = "Height"; Value = "0.55mm"; VariantName = "[No Variations]"
Add component (AddParameter): Name = "Manufacturer_Name"; Value = "Murata Electronics"; VariantName = "[No Variations]"
Add component (AddParameter): Name = "Manufacturer_Part_Number"; Value = "BLM15PE471SH1D"; VariantName = "[No Variations]"
Add component (AddParameter): Name = "Mouser Part Number"; Value = "81-BLM15PE471SH1D"; VariantName = "[No Variations]"
Add component (AddParameter): Name = "Mouser Price/Stock"; Value = "https://www.mouser.co.uk/ProductDetail/Murata-Electronics/BLM15PE471SH1D?qs=DRkmTr78QATAY5qAVx1hGA%3D%3D"; VariantName = "[No Variations]"
Added Component: Designator=FB18(NFZ15SG152SN10B)
Add component (AddParameter): Name = "Arrow Part Number"; Value = ""; VariantName = "[No Variations]"
Add component (AddParameter): Name = "Arrow Price/Stock"; Value = ""; VariantName = "[No Variations]"
Add component (AddParameter): Name = "Datasheet Link"; Value = "https://www.murata.com/en-global/products/productdetail.aspx?cate=luNoiseSupprFilteChipFerriBead&partno=BLM15PE471SH1%23"; VariantName = "[No Variations]"
Add component (AddParameter): Name = "Height"; Value = "0.55mm"; VariantName = "[No Variations]"
Add component (AddParameter): Name = "Manufacturer_Name"; Value = "Murata Electronics"; VariantName = "[No Variations]"
Add component (AddParameter): Name = "Manufacturer_Part_Number"; Value = "BLM15PE471SH1D"; VariantName = "[No Variations]"
Add component (AddParameter): Name = "Mouser Part Number"; Value = "81-BLM15PE471SH1D"; VariantName = "[No Variations]"
Add component (AddParameter): Name = "Mouser Price/Stock"; Value = "https://www.mouser.co.uk/ProductDetail/Murata-Electronics/BLM15PE471SH1D?qs=DRkmTr78QATAY5qAVx1hGA%3D%3D"; VariantName = "[No Variations]"
Added Component: Designator=FB19(NFZ15SG152SN10B)
Add component (AddParameter): Name = "Arrow Part Number"; Value = ""; VariantName = "[No Variations]"
Add component (AddParameter): Name = "Arrow Price/Stock"; Value = ""; VariantName = "[No Variations]"
Add component (AddParameter): Name = "Datasheet Link"; Value = "https://www.murata.com/en-global/products/productdetail.aspx?cate=luNoiseSupprFilteChipFerriBead&partno=BLM15PE471SH1%23"; VariantName = "[No Variations]"
Add component (AddParameter): Name = "Height"; Value = "0.55mm"; VariantName = "[No Variations]"
Add component (AddParameter): Name = "Manufacturer_Name"; Value = "Murata Electronics"; VariantName = "[No Variations]"
Add component (AddParameter): Name = "Manufacturer_Part_Number"; Value = "BLM15PE471SH1D"; VariantName = "[No Variations]"
Add component (AddParameter): Name = "Mouser Part Number"; Value = "81-BLM15PE471SH1D"; VariantName = "[No Variations]"
Add component (AddParameter): Name = "Mouser Price/Stock"; Value = "https://www.mouser.co.uk/ProductDetail/Murata-Electronics/BLM15PE471SH1D?qs=DRkmTr78QATAY5qAVx1hGA%3D%3D"; VariantName = "[No Variations]"
Added Component: Designator=FB20(NFZ15SG152SN10B)
Add component (AddParameter): Name = "Arrow Part Number"; Value = ""; VariantName = "[No Variations]"
Add component (AddParameter): Name = "Arrow Price/Stock"; Value = ""; VariantName = "[No Variations]"
Add component (AddParameter): Name = "Datasheet Link"; Value = "https://www.murata.com/en-global/products/productdetail.aspx?cate=luNoiseSupprFilteChipFerriBead&partno=BLM15PE471SH1%23"; VariantName = "[No Variations]"
Add component (AddParameter): Name = "Height"; Value = "0.55mm"; VariantName = "[No Variations]"
Add component (AddParameter): Name = "Manufacturer_Name"; Value = "Murata Electronics"; VariantName = "[No Variations]"
Add component (AddParameter): Name = "Manufacturer_Part_Number"; Value = "BLM15PE471SH1D"; VariantName = "[No Variations]"
Add component (AddParameter): Name = "Mouser Part Number"; Value = "81-BLM15PE471SH1D"; VariantName = "[No Variations]"
Add component (AddParameter): Name = "Mouser Price/Stock"; Value = "https://www.mouser.co.uk/ProductDetail/Murata-Electronics/BLM15PE471SH1D?qs=DRkmTr78QATAY5qAVx1hGA%3D%3D"; VariantName = "[No Variations]"
Added Component: Designator=R59(RES0402)
Add component (AddParameter): Name = "Value"; Value = "50k"; VariantName = "[No Variations]"
Added Component: Designator=R60(RES0402)
Add component (AddParameter): Name = "Value"; Value = "50k"; VariantName = "[No Variations]"
Added Component: Designator=R61(RES0402)
Add component (AddParameter): Name = "Value"; Value = "50k"; VariantName = "[No Variations]"
Added Component: Designator=R62(RES0402)
Add component (AddParameter): Name = "Value"; Value = "10k"; VariantName = "[No Variations]"
Added Component: Designator=R63(RES0402)
Add component (AddParameter): Name = "Value"; Value = "50k"; VariantName = "[No Variations]"
Added Component: Designator=R64(RES0402)
Add component (AddParameter): Name = "Value"; Value = "10k"; VariantName = "[No Variations]"
Added Component: Designator=R65(RES0402)
Add component (AddParameter): Name = "Value"; Value = "10k"; VariantName = "[No Variations]"
Added Component: Designator=R66(RES0402)
Add component (AddParameter): Name = "Value"; Value = "10k"; VariantName = "[No Variations]"
Added Component: Designator=R67(RES0402)
Add component (AddParameter): Name = "Value"; Value = "10k"; VariantName = "[No Variations]"
Added Component: Designator=R71(RES0402)
Add component (AddParameter): Name = "Value"; Value = "50k"; VariantName = "[No Variations]"
Added Component: Designator=R72(RES0402)
Add component (AddParameter): Name = "Value"; Value = "50k"; VariantName = "[No Variations]"
Added Component: Designator=R73(RES0402)
Add component (AddParameter): Name = "Value"; Value = "50k"; VariantName = "[No Variations]"
Added Component: Designator=R74(RES0402)
Add component (AddParameter): Name = "Value"; Value = "10k"; VariantName = "[No Variations]"
Added Component: Designator=R75(RES0402)
Add component (AddParameter): Name = "Value"; Value = "50k"; VariantName = "[No Variations]"
Added Component: Designator=R76(RES0402)
Add component (AddParameter): Name = "Value"; Value = "10k"; VariantName = "[No Variations]"
Added Component: Designator=R77(RES0402)
Add component (AddParameter): Name = "Value"; Value = "10k"; VariantName = "[No Variations]"
Added Component: Designator=R78(RES0402)
Add component (AddParameter): Name = "Value"; Value = "10k"; VariantName = "[No Variations]"
Added Component: Designator=R79(RES0402)
Add component (AddParameter): Name = "Value"; Value = "10k"; VariantName = "[No Variations]"
Added Component: Designator=R83(RES0402)
Add component (AddParameter): Name = "Value"; Value = "50k"; VariantName = "[No Variations]"
Added Component: Designator=R84(RES0402)
Add component (AddParameter): Name = "Value"; Value = "50k"; VariantName = "[No Variations]"
Added Component: Designator=R85(RES0402)
Add component (AddParameter): Name = "Value"; Value = "50k"; VariantName = "[No Variations]"
Added Component: Designator=R86(RES0402)
Add component (AddParameter): Name = "Value"; Value = "10k"; VariantName = "[No Variations]"
Added Component: Designator=R87(RES0402)
Add component (AddParameter): Name = "Value"; Value = "50k"; VariantName = "[No Variations]"
Added Component: Designator=R88(RES0402)
Add component (AddParameter): Name = "Value"; Value = "10k"; VariantName = "[No Variations]"
Added Component: Designator=R89(RES0402)
Add component (AddParameter): Name = "Value"; Value = "10k"; VariantName = "[No Variations]"
Added Component: Designator=R90(RES0402)
Add component (AddParameter): Name = "Value"; Value = "10k"; VariantName = "[No Variations]"
Added Component: Designator=R91(RES0402)
Add component (AddParameter): Name = "Value"; Value = "10k"; VariantName = "[No Variations]"
Added Component: Designator=R95(RES0402)
Add component (AddParameter): Name = "Value"; Value = "50k"; VariantName = "[No Variations]"
Added Component: Designator=R96(RES0402)
Add component (AddParameter): Name = "Value"; Value = "50k"; VariantName = "[No Variations]"
Added Component: Designator=R97(RES0402)
Add component (AddParameter): Name = "Value"; Value = "50k"; VariantName = "[No Variations]"
Added Component: Designator=R98(RES0402)
Add component (AddParameter): Name = "Value"; Value = "10k"; VariantName = "[No Variations]"
Added Component: Designator=R99(RES0402)
Add component (AddParameter): Name = "Value"; Value = "50k"; VariantName = "[No Variations]"
Added Component: Designator=R100(RES0402)
Add component (AddParameter): Name = "Value"; Value = "10k"; VariantName = "[No Variations]"
Added Component: Designator=R101(RES0402)
Add component (AddParameter): Name = "Value"; Value = "10k"; VariantName = "[No Variations]"
Added Component: Designator=R102(RES0402)
Add component (AddParameter): Name = "Value"; Value = "10k"; VariantName = "[No Variations]"
Added Component: Designator=R103(RES0402)
Add component (AddParameter): Name = "Value"; Value = "10k"; VariantName = "[No Variations]"
Added Pin To Net: NetName=GND Pin=C82-1
Added Pin To Net: NetName=+3V3 Pin=C82-2
Added Pin To Net: NetName=BAT+_F Pin=C84-1
Added Pin To Net: NetName=GND Pin=C85-1
Added Pin To Net: NetName=GND Pin=C86-1
Added Pin To Net: NetName=+3V3 Pin=C86-2
Added Pin To Net: NetName=BAT+_F Pin=C88-1
Added Pin To Net: NetName=GND Pin=C89-1
Added Pin To Net: NetName=GND Pin=C90-1
Added Pin To Net: NetName=+3V3 Pin=C90-2
Added Pin To Net: NetName=BAT+_F Pin=C92-1
Added Pin To Net: NetName=GND Pin=C93-1
Added Pin To Net: NetName=GND Pin=C94-1
Added Pin To Net: NetName=+3V3 Pin=C94-2
Added Pin To Net: NetName=BAT+_F Pin=C96-1
Added Pin To Net: NetName=GND Pin=C97-1
Added Pin To Net: NetName=+3V3 Pin=FB17-1
Added Pin To Net: NetName=+3V3 Pin=FB18-1
Added Pin To Net: NetName=+3V3 Pin=FB19-1
Added Pin To Net: NetName=+3V3 Pin=FB20-1
Added Pin To Net: NetName=ESC_INLC1 Pin=R59-1
Added Pin To Net: NetName=+3V3 Pin=R59-2
Added Pin To Net: NetName=ESC_INLB1 Pin=R60-1
Added Pin To Net: NetName=+3V3 Pin=R60-2
Added Pin To Net: NetName=ESC_INLA1 Pin=R61-1
Added Pin To Net: NetName=+3V3 Pin=R61-2
Added Pin To Net: NetName=+3V3 Pin=R62-2
Added Pin To Net: NetName=ESC_NFAULT Pin=R63-1
Added Pin To Net: NetName=+3V3 Pin=R63-2
Added Pin To Net: NetName=ESC_SDO Pin=R64-1
Added Pin To Net: NetName=+3V3 Pin=R64-2
Added Pin To Net: NetName=ESC_NSCS1 Pin=R65-1
Added Pin To Net: NetName=+3V3 Pin=R65-2
Added Pin To Net: NetName=ESC_ENABLE Pin=R66-1
Added Pin To Net: NetName=+3V3 Pin=R66-2
Added Pin To Net: NetName=GND Pin=R67-1
Added Pin To Net: NetName=+3V3 Pin=R71-2
Added Pin To Net: NetName=+3V3 Pin=R72-2
Added Pin To Net: NetName=+3V3 Pin=R73-2
Added Pin To Net: NetName=+3V3 Pin=R74-2
Added Pin To Net: NetName=ESC_NFAULT Pin=R75-1
Added Pin To Net: NetName=+3V3 Pin=R75-2
Added Pin To Net: NetName=ESC_SDO Pin=R76-1
Added Pin To Net: NetName=+3V3 Pin=R76-2
Added Pin To Net: NetName=+3V3 Pin=R77-2
Added Pin To Net: NetName=ESC_ENABLE Pin=R78-1
Added Pin To Net: NetName=+3V3 Pin=R78-2
Added Pin To Net: NetName=GND Pin=R79-1
Added Pin To Net: NetName=+3V3 Pin=R83-2
Added Pin To Net: NetName=+3V3 Pin=R84-2
Added Pin To Net: NetName=+3V3 Pin=R85-2
Added Pin To Net: NetName=+3V3 Pin=R86-2
Added Pin To Net: NetName=ESC_NFAULT Pin=R87-1
Added Pin To Net: NetName=+3V3 Pin=R87-2
Added Pin To Net: NetName=ESC_SDO Pin=R88-1
Added Pin To Net: NetName=+3V3 Pin=R88-2
Added Pin To Net: NetName=+3V3 Pin=R89-2
Added Pin To Net: NetName=ESC_ENABLE Pin=R90-1
Added Pin To Net: NetName=+3V3 Pin=R90-2
Added Pin To Net: NetName=GND Pin=R91-1
Added Pin To Net: NetName=+3V3 Pin=R95-2
Added Pin To Net: NetName=+3V3 Pin=R96-2
Added Pin To Net: NetName=+3V3 Pin=R97-2
Added Pin To Net: NetName=+3V3 Pin=R98-2
Added Pin To Net: NetName=ESC_NFAULT Pin=R99-1
Added Pin To Net: NetName=+3V3 Pin=R99-2
Added Pin To Net: NetName=ESC_SDO Pin=R100-1
Added Pin To Net: NetName=+3V3 Pin=R100-2
Added Pin To Net: NetName=+3V3 Pin=R101-2
Added Pin To Net: NetName=ESC_ENABLE Pin=R102-1
Added Pin To Net: NetName=+3V3 Pin=R102-2
Added Pin To Net: NetName=GND Pin=R103-1
Change Net Name : Old Net Name=ESC_INHA2 New Net Name=ESC_INHA_B
Change Net Name : Old Net Name=ESC_INHA3 New Net Name=ESC_INHA_C
Change Net Name : Old Net Name=ESC_INHA4 New Net Name=ESC_INHA_D
Change Net Name : Old Net Name=ESC_INHB2 New Net Name=ESC_INHB_B
Change Net Name : Old Net Name=ESC_INHB3 New Net Name=ESC_INHB_C
Change Net Name : Old Net Name=ESC_INHB4 New Net Name=ESC_INHB_D
Change Net Name : Old Net Name=ESC_INHC2 New Net Name=ESC_INHC_B
Change Net Name : Old Net Name=ESC_INHC3 New Net Name=ESC_INHC_C
Change Net Name : Old Net Name=ESC_INHC4 New Net Name=ESC_INHC_D
Change Net Name : Old Net Name=NetC20_2 New Net Name=NetC16_2
Change Net Name : Old Net Name=NetC22_1 New Net Name=NetC18_1
Change Net Name : Old Net Name=NetC22_2 New Net Name=NetC18_2
Change Net Name : Old Net Name=NetC23_1 New Net Name=NetC19_1
Change Net Name : Old Net Name=NetC23_2 New Net Name=NetC19_2
Change Net Name : Old Net Name=NetC25_2 New Net Name=NetC21_2
Change Net Name : Old Net Name=NetC26_2 New Net Name=NetC22_2
Change Net Name : Old Net Name=NetC27_2 New Net Name=NetC23_2
Change Net Name : Old Net Name=NetC29_2 New Net Name=NetC25_2
Change Net Name : Old Net Name=NetC30_2 New Net Name=NetC26_2
Change Net Name : Old Net Name=NetC32_2 New Net Name=NetC28_2
Change Net Name : Old Net Name=NetC33_2 New Net Name=NetC29_2
Change Net Name : Old Net Name=NetC35_2 New Net Name=NetC31_2
Change Net Name : Old Net Name=NetC36_2 New Net Name=NetC32_2
Change Net Name : Old Net Name=NetC37_2 New Net Name=NetC33_2
Change Net Name : Old Net Name=NetC38_2 New Net Name=NetC34_2
Change Net Name : Old Net Name=NetC39_1 New Net Name=NetC35_1
Change Net Name : Old Net Name=NetC39_2 New Net Name=NetC35_2
Change Net Name : Old Net Name=NetC40_1 New Net Name=NetC36_1
Change Net Name : Old Net Name=NetC42_1 New Net Name=NetC38_1
Change Net Name : Old Net Name=NetC43_2 New Net Name=NetC39_2
Change Net Name : Old Net Name=NetC44_2 New Net Name=NetC40_2
Change Net Name : Old Net Name=NetC46_2 New Net Name=NetC42_2
Change Net Name : Old Net Name=NetC55_2 New Net Name=NetC51_2
Change Net Name : Old Net Name=NetC56_2 New Net Name=NetC52_2
Change Net Name : Old Net Name=NetC59_2 New Net Name=NetC55_2
Change Net Name : Old Net Name=NetC66_2 New Net Name=NetC62_2
Change Net Name : Old Net Name=NetC67_2 New Net Name=NetC63_2
Change Net Name : Old Net Name=NetC68_2 New Net Name=NetC64_2
Change Net Name : Old Net Name=NetC69_2 New Net Name=NetC65_2
Change Net Name : Old Net Name=NetC70_2 New Net Name=NetC66_2
Change Net Name : Old Net Name=NetC71_2 New Net Name=NetC67_2
Change Net Name : Old Net Name=NetC72_2 New Net Name=NetC68_2
Change Net Name : Old Net Name=NetC73_2 New Net Name=NetC69_2
Change Net Name : Old Net Name=NetC74_2 New Net Name=NetC70_2
Change Net Name : Old Net Name=NetC75_2 New Net Name=NetC71_2
Change Net Name : Old Net Name=NetC76_2 New Net Name=NetC72_2
Change Net Name : Old Net Name=NetC77_2 New Net Name=NetC73_2
Change Net Name : Old Net Name=NetC78_2 New Net Name=NetC74_2
Change Net Name : Old Net Name=NetC79_2 New Net Name=NetC75_2
Change Net Name : Old Net Name=NetC80_2 New Net Name=NetC76_2
Change Net Name : Old Net Name=NetC81_2 New Net Name=NetC77_2
Change Net Name : Old Net Name=NetIC1A_6 New Net Name=NetIC9_6
Change Net Name : Old Net Name=NetIC1A_8 New Net Name=NetIC9_8
Change Net Name : Old Net Name=NetIC1A_9 New Net Name=NetIC9_9
Change Net Name : Old Net Name=NetIC1A_10 New Net Name=NetIC9_10
Change Net Name : Old Net Name=NetIC1A_11 New Net Name=NetIC9_11
Change Net Name : Old Net Name=NetIC1A_12 New Net Name=NetIC9_12
Change Net Name : Old Net Name=NetIC1A_13 New Net Name=NetIC9_13
Change Net Name : Old Net Name=NetIC1A_15 New Net Name=NetIC9_15
Change Net Name : Old Net Name=NetIC1A_16 New Net Name=NetIC9_16
Change Net Name : Old Net Name=NetIC1A_18 New Net Name=NetIC9_18
Change Net Name : Old Net Name=NetIC1A_19 New Net Name=NetIC9_19
Change Net Name : Old Net Name=NetIC1A_20 New Net Name=NetIC9_20
Change Net Name : Old Net Name=NetIC1B_6 New Net Name=NetIC10_6
Change Net Name : Old Net Name=NetIC1B_8 New Net Name=NetIC10_8
Change Net Name : Old Net Name=NetIC1B_9 New Net Name=NetIC10_9
Change Net Name : Old Net Name=NetIC1B_10 New Net Name=NetIC10_10
Change Net Name : Old Net Name=NetIC1B_11 New Net Name=NetIC10_11
Change Net Name : Old Net Name=NetIC1B_12 New Net Name=NetIC10_12
Change Net Name : Old Net Name=NetIC1B_13 New Net Name=NetIC10_13
Change Net Name : Old Net Name=NetIC1B_15 New Net Name=NetIC10_15
Change Net Name : Old Net Name=NetIC1B_16 New Net Name=NetIC10_16
Change Net Name : Old Net Name=NetIC1B_18 New Net Name=NetIC10_18
Change Net Name : Old Net Name=NetIC1B_19 New Net Name=NetIC10_19
Change Net Name : Old Net Name=NetIC1B_20 New Net Name=NetIC10_20
Change Net Name : Old Net Name=NetIC1C_6 New Net Name=NetIC11_6
Change Net Name : Old Net Name=NetIC1C_8 New Net Name=NetIC11_8
Change Net Name : Old Net Name=NetIC1C_9 New Net Name=NetIC11_9
Change Net Name : Old Net Name=NetIC1C_10 New Net Name=NetIC11_10
Change Net Name : Old Net Name=NetIC1C_11 New Net Name=NetIC11_11
Change Net Name : Old Net Name=NetIC1C_12 New Net Name=NetIC11_12
Change Net Name : Old Net Name=NetIC1C_13 New Net Name=NetIC11_13
Change Net Name : Old Net Name=NetIC1C_15 New Net Name=NetIC11_15
Change Net Name : Old Net Name=NetIC1C_16 New Net Name=NetIC11_16
Change Net Name : Old Net Name=NetIC1C_18 New Net Name=NetIC11_18
Change Net Name : Old Net Name=NetIC1C_19 New Net Name=NetIC11_19
Change Net Name : Old Net Name=NetIC1C_20 New Net Name=NetIC11_20
Change Net Name : Old Net Name=NetIC1D_6 New Net Name=NetIC12_6
Change Net Name : Old Net Name=NetIC1D_8 New Net Name=NetIC12_8
Change Net Name : Old Net Name=NetIC1D_9 New Net Name=NetIC12_9
Change Net Name : Old Net Name=NetIC1D_10 New Net Name=NetIC12_10
Change Net Name : Old Net Name=NetIC1D_11 New Net Name=NetIC12_11
Change Net Name : Old Net Name=NetIC1D_12 New Net Name=NetIC12_12
Change Net Name : Old Net Name=NetIC1D_13 New Net Name=NetIC12_13
Change Net Name : Old Net Name=NetIC1D_15 New Net Name=NetIC12_15
Change Net Name : Old Net Name=NetIC1D_16 New Net Name=NetIC12_16
Change Net Name : Old Net Name=NetIC1D_18 New Net Name=NetIC12_18
Change Net Name : Old Net Name=NetIC1D_19 New Net Name=NetIC12_19
Change Net Name : Old Net Name=NetIC1D_20 New Net Name=NetIC12_20
Change Net Name : Old Net Name=NetIC2_6 New Net Name=NetIC1_6
Change Net Name : Old Net Name=NetIC2_14 New Net Name=NetIC1_14
Change Net Name : Old Net Name=NetIC2_18 New Net Name=NetIC1_18
Change Net Name : Old Net Name=NetIC2_19 New Net Name=NetIC1_19
Change Net Name : Old Net Name=NetIC2_20 New Net Name=NetIC1_20
Change Net Name : Old Net Name=NetIC2_21 New Net Name=NetIC1_21
Change Net Name : Old Net Name=NetIC2_24 New Net Name=NetIC1_24
Change Net Name : Old Net Name=NetIC2_25 New Net Name=NetIC1_25
Change Net Name : Old Net Name=NetIC2_26 New Net Name=NetIC1_26
Change Net Name : Old Net Name=NetIC2_29 New Net Name=NetIC1_29
Change Net Name : Old Net Name=NetIC2_30 New Net Name=NetIC1_30
Change Net Name : Old Net Name=NetIC2_31 New Net Name=NetIC1_31
Change Net Name : Old Net Name=NetIC3_6 New Net Name=NetIC2_6
Change Net Name : Old Net Name=NetIC3_13 New Net Name=NetIC2_13
Change Net Name : Old Net Name=NetIC5_B2 New Net Name=NetIC4_B2
Change Net Name : Old Net Name=NetIC6_24 New Net Name=NetIC5_24
Change Net Name : Old Net Name=NetIC6_26 New Net Name=NetIC5_26
Change Net Name : Old Net Name=NetIC6_35 New Net Name=NetIC5_35
Change Net Name : Old Net Name=NetIC6_36 New Net Name=NetIC5_36
Change Net Name : Old Net Name=NetIC6_37 New Net Name=NetIC5_37
Change Net Name : Old Net Name=NetIC6_38 New Net Name=NetIC5_38
Change Net Name : Old Net Name=NetIC9_9 New Net Name=NetIC8_9
Change Net Name : Old Net Name=NetIC9_10 New Net Name=NetIC8_10
Change Net Name : Old Net Name=NetQ2A_5 New Net Name=NetQ7_5
Change Net Name : Old Net Name=NetQ2B_5 New Net Name=NetQ13_5
Change Net Name : Old Net Name=NetQ2C_5 New Net Name=NetQ19_5
Change Net Name : Old Net Name=NetQ2D_5 New Net Name=NetQ25_5
Change Net Name : Old Net Name=NetQ4A_5 New Net Name=NetQ9_5
Change Net Name : Old Net Name=NetQ4B_5 New Net Name=NetQ15_5
Change Net Name : Old Net Name=NetQ4C_5 New Net Name=NetQ21_5
Change Net Name : Old Net Name=NetQ4D_5 New Net Name=NetQ27_5
Change Net Name : Old Net Name=NetQ6A_5 New Net Name=NetQ11_5
Change Net Name : Old Net Name=NetQ6B_5 New Net Name=NetQ17_5
Change Net Name : Old Net Name=NetQ6C_5 New Net Name=NetQ23_5
Change Net Name : Old Net Name=NetQ6D_5 New Net Name=NetQ29_5
Change Net Name : Old Net Name=NetQ8_5 New Net Name=NetQ2_5
Change Net Name : Old Net Name=NetR13_1 New Net Name=NetR1_1
Change Net Name : Old Net Name=NetR13_4 New Net Name=NetR1_4
Change Net Name : Old Net Name=OUTAA New Net Name=OUTA
Change Net Name : Old Net Name=OUTAB New Net Name=OUTA
Change Net Name : Old Net Name=OUTAC New Net Name=OUTA
Change Net Name : Old Net Name=OUTAD New Net Name=OUTA
Change Net Name : Old Net Name=OUTBA New Net Name=OUTB
Change Net Name : Old Net Name=OUTBB New Net Name=OUTB
Change Net Name : Old Net Name=OUTBC New Net Name=OUTB
Change Net Name : Old Net Name=OUTBD New Net Name=OUTB
Change Net Name : Old Net Name=OUTCA New Net Name=OUTC
Change Net Name : Old Net Name=OUTCB New Net Name=OUTC
Change Net Name : Old Net Name=OUTCC New Net Name=OUTC
Change Net Name : Old Net Name=OUTCD New Net Name=OUTC
Added Pin To Net: NetName=ESC_INLA_B Pin=IC10-35
Added Pin To Net: NetName=ESC_INLA_B Pin=R73-1
Added Net: Name=ESC_INLA_B
Added Pin To Net: NetName=ESC_INLA_C Pin=IC11-35
Added Pin To Net: NetName=ESC_INLA_C Pin=R85-1
Added Net: Name=ESC_INLA_C
Added Pin To Net: NetName=ESC_INLA_D Pin=IC12-35
Added Pin To Net: NetName=ESC_INLA_D Pin=R97-1
Added Net: Name=ESC_INLA_D
Added Pin To Net: NetName=ESC_INLB_B Pin=IC10-37
Added Pin To Net: NetName=ESC_INLB_B Pin=R72-1
Added Net: Name=ESC_INLB_B
Added Pin To Net: NetName=ESC_INLB_C Pin=IC11-37
Added Pin To Net: NetName=ESC_INLB_C Pin=R84-1
Added Net: Name=ESC_INLB_C
Added Pin To Net: NetName=ESC_INLB_D Pin=IC12-37
Added Pin To Net: NetName=ESC_INLB_D Pin=R96-1
Added Net: Name=ESC_INLB_D
Added Pin To Net: NetName=ESC_INLC_B Pin=IC10-39
Added Pin To Net: NetName=ESC_INLC_B Pin=R71-1
Added Net: Name=ESC_INLC_B
Added Pin To Net: NetName=ESC_INLC_C Pin=IC11-39
Added Pin To Net: NetName=ESC_INLC_C Pin=R83-1
Added Net: Name=ESC_INLC_C
Added Pin To Net: NetName=ESC_INLC_D Pin=IC12-39
Added Pin To Net: NetName=ESC_INLC_D Pin=R95-1
Added Net: Name=ESC_INLC_D
Added Pin To Net: NetName=ESC_NSCS_B Pin=IC10-29
Added Pin To Net: NetName=ESC_NSCS_B Pin=R77-1
Added Net: Name=ESC_NSCS_B
Added Pin To Net: NetName=ESC_NSCS_C Pin=IC11-29
Added Pin To Net: NetName=ESC_NSCS_C Pin=R89-1
Added Net: Name=ESC_NSCS_C
Added Pin To Net: NetName=ESC_NSCS_D Pin=IC12-29
Added Pin To Net: NetName=ESC_NSCS_D Pin=R101-1
Added Net: Name=ESC_NSCS_D
Added Pin To Net: NetName=ESC_SOA_A Pin=IC9-23
Added Net: Name=ESC_SOA_A
Added Pin To Net: NetName=ESC_SOA_B Pin=IC10-23
Added Net: Name=ESC_SOA_B
Added Pin To Net: NetName=ESC_SOA_C Pin=IC11-23
Added Net: Name=ESC_SOA_C
Added Pin To Net: NetName=ESC_SOA_D Pin=IC12-23
Added Net: Name=ESC_SOA_D
Added Pin To Net: NetName=ESC_SOB_A Pin=IC9-22
Added Net: Name=ESC_SOB_A
Added Pin To Net: NetName=ESC_SOB_B Pin=IC10-22
Added Net: Name=ESC_SOB_B
Added Pin To Net: NetName=ESC_SOB_C Pin=IC11-22
Added Net: Name=ESC_SOB_C
Added Pin To Net: NetName=ESC_SOB_D Pin=IC12-22
Added Net: Name=ESC_SOB_D
Added Pin To Net: NetName=ESC_SOC_A Pin=IC9-21
Added Net: Name=ESC_SOC_A
Added Pin To Net: NetName=ESC_SOC_B Pin=IC10-21
Added Net: Name=ESC_SOC_B
Added Pin To Net: NetName=ESC_SOC_C Pin=IC11-21
Added Net: Name=ESC_SOC_C
Added Pin To Net: NetName=ESC_SOC_D Pin=IC12-21
Added Net: Name=ESC_SOC_D
Added Pin To Net: NetName=NetC83_1 Pin=C83-1
Added Pin To Net: NetName=NetC83_1 Pin=IC9-2
Added Net: Name=NetC83_1
Added Pin To Net: NetName=NetC83_2 Pin=C83-2
Added Pin To Net: NetName=NetC83_2 Pin=IC9-1
Added Net: Name=NetC83_2
Added Pin To Net: NetName=NetC84_2 Pin=C84-2
Added Pin To Net: NetName=NetC84_2 Pin=IC9-3
Added Net: Name=NetC84_2
Added Pin To Net: NetName=NetC85_2 Pin=C85-2
Added Pin To Net: NetName=NetC85_2 Pin=FB17-2
Added Pin To Net: NetName=NetC85_2 Pin=IC9-24
Added Net: Name=NetC85_2
Added Pin To Net: NetName=NetC87_1 Pin=C87-1
Added Pin To Net: NetName=NetC87_1 Pin=IC10-2
Added Net: Name=NetC87_1
Added Pin To Net: NetName=NetC87_2 Pin=C87-2
Added Pin To Net: NetName=NetC87_2 Pin=IC10-1
Added Net: Name=NetC87_2
Added Pin To Net: NetName=NetC88_2 Pin=C88-2
Added Pin To Net: NetName=NetC88_2 Pin=IC10-3
Added Net: Name=NetC88_2
Added Pin To Net: NetName=NetC89_2 Pin=C89-2
Added Pin To Net: NetName=NetC89_2 Pin=FB18-2
Added Pin To Net: NetName=NetC89_2 Pin=IC10-24
Added Net: Name=NetC89_2
Added Pin To Net: NetName=NetC91_1 Pin=C91-1
Added Pin To Net: NetName=NetC91_1 Pin=IC11-2
Added Net: Name=NetC91_1
Added Pin To Net: NetName=NetC91_2 Pin=C91-2
Added Pin To Net: NetName=NetC91_2 Pin=IC11-1
Added Net: Name=NetC91_2
Added Pin To Net: NetName=NetC92_2 Pin=C92-2
Added Pin To Net: NetName=NetC92_2 Pin=IC11-3
Added Net: Name=NetC92_2
Added Pin To Net: NetName=NetC93_2 Pin=C93-2
Added Pin To Net: NetName=NetC93_2 Pin=FB19-2
Added Pin To Net: NetName=NetC93_2 Pin=IC11-24
Added Net: Name=NetC93_2
Added Pin To Net: NetName=NetC95_1 Pin=C95-1
Added Pin To Net: NetName=NetC95_1 Pin=IC12-2
Added Net: Name=NetC95_1
Added Pin To Net: NetName=NetC95_2 Pin=C95-2
Added Pin To Net: NetName=NetC95_2 Pin=IC12-1
Added Net: Name=NetC95_2
Added Pin To Net: NetName=NetC96_2 Pin=C96-2
Added Pin To Net: NetName=NetC96_2 Pin=IC12-3
Added Net: Name=NetC96_2
Added Pin To Net: NetName=NetC97_2 Pin=C97-2
Added Pin To Net: NetName=NetC97_2 Pin=FB20-2
Added Pin To Net: NetName=NetC97_2 Pin=IC12-24
Added Net: Name=NetC97_2
Added Pin To Net: NetName=NetIC9_31 Pin=IC9-31
Added Pin To Net: NetName=NetIC9_31 Pin=R62-1
Added Pin To Net: NetName=NetIC9_31 Pin=R67-2
Added Net: Name=NetIC9_31
Added Pin To Net: NetName=NetIC10_31 Pin=IC10-31
Added Pin To Net: NetName=NetIC10_31 Pin=R74-1
Added Pin To Net: NetName=NetIC10_31 Pin=R79-2
Added Net: Name=NetIC10_31
Added Pin To Net: NetName=NetIC11_31 Pin=IC11-31
Added Pin To Net: NetName=NetIC11_31 Pin=R86-1
Added Pin To Net: NetName=NetIC11_31 Pin=R91-2
Added Net: Name=NetIC11_31
Added Pin To Net: NetName=NetIC12_31 Pin=IC12-31
Added Pin To Net: NetName=NetIC12_31 Pin=R98-1
Added Pin To Net: NetName=NetIC12_31 Pin=R103-2
Added Net: Name=NetIC12_31
Add Net: Net with name "VSYS" already exists
Added Member To Class: ClassName=U_BMS Member=Component C17 Cap0402
Added Member To Class: ClassName=U_BMS Member=Component C19 Cap0402
Added Member To Class: ClassName=U_BMS Member=Component C20 EEH-ZL1V151XP
Added Member To Class: ClassName=U_BMS Member=Component C35 Cap0402
Added Member To Class: ClassName=U_BMS Member=Component C36 Cap0402
Added Member To Class: ClassName=U_BMS Member=Component C37 Cap0402
Added Member To Class: ClassName=U_BMS Member=Component C38 Cap0402
Added Member To Class: ClassName=U_BMS Member=Component C39 Cap0805
Added Member To Class: ClassName=U_BMS Member=Component C40 Cap0402
Added Member To Class: ClassName=U_BMS Member=Component C41 Cap0402
Added Member To Class: ClassName=U_BMS Member=Component C42 Cap0402
Added Member To Class: ClassName=U_USB Member=Component C48 Cap0603
Added Member To Class: ClassName=U_USB Member=Component C49 Cap0603
Added Member To Class: ClassName=U_USB Member=Component C50 Cap0603
Added Member To Class: ClassName=U_USB Member=Component C51 Cap0402
Added Member To Class: ClassName=U_USB Member=Component C52 Cap0402
Added Member To Class: ClassName=Main Member=Component C53 EEH-ZL1V151XP
Added Member To Class: ClassName=Main Member=Component C54 EEH-ZL1V151XP
Added Member To Class: ClassName=U_ADC+Temp Member=Component C74 Cap0402
Added Member To Class: ClassName=U_ADC+Temp Member=Component C75 Cap0402
Added Member To Class: ClassName=U_ADC+Temp Member=Component C76 Cap0402
Added Member To Class: ClassName=U_ADC+Temp Member=Component C77 Cap0402
Added Member To Class: ClassName=U_ToF_Bottom Member=Component C78 Cap0402
Added Member To Class: ClassName=U_ToF_Bottom Member=Component C79 Cap0402
Added Member To Class: ClassName=U_ToF_Bottom Member=Component C80 Cap0603
Added Member To Class: ClassName=U_ToF_Bottom Member=Component C81 Cap0402
Added Member To Class: ClassName=U_ESC_A Member=Component C82 Cap0402
Added Member To Class: ClassName=U_ESC_A Member=Component C83 CapSMD0603
Added Member To Class: ClassName=U_ESC_A Member=Component C84 CapSMD0603
Added Member To Class: ClassName=U_ESC_A Member=Component C85 Cap0402
Added Member To Class: ClassName=U_ESC_B Member=Component C86 Cap0402
Added Member To Class: ClassName=U_ESC_B Member=Component C87 CapSMD0603
Added Member To Class: ClassName=U_ESC_B Member=Component C88 CapSMD0603
Added Member To Class: ClassName=U_ESC_B Member=Component C89 Cap0402
Added Member To Class: ClassName=U_ESC_C Member=Component C90 Cap0402
Added Member To Class: ClassName=U_ESC_C Member=Component C91 CapSMD0603
Added Member To Class: ClassName=U_ESC_C Member=Component C92 CapSMD0603
Added Member To Class: ClassName=U_ESC_C Member=Component C93 Cap0402
Added Member To Class: ClassName=U_ESC_D Member=Component C94 Cap0402
Added Member To Class: ClassName=U_ESC_D Member=Component C95 CapSMD0603
Added Member To Class: ClassName=U_ESC_D Member=Component C96 CapSMD0603
Added Member To Class: ClassName=U_ESC_D Member=Component C97 Cap0402
Added Member To Class: ClassName=U_ADC+Temp Member=Component FB1 0R/Ferrite
Added Member To Class: ClassName=U_ADC+Temp Member=Component FB3 0R/Ferrite
Added Member To Class: ClassName=U_ADC+Temp Member=Component FB5 0R/Ferrite
Added Member To Class: ClassName=U_ADC+Temp Member=Component FB7 0R/Ferrite
Added Member To Class: ClassName=U_ADC+Temp Member=Component FB9 0R/Ferrite
Added Member To Class: ClassName=U_ADC+Temp Member=Component FB11 0R/Ferrite
Added Member To Class: ClassName=U_ADC+Temp Member=Component FB13 0R/Ferrite
Added Member To Class: ClassName=U_ADC+Temp Member=Component FB15 0R/Ferrite
Added Member To Class: ClassName=U_ADC+Temp Member=Component FB16 0R/Ferrite
Added Member To Class: ClassName=U_ESC_A Member=Component FB17 0R/Ferrite
Added Member To Class: ClassName=U_ESC_B Member=Component FB18 0R/Ferrite
Added Member To Class: ClassName=U_ESC_C Member=Component FB19 0R/Ferrite
Added Member To Class: ClassName=U_ESC_D Member=Component FB20 0R/Ferrite
Added Member To Class: ClassName=U_BMS Member=Component IC1 BQ25720RSNR
Added Member To Class: ClassName=U_BMS Member=Component IC2 BQ7692003PW
Added Member To Class: ClassName=U_USB Member=Component IC4 FUSB302BUCX
Added Member To Class: ClassName=U_ADC+Temp Member=Component IC6 TMP6131DECR
Added Member To Class: ClassName=U_ADC+Temp Member=Component IC7 TMP6131DECR
Added Member To Class: ClassName=U_ToF_Bottom Member=Component IC8 TMF8806
Added Member To Class: ClassName=U_ESC_A Member=Component IC9 DRV8323SRTAR
Added Member To Class: ClassName=U_ESC_B Member=Component IC10 DRV8323SRTAR
Added Member To Class: ClassName=U_ESC_C Member=Component IC11 DRV8323SRTAR
Added Member To Class: ClassName=U_ESC_D Member=Component IC12 DRV8323SRTAR
Added Member To Class: ClassName=Main Member=Component M5 Mount_M2
Added Member To Class: ClassName=Main Member=Component M6 Mount_M2
Added Member To Class: ClassName=U_BMS Member=Component Q1 PMPB07R3ENAX
Added Member To Class: ClassName=U_BMS Member=Component Q2 SISA01DN-T1-GE3
Added Member To Class: ClassName=U_BMS Member=Component Q3 PMPB07R3ENAX
Added Member To Class: ClassName=U_BMS Member=Component Q4 PMPB07R3ENAX
Added Member To Class: ClassName=U_BMS Member=Component Q5 PMPB07R3ENAX
Added Member To Class: ClassName=U_ESC_A Member=Component Q6 TPN1R603PL,L1Q
Added Member To Class: ClassName=U_ESC_A Member=Component Q7 TPN1R603PL,L1Q
Added Member To Class: ClassName=U_ESC_A Member=Component Q8 TPN1R603PL,L1Q
Added Member To Class: ClassName=U_ESC_A Member=Component Q9 TPN1R603PL,L1Q
Added Member To Class: ClassName=U_ESC_A Member=Component Q10 TPN1R603PL,L1Q
Added Member To Class: ClassName=U_ESC_A Member=Component Q11 TPN1R603PL,L1Q
Added Member To Class: ClassName=U_ESC_B Member=Component Q12 TPN1R603PL,L1Q
Added Member To Class: ClassName=U_ESC_B Member=Component Q13 TPN1R603PL,L1Q
Added Member To Class: ClassName=U_ESC_B Member=Component Q14 TPN1R603PL,L1Q
Added Member To Class: ClassName=U_ESC_B Member=Component Q15 TPN1R603PL,L1Q
Added Member To Class: ClassName=U_ESC_B Member=Component Q16 TPN1R603PL,L1Q
Added Member To Class: ClassName=U_ESC_B Member=Component Q17 TPN1R603PL,L1Q
Added Member To Class: ClassName=U_ESC_C Member=Component Q18 TPN1R603PL,L1Q
Added Member To Class: ClassName=U_ESC_C Member=Component Q19 TPN1R603PL,L1Q
Added Member To Class: ClassName=U_ESC_C Member=Component Q20 TPN1R603PL,L1Q
Added Member To Class: ClassName=U_ESC_C Member=Component Q21 TPN1R603PL,L1Q
Added Member To Class: ClassName=U_ESC_C Member=Component Q22 TPN1R603PL,L1Q
Added Member To Class: ClassName=U_ESC_C Member=Component Q23 TPN1R603PL,L1Q
Added Member To Class: ClassName=U_ESC_D Member=Component Q24 TPN1R603PL,L1Q
Added Member To Class: ClassName=U_ESC_D Member=Component Q25 TPN1R603PL,L1Q
Added Member To Class: ClassName=U_ESC_D Member=Component Q26 TPN1R603PL,L1Q
Added Member To Class: ClassName=U_ESC_D Member=Component Q27 TPN1R603PL,L1Q
Added Member To Class: ClassName=U_ESC_D Member=Component Q28 TPN1R603PL,L1Q
Added Member To Class: ClassName=U_ESC_D Member=Component Q29 TPN1R603PL,L1Q
Added Member To Class: ClassName=U_BMS Member=Component R9 Res0402
Added Member To Class: ClassName=U_BMS Member=Component R10 Res0402
Added Member To Class: ClassName=U_BMS Member=Component R11 Res0402
Added Member To Class: ClassName=U_BMS Member=Component R12 Res0402
Added Member To Class: ClassName=U_BMS Member=Component R13 Res0402
Added Member To Class: ClassName=U_BMS Member=Component R14 Res0402
Added Member To Class: ClassName=U_BMS Member=Component R15 Res0402
Added Member To Class: ClassName=U_BMS Member=Component R16 Res0402
Added Member To Class: ClassName=U_BMS Member=Component R17 Res0402
Added Member To Class: ClassName=U_BMS Member=Component R18 Res0402
Added Member To Class: ClassName=U_BMS Member=Component R19 Res0402
Added Member To Class: ClassName=U_BMS Member=Component R20 Res0402
Added Member To Class: ClassName=U_BMS Member=Component R21 Res0402
Added Member To Class: ClassName=U_BMS Member=Component R22 Res0402
Added Member To Class: ClassName=U_BMS Member=Component R23 Res0402
Added Member To Class: ClassName=U_BMS Member=Component R24 Res0805
Added Member To Class: ClassName=U_BMS Member=Component R25 Res0805
Added Member To Class: ClassName=U_BMS Member=Component R26 Res0805
Added Member To Class: ClassName=U_BMS Member=Component R27 Res0402
Added Member To Class: ClassName=U_BMS Member=Component R28 Res0402
Added Member To Class: ClassName=U_BMS Member=Component R29 Res0805
Added Member To Class: ClassName=U_BMS Member=Component R30 Res0805
Added Member To Class: ClassName=U_BMS Member=Component R31 Res0402
Added Member To Class: ClassName=U_BMS Member=Component R32 Res0402
Added Member To Class: ClassName=U_USB Member=Component R33 Res0402
Added Member To Class: ClassName=U_USB Member=Component R34 Res0402
Added Member To Class: ClassName=U_USB Member=Component R35 Res0402
Added Member To Class: ClassName=U_USB Member=Component R36 Res0402
Added Member To Class: ClassName=U_USB Member=Component R37 Res0402
Added Member To Class: ClassName=U_USB Member=Component R38 Res0402
Added Member To Class: ClassName=U_USB Member=Component R39 Res0402
Added Member To Class: ClassName=U_USB Member=Component R40 Res0402
Added Member To Class: ClassName=U_ADC+Temp Member=Component R44 Res0402
Added Member To Class: ClassName=U_ADC+Temp Member=Component R45 Res0402
Added Member To Class: ClassName=U_ADC+Temp Member=Component R46 Res0402
Added Member To Class: ClassName=U_ADC+Temp Member=Component R47 Res0402
Added Member To Class: ClassName=U_ADC+Temp Member=Component R48 Res0402
Added Member To Class: ClassName=U_ADC+Temp Member=Component R49 Res0402
Added Member To Class: ClassName=U_ADC+Temp Member=Component R50 Res0402
Added Member To Class: ClassName=U_ADC+Temp Member=Component R51 Res0402
Added Member To Class: ClassName=U_ADC+Temp Member=Component R52 Res0402
Added Member To Class: ClassName=U_ADC+Temp Member=Component R53 Res0402
Added Member To Class: ClassName=U_ADC+Temp Member=Component R54 Res0402
Added Member To Class: ClassName=U_ADC+Temp Member=Component R55 Res0402
Added Member To Class: ClassName=U_ToF_Bottom Member=Component R56 Res0402
Added Member To Class: ClassName=U_ToF_Bottom Member=Component R57 Res0402
Added Member To Class: ClassName=U_FC_Conn Member=Component R58 Res0402
Added Member To Class: ClassName=U_ESC_A Member=Component R59 Res0402
Added Member To Class: ClassName=U_ESC_A Member=Component R60 Res0402
Added Member To Class: ClassName=U_ESC_A Member=Component R61 Res0402
Added Member To Class: ClassName=U_ESC_A Member=Component R62 Res0402
Added Member To Class: ClassName=U_ESC_A Member=Component R63 Res0402
Added Member To Class: ClassName=U_ESC_A Member=Component R64 Res0402
Added Member To Class: ClassName=U_ESC_A Member=Component R65 Res0402
Added Member To Class: ClassName=U_ESC_A Member=Component R66 Res0402
Added Member To Class: ClassName=U_ESC_A Member=Component R67 Res0402
Added Member To Class: ClassName=U_ESC_A Member=Component R68 WSK12161L000FEA
Added Member To Class: ClassName=U_ESC_A Member=Component R69 WSK12161L000FEA
Added Member To Class: ClassName=U_ESC_A Member=Component R70 WSK12161L000FEA
Added Member To Class: ClassName=U_ESC_B Member=Component R71 Res0402
Added Member To Class: ClassName=U_ESC_B Member=Component R72 Res0402
Added Member To Class: ClassName=U_ESC_B Member=Component R73 Res0402
Added Member To Class: ClassName=U_ESC_B Member=Component R74 Res0402
Added Member To Class: ClassName=U_ESC_B Member=Component R75 Res0402
Added Member To Class: ClassName=U_ESC_B Member=Component R76 Res0402
Added Member To Class: ClassName=U_ESC_B Member=Component R77 Res0402
Added Member To Class: ClassName=U_ESC_B Member=Component R78 Res0402
Added Member To Class: ClassName=U_ESC_B Member=Component R79 Res0402
Added Member To Class: ClassName=U_ESC_B Member=Component R80 WSK12161L000FEA
Added Member To Class: ClassName=U_ESC_B Member=Component R81 WSK12161L000FEA
Added Member To Class: ClassName=U_ESC_B Member=Component R82 WSK12161L000FEA
Added Member To Class: ClassName=U_ESC_C Member=Component R83 Res0402
Added Member To Class: ClassName=U_ESC_C Member=Component R84 Res0402
Added Member To Class: ClassName=U_ESC_C Member=Component R85 Res0402
Added Member To Class: ClassName=U_ESC_C Member=Component R86 Res0402
Added Member To Class: ClassName=U_ESC_C Member=Component R87 Res0402
Added Member To Class: ClassName=U_ESC_C Member=Component R88 Res0402
Added Member To Class: ClassName=U_ESC_C Member=Component R89 Res0402
Added Member To Class: ClassName=U_ESC_C Member=Component R90 Res0402
Added Member To Class: ClassName=U_ESC_C Member=Component R91 Res0402
Added Member To Class: ClassName=U_ESC_C Member=Component R92 WSK12161L000FEA
Added Member To Class: ClassName=U_ESC_C Member=Component R93 WSK12161L000FEA
Added Member To Class: ClassName=U_ESC_C Member=Component R94 WSK12161L000FEA
Added Member To Class: ClassName=U_ESC_D Member=Component R95 Res0402
Added Member To Class: ClassName=U_ESC_D Member=Component R96 Res0402
Added Member To Class: ClassName=U_ESC_D Member=Component R97 Res0402
Added Member To Class: ClassName=U_ESC_D Member=Component R98 Res0402
Added Member To Class: ClassName=U_ESC_D Member=Component R99 Res0402
Added Member To Class: ClassName=U_ESC_D Member=Component R100 Res0402
Added Member To Class: ClassName=U_ESC_D Member=Component R101 Res0402
Added Member To Class: ClassName=U_ESC_D Member=Component R102 Res0402
Added Member To Class: ClassName=U_ESC_D Member=Component R103 Res0402
Added Member To Class: ClassName=U_ESC_D Member=Component R104 WSK12161L000FEA
Added Member To Class: ClassName=U_ESC_D Member=Component R105 WSK12161L000FEA
Added Member To Class: ClassName=U_ESC_D Member=Component R106 WSK12161L000FEA
