Remove Pin from Net: Failed to remove Pin
Remove Pin from Net: Failed to remove Pin
Added Component: Designator=C83(CAP0402)
Add component (AddParameter): Name = "Value"; Value = "100nF"; VariantName = "[No Variations]"
Add component (AddParameter): Name = "Voltage"; Value = "6V3"; VariantName = "[No Variations]"
Added Component: Designator=C84(CAP0402)
Add component (AddParameter): Name = "Value"; Value = "100nF"; VariantName = "[No Variations]"
Add component (AddParameter): Name = "Voltage"; Value = "6V3"; VariantName = "[No Variations]"
Added Component: Designator=C85(CAP0603)
Add component (AddParameter): Name = "Value"; Value = "1uF"; VariantName = "[No Variations]"
Add component (AddParameter): Name = "Voltage"; Value = "25V"; VariantName = "[No Variations]"
Added Component: Designator=C86(CAP0402)
Add component (AddParameter): Name = "Value"; Value = "100nF"; VariantName = "[No Variations]"
Add component (AddParameter): Name = "Voltage"; Value = "6V3"; VariantName = "[No Variations]"
Added Component: Designator=IC9(TMF88051B)
Add component (AddParameter): Name = "Arrow Part Number"; Value = ""; VariantName = "[No Variations]"
Add component (AddParameter): Name = "Arrow Price/Stock"; Value = ""; VariantName = "[No Variations]"
Add component (AddParameter): Name = "Datasheet Link"; Value = "https://ams.com/documents/20143/4372629/TMF8805_DS000692_4-00.pdf"; VariantName = "[No Variations]"
Add component (AddParameter): Name = "Height"; Value = "1.1mm"; VariantName = "[No Variations]"
Add component (AddParameter): Name = "Manufacturer_Name"; Value = "ams OSRAM"; VariantName = "[No Variations]"
Add component (AddParameter): Name = "Manufacturer_Part_Number"; Value = "TMF8805-1B"; VariantName = "[No Variations]"
Add component (AddParameter): Name = "Mouser Part Number"; Value = "985-TMF8805-1B"; VariantName = "[No Variations]"
Add component (AddParameter): Name = "Mouser Price/Stock"; Value = "https://www.mouser.co.uk/ProductDetail/ams-OSRAM/TMF8805-1B?qs=sPbYRqrBIVlwsjHE%2F%252BrL9g%3D%3D"; VariantName = "[No Variations]"
Added Component: Designator=R52(RES0402)
Add component (AddParameter): Name = "Value"; Value = "DNI"; VariantName = "[No Variations]"
Added Component: Designator=R53(RES0402)
Add component (AddParameter): Name = "Value"; Value = "0R"; VariantName = "[No Variations]"
Added Component: Designator=R69(RES0402)
Add component (AddParameter): Name = "Value"; Value = "50k"; VariantName = "[No Variations]"
Added Component: Designator=R70(RES0402)
Add component (AddParameter): Name = "Value"; Value = "50k"; VariantName = "[No Variations]"
Add Pin To Net: Unknown Pin: Pin C8-
Add Net: Net with name "NetIC3_20" already exists
Add Net: Net with name "NetIC9_4" already exists
Add Net: Net with name "NetIC9_9" already exists
Add Net: Net with name "NetIC9_10" already exists
Add Class: Class already exists: U_ToF_Bottom
Added Member To Class: ClassName=Main Member=Component R52 Res0402
Added Member To Class: ClassName=Main Member=Component R53 Res0402
