Removed Pin From Net: NetName=VSYS Pin=C55-1
Removed Pin From Net: NetName=GND Pin=C55-2
Removed Pin From Net: NetName=NetC56_1 Pin=C56-1
Removed Pin From Net: NetName=NetC57_1 Pin=C57-1
Removed Pin From Net: NetName=GND Pin=C59-1
Removed Pin From Net: NetName=VSYS Pin=C59-2
Removed Pin From Net: NetName=NetC56_1 Pin=C60-2
Removed Pin From Net: NetName=NetC57_1 Pin=C65-2
Removed Pin From Net: NetName=+3V3 Pin=C72-2
Removed Pin From Net: NetName=GND Pin=C75-2
Removed Pin From Net: NetName=GND Pin=C76-1
Removed Pin From Net: NetName=NetC57_1 Pin=C77-2
Removed Pin From Net: NetName=+3V3 Pin=D1-1
Removed Pin From Net: NetName=VSYS Pin=D2-1
Removed Pin From Net: NetName=TOF_INT Pin=IC4-28
Removed Pin From Net: NetName=ESC_INHA1 Pin=J3-1
Removed Pin From Net: NetName=ESC_INLA1 Pin=J3-2
Removed Pin From Net: NetName=ESC_INHB1 Pin=J3-3
Removed Pin From Net: NetName=ESC_INLB1 Pin=J3-4
Removed Pin From Net: NetName=ESC_INHC1 Pin=J3-5
Removed Pin From Net: NetName=ESC_INLC1 Pin=J3-6
Removed Pin From Net: NetName=ESC_INHA2 Pin=J3-7
Removed Pin From Net: NetName=ESC_INLA2 Pin=J3-8
Removed Pin From Net: NetName=ESC_INHB2 Pin=J3-9
Removed Pin From Net: NetName=ESC_INLB2 Pin=J3-10
Removed Pin From Net: NetName=ESC_INHC2 Pin=J3-11
Removed Pin From Net: NetName=ESC_INLC2 Pin=J3-12
Removed Pin From Net: NetName=ESC_INHA3 Pin=J3-13
Removed Pin From Net: NetName=ESC_INLA3 Pin=J3-14
Removed Pin From Net: NetName=ESC_INHB3 Pin=J3-15
Removed Pin From Net: NetName=ESC_INLB3 Pin=J3-16
Removed Pin From Net: NetName=ESC_INHC3 Pin=J3-17
Removed Pin From Net: NetName=ESC_INLC3 Pin=J3-18
Removed Pin From Net: NetName=ESC_INHA4 Pin=J3-19
Removed Pin From Net: NetName=ESC_INLA4 Pin=J3-20
Removed Pin From Net: NetName=ESC_INHB4 Pin=J3-21
Removed Pin From Net: NetName=ESC_INLB4 Pin=J3-22
Removed Pin From Net: NetName=ESC_INHC4 Pin=J3-23
Removed Pin From Net: NetName=ESC_INLC4 Pin=J3-24
Removed Pin From Net: NetName=ESC_NSCS1 Pin=J3-25
Removed Pin From Net: NetName=ESC_NSCS2 Pin=J3-26
Removed Pin From Net: NetName=ESC_NSCS3 Pin=J3-27
Removed Pin From Net: NetName=ESC_NSCS4 Pin=J3-28
Removed Pin From Net: NetName=ESC_NFAULT Pin=J3-29
Removed Pin From Net: NetName=ESC_CLK Pin=J3-30
Removed Pin From Net: NetName=ESC_SDO Pin=J3-31
Removed Pin From Net: NetName=ESC_SDI Pin=J3-32
Removed Pin From Net: NetName=ESC_ENABLE Pin=J3-33
Removed Pin From Net: NetName=BMS_PROCHOT Pin=J3-34
Removed Pin From Net: NetName=BMS_CHRG_OK Pin=J3-35
Removed Pin From Net: NetName=BMS_OTG/VAP Pin=J3-36
Removed Pin From Net: NetName=CB_ALERT Pin=J3-37
Removed Pin From Net: NetName=SCL Pin=J3-38
Removed Pin From Net: NetName=SDA Pin=J3-39
Removed Pin From Net: NetName=TOF_INT Pin=J3-40
Removed Pin From Net: NetName=UDB_D+ Pin=J3-41
Removed Pin From Net: NetName=UDB_D- Pin=J3-42
Removed Pin From Net: NetName=VSYS Pin=J3-46
Removed Pin From Net: NetName=VSYS Pin=J3-47
Removed Pin From Net: NetName=GND Pin=J3-48
Removed Pin From Net: NetName=GND Pin=J3-49
Removed Pin From Net: NetName=+3V3 Pin=J3-50
Removed Pin From Net: NetName=NetIC7_7 Pin=R13-1
Removed Pin From Net: NetName=NetC57_1 Pin=R15-2
Removed Pin From Net: NetName=GND Pin=R16-1
Removed Pin From Net: NetName=+3V3 Pin=U2-1
Removed Pin From Net: NetName=I2C1_SCL Pin=U2-4
Removed Pin From Net: NetName=I2C1_SDA Pin=U2-5
Removed Pin From Net: NetName=I2C1_SDA Pin=U2-5
Removed Pin From Net: NetName=I2C1_SDA Pin=U2-5
Removed Pin From Net: NetName=TOF_EN Pin=U2-7
Removed Pin From Net: NetName=GND Pin=U2-8
Removed Pin From Net: NetName=+3V3 Pin=U3-1
Removed Pin From Net: NetName=I2C1_SCL Pin=U3-4
Removed Pin From Net: NetName=I2C1_SDA Pin=U3-5
Removed Pin From Net: NetName=I2C1_SDA Pin=U3-5
Removed Pin From Net: NetName=I2C1_SDA Pin=U3-5
Removed Pin From Net: NetName=GND Pin=U3-8
Removed Pin From Net: NetName=+3V3 Pin=U4-1
Removed Pin From Net: NetName=I2C1_SCL Pin=U4-4
Removed Pin From Net: NetName=I2C1_SDA Pin=U4-5
Removed Pin From Net: NetName=I2C1_SDA Pin=U4-5
Removed Pin From Net: NetName=I2C1_SDA Pin=U4-5
Removed Pin From Net: NetName=GND Pin=U4-8
Removed Pin From Net: NetName=+3V3 Pin=U5-1
Removed Pin From Net: NetName=I2C1_SCL Pin=U5-4
Removed Pin From Net: NetName=I2C1_SDA Pin=U5-5
Removed Pin From Net: NetName=I2C1_SDA Pin=U5-5
Removed Pin From Net: NetName=I2C1_SDA Pin=U5-5
Removed Pin From Net: NetName=GND Pin=U5-8
Removed Pin From Net: NetName=+3V3 Pin=U6-1
Removed Pin From Net: NetName=I2C1_SCL Pin=U6-4
Removed Pin From Net: NetName=I2C1_SDA Pin=U6-5
Removed Pin From Net: NetName=I2C1_SDA Pin=U6-5
Removed Pin From Net: NetName=I2C1_SDA Pin=U6-5
Removed Pin From Net: NetName=GND Pin=U6-8
Removed Pin From Net: NetName=+3V3 Pin=U7-1
Removed Pin From Net: NetName=I2C1_SCL Pin=U7-4
Removed Pin From Net: NetName=I2C1_SDA Pin=U7-5
Removed Pin From Net: NetName=I2C1_SDA Pin=U7-5
Removed Pin From Net: NetName=I2C1_SDA Pin=U7-5
Removed Pin From Net: NetName=GND Pin=U7-8
Removed Member From Class: ClassName=U_IMU Member=C18
Removed Member From Class: ClassName=U_IMU Member=C21
Removed Member From Class: ClassName=U_IMU Member=C24
Removed Member From Class: ClassName=U_IMU Member=C27
Removed Member From Class: ClassName=U_IMU Member=C29
Removed Member From Class: ClassName=U_IMU Member=C34
Removed Member From Class: ClassName=U_MCU Member=C38
Removed Member From Class: ClassName=U_IMU Member=C40
Removed Member From Class: ClassName=U_MCU Member=C40
Removed Member From Class: ClassName=U_IMU Member=C44
Removed Member From Class: ClassName=U_MCU Member=C44
Removed Member From Class: ClassName=U_IMU Member=C47
Removed Member From Class: ClassName=U_MCU Member=C47
Removed Member From Class: ClassName=U_NRF24l01 Member=C60
Removed Member From Class: ClassName=U_IMU Member=C61
Removed Member From Class: ClassName=U_MCU Member=C61
Removed Member From Class: ClassName=U_NRF24l01 Member=C61
Removed Member From Class: ClassName=U_NRF24l01 Member=C63
Removed Member From Class: ClassName=U_MCU Member=C66
Removed Member From Class: ClassName=U_NRF24l01 Member=C66
Removed Member From Class: ClassName=U_IMU Member=C67
Removed Member From Class: ClassName=U_MCU Member=C67
Removed Member From Class: ClassName=U_NRF24l01 Member=C67
Removed Member From Class: ClassName=U_MCU Member=C69
Removed Member From Class: ClassName=U_NRF24l01 Member=C69
Removed Member From Class: ClassName=U_NRF24l01 Member=C70
Removed Member From Class: ClassName=U_NRF24l01 Member=C74
Removed Member From Class: ClassName=U_NRF24l01 Member=C76
Removed Member From Class: ClassName=Main Member=D1
Removed Member From Class: ClassName=Main Member=D2
Removed Member From Class: ClassName=U_IMU Member=IC5
Removed Member From Class: ClassName=U_IMU Member=IC6
Removed Member From Class: ClassName=U_IMU Member=IC7
Removed Member From Class: ClassName=U_MCU Member=IC7
Removed Member From Class: ClassName=U_MCU Member=J2
Removed Member From Class: ClassName=Main Member=J3
Removed Member From Class: ClassName=U_IMU Member=R11
Removed Member From Class: ClassName=U_MCU Member=R11
Removed Member From Class: ClassName=U_MCU Member=R12
Removed Member From Class: ClassName=U_PSU Member=R13
Removed Member From Class: ClassName=U_MCU Member=R14
Removed Member From Class: ClassName=U_NRF24l01 Member=R14
Removed Member From Class: ClassName=U_TOF360 Member=U2
Removed Member From Class: ClassName=U_TOF360 Member=U4
Removed Member From Class: ClassName=U_TOF360 Member=U6
Removed Member From Class: ClassName=U_TOF360 Member=U7
Change Component Footprint: Designator=C71 Old Footprint=CAP0402 New Footprint=CAP0603
Change Component Footprint: Designator=C74 Old Footprint=CAP0402 New Footprint=CAP0603
Change Component Footprint: Designator=C63 Old Footprint=CAP0402 New Footprint=CAP0805
Change Component Footprint: Designator=C67 Old Footprint=CAP0603 New Footprint=CAP0805
Change Component Footprint: Designator=C73 Old Footprint=CAP0603 New Footprint=CAP0805
Change Component Footprint: Designator=C66 Old Footprint=CAP0805 New Footprint=CAP0402
Change Component Footprint: Designator=C72 Old Footprint=CAP0805 New Footprint=CAP0402
Change Component Footprint: Designator=C59 Old Footprint=CAP0805 New Footprint=CAPPC2012X90N
Change Component Footprint: Designator=C57 Old Footprint=CAPPC2012X90N New Footprint=CAPPM7343X310N
Change Component Footprint: Designator=C55 Old Footprint=CAPPM7343X310N New Footprint=CAP0402
Change Component Footprint: Designator=D1 Old Footprint=DIOM5436X244N New Footprint=D1213A01LP47B
Change Component Footprint: Designator=D2 Old Footprint=DIOM5436X244N New Footprint=D1213A01LP47B
Change Component Footprint: Designator=J3 Old Footprint=FH34SRJ50S05SH50 New Footprint=FTSH-104-XX-YYY-D
Change Component Comment : Designator=C71 Old Comment=Cap0402 New Comment=Cap0603
Change Component Comment : Designator=C74 Old Comment=Cap0402 New Comment=Cap0603
Change Component Comment : Designator=C63 Old Comment=Cap0402 New Comment=Cap0805
Change Component Comment : Designator=C67 Old Comment=Cap0603 New Comment=Cap0805
Change Component Comment : Designator=C73 Old Comment=Cap0603 New Comment=Cap0805
Change Component Comment : Designator=C66 Old Comment=Cap0805 New Comment=Cap0402
Change Component Comment : Designator=C72 Old Comment=Cap0805 New Comment=Cap0402
Change Component Comment : Designator=C59 Old Comment=Cap0805 New Comment=T58W9476M6R3C0200
Change Component Comment : Designator=J3 Old Comment=FH34SRJ-50S-0.5SH_50_ New Comment=FTSH-104-03-L-D
Change Component Comment : Designator=D1 Old Comment=SMBJ3V3-E3_5B New Comment=D1213A-01LP4-7B
Change Component Comment : Designator=D2 Old Comment=SMBJ20A-E3_52 New Comment=D1213A-01LP4-7B
Change Component Comment : Designator=C57 Old Comment=T58W9476M6R3C0200 New Comment=TR3D336K025D0200
Change Component Comment : Designator=C55 Old Comment=TR3D336K025D0200 New Comment=Cap0402
Change Component Designator: OldDesignator=C16 NewDesignator=C17
Change Component Designator: OldDesignator=C17 NewDesignator=C18
Change Component Designator: OldDesignator=C18 NewDesignator=C19
Change Component Designator: OldDesignator=C19 NewDesignator=C20
Change Component Designator: OldDesignator=C20 NewDesignator=C21
Change Component Designator: OldDesignator=C21 NewDesignator=C22
Change Component Designator: OldDesignator=C22 NewDesignator=C23
Change Component Designator: OldDesignator=C23 NewDesignator=C24
Change Component Designator: OldDesignator=C24 NewDesignator=C25
Change Component Designator: OldDesignator=C25 NewDesignator=C26
Change Component Designator: OldDesignator=C26 NewDesignator=C27
Change Component Designator: OldDesignator=C27 NewDesignator=C28
Change Component Designator: OldDesignator=C28 NewDesignator=C29
Change Component Designator: OldDesignator=C29 NewDesignator=C30
Change Component Designator: OldDesignator=C30 NewDesignator=C31
Change Component Designator: OldDesignator=C31 NewDesignator=C32
Change Component Designator: OldDesignator=C32 NewDesignator=C33
Change Component Designator: OldDesignator=C33 NewDesignator=C34
Change Component Designator: OldDesignator=C34 NewDesignator=C35
Change Component Designator: OldDesignator=C35 NewDesignator=C36
Change Component Designator: OldDesignator=C36 NewDesignator=C37
Change Component Designator: OldDesignator=C37 NewDesignator=C38
Change Component Designator: OldDesignator=C38 NewDesignator=C39
Change Component Designator: OldDesignator=C39 NewDesignator=C40
Change Component Designator: OldDesignator=C40 NewDesignator=C41
Change Component Designator: OldDesignator=C41 NewDesignator=C42
Change Component Designator: OldDesignator=C42 NewDesignator=C43
Change Component Designator: OldDesignator=C43 NewDesignator=C44
Change Component Designator: OldDesignator=C44 NewDesignator=C45
Change Component Designator: OldDesignator=C45 NewDesignator=C46
Change Component Designator: OldDesignator=C46 NewDesignator=C47
Change Component Designator: OldDesignator=C47 NewDesignator=C48
Change Component Designator: OldDesignator=C48 NewDesignator=C49
Change Component Designator: OldDesignator=C49 NewDesignator=C50
Change Component Designator: OldDesignator=C50 NewDesignator=C51
Change Component Designator: OldDesignator=C51 NewDesignator=C52
Change Component Designator: OldDesignator=C52 NewDesignator=C53
Change Component Designator: OldDesignator=C53 NewDesignator=C54
Change Component Designator: OldDesignator=C78 NewDesignator=C79
Change Component Designator: OldDesignator=C79 NewDesignator=C80
Change Component Designator: OldDesignator=C80 NewDesignator=C81
Change Component Designator: OldDesignator=C81 NewDesignator=C82
Change Component Designator: OldDesignator=C82 NewDesignator=C83
Change Component Designator: OldDesignator=C83 NewDesignator=C84
Change Component Designator: OldDesignator=C84 NewDesignator=C85
Change Component Designator: OldDesignator=C85 NewDesignator=C86
Change Component Designator: OldDesignator=C86 NewDesignator=C87
Change Component Designator: OldDesignator=C87 NewDesignator=C88
Change Component Designator: OldDesignator=C88 NewDesignator=C89
Change Component Designator: OldDesignator=C89 NewDesignator=C90
Change Component Designator: OldDesignator=C90 NewDesignator=C91
Change Component Designator: OldDesignator=C91 NewDesignator=C92
Change Component Designator: OldDesignator=C92 NewDesignator=C93
Change Component Designator: OldDesignator=C93 NewDesignator=C94
Change Component Designator: OldDesignator=C94 NewDesignator=C95
Change Component Designator: OldDesignator=C95 NewDesignator=C96
Change Component Designator: OldDesignator=C96 NewDesignator=C97
Change Component Designator: OldDesignator=C97 NewDesignator=C98
Change Component Designator: OldDesignator=J4 NewDesignator=J9
Change Component Designator: OldDesignator=R7 NewDesignator=R8
Change Component Designator: OldDesignator=R8 NewDesignator=R9
Change Component Designator: OldDesignator=R9 NewDesignator=R10
Change Component Designator: OldDesignator=R10 NewDesignator=R11
Change Component Designator: OldDesignator=R11 NewDesignator=R12
Change Component Designator: OldDesignator=R12 NewDesignator=R13
Change Component Designator: OldDesignator=R17 NewDesignator=R18
Change Component Designator: OldDesignator=R18 NewDesignator=R19
Change Component Designator: OldDesignator=R19 NewDesignator=R20
Change Component Designator: OldDesignator=R20 NewDesignator=R21
Change Component Designator: OldDesignator=R21 NewDesignator=R22
Change component parameters: Designator = "C55" ("C55"); Footprint = "CAPPM7343X310N"; UniqueID = "\PQYJDOMC\KQPVDOGU\YJIDNLET" ("\PQYJDOMC\KQPVDOGU\YJIDNLET")
Change component parameters (AddParameter): Name = "Value"; Value = "100nF"; VariantName = "[No Variations]"
Change component parameters (AddParameter): Name = "Voltage"; Value = "25V"; VariantName = "[No Variations]"
Change component parameters: Designator = "C56" ("C56"); Footprint = "CAPPM7343X310N"; UniqueID = "\PQYJDOMC\KQPVDOGU\CXSGRBRO" ("\PQYJDOMC\KQPVDOGU\CXSGRBRO")
Change component parameters (AddParameter): Name = "Value"; Value = "DNI"; VariantName = "[No Variations]"
Change component parameters (AddParameter): Name = "Voltage"; Value = "DNI"; VariantName = "[No Variations]"
Change component parameters: Designator = "C57" ("C57"); Footprint = "CAPPC2012X90N"; UniqueID = "\PQYJDOMC\KQPVDOGU\SKXMGOOC" ("\PQYJDOMC\KQPVDOGU\SKXMGOOC")
Change component parameters (AddParameter): Name = "Arrow Part Number"; Value = ""; VariantName = "[No Variations]"
Change component parameters (AddParameter): Name = "Arrow Price/Stock"; Value = ""; VariantName = "[No Variations]"
Change component parameters (AddParameter): Name = "Datasheet Link"; Value = "http://www.vishay.com/doc?40080"; VariantName = "[No Variations]"
Change component parameters (AddParameter): Name = "Height"; Value = "3.1mm"; VariantName = "[No Variations]"
Change component parameters (AddParameter): Name = "Manufacturer_Name"; Value = "Vishay"; VariantName = "[No Variations]"
Change component parameters (AddParameter): Name = "Manufacturer_Part_Number"; Value = "TR3D336K025D0200"; VariantName = "[No Variations]"
Change component parameters (AddParameter): Name = "Mouser Part Number"; Value = "74-TR3D336K025D0200"; VariantName = "[No Variations]"
Change component parameters (AddParameter): Name = "Mouser Price/Stock"; Value = "https://www.mouser.com/Search/Refine.aspx?Keyword=74-TR3D336K025D0200"; VariantName = "[No Variations]"
Change component parameters (AddParameter): Name = "Value"; Value = "33uF"; VariantName = "[No Variations]"
Change component parameters: Designator = "C59" ("C59"); Footprint = "CAP0805"; UniqueID = "\PQYJDOMC\KQPVDOGU\WCVRGAPS" ("\PQYJDOMC\KQPVDOGU\WCVRGAPS")
Change component parameters (AddParameter): Name = "Value"; Value = "47uF"; VariantName = "[No Variations]"
Change component parameters (AddParameter): Name = "Voltage"; Value = "6V3"; VariantName = "[No Variations]"
Change component parameters: Designator = "C61" ("C61"); Footprint = "CAP0805"; UniqueID = "\PQYJDOMC\KQPVDOGU\WRFNDUAX" ("\PQYJDOMC\KQPVDOGU\WRFNDUAX")
Change component parameters (AddParameter): Name = "Value"; Value = "DNI"; VariantName = "[No Variations]"
Change component parameters (AddParameter): Name = "Voltage"; Value = "35V"; VariantName = "[No Variations]"
Change component parameters: Designator = "C62" ("C62"); Footprint = "CAP0805"; UniqueID = "\PQYJDOMC\KQPVDOGU\EGBAANXM" ("\PQYJDOMC\KQPVDOGU\EGBAANXM")
Change component parameters (AddParameter): Name = "Value"; Value = "10uF"; VariantName = "[No Variations]"
Change component parameters (AddParameter): Name = "Voltage"; Value = "35V"; VariantName = "[No Variations]"
Change component parameters: Designator = "C63" ("C63"); Footprint = "CAP0402"; UniqueID = "\PQYJDOMC\KQPVDOGU\VJJEGZPS" ("\PQYJDOMC\KQPVDOGU\VJJEGZPS")
Change component parameters (AddParameter): Name = "Value"; Value = "4u7F"; VariantName = "[No Variations]"
Change component parameters (AddParameter): Name = "Voltage"; Value = "35V"; VariantName = "[No Variations]"
Change component parameters: Designator = "C64" ("C64"); Footprint = "CAP0402"; UniqueID = "\PQYJDOMC\KQPVDOGU\BUPVVCSP" ("\PQYJDOMC\KQPVDOGU\BUPVVCSP")
Change component parameters (AddParameter): Name = "Value"; Value = "220nF"; VariantName = "[No Variations]"
Change component parameters (AddParameter): Name = "Voltage"; Value = "35V"; VariantName = "[No Variations]"
Change component parameters: Designator = "C65" ("C65"); Footprint = "CAP0402"; UniqueID = "\PQYJDOMC\KQPVDOGU\PWFSGJEL" ("\PQYJDOMC\KQPVDOGU\PWFSGJEL")
Change component parameters (AddParameter): Name = "Value"; Value = "100nF"; VariantName = "[No Variations]"
Change component parameters (AddParameter): Name = "Voltage"; Value = "35V"; VariantName = "[No Variations]"
Change component parameters: Designator = "C66" ("C66"); Footprint = "CAP0805"; UniqueID = "\PQYJDOMC\KQPVDOGU\HEYLTTVI" ("\PQYJDOMC\KQPVDOGU\HEYLTTVI")
Change component parameters (AddParameter): Name = "Value"; Value = "100nF"; VariantName = "[No Variations]"
Change component parameters (AddParameter): Name = "Voltage"; Value = "25V"; VariantName = "[No Variations]"
Change component parameters: Designator = "C67" ("C67"); Footprint = "CAP0603"; UniqueID = "\PQYJDOMC\KQPVDOGU\OZHSQRVZ" ("\PQYJDOMC\KQPVDOGU\OZHSQRVZ")
Change component parameters (AddParameter): Name = "Value"; Value = "22uF"; VariantName = "[No Variations]"
Change component parameters (AddParameter): Name = "Voltage"; Value = "25V"; VariantName = "[No Variations]"
Change component parameters: Designator = "C71" ("C71"); Footprint = "CAP0402"; UniqueID = "\PQYJDOMC\KQPVDOGU\GFUKGIWJ" ("\PQYJDOMC\KQPVDOGU\GFUKGIWJ")
Change component parameters (AddParameter): Name = "Value"; Value = "10uF"; VariantName = "[No Variations]"
Change component parameters (AddParameter): Name = "Voltage"; Value = "25V"; VariantName = "[No Variations]"
Change component parameters: Designator = "C72" ("C72"); Footprint = "CAP0805"; UniqueID = "\PQYJDOMC\KQPVDOGU\PJMALWFR" ("\PQYJDOMC\KQPVDOGU\PJMALWFR")
Change component parameters (AddParameter): Name = "Value"; Value = "100nF"; VariantName = "[No Variations]"
Change component parameters (AddParameter): Name = "Voltage"; Value = "25V"; VariantName = "[No Variations]"
Change component parameters: Designator = "C73" ("C73"); Footprint = "CAP0603"; UniqueID = "\PQYJDOMC\KQPVDOGU\WZZHPXHO" ("\PQYJDOMC\KQPVDOGU\WZZHPXHO")
Change component parameters (AddParameter): Name = "Value"; Value = "DNI"; VariantName = "[No Variations]"
Change component parameters (AddParameter): Name = "Voltage"; Value = "DNI"; VariantName = "[No Variations]"
Change component parameters: Designator = "C74" ("C74"); Footprint = "CAP0402"; UniqueID = "\PQYJDOMC\KQPVDOGU\VWPXNIYC" ("\PQYJDOMC\KQPVDOGU\VWPXNIYC")
Change component parameters (AddParameter): Name = "Value"; Value = "10uF"; VariantName = "[No Variations]"
Change component parameters (AddParameter): Name = "Voltage"; Value = "25V"; VariantName = "[No Variations]"
Change component parameters: Designator = "C75" ("C75"); Footprint = "CAP0402"; UniqueID = "\PQYJDOMC\KQPVDOGU\ZFAPPGQL" ("\PQYJDOMC\KQPVDOGU\ZFAPPGQL")
Change component parameters (AddParameter): Name = "Value"; Value = "100nF"; VariantName = "[No Variations]"
Change component parameters (AddParameter): Name = "Voltage"; Value = "25V"; VariantName = "[No Variations]"
Change component parameters: Designator = "C76" ("C76"); Footprint = "CAP0402"; UniqueID = "\PQYJDOMC\KQPVDOGU\IWDJXDJO" ("\PQYJDOMC\KQPVDOGU\IWDJXDJO")
Change component parameters (AddParameter): Name = "Value"; Value = "DNI"; VariantName = "[No Variations]"
Change component parameters (AddParameter): Name = "Voltage"; Value = "DNI"; VariantName = "[No Variations]"
Change component parameters: Designator = "C77" ("C77"); Footprint = "CAP0402"; UniqueID = "\PQYJDOMC\KQPVDOGU\AGSIQKPH" ("\PQYJDOMC\KQPVDOGU\AGSIQKPH")
Change component parameters (AddParameter): Name = "Value"; Value = "1uF"; VariantName = "[No Variations]"
Change component parameters (AddParameter): Name = "Voltage"; Value = "35V"; VariantName = "[No Variations]"
Change component parameters: Designator = "D1" ("D1"); Footprint = "DIOM5436X244N"; UniqueID = "\EDSQZILN\MTOKIYNP" ("\EDSQZILN\MTOKIYNP")
Change component parameters (AddParameter): Name = "Arrow Part Number"; Value = "D1213A-01LP4-7B"; VariantName = "[No Variations]"
Change component parameters (AddParameter): Name = "Arrow Price/Stock"; Value = "https://www.arrow.com/en/products/d1213a-01lp4-7b/diodes-incorporated?region=europe"; VariantName = "[No Variations]"
Change component parameters (AddParameter): Name = "Datasheet Link"; Value = "https://www.diodes.com/assets/Datasheets/D1213A-01LP4.pdf"; VariantName = "[No Variations]"
Change component parameters (AddParameter): Name = "Height"; Value = "0.4mm"; VariantName = "[No Variations]"
Change component parameters (AddParameter): Name = "Manufacturer_Name"; Value = "Diodes Incorporated"; VariantName = "[No Variations]"
Change component parameters (AddParameter): Name = "Manufacturer_Part_Number"; Value = "D1213A-01LP4-7B"; VariantName = "[No Variations]"
Change component parameters (AddParameter): Name = "Mouser Part Number"; Value = "621-D1213A-01LP4-7B"; VariantName = "[No Variations]"
Change component parameters (AddParameter): Name = "Mouser Price/Stock"; Value = "https://www.mouser.co.uk/ProductDetail/Diodes-Incorporated/D1213A-01LP4-7B?qs=gfe7vQ8txpVKfG5NOSOvfA%3D%3D"; VariantName = "[No Variations]"
Change component parameters: Designator = "D2" ("D2"); Footprint = "DIOM5436X244N"; UniqueID = "\EDSQZILN\XXNJAXYS" ("\EDSQZILN\XXNJAXYS")
Change component parameters (AddParameter): Name = "Arrow Part Number"; Value = "D1213A-01LP4-7B"; VariantName = "[No Variations]"
Change component parameters (AddParameter): Name = "Arrow Price/Stock"; Value = "https://www.arrow.com/en/products/d1213a-01lp4-7b/diodes-incorporated?region=europe"; VariantName = "[No Variations]"
Change component parameters (AddParameter): Name = "Datasheet Link"; Value = "https://www.diodes.com/assets/Datasheets/D1213A-01LP4.pdf"; VariantName = "[No Variations]"
Change component parameters (AddParameter): Name = "Height"; Value = "0.4mm"; VariantName = "[No Variations]"
Change component parameters (AddParameter): Name = "Manufacturer_Name"; Value = "Diodes Incorporated"; VariantName = "[No Variations]"
Change component parameters (AddParameter): Name = "Manufacturer_Part_Number"; Value = "D1213A-01LP4-7B"; VariantName = "[No Variations]"
Change component parameters (AddParameter): Name = "Mouser Part Number"; Value = "621-D1213A-01LP4-7B"; VariantName = "[No Variations]"
Change component parameters (AddParameter): Name = "Mouser Price/Stock"; Value = "https://www.mouser.co.uk/ProductDetail/Diodes-Incorporated/D1213A-01LP4-7B?qs=gfe7vQ8txpVKfG5NOSOvfA%3D%3D"; VariantName = "[No Variations]"
Change component parameters: Designator = "J3" ("J3"); Footprint = "FH34SRJ50S05SH50"; UniqueID = "\LESQOWNY\AJYTMOJX" ("\LESQOWNY\AJYTMOJX")
Change component parameters (AddParameter): Name = "Arrow Part Number"; Value = ""; VariantName = "[No Variations]"
Change component parameters (AddParameter): Name = "Arrow Price/Stock"; Value = ""; VariantName = "[No Variations]"
Change component parameters (AddParameter): Name = "Datasheet Link"; Value = "http://suddendocs.samtec.com/prints/ftsh-1xx-xx-xxx-d-xxx-xx-mkt.pdf"; VariantName = "[No Variations]"
Change component parameters (AddParameter): Name = "Manufacturer_Name"; Value = "SAMTEC"; VariantName = "[No Variations]"
Change component parameters (AddParameter): Name = "Manufacturer_Part_Number"; Value = "FTSH-104-03-L-D"; VariantName = "[No Variations]"
Change component parameters (AddParameter): Name = "Mouser Part Number"; Value = "200-FTSH10403LD"; VariantName = "[No Variations]"
Change component parameters (AddParameter): Name = "Mouser Price/Stock"; Value = "https://www.mouser.co.uk/ProductDetail/Samtec/FTSH-104-03-L-D?qs=0lQeLiL1qyZeY92VC2jARg%3D%3D"; VariantName = "[No Variations]"
Change component parameters (AddParameter): Name = "System"; Value = "Connector"; VariantName = "[No Variations]"
Change component parameters: Designator = "R14" ("R14"); Footprint = "RES0402"; UniqueID = "\PQYJDOMC\KQPVDOGU\UHGHWHND" ("\PQYJDOMC\KQPVDOGU\UHGHWHND")
Change component parameters (AddParameter): Name = "Value"; Value = "0R"; VariantName = "[No Variations]"
Change component parameters: Designator = "R15" ("R15"); Footprint = "RES0402"; UniqueID = "\PQYJDOMC\KQPVDOGU\KWOYNECF" ("\PQYJDOMC\KQPVDOGU\KWOYNECF")
Change component parameters (AddParameter): Name = "Value"; Value = "DNI"; VariantName = "[No Variations]"
Change component parameters: Designator = "R16" ("R16"); Footprint = "RES0402"; UniqueID = "\PQYJDOMC\KQPVDOGU\USEWQCHT" ("\PQYJDOMC\KQPVDOGU\USEWQCHT")
Change component parameters (AddParameter): Name = "Value"; Value = "100k/1%"; VariantName = "[No Variations]"
Added Component: Designator=C16(CAP0402)
Add component (AddParameter): Name = "Value"; Value = "100nF"; VariantName = "[No Variations]"
Add component (AddParameter): Name = "Voltage"; Value = "50V"; VariantName = "[No Variations]"
Added Component: Designator=C78(CAP0402)
Add component (AddParameter): Name = "Value"; Value = "DNI"; VariantName = "[No Variations]"
Add component (AddParameter): Name = "Voltage"; Value = "DNI"; VariantName = "[No Variations]"
Added Component: Designator=D3(D1213A01LP47B)
Add component (AddParameter): Name = "Arrow Part Number"; Value = "D1213A-01LP4-7B"; VariantName = "[No Variations]"
Add component (AddParameter): Name = "Arrow Price/Stock"; Value = "https://www.arrow.com/en/products/d1213a-01lp4-7b/diodes-incorporated?region=europe"; VariantName = "[No Variations]"
Add component (AddParameter): Name = "Datasheet Link"; Value = "https://www.diodes.com/assets/Datasheets/D1213A-01LP4.pdf"; VariantName = "[No Variations]"
Add component (AddParameter): Name = "Height"; Value = "0.4mm"; VariantName = "[No Variations]"
Add component (AddParameter): Name = "Manufacturer_Name"; Value = "Diodes Incorporated"; VariantName = "[No Variations]"
Add component (AddParameter): Name = "Manufacturer_Part_Number"; Value = "D1213A-01LP4-7B"; VariantName = "[No Variations]"
Add component (AddParameter): Name = "Mouser Part Number"; Value = "621-D1213A-01LP4-7B"; VariantName = "[No Variations]"
Add component (AddParameter): Name = "Mouser Price/Stock"; Value = "https://www.mouser.co.uk/ProductDetail/Diodes-Incorporated/D1213A-01LP4-7B?qs=gfe7vQ8txpVKfG5NOSOvfA%3D%3D"; VariantName = "[No Variations]"
Added Component: Designator=D4(D1213A01LP47B)
Add component (AddParameter): Name = "Arrow Part Number"; Value = "D1213A-01LP4-7B"; VariantName = "[No Variations]"
Add component (AddParameter): Name = "Arrow Price/Stock"; Value = "https://www.arrow.com/en/products/d1213a-01lp4-7b/diodes-incorporated?region=europe"; VariantName = "[No Variations]"
Add component (AddParameter): Name = "Datasheet Link"; Value = "https://www.diodes.com/assets/Datasheets/D1213A-01LP4.pdf"; VariantName = "[No Variations]"
Add component (AddParameter): Name = "Height"; Value = "0.4mm"; VariantName = "[No Variations]"
Add component (AddParameter): Name = "Manufacturer_Name"; Value = "Diodes Incorporated"; VariantName = "[No Variations]"
Add component (AddParameter): Name = "Manufacturer_Part_Number"; Value = "D1213A-01LP4-7B"; VariantName = "[No Variations]"
Add component (AddParameter): Name = "Mouser Part Number"; Value = "621-D1213A-01LP4-7B"; VariantName = "[No Variations]"
Add component (AddParameter): Name = "Mouser Price/Stock"; Value = "https://www.mouser.co.uk/ProductDetail/Diodes-Incorporated/D1213A-01LP4-7B?qs=gfe7vQ8txpVKfG5NOSOvfA%3D%3D"; VariantName = "[No Variations]"
Added Component: Designator=D5(D1213A01LP47B)
Add component (AddParameter): Name = "Arrow Part Number"; Value = "D1213A-01LP4-7B"; VariantName = "[No Variations]"
Add component (AddParameter): Name = "Arrow Price/Stock"; Value = "https://www.arrow.com/en/products/d1213a-01lp4-7b/diodes-incorporated?region=europe"; VariantName = "[No Variations]"
Add component (AddParameter): Name = "Datasheet Link"; Value = "https://www.diodes.com/assets/Datasheets/D1213A-01LP4.pdf"; VariantName = "[No Variations]"
Add component (AddParameter): Name = "Height"; Value = "0.4mm"; VariantName = "[No Variations]"
Add component (AddParameter): Name = "Manufacturer_Name"; Value = "Diodes Incorporated"; VariantName = "[No Variations]"
Add component (AddParameter): Name = "Manufacturer_Part_Number"; Value = "D1213A-01LP4-7B"; VariantName = "[No Variations]"
Add component (AddParameter): Name = "Mouser Part Number"; Value = "621-D1213A-01LP4-7B"; VariantName = "[No Variations]"
Add component (AddParameter): Name = "Mouser Price/Stock"; Value = "https://www.mouser.co.uk/ProductDetail/Diodes-Incorporated/D1213A-01LP4-7B?qs=gfe7vQ8txpVKfG5NOSOvfA%3D%3D"; VariantName = "[No Variations]"
Added Component: Designator=D6(D1213A01LP47B)
Add component (AddParameter): Name = "Arrow Part Number"; Value = "D1213A-01LP4-7B"; VariantName = "[No Variations]"
Add component (AddParameter): Name = "Arrow Price/Stock"; Value = "https://www.arrow.com/en/products/d1213a-01lp4-7b/diodes-incorporated?region=europe"; VariantName = "[No Variations]"
Add component (AddParameter): Name = "Datasheet Link"; Value = "https://www.diodes.com/assets/Datasheets/D1213A-01LP4.pdf"; VariantName = "[No Variations]"
Add component (AddParameter): Name = "Height"; Value = "0.4mm"; VariantName = "[No Variations]"
Add component (AddParameter): Name = "Manufacturer_Name"; Value = "Diodes Incorporated"; VariantName = "[No Variations]"
Add component (AddParameter): Name = "Manufacturer_Part_Number"; Value = "D1213A-01LP4-7B"; VariantName = "[No Variations]"
Add component (AddParameter): Name = "Mouser Part Number"; Value = "621-D1213A-01LP4-7B"; VariantName = "[No Variations]"
Add component (AddParameter): Name = "Mouser Price/Stock"; Value = "https://www.mouser.co.uk/ProductDetail/Diodes-Incorporated/D1213A-01LP4-7B?qs=gfe7vQ8txpVKfG5NOSOvfA%3D%3D"; VariantName = "[No Variations]"
Added Component: Designator=D7(D1213A01LP47B)
Add component (AddParameter): Name = "Arrow Part Number"; Value = "D1213A-01LP4-7B"; VariantName = "[No Variations]"
Add component (AddParameter): Name = "Arrow Price/Stock"; Value = "https://www.arrow.com/en/products/d1213a-01lp4-7b/diodes-incorporated?region=europe"; VariantName = "[No Variations]"
Add component (AddParameter): Name = "Datasheet Link"; Value = "https://www.diodes.com/assets/Datasheets/D1213A-01LP4.pdf"; VariantName = "[No Variations]"
Add component (AddParameter): Name = "Height"; Value = "0.4mm"; VariantName = "[No Variations]"
Add component (AddParameter): Name = "Manufacturer_Name"; Value = "Diodes Incorporated"; VariantName = "[No Variations]"
Add component (AddParameter): Name = "Manufacturer_Part_Number"; Value = "D1213A-01LP4-7B"; VariantName = "[No Variations]"
Add component (AddParameter): Name = "Mouser Part Number"; Value = "621-D1213A-01LP4-7B"; VariantName = "[No Variations]"
Add component (AddParameter): Name = "Mouser Price/Stock"; Value = "https://www.mouser.co.uk/ProductDetail/Diodes-Incorporated/D1213A-01LP4-7B?qs=gfe7vQ8txpVKfG5NOSOvfA%3D%3D"; VariantName = "[No Variations]"
Added Component: Designator=D8(DT1240A08LP38107)
Add component (AddParameter): Name = "Arrow Part Number"; Value = "DT1240A-08LP3810-7"; VariantName = "[No Variations]"
Add component (AddParameter): Name = "Arrow Price/Stock"; Value = "null?region=nac"; VariantName = "[No Variations]"
Add component (AddParameter): Name = "Datasheet Link"; Value = "https://www.diodes.com//assets/Datasheets/DT1240A-08LP3810.pdf"; VariantName = "[No Variations]"
Add component (AddParameter): Name = "Height"; Value = "0.55mm"; VariantName = "[No Variations]"
Add component (AddParameter): Name = "Manufacturer_Name"; Value = "Diodes Incorporated"; VariantName = "[No Variations]"
Add component (AddParameter): Name = "Manufacturer_Part_Number"; Value = "DT1240A-08LP3810-7"; VariantName = "[No Variations]"
Add component (AddParameter): Name = "Mouser Part Number"; Value = "621-DT1240A08LP38107"; VariantName = "[No Variations]"
Add component (AddParameter): Name = "Mouser Price/Stock"; Value = "https://www.mouser.co.uk/ProductDetail/Diodes-Incorporated/DT1240A-08LP3810-7?qs=W0yvOO0ixfFwCalJyqXN4A%3D%3D"; VariantName = "[No Variations]"
Added Component: Designator=D9(DT1240A08LP38107)
Add component (AddParameter): Name = "Arrow Part Number"; Value = "DT1240A-08LP3810-7"; VariantName = "[No Variations]"
Add component (AddParameter): Name = "Arrow Price/Stock"; Value = "null?region=nac"; VariantName = "[No Variations]"
Add component (AddParameter): Name = "Datasheet Link"; Value = "https://www.diodes.com//assets/Datasheets/DT1240A-08LP3810.pdf"; VariantName = "[No Variations]"
Add component (AddParameter): Name = "Height"; Value = "0.55mm"; VariantName = "[No Variations]"
Add component (AddParameter): Name = "Manufacturer_Name"; Value = "Diodes Incorporated"; VariantName = "[No Variations]"
Add component (AddParameter): Name = "Manufacturer_Part_Number"; Value = "DT1240A-08LP3810-7"; VariantName = "[No Variations]"
Add component (AddParameter): Name = "Mouser Part Number"; Value = "621-DT1240A08LP38107"; VariantName = "[No Variations]"
Add component (AddParameter): Name = "Mouser Price/Stock"; Value = "https://www.mouser.co.uk/ProductDetail/Diodes-Incorporated/DT1240A-08LP3810-7?qs=W0yvOO0ixfFwCalJyqXN4A%3D%3D"; VariantName = "[No Variations]"
Added Component: Designator=D10(DT1240A08LP38107)
Add component (AddParameter): Name = "Arrow Part Number"; Value = "DT1240A-08LP3810-7"; VariantName = "[No Variations]"
Add component (AddParameter): Name = "Arrow Price/Stock"; Value = "null?region=nac"; VariantName = "[No Variations]"
Add component (AddParameter): Name = "Datasheet Link"; Value = "https://www.diodes.com//assets/Datasheets/DT1240A-08LP3810.pdf"; VariantName = "[No Variations]"
Add component (AddParameter): Name = "Height"; Value = "0.55mm"; VariantName = "[No Variations]"
Add component (AddParameter): Name = "Manufacturer_Name"; Value = "Diodes Incorporated"; VariantName = "[No Variations]"
Add component (AddParameter): Name = "Manufacturer_Part_Number"; Value = "DT1240A-08LP3810-7"; VariantName = "[No Variations]"
Add component (AddParameter): Name = "Mouser Part Number"; Value = "621-DT1240A08LP38107"; VariantName = "[No Variations]"
Add component (AddParameter): Name = "Mouser Price/Stock"; Value = "https://www.mouser.co.uk/ProductDetail/Diodes-Incorporated/DT1240A-08LP3810-7?qs=W0yvOO0ixfFwCalJyqXN4A%3D%3D"; VariantName = "[No Variations]"
Added Component: Designator=D11(DT1240A08LP38107)
Add component (AddParameter): Name = "Arrow Part Number"; Value = "DT1240A-08LP3810-7"; VariantName = "[No Variations]"
Add component (AddParameter): Name = "Arrow Price/Stock"; Value = "null?region=nac"; VariantName = "[No Variations]"
Add component (AddParameter): Name = "Datasheet Link"; Value = "https://www.diodes.com//assets/Datasheets/DT1240A-08LP3810.pdf"; VariantName = "[No Variations]"
Add component (AddParameter): Name = "Height"; Value = "0.55mm"; VariantName = "[No Variations]"
Add component (AddParameter): Name = "Manufacturer_Name"; Value = "Diodes Incorporated"; VariantName = "[No Variations]"
Add component (AddParameter): Name = "Manufacturer_Part_Number"; Value = "DT1240A-08LP3810-7"; VariantName = "[No Variations]"
Add component (AddParameter): Name = "Mouser Part Number"; Value = "621-DT1240A08LP38107"; VariantName = "[No Variations]"
Add component (AddParameter): Name = "Mouser Price/Stock"; Value = "https://www.mouser.co.uk/ProductDetail/Diodes-Incorporated/DT1240A-08LP3810-7?qs=W0yvOO0ixfFwCalJyqXN4A%3D%3D"; VariantName = "[No Variations]"
Added Component: Designator=D12(DT1240A08LP38107)
Add component (AddParameter): Name = "Arrow Part Number"; Value = "DT1240A-08LP3810-7"; VariantName = "[No Variations]"
Add component (AddParameter): Name = "Arrow Price/Stock"; Value = "null?region=nac"; VariantName = "[No Variations]"
Add component (AddParameter): Name = "Datasheet Link"; Value = "https://www.diodes.com//assets/Datasheets/DT1240A-08LP3810.pdf"; VariantName = "[No Variations]"
Add component (AddParameter): Name = "Height"; Value = "0.55mm"; VariantName = "[No Variations]"
Add component (AddParameter): Name = "Manufacturer_Name"; Value = "Diodes Incorporated"; VariantName = "[No Variations]"
Add component (AddParameter): Name = "Manufacturer_Part_Number"; Value = "DT1240A-08LP3810-7"; VariantName = "[No Variations]"
Add component (AddParameter): Name = "Mouser Part Number"; Value = "621-DT1240A08LP38107"; VariantName = "[No Variations]"
Add component (AddParameter): Name = "Mouser Price/Stock"; Value = "https://www.mouser.co.uk/ProductDetail/Diodes-Incorporated/DT1240A-08LP3810-7?qs=W0yvOO0ixfFwCalJyqXN4A%3D%3D"; VariantName = "[No Variations]"
Added Component: Designator=D13(DIOM5436X244N)
Add component (AddParameter): Name = "Arrow Part Number"; Value = "SMBJ3V3-E3/5B"; VariantName = "[No Variations]"
Add component (AddParameter): Name = "Arrow Price/Stock"; Value = "https://www.arrow.com/en/products/smbj3v3-e35b/vishay?region=nac"; VariantName = "[No Variations]"
Add component (AddParameter): Name = "Datasheet Link"; Value = "https://www.vishay.com/docs/88940/smbj3v3.pdf"; VariantName = "[No Variations]"
Add component (AddParameter): Name = "Height"; Value = "2.44mm"; VariantName = "[No Variations]"
Add component (AddParameter): Name = "Manufacturer_Name"; Value = "Vishay"; VariantName = "[No Variations]"
Add component (AddParameter): Name = "Manufacturer_Part_Number"; Value = "SMBJ3V3-E3/5B"; VariantName = "[No Variations]"
Add component (AddParameter): Name = "Mouser Part Number"; Value = "625-SMBJ3V3-E3/5B"; VariantName = "[No Variations]"
Add component (AddParameter): Name = "Mouser Price/Stock"; Value = "https://www.mouser.co.uk/ProductDetail/Vishay-General-Semiconductor/SMBJ3V3-E3-5B?qs=%252BKsK5HlK7GFCvIE1%252BXTysQ%3D%3D"; VariantName = "[No Variations]"
Added Component: Designator=D14(DIOM5436X244N)
Add component (AddParameter): Name = "Arrow Part Number"; Value = "SMBJ20A-E3/52"; VariantName = "[No Variations]"
Add component (AddParameter): Name = "Arrow Price/Stock"; Value = "https://www.arrow.com/en/products/smbj20a-e352/vishay?region=nac"; VariantName = "[No Variations]"
Add component (AddParameter): Name = "Datasheet Link"; Value = "http://www.vishay.com/docs/88392/smbj.pdf"; VariantName = "[No Variations]"
Add component (AddParameter): Name = "Height"; Value = "2.44mm"; VariantName = "[No Variations]"
Add component (AddParameter): Name = "Manufacturer_Name"; Value = "Vishay"; VariantName = "[No Variations]"
Add component (AddParameter): Name = "Manufacturer_Part_Number"; Value = "SMBJ20A-E3/52"; VariantName = "[No Variations]"
Add component (AddParameter): Name = "Mouser Part Number"; Value = "625-SMBJ20A-E3"; VariantName = "[No Variations]"
Add component (AddParameter): Name = "Mouser Price/Stock"; Value = "https://www.mouser.co.uk/ProductDetail/Vishay-General-Semiconductor/SMBJ20A-E3-52?qs=%252BKsK5HlK7GGHijeGSDEfxQ%3D%3D"; VariantName = "[No Variations]"
Added Component: Designator=J4(FTSH-104-XX-YYY-D)
Add component (AddParameter): Name = "Arrow Part Number"; Value = ""; VariantName = "[No Variations]"
Add component (AddParameter): Name = "Arrow Price/Stock"; Value = ""; VariantName = "[No Variations]"
Add component (AddParameter): Name = "Datasheet Link"; Value = "http://suddendocs.samtec.com/prints/ftsh-1xx-xx-xxx-d-xxx-xx-mkt.pdf"; VariantName = "[No Variations]"
Add component (AddParameter): Name = "Manufacturer_Name"; Value = "SAMTEC"; VariantName = "[No Variations]"
Add component (AddParameter): Name = "Manufacturer_Part_Number"; Value = "FTSH-104-03-L-D"; VariantName = "[No Variations]"
Add component (AddParameter): Name = "Mouser Part Number"; Value = "200-FTSH10403LD"; VariantName = "[No Variations]"
Add component (AddParameter): Name = "Mouser Price/Stock"; Value = "https://www.mouser.co.uk/ProductDetail/Samtec/FTSH-104-03-L-D?qs=0lQeLiL1qyZeY92VC2jARg%3D%3D"; VariantName = "[No Variations]"
Add component (AddParameter): Name = "System"; Value = "Connector"; VariantName = "[No Variations]"
Added Component: Designator=J5(FTSH-104-XX-YYY-D)
Add component (AddParameter): Name = "Arrow Part Number"; Value = ""; VariantName = "[No Variations]"
Add component (AddParameter): Name = "Arrow Price/Stock"; Value = ""; VariantName = "[No Variations]"
Add component (AddParameter): Name = "Datasheet Link"; Value = "http://suddendocs.samtec.com/prints/ftsh-1xx-xx-xxx-d-xxx-xx-mkt.pdf"; VariantName = "[No Variations]"
Add component (AddParameter): Name = "Manufacturer_Name"; Value = "SAMTEC"; VariantName = "[No Variations]"
Add component (AddParameter): Name = "Manufacturer_Part_Number"; Value = "FTSH-104-03-L-D"; VariantName = "[No Variations]"
Add component (AddParameter): Name = "Mouser Part Number"; Value = "200-FTSH10403LD"; VariantName = "[No Variations]"
Add component (AddParameter): Name = "Mouser Price/Stock"; Value = "https://www.mouser.co.uk/ProductDetail/Samtec/FTSH-104-03-L-D?qs=0lQeLiL1qyZeY92VC2jARg%3D%3D"; VariantName = "[No Variations]"
Add component (AddParameter): Name = "System"; Value = "Connector"; VariantName = "[No Variations]"
Added Component: Designator=J6(FTSH-104-XX-YYY-D)
Add component (AddParameter): Name = "Arrow Part Number"; Value = ""; VariantName = "[No Variations]"
Add component (AddParameter): Name = "Arrow Price/Stock"; Value = ""; VariantName = "[No Variations]"
Add component (AddParameter): Name = "Datasheet Link"; Value = "http://suddendocs.samtec.com/prints/ftsh-1xx-xx-xxx-d-xxx-xx-mkt.pdf"; VariantName = "[No Variations]"
Add component (AddParameter): Name = "Manufacturer_Name"; Value = "SAMTEC"; VariantName = "[No Variations]"
Add component (AddParameter): Name = "Manufacturer_Part_Number"; Value = "FTSH-104-03-L-D"; VariantName = "[No Variations]"
Add component (AddParameter): Name = "Mouser Part Number"; Value = "200-FTSH10403LD"; VariantName = "[No Variations]"
Add component (AddParameter): Name = "Mouser Price/Stock"; Value = "https://www.mouser.co.uk/ProductDetail/Samtec/FTSH-104-03-L-D?qs=0lQeLiL1qyZeY92VC2jARg%3D%3D"; VariantName = "[No Variations]"
Add component (AddParameter): Name = "System"; Value = "Connector"; VariantName = "[No Variations]"
Added Component: Designator=J7(FTSH-104-XX-YYY-D)
Add component (AddParameter): Name = "Arrow Part Number"; Value = ""; VariantName = "[No Variations]"
Add component (AddParameter): Name = "Arrow Price/Stock"; Value = ""; VariantName = "[No Variations]"
Add component (AddParameter): Name = "Datasheet Link"; Value = "http://suddendocs.samtec.com/prints/ftsh-1xx-xx-xxx-d-xxx-xx-mkt.pdf"; VariantName = "[No Variations]"
Add component (AddParameter): Name = "Manufacturer_Name"; Value = "SAMTEC"; VariantName = "[No Variations]"
Add component (AddParameter): Name = "Manufacturer_Part_Number"; Value = "FTSH-104-03-L-D"; VariantName = "[No Variations]"
Add component (AddParameter): Name = "Mouser Part Number"; Value = "200-FTSH10403LD"; VariantName = "[No Variations]"
Add component (AddParameter): Name = "Mouser Price/Stock"; Value = "https://www.mouser.co.uk/ProductDetail/Samtec/FTSH-104-03-L-D?qs=0lQeLiL1qyZeY92VC2jARg%3D%3D"; VariantName = "[No Variations]"
Add component (AddParameter): Name = "System"; Value = "Connector"; VariantName = "[No Variations]"
Added Component: Designator=J8(FTSH-104-XX-YYY-D)
Add component (AddParameter): Name = "Arrow Part Number"; Value = ""; VariantName = "[No Variations]"
Add component (AddParameter): Name = "Arrow Price/Stock"; Value = ""; VariantName = "[No Variations]"
Add component (AddParameter): Name = "Datasheet Link"; Value = "http://suddendocs.samtec.com/prints/ftsh-1xx-xx-xxx-d-xxx-xx-mkt.pdf"; VariantName = "[No Variations]"
Add component (AddParameter): Name = "Manufacturer_Name"; Value = "SAMTEC"; VariantName = "[No Variations]"
Add component (AddParameter): Name = "Manufacturer_Part_Number"; Value = "FTSH-104-03-L-D"; VariantName = "[No Variations]"
Add component (AddParameter): Name = "Mouser Part Number"; Value = "200-FTSH10403LD"; VariantName = "[No Variations]"
Add component (AddParameter): Name = "Mouser Price/Stock"; Value = "https://www.mouser.co.uk/ProductDetail/Samtec/FTSH-104-03-L-D?qs=0lQeLiL1qyZeY92VC2jARg%3D%3D"; VariantName = "[No Variations]"
Add component (AddParameter): Name = "System"; Value = "Connector"; VariantName = "[No Variations]"
Added Component: Designator=J10(FH34SRJ50S05SH50)
Add component (AddParameter): Name = "Arrow Part Number"; Value = ""; VariantName = "[No Variations]"
Add component (AddParameter): Name = "Arrow Price/Stock"; Value = ""; VariantName = "[No Variations]"
Add component (AddParameter): Name = "Datasheet Link"; Value = "https://www.hirose.com/en/product/document?clcode=CL0580-1266-2-50&productname=FH34SRJ-50S-0.5SH(50)&series=FH34SRJ&documenttype=2DDrawing&lang=en&documentid=0001483059"; VariantName = "[No Variations]"
Add component (AddParameter): Name = "Height"; Value = "1.75mm"; VariantName = "[No Variations]"
Add component (AddParameter): Name = "Manufacturer_Name"; Value = "Hirose"; VariantName = "[No Variations]"
Add component (AddParameter): Name = "Manufacturer_Part_Number"; Value = "FH34SRJ-50S-0.5SH(50)"; VariantName = "[No Variations]"
Add component (AddParameter): Name = "Mouser Part Number"; Value = "798-FH34SRJ50S05SH50"; VariantName = "[No Variations]"
Add component (AddParameter): Name = "Mouser Price/Stock"; Value = "https://www.mouser.co.uk/ProductDetail/Hirose-Connector/FH34SRJ-50S-0.5SH50?qs=vcbW%252B4%252BSTIrLLD%2F8H%2F%252B%2Fhg%3D%3D"; VariantName = "[No Variations]"
Add component (AddParameter): Name = "System"; Value = "Connector"; VariantName = "[No Variations]"
Added Component: Designator=M1(Mount_M2)
Added Component: Designator=M2(Mount_M2)
Added Component: Designator=M3(Mount_M2)
Added Component: Designator=M4(Mount_M2)
Added Component: Designator=M5(Mount_M2)
Added Component: Designator=M6(Mount_M2)
Added Component: Designator=R7(RES0402)
Add component (AddParameter): Name = "Value"; Value = "50k"; VariantName = "[No Variations]"
Added Component: Designator=R17(RES0402)
Add component (AddParameter): Name = "Value"; Value = "43k5/1%"; VariantName = "[No Variations]"
Added Component: Designator=S2(B3U-1000P)
Add component (AddParameter): Name = "Arrow Part Number"; Value = "B3U-3000P"; VariantName = "[No Variations]"
Add component (AddParameter): Name = "Arrow Price/Stock"; Value = "https://www.arrow.com/en/products/b3u-3000p/omron?region=nac"; VariantName = "[No Variations]"
Add component (AddParameter): Name = "Datasheet Link"; Value = "http://omronfs.omron.com/en_US/ecb/products/pdf/en-b3u.pdf"; VariantName = "[No Variations]"
Add component (AddParameter): Name = "Manufacturer_Name"; Value = "Omron Electronics"; VariantName = "[No Variations]"
Add component (AddParameter): Name = "Manufacturer_Part_Number"; Value = "B3U-3000P"; VariantName = "[No Variations]"
Add component (AddParameter): Name = "Mouser Part Number"; Value = "653-B3U-3000P"; VariantName = "[No Variations]"
Add component (AddParameter): Name = "Mouser Price/Stock"; Value = "https://www.mouser.co.uk/ProductDetail/Omron-Electronics/B3U-3000P?qs=AO7BQMcsEu4un9I7hS23xg%3D%3D"; VariantName = "[No Variations]"
Added Pin To Net: NetName=GND Pin=C16-1
Added Pin To Net: NetName=VSYS Pin=C56-1
Added Pin To Net: NetName=NetC56_1 Pin=C57-1
Added Pin To Net: NetName=NetC57_1 Pin=C59-1
Added Pin To Net: NetName=GND Pin=C59-2
Added Pin To Net: NetName=VSYS Pin=C60-2
Added Pin To Net: NetName=NetC56_1 Pin=C65-2
Added Pin To Net: NetName=NetC57_1 Pin=C72-2
Added Pin To Net: NetName=GND Pin=C75-1
Added Pin To Net: NetName=+3V3 Pin=C75-2
Added Pin To Net: NetName=GND Pin=C76-2
Added Pin To Net: NetName=GND Pin=C77-1
Added Pin To Net: NetName=NetC57_1 Pin=C78-2
Added Pin To Net: NetName=SWO Pin=D1-1
Added Pin To Net: NetName=SWCLK Pin=D2-1
Added Pin To Net: NetName=SWDIO Pin=D3-1
Added Pin To Net: NetName=GND Pin=D3-2
Added Pin To Net: NetName=nRST Pin=D4-1
Added Pin To Net: NetName=GND Pin=D4-2
Added Pin To Net: NetName=GND Pin=D5-2
Added Pin To Net: NetName=ESC_INHA1 Pin=D6-1
Added Pin To Net: NetName=GND Pin=D6-2
Added Pin To Net: NetName=ESC_INLA1 Pin=D7-1
Added Pin To Net: NetName=GND Pin=D7-2
Added Pin To Net: NetName=ESC_INHB1 Pin=D8-1
Added Pin To Net: NetName=ESC_INLB1 Pin=D8-2
Added Pin To Net: NetName=GND Pin=D8-3
Added Pin To Net: NetName=ESC_INHC1 Pin=D8-4
Added Pin To Net: NetName=ESC_INLC1 Pin=D8-5
Added Pin To Net: NetName=ESC_INHA2 Pin=D8-6
Added Pin To Net: NetName=ESC_INLA2 Pin=D8-7
Added Pin To Net: NetName=ESC_INHB2 Pin=D8-8
Added Pin To Net: NetName=ESC_INLB2 Pin=D8-9
Added Pin To Net: NetName=ESC_INHC2 Pin=D9-1
Added Pin To Net: NetName=ESC_INLC2 Pin=D9-2
Added Pin To Net: NetName=GND Pin=D9-3
Added Pin To Net: NetName=ESC_INHA3 Pin=D9-4
Added Pin To Net: NetName=ESC_INLA3 Pin=D9-5
Added Pin To Net: NetName=ESC_INHB3 Pin=D9-6
Added Pin To Net: NetName=ESC_INLB3 Pin=D9-7
Added Pin To Net: NetName=ESC_INHC3 Pin=D9-8
Added Pin To Net: NetName=ESC_INLC3 Pin=D9-9
Added Pin To Net: NetName=ESC_INHA4 Pin=D10-1
Added Pin To Net: NetName=ESC_INLA4 Pin=D10-2
Added Pin To Net: NetName=GND Pin=D10-3
Added Pin To Net: NetName=ESC_INHB4 Pin=D10-4
Added Pin To Net: NetName=ESC_INLB4 Pin=D10-5
Added Pin To Net: NetName=ESC_INHC4 Pin=D10-6
Added Pin To Net: NetName=ESC_INLC4 Pin=D10-7
Added Pin To Net: NetName=ESC_NSCS1 Pin=D10-8
Added Pin To Net: NetName=ESC_NSCS2 Pin=D10-9
Added Pin To Net: NetName=ESC_NSCS3 Pin=D11-1
Added Pin To Net: NetName=ESC_NSCS4 Pin=D11-2
Added Pin To Net: NetName=GND Pin=D11-3
Added Pin To Net: NetName=ESC_NFAULT Pin=D11-4
Added Pin To Net: NetName=ESC_CLK Pin=D11-5
Added Pin To Net: NetName=ESC_SDO Pin=D11-6
Added Pin To Net: NetName=ESC_SDI Pin=D11-7
Added Pin To Net: NetName=ESC_ENABLE Pin=D11-8
Added Pin To Net: NetName=BMS_PROCHOT Pin=D11-9
Added Pin To Net: NetName=BMS_CHRG_OK Pin=D12-1
Added Pin To Net: NetName=BMS_OTG/VAP Pin=D12-2
Added Pin To Net: NetName=GND Pin=D12-3
Added Pin To Net: NetName=CB_ALERT Pin=D12-4
Added Pin To Net: NetName=SCL Pin=D12-5
Added Pin To Net: NetName=SDA Pin=D12-6
Added Pin To Net: NetName=UDB_D+ Pin=D12-8
Added Pin To Net: NetName=UDB_D- Pin=D12-9
Added Pin To Net: NetName=+3V3 Pin=D13-1
Added Pin To Net: NetName=GND Pin=D13-2
Added Pin To Net: NetName=VSYS Pin=D14-1
Added Pin To Net: NetName=GND Pin=D14-2
Added Pin To Net: NetName=TOF_INT Pin=IC4-141
Added Pin To Net: NetName=GND Pin=J3-1
Added Pin To Net: NetName=TOF_EN Pin=J3-3
Added Pin To Net: NetName=TOF_INT Pin=J3-4
Added Pin To Net: NetName=I2C1_SCL Pin=J3-6
Added Pin To Net: NetName=I2C1_SDA Pin=J3-7
Added Pin To Net: NetName=+3V3 Pin=J3-8
Added Pin To Net: NetName=GND Pin=J4-1
Added Pin To Net: NetName=TOF_INT Pin=J4-4
Added Pin To Net: NetName=I2C1_SCL Pin=J4-6
Added Pin To Net: NetName=I2C1_SDA Pin=J4-7
Added Pin To Net: NetName=+3V3 Pin=J4-8
Added Pin To Net: NetName=GND Pin=J5-1
Added Pin To Net: NetName=TOF_INT Pin=J5-4
Added Pin To Net: NetName=I2C1_SCL Pin=J5-6
Added Pin To Net: NetName=I2C1_SDA Pin=J5-7
Added Pin To Net: NetName=+3V3 Pin=J5-8
Added Pin To Net: NetName=GND Pin=J6-1
Added Pin To Net: NetName=TOF_INT Pin=J6-4
Added Pin To Net: NetName=I2C1_SCL Pin=J6-6
Added Pin To Net: NetName=I2C1_SDA Pin=J6-7
Added Pin To Net: NetName=+3V3 Pin=J6-8
Added Pin To Net: NetName=GND Pin=J7-1
Added Pin To Net: NetName=TOF_INT Pin=J7-4
Added Pin To Net: NetName=I2C1_SCL Pin=J7-6
Added Pin To Net: NetName=I2C1_SDA Pin=J7-7
Added Pin To Net: NetName=+3V3 Pin=J7-8
Added Pin To Net: NetName=GND Pin=J8-1
Added Pin To Net: NetName=TOF_INT Pin=J8-4
Added Pin To Net: NetName=I2C1_SCL Pin=J8-6
Added Pin To Net: NetName=I2C1_SDA Pin=J8-7
Added Pin To Net: NetName=+3V3 Pin=J8-8
Added Pin To Net: NetName=ESC_INHA1 Pin=J10-1
Added Pin To Net: NetName=ESC_INLA1 Pin=J10-2
Added Pin To Net: NetName=ESC_INHB1 Pin=J10-3
Added Pin To Net: NetName=ESC_INLB1 Pin=J10-4
Added Pin To Net: NetName=ESC_INHC1 Pin=J10-5
Added Pin To Net: NetName=ESC_INLC1 Pin=J10-6
Added Pin To Net: NetName=ESC_INHA2 Pin=J10-7
Added Pin To Net: NetName=ESC_INLA2 Pin=J10-8
Added Pin To Net: NetName=ESC_INHB2 Pin=J10-9
Added Pin To Net: NetName=ESC_INLB2 Pin=J10-10
Added Pin To Net: NetName=ESC_INHC2 Pin=J10-11
Added Pin To Net: NetName=ESC_INLC2 Pin=J10-12
Added Pin To Net: NetName=ESC_INHA3 Pin=J10-13
Added Pin To Net: NetName=ESC_INLA3 Pin=J10-14
Added Pin To Net: NetName=ESC_INHB3 Pin=J10-15
Added Pin To Net: NetName=ESC_INLB3 Pin=J10-16
Added Pin To Net: NetName=ESC_INHC3 Pin=J10-17
Added Pin To Net: NetName=ESC_INLC3 Pin=J10-18
Added Pin To Net: NetName=ESC_INHA4 Pin=J10-19
Added Pin To Net: NetName=ESC_INLA4 Pin=J10-20
Added Pin To Net: NetName=ESC_INHB4 Pin=J10-21
Added Pin To Net: NetName=ESC_INLB4 Pin=J10-22
Added Pin To Net: NetName=ESC_INHC4 Pin=J10-23
Added Pin To Net: NetName=ESC_INLC4 Pin=J10-24
Added Pin To Net: NetName=ESC_NSCS1 Pin=J10-25
Added Pin To Net: NetName=ESC_NSCS2 Pin=J10-26
Added Pin To Net: NetName=ESC_NSCS3 Pin=J10-27
Added Pin To Net: NetName=ESC_NSCS4 Pin=J10-28
Added Pin To Net: NetName=ESC_NFAULT Pin=J10-29
Added Pin To Net: NetName=ESC_CLK Pin=J10-30
Added Pin To Net: NetName=ESC_SDO Pin=J10-31
Added Pin To Net: NetName=ESC_SDI Pin=J10-32
Added Pin To Net: NetName=ESC_ENABLE Pin=J10-33
Added Pin To Net: NetName=BMS_PROCHOT Pin=J10-34
Added Pin To Net: NetName=BMS_CHRG_OK Pin=J10-35
Added Pin To Net: NetName=BMS_OTG/VAP Pin=J10-36
Added Pin To Net: NetName=CB_ALERT Pin=J10-37
Added Pin To Net: NetName=SCL Pin=J10-38
Added Pin To Net: NetName=SDA Pin=J10-39
Added Pin To Net: NetName=UDB_D+ Pin=J10-41
Added Pin To Net: NetName=UDB_D- Pin=J10-42
Added Pin To Net: NetName=VSYS Pin=J10-46
Added Pin To Net: NetName=VSYS Pin=J10-47
Added Pin To Net: NetName=GND Pin=J10-48
Added Pin To Net: NetName=GND Pin=J10-49
Added Pin To Net: NetName=+3V3 Pin=J10-50
Added Pin To Net: NetName=+3V3 Pin=R7-2
Added Pin To Net: NetName=NetIC7_7 Pin=R14-1
Added Pin To Net: NetName=NetC57_1 Pin=R16-2
Added Pin To Net: NetName=GND Pin=R17-1
Added Pin To Net: NetName=GND Pin=S2-1
Change Net Name : Old Net Name=NetC16_2 New Net Name=NetC17_2
Change Net Name : Old Net Name=NetC17_2 New Net Name=NetC18_2
Change Net Name : Old Net Name=NetC19_2 New Net Name=NetC20_2
Change Net Name : Old Net Name=NetC21_2 New Net Name=NetC22_2
Change Net Name : Old Net Name=NetC23_2 New Net Name=NetC24_2
Change Net Name : Old Net Name=NetC24_2 New Net Name=NetC25_2
Change Net Name : Old Net Name=NetC36_2 New Net Name=NetC37_2
Change Net Name : Old Net Name=NetC43_1 New Net Name=NetC44_1
Change Net Name : Old Net Name=NetC43_2 New Net Name=NetC44_2
Change Net Name : Old Net Name=NetC45_2 New Net Name=NetC46_2
Change Net Name : Old Net Name=NetC47_2 New Net Name=NetC48_2
Change Net Name : Old Net Name=NetC49_2 New Net Name=NetC50_2
Change Net Name : Old Net Name=NetC50_2 New Net Name=NetC51_2
Change Net Name : Old Net Name=NetC52_2 New Net Name=NetC53_2
Change Net Name : Old Net Name=NetC53_2 New Net Name=NetC54_2
Change Net Name : Old Net Name=NetC56_1 New Net Name=NetC57_1
Change Net Name : Old Net Name=NetC57_1 New Net Name=NetC58_1
Change Net Name : Old Net Name=NetC79_1 New Net Name=NetC80_1
Change Net Name : Old Net Name=NetC79_2 New Net Name=NetC80_2
Change Net Name : Old Net Name=NetC80_2 New Net Name=NetC81_2
Change Net Name : Old Net Name=NetC81_2 New Net Name=NetC82_2
Change Net Name : Old Net Name=NetC85_2 New Net Name=NetC86_2
Change Net Name : Old Net Name=NetC86_2 New Net Name=NetC87_2
Change Net Name : Old Net Name=NetC87_2 New Net Name=NetC88_2
Added Pin To Net: NetName=BUTTON Pin=C16-2
Added Pin To Net: NetName=BUTTON Pin=D5-1
Added Pin To Net: NetName=BUTTON Pin=IC4-29
Added Pin To Net: NetName=BUTTON Pin=R7-1
Added Pin To Net: NetName=BUTTON Pin=S2-2
Added Net: Name=BUTTON
Added Pin To Net: NetName=NetC55_1 Pin=C55-1
Added Pin To Net: NetName=NetC55_1 Pin=R14-2
Added Net: Name=NetC55_1
Added Pin To Net: NetName=NetC55_2 Pin=C55-2
Added Pin To Net: NetName=NetC55_2 Pin=IC7-8
Added Pin To Net: NetName=NetC55_2 Pin=L6-1
Added Pin To Net: NetName=NetC55_2 Pin=R15-1
Added Net: Name=NetC55_2
Added Pin To Net: NetName=NetC76_1 Pin=C76-1
Added Pin To Net: NetName=NetC76_1 Pin=R15-2
Added Net: Name=NetC76_1
Added Pin To Net: NetName=NetC77_2 Pin=C77-2
Added Pin To Net: NetName=NetC77_2 Pin=IC7-6
Added Net: Name=NetC77_2
Added Pin To Net: NetName=NetC78_1 Pin=C78-1
Added Pin To Net: NetName=NetC78_1 Pin=IC7-5
Added Pin To Net: NetName=NetC78_1 Pin=R16-1
Added Pin To Net: NetName=NetC78_1 Pin=R17-2
Added Net: Name=NetC78_1
Added Pin To Net: NetName=NetJ3_5 Pin=J3-5
Added Pin To Net: NetName=NetJ3_5 Pin=J4-3
Added Net: Name=NetJ3_5
Added Pin To Net: NetName=NetJ4_5 Pin=J4-5
Added Pin To Net: NetName=NetJ4_5 Pin=J5-3
Added Net: Name=NetJ4_5
Added Pin To Net: NetName=NetJ5_5 Pin=J5-5
Added Pin To Net: NetName=NetJ5_5 Pin=J6-3
Added Net: Name=NetJ5_5
Added Pin To Net: NetName=NetJ6_5 Pin=J6-5
Added Pin To Net: NetName=NetJ6_5 Pin=J7-3
Added Net: Name=NetJ6_5
Added Pin To Net: NetName=NetJ7_5 Pin=J7-5
Added Pin To Net: NetName=NetJ7_5 Pin=J8-3
Added Net: Name=NetJ7_5
Add Net: Net with name "TOF_INT" already exists
Added Class: Name=U_PB_Conn
Added Member To Class: ClassName=U_IMU Member=Component C3 Cap0402
Added Member To Class: ClassName=U_IMU Member=Component C4 Cap0402
Added Member To Class: ClassName=U_IMU Member=Component C5 Cap0402
Added Member To Class: ClassName=U_IMU Member=Component C6 Cap0402
Added Member To Class: ClassName=U_IMU Member=Component C7 Cap0603
Added Member To Class: ClassName=U_IMU Member=Component C8 Cap0805
Added Member To Class: ClassName=U_IMU Member=Component C9 Cap0402
Added Member To Class: ClassName=U_IMU Member=Component C10 Cap0805
Added Member To Class: ClassName=U_IMU Member=Component C11 Cap0603
Added Member To Class: ClassName=U_IMU Member=Component C12 Cap0402
Added Member To Class: ClassName=U_IMU Member=Component C13 Cap0402
Added Member To Class: ClassName=U_MCU Member=Component C14 Cap0402
Added Member To Class: ClassName=U_MCU Member=Component C15 Cap0402
Added Member To Class: ClassName=U_MCU Member=Component C16 Cap0402
Added Member To Class: ClassName=U_MCU Member=Component C17 Cap0402
Added Member To Class: ClassName=U_MCU Member=Component C19 Cap0402
Added Member To Class: ClassName=U_MCU Member=Component C20 Cap0603
Added Member To Class: ClassName=U_MCU Member=Component C22 Cap0603
Added Member To Class: ClassName=U_MCU Member=Component C23 Cap0402
Added Member To Class: ClassName=U_MCU Member=Component C25 Cap0603
Added Member To Class: ClassName=U_MCU Member=Component C26 Cap0402
Added Member To Class: ClassName=U_MCU Member=Component C28 Cap0402
Added Member To Class: ClassName=U_MCU Member=Component C30 Cap0402
Added Member To Class: ClassName=U_MCU Member=Component C31 Cap0402
Added Member To Class: ClassName=U_MCU Member=Component C32 Cap0402
Added Member To Class: ClassName=U_MCU Member=Component C33 Cap0402
Added Member To Class: ClassName=U_MCU Member=Component C35 Cap0402
Added Member To Class: ClassName=U_MCU Member=Component C36 Cap0402
Added Member To Class: ClassName=U_NRF24l01 Member=Component C37 Cap0402
Added Member To Class: ClassName=U_NRF24l01 Member=Component C39 Cap0402
Added Member To Class: ClassName=U_NRF24l01 Member=Component C41 Cap0402
Added Member To Class: ClassName=U_NRF24l01 Member=Component C42 Cap0402
Added Member To Class: ClassName=U_NRF24l01 Member=Component C43 Cap0402
Added Member To Class: ClassName=U_NRF24l01 Member=Component C45 Cap0402
Added Member To Class: ClassName=U_NRF24l01 Member=Component C46 Cap0402
Added Member To Class: ClassName=U_NRF24l01 Member=Component C48 Cap0402
Added Member To Class: ClassName=U_NRF24l01 Member=Component C49 Cap0402
Added Member To Class: ClassName=U_NRF24l01 Member=Component C50 Cap0402
Added Member To Class: ClassName=U_NRF24l01 Member=Component C51 Cap0402
Added Member To Class: ClassName=U_NRF24l01 Member=Component C52 Cap0402
Added Member To Class: ClassName=U_NRF24l01 Member=Component C54 Cap0402
Added Member To Class: ClassName=U_PSU Member=Component C55 Cap0402
Added Member To Class: ClassName=U_PSU Member=Component C56 TR3D336K025D0200
Added Member To Class: ClassName=U_PSU Member=Component C57 TR3D336K025D0200
Added Member To Class: ClassName=U_PSU Member=Component C58 T58W9476M6R3C0200
Added Member To Class: ClassName=U_PSU Member=Component C59 T58W9476M6R3C0200
Added Member To Class: ClassName=U_PSU Member=Component C62 Cap0805
Added Member To Class: ClassName=U_PSU Member=Component C64 Cap0402
Added Member To Class: ClassName=U_PSU Member=Component C65 Cap0402
Added Member To Class: ClassName=U_PSU Member=Component C78 Cap0402
Added Member To Class: ClassName=U_MCU Member=Component D1 D1213A-01LP4-7B
Added Member To Class: ClassName=U_MCU Member=Component D2 D1213A-01LP4-7B
Added Member To Class: ClassName=U_MCU Member=Component D3 D1213A-01LP4-7B
Added Member To Class: ClassName=U_MCU Member=Component D4 D1213A-01LP4-7B
Added Member To Class: ClassName=U_MCU Member=Component D5 D1213A-01LP4-7B
Added Member To Class: ClassName=U_IMU Member=Component IC1 ICM-20602
Added Member To Class: ClassName=U_IMU Member=Component IC2 ICM-42688-P
Added Member To Class: ClassName=U_IMU Member=Component IC3 MLX90393ELW-ABA-013-SP
Added Member To Class: ClassName=U_MCU Member=Component IC4 STM32H723ZGT6
Added Member To Class: ClassName=U_MCU Member=Component J1 FTSH-105-01-LM-DV-K
Added Member To Class: ClassName=U_TOF360 Member=Component J3 FTSH-104-03-L-D
Added Member To Class: ClassName=U_TOF360 Member=Component J4 FTSH-104-03-L-D
Added Member To Class: ClassName=U_TOF360 Member=Component J5 FTSH-104-03-L-D
Added Member To Class: ClassName=U_TOF360 Member=Component J6 FTSH-104-03-L-D
Added Member To Class: ClassName=U_TOF360 Member=Component J7 FTSH-104-03-L-D
Added Member To Class: ClassName=U_TOF360 Member=Component J8 FTSH-104-03-L-D
Added Member To Class: ClassName=Main Member=Component M1 Mount_M2
Added Member To Class: ClassName=Main Member=Component M2 Mount_M2
Added Member To Class: ClassName=Main Member=Component M3 Mount_M2
Added Member To Class: ClassName=Main Member=Component M4 Mount_M2
Added Member To Class: ClassName=Main Member=Component M5 Mount_M2
Added Member To Class: ClassName=Main Member=Component M6 Mount_M2
Added Member To Class: ClassName=U_IMU Member=Component R1 Res0402
Added Member To Class: ClassName=U_MCU Member=Component R2 Res0402
Added Member To Class: ClassName=U_MCU Member=Component R3 Res0402
Added Member To Class: ClassName=U_MCU Member=Component R4 Res0402
Added Member To Class: ClassName=U_MCU Member=Component R5 Res0402
Added Member To Class: ClassName=U_MCU Member=Component R6 Res0402
Added Member To Class: ClassName=U_MCU Member=Component R7 Res0402
Added Member To Class: ClassName=U_MCU Member=Component R8 Res0402
Added Member To Class: ClassName=U_NRF24l01 Member=Component R13 Res0402
Added Member To Class: ClassName=U_PSU Member=Component R17 Res0402
Added Member To Class: ClassName=U_MCU Member=Component S2 B3U-3000P
Added Member To Class: ClassName=U_RF Member=Component U1 nrf24l01_mini
