Change Component Footprint: Designator=D13 Old Footprint=DIOM5436X244N New Footprint=SODFL1006X45N
Change Component Footprint: Designator=D14 Old Footprint=DIOM5436X244N New Footprint=SODFL1006X45N
Change Component Comment : Designator=D13 Old Comment=SMBJ3V3-E3_5B New Comment=DF2S24FS,L3M
Change Component Comment : Designator=D14 Old Comment=SMBJ20A-E3_52 New Comment=DF2S24FS,L3M
Change component parameters: Designator = "D13" ("D13"); Footprint = "DIOM5436X244N"; UniqueID = "\PQYJDOMC\GJWTOMFL" ("\PQYJDOMC\GJWTOMFL")
Change component parameters (AddParameter): Name = "Arrow Part Number"; Value = "DF2S24FS,L3M"; VariantName = "[No Variations]"
Change component parameters (AddParameter): Name = "Arrow Price/Stock"; Value = "https://www.arrow.com/en/products/df2s24fsl3m/toshiba?region=nac"; VariantName = "[No Variations]"
Change component parameters (AddParameter): Name = "Datasheet Link"; Value = "https://www.mouser.com/datasheet/2/408/DF2S24FS_datasheet_en_20140718-708374.pdf"; VariantName = "[No Variations]"
Change component parameters (AddParameter): Name = "Height"; Value = "0.45mm"; VariantName = "[No Variations]"
Change component parameters (AddParameter): Name = "Manufacturer_Name"; Value = "Toshiba"; VariantName = "[No Variations]"
Change component parameters (AddParameter): Name = "Manufacturer_Part_Number"; Value = "DF2S24FS,L3M"; VariantName = "[No Variations]"
Change component parameters (AddParameter): Name = "Mouser Part Number"; Value = "757-DF2S24FSL3M"; VariantName = "[No Variations]"
Change component parameters (AddParameter): Name = "Mouser Price/Stock"; Value = "https://www.mouser.co.uk/ProductDetail/Toshiba/DF2S24FSL3M?qs=lhkzy8lC%252BSvG2umxl0FuEw%3D%3D"; VariantName = "[No Variations]"
Change component parameters: Designator = "D14" ("D14"); Footprint = "DIOM5436X244N"; UniqueID = "\PQYJDOMC\UTOCTJLV" ("\PQYJDOMC\UTOCTJLV")
Change component parameters (AddParameter): Name = "Arrow Part Number"; Value = "DF2S24FS,L3M"; VariantName = "[No Variations]"
Change component parameters (AddParameter): Name = "Arrow Price/Stock"; Value = "https://www.arrow.com/en/products/df2s24fsl3m/toshiba?region=nac"; VariantName = "[No Variations]"
Change component parameters (AddParameter): Name = "Datasheet Link"; Value = "https://www.mouser.com/datasheet/2/408/DF2S24FS_datasheet_en_20140718-708374.pdf"; VariantName = "[No Variations]"
Change component parameters (AddParameter): Name = "Height"; Value = "0.45mm"; VariantName = "[No Variations]"
Change component parameters (AddParameter): Name = "Manufacturer_Name"; Value = "Toshiba"; VariantName = "[No Variations]"
Change component parameters (AddParameter): Name = "Manufacturer_Part_Number"; Value = "DF2S24FS,L3M"; VariantName = "[No Variations]"
Change component parameters (AddParameter): Name = "Mouser Part Number"; Value = "757-DF2S24FSL3M"; VariantName = "[No Variations]"
Change component parameters (AddParameter): Name = "Mouser Price/Stock"; Value = "https://www.mouser.co.uk/ProductDetail/Toshiba/DF2S24FSL3M?qs=lhkzy8lC%252BSvG2umxl0FuEw%3D%3D"; VariantName = "[No Variations]"
Add Net: Net with name "TOF_INT" already exists
