Added Component: Designator=J3(PCBComponent_1)
Added Component: Designator=J4(PCBComponent_1)
Added Component: Designator=J5(PCBComponent_1)
Added Component: Designator=J6(PCBComponent_1)
Added Component: Designator=J7(PCBComponent_1)
Added Component: Designator=J8(PCBComponent_1)
Added Pin To Net: NetName=+3V3 Pin=J3-1
Added Pin To Net: NetName=TOF_INT Pin=J3-2
Added Pin To Net: NetName=I2C1_SCL Pin=J3-3
Added Pin To Net: NetName=I2C1_SDA Pin=J3-4
Added Pin To Net: NetName=NetJ3_5 Pin=J3-5
Added Pin To Net: NetName=TOF_EN Pin=J3-6
Added Pin To Net: NetName=GND Pin=J3-7
Added Pin To Net: NetName=+3V3 Pin=J4-1
Added Pin To Net: NetName=TOF_INT Pin=J4-2
Added Pin To Net: NetName=I2C1_SCL Pin=J4-3
Added Pin To Net: NetName=I2C1_SDA Pin=J4-4
Added Pin To Net: NetName=NetJ4_5 Pin=J4-5
Added Pin To Net: NetName=NetJ3_5 Pin=J4-6
Added Pin To Net: NetName=GND Pin=J4-7
Added Pin To Net: NetName=+3V3 Pin=J5-1
Added Pin To Net: NetName=TOF_INT Pin=J5-2
Added Pin To Net: NetName=I2C1_SCL Pin=J5-3
Added Pin To Net: NetName=I2C1_SDA Pin=J5-4
Added Pin To Net: NetName=NetJ5_5 Pin=J5-5
Added Pin To Net: NetName=NetJ4_5 Pin=J5-6
Added Pin To Net: NetName=GND Pin=J5-7
Added Pin To Net: NetName=+3V3 Pin=J6-1
Added Pin To Net: NetName=TOF_INT Pin=J6-2
Added Pin To Net: NetName=I2C1_SCL Pin=J6-3
Added Pin To Net: NetName=I2C1_SDA Pin=J6-4
Added Pin To Net: NetName=NetJ6_5 Pin=J6-5
Added Pin To Net: NetName=NetJ5_5 Pin=J6-6
Added Pin To Net: NetName=GND Pin=J6-7
Added Pin To Net: NetName=+3V3 Pin=J7-1
Added Pin To Net: NetName=TOF_INT Pin=J7-2
Added Pin To Net: NetName=I2C1_SCL Pin=J7-3
Added Pin To Net: NetName=I2C1_SDA Pin=J7-4
Added Pin To Net: NetName=NetJ7_5 Pin=J7-5
Added Pin To Net: NetName=NetJ6_5 Pin=J7-6
Added Pin To Net: NetName=GND Pin=J7-7
Added Pin To Net: NetName=+3V3 Pin=J8-1
Added Pin To Net: NetName=TOF_INT Pin=J8-2
Added Pin To Net: NetName=I2C1_SCL Pin=J8-3
Added Pin To Net: NetName=I2C1_SDA Pin=J8-4
Added Pin To Net: NetName=NetJ7_5 Pin=J8-6
Added Pin To Net: NetName=GND Pin=J8-7
Add Net: Net with name "TOF_INT" already exists
Added Member To Class: ClassName=U_TOF360 Member=Component J3 10112684-G03-07ULF
Added Member To Class: ClassName=U_TOF360 Member=Component J4 10112684-G03-07ULF
Added Member To Class: ClassName=U_TOF360 Member=Component J5 10112684-G03-07ULF
Added Member To Class: ClassName=U_TOF360 Member=Component J6 10112684-G03-07ULF
Added Member To Class: ClassName=U_TOF360 Member=Component J7 10112684-G03-07ULF
Added Member To Class: ClassName=U_TOF360 Member=Component J8 10112684-G03-07ULF
